Log file open, 05/12/20 13:45:48
LogWindows: Failed to load 'aqProf.dll' (GetLastError=126)
LogWindows: File 'aqProf.dll' does not exist
LogWindows: Failed to load 'VtuneApi.dll' (GetLastError=126)
LogWindows: File 'VtuneApi.dll' does not exist
LogWindows: Failed to load 'VtuneApi32e.dll' (GetLastError=126)
LogWindows: File 'VtuneApi32e.dll' does not exist
LogConsoleResponse: Display: Failed to find resolution value strings in scalability ini. Falling back to default.
LogInit: Display: Running engine for game: SideScroller
LogPlatformFile: Not using cached read wrapper
LogTaskGraph: Started task graph with 5 named threads and 23 total threads with 3 sets of task threads.
LogStats: Stats thread started at 0.165776
LogD3D11RHI: Loaded GFSDK_Aftermath_Lib.x64.dll
LogICUInternationalization: ICU TimeZone Detection - Raw Offset: -5:00, Platform Override: ''
LogPluginManager: Mounting plugin Paper2D
LogPluginManager: Mounting plugin AISupport
LogPluginManager: Mounting plugin LightPropagationVolume
LogPluginManager: Mounting plugin ActorLayerUtilities
LogPluginManager: Mounting plugin AnimationSharing
LogPluginManager: Mounting plugin CLionSourceCodeAccess
LogPluginManager: Mounting plugin CodeLiteSourceCodeAccess
LogPluginManager: Mounting plugin GitSourceControl
LogPluginManager: Mounting plugin KDevelopSourceCodeAccess
LogPluginManager: Mounting plugin NullSourceCodeAccess
LogPluginManager: Mounting plugin PerforceSourceControl
LogPluginManager: Mounting plugin PlasticSourceControl
LogPluginManager: Mounting plugin SubversionSourceControl
LogPluginManager: Mounting plugin UObjectPlugin
LogPluginManager: Mounting plugin VisualStudioCodeSourceCodeAccess
LogPluginManager: Mounting plugin VisualStudioSourceCodeAccess
LogPluginManager: Mounting plugin XCodeSourceCodeAccess
LogPluginManager: Mounting plugin AssetManagerEditor
LogPluginManager: Mounting plugin CryptoKeys
LogPluginManager: Mounting plugin CurveEditorTools
LogPluginManager: Mounting plugin DataValidation
LogPluginManager: Mounting plugin FacialAnimation
LogPluginManager: Mounting plugin GameplayTagsEditor
LogPluginManager: Mounting plugin MacGraphicsSwitching
LogPluginManager: Mounting plugin MaterialAnalyzer
LogPluginManager: Mounting plugin MobileLauncherProfileWizard
LogPluginManager: Mounting plugin PluginBrowser
LogPluginManager: Mounting plugin SpeedTreeImporter
LogPluginManager: Mounting plugin DatasmithContent
LogPluginManager: Mounting plugin VariantManagerContent
LogPluginManager: Mounting plugin AlembicImporter
LogPluginManager: Mounting plugin AutomationUtils
LogPluginManager: Mounting plugin BackChannel
LogPluginManager: Mounting plugin CharacterAI
LogPluginManager: Mounting plugin GeometryCache
LogPluginManager: Mounting plugin PlatformCrypto
LogPluginManager: Mounting plugin ProxyLODPlugin
LogPluginManager: Mounting plugin SkeletalReduction
LogPluginManager: Mounting plugin MagicLeap
LogPluginManager: Mounting plugin MagicLeapMedia
LogPluginManager: Mounting plugin MLSDK
LogPluginManager: Mounting plugin AndroidMedia
LogPluginManager: Mounting plugin AvfMedia
LogPluginManager: Mounting plugin ImgMedia
LogPluginManager: Mounting plugin MediaCompositing
LogPluginManager: Mounting plugin MediaPlayerEditor
LogPluginManager: Mounting plugin WebMMedia
LogPluginManager: Mounting plugin WmfMedia
LogPluginManager: Mounting plugin TcpMessaging
LogPluginManager: Mounting plugin UdpMessaging
LogPluginManager: Mounting plugin ActorSequence
LogPluginManager: Mounting plugin LevelSequenceEditor
LogPluginManager: Mounting plugin MatineeToLevelSequence
LogPluginManager: Mounting plugin NetcodeUnitTest
LogPluginManager: Mounting plugin NUTUnrealEngine4
LogPluginManager: Mounting plugin OnlineSubsystemGooglePlay
LogPluginManager: Mounting plugin OnlineSubsystemIOS
LogPluginManager: Mounting plugin OnlineSubsystem
LogPluginManager: Mounting plugin OnlineSubsystemNull
LogPluginManager: Mounting plugin OnlineSubsystemUtils
LogPluginManager: Mounting plugin LauncherChunkInstaller
LogPluginManager: Mounting plugin AndroidDeviceProfileSelector
LogPluginManager: Mounting plugin AndroidMoviePlayer
LogPluginManager: Mounting plugin AndroidPermission
LogPluginManager: Mounting plugin AppleImageUtils
LogPluginManager: Mounting plugin AppleMoviePlayer
LogPluginManager: Mounting plugin ArchVisCharacter
LogPluginManager: Mounting plugin AssetTags
LogPluginManager: Mounting plugin AudioCapture
LogPluginManager: Mounting plugin CableComponent
LogPluginManager: Mounting plugin CustomMeshComponent
LogPluginManager: Mounting plugin EditableMesh
LogPluginManager: Mounting plugin ExampleDeviceProfileSelector
LogPluginManager: Mounting plugin GoogleCloudMessaging
LogPluginManager: Mounting plugin IOSDeviceProfileSelector
LogPluginManager: Mounting plugin LinuxDeviceProfileSelector
LogPluginManager: Mounting plugin LocationServicesBPLibrary
LogPluginManager: Mounting plugin MobilePatchingUtils
LogPluginManager: Mounting plugin OculusVR
LogPluginManager: Mounting plugin PhysXVehicles
LogPluginManager: Mounting plugin PostSplashScreen
LogPluginManager: Mounting plugin ProceduralMeshComponent
LogPluginManager: Mounting plugin RuntimePhysXCooking
LogPluginManager: Mounting plugin SignificanceManager
LogPluginManager: Mounting plugin SteamVR
LogPluginManager: Mounting plugin WebMMoviePlayer
LogPluginManager: Mounting plugin WindowsMoviePlayer
LogPluginManager: Mounting plugin ScreenshotTools
LogInit: Using libcurl 7.55.1-DEV
LogInit:  - built for x86_64-pc-win32
LogInit:  - supports SSL with OpenSSL/1.1.1
LogInit:  - supports HTTP deflate (compression) using libz 1.2.8
LogInit:  - other features:
LogInit:      CURL_VERSION_SSL
LogInit:      CURL_VERSION_LIBZ
LogInit:      CURL_VERSION_IPV6
LogInit:      CURL_VERSION_ASYNCHDNS
LogInit:      CURL_VERSION_LARGEFILE
LogInit:      CURL_VERSION_IDN
LogInit:  CurlRequestOptions (configurable via config and command line):
LogInit:  - bVerifyPeer = true  - Libcurl will verify peer certificate
LogInit:  - bUseHttpProxy = false  - Libcurl will NOT use HTTP proxy
LogInit:  - bDontReuseConnections = false  - Libcurl will reuse connections
LogInit:  - MaxHostConnections = 16  - Libcurl will limit the number of connections to a host
LogInit:  - LocalHostAddr = Default
LogInit:  - BufferSize = 65536
LogOnline: OSS: Creating online subsystem instance for: NULL
LogInit: WinSock: version 1.1 (2.2), MaxSocks=32767, MaxUdp=65467
LogOnline: OSS: TryLoadSubsystemAndSetDefault: Loaded subsystem for module [NULL]
LogInit: Build: ++UE4+Release-4.24-CL-11590370
LogInit: Engine Version: 4.24.3-11590370+++UE4+Release-4.24
LogInit: Compatible Engine Version: 4.24.0-10570792+++UE4+Release-4.24
LogInit: Net CL: 10570792
LogInit: OS: Windows 10 (Release 1903) (), CPU: Intel(R) Core(TM) i7-7700HQ CPU @ 2.80GHz, GPU: Intel(R) HD Graphics 630
LogInit: Compiled (64-bit): Feb 24 2020 15:39:18
LogInit: Compiled with Visual C++: 19.16.27032.01
LogInit: Build Configuration: Development
LogInit: Branch Name: ++UE4+Release-4.24
LogInit: Command Line:  -skipcompile
LogInit: Base Directory: D:/Program Files (x86)/UE_4.24/Engine/Binaries/Win64/
LogInit: Installed Engine Build: 1
LogDevObjectVersion: Number of dev versions registered: 25
LogDevObjectVersion:   Dev-Blueprints (B0D832E4-1F89-4F0D-ACCF-7EB736FD4AA2): 10
LogDevObjectVersion:   Dev-Build (E1C64328-A22C-4D53-A36C-8E866417BD8C): 0
LogDevObjectVersion:   Dev-Core (375EC13C-06E4-48FB-B500-84F0262A717E): 3
LogDevObjectVersion:   Dev-Editor (E4B068ED-F494-42E9-A231-DA0B2E46BB41): 37
LogDevObjectVersion:   Dev-Framework (CFFC743F-43B0-4480-9391-14DF171D2073): 36
LogDevObjectVersion:   Dev-Mobile (B02B49B5-BB20-44E9-A304-32B752E40360): 2
LogDevObjectVersion:   Dev-Networking (A4E4105C-59A1-49B5-A7C5-40C4547EDFEE): 0
LogDevObjectVersion:   Dev-Online (39C831C9-5AE6-47DC-9A44-9C173E1C8E7C): 0
LogDevObjectVersion:   Dev-Physics (78F01B33-EBEA-4F98-B9B4-84EACCB95AA2): 2
LogDevObjectVersion:   Dev-Platform (6631380F-2D4D-43E0-8009-CF276956A95A): 0
LogDevObjectVersion:   Dev-Rendering (12F88B9F-8875-4AFC-A67C-D90C383ABD29): 36
LogDevObjectVersion:   Dev-Sequencer (7B5AE74C-D270-4C10-A958-57980B212A5A): 11
LogDevObjectVersion:   Dev-VR (D7296918-1DD6-4BDD-9DE2-64A83CC13884): 2
LogDevObjectVersion:   Dev-LoadTimes (C2A15278-BFE7-4AFE-6C17-90FF531DF755): 1
LogDevObjectVersion:   Private-Geometry (6EACA3D4-40EC-4CC1-B786-8BED09428FC5): 3
LogDevObjectVersion:   Dev-AnimPhys (29E575DD-E0A3-4627-9D10-D276232CDCEA): 17
LogDevObjectVersion:   Dev-Anim (AF43A65D-7FD3-4947-9873-3E8ED9C1BB05): 2
LogDevObjectVersion:   Dev-ReflectionCapture (6B266CEC-1EC7-4B8F-A30B-E4D90942FC07): 1
LogDevObjectVersion:   Dev-Automation (0DF73D61-A23F-47EA-B727-89E90C41499A): 1
LogDevObjectVersion:   FortniteMain (601D1886-AC64-4F84-AA16-D3DE0DEAC7D6): 31
LogDevObjectVersion:   Dev-Enterprise (9DFFBCD6-494F-0158-E221-12823C92A888): 8
LogDevObjectVersion:   Dev-Niagara (F2AED0AC-9AFE-416F-8664-AA7FFA26D6FC): 1
LogDevObjectVersion:   Dev-Destruction (174F1F0B-B4C6-45A5-B13F-2EE8D0FB917D): 9
LogDevObjectVersion:   Dev-Physics-Ext (35F94A83-E258-406C-A318-09F59610247C): 8
LogDevObjectVersion:   Dev-CineCamera (B2E18506-4273-CFC2-A54E-F4BB758BBA07): 1
LogInit: Presizing for max 25165824 objects, including 0 objects not considered by GC, pre-allocating 0 bytes for permanent pool.
LogInit: Object subsystem initialized
LogConfig: Setting CVar [[con.DebugEarlyDefault:1]]
LogConfig: Setting CVar [[r.setres:1280x720]]
[2020.05.12-17.45.49:692][  0]LogConfig: Setting CVar [[r.VSync:0]]
[2020.05.12-17.45.49:693][  0]LogConfig: Setting CVar [[r.RHICmdBypass:0]]
[2020.05.12-17.45.49:693][  0]LogConfig: Applying CVar settings from Section [/Script/Engine.RendererSettings] File [D:/adale/Desktop/2DSouls/SideScroller/Saved/Config/Windows/Engine.ini]
[2020.05.12-17.45.49:693][  0]LogConfig: Setting CVar [[r.GPUCrashDebugging:0]]
[2020.05.12-17.45.49:693][  0]LogConfig: Applying CVar settings from Section [/Script/Engine.RendererOverrideSettings] File [D:/adale/Desktop/2DSouls/SideScroller/Saved/Config/Windows/Engine.ini]
[2020.05.12-17.45.49:693][  0]LogConfig: Applying CVar settings from Section [/Script/Engine.StreamingSettings] File [D:/adale/Desktop/2DSouls/SideScroller/Saved/Config/Windows/Engine.ini]
[2020.05.12-17.45.49:693][  0]LogConfig: Setting CVar [[s.MinBulkDataSizeForAsyncLoading:131072]]
[2020.05.12-17.45.49:693][  0]LogConfig: Setting CVar [[s.AsyncLoadingThreadEnabled:0]]
[2020.05.12-17.45.49:693][  0]LogConfig: Setting CVar [[s.EventDrivenLoaderEnabled:1]]
[2020.05.12-17.45.49:693][  0]LogConfig: Setting CVar [[s.WarnIfTimeLimitExceeded:0]]
[2020.05.12-17.45.49:693][  0]LogConfig: Setting CVar [[s.TimeLimitExceededMultiplier:1.5]]
[2020.05.12-17.45.49:693][  0]LogConfig: Setting CVar [[s.TimeLimitExceededMinTime:0.005]]
[2020.05.12-17.45.49:693][  0]LogConfig: Setting CVar [[s.UseBackgroundLevelStreaming:1]]
[2020.05.12-17.45.49:694][  0]LogConfig: Setting CVar [[s.PriorityAsyncLoadingExtraTime:15.0]]
[2020.05.12-17.45.49:694][  0]LogConfig: Setting CVar [[s.LevelStreamingActorsUpdateTimeLimit:5.0]]
[2020.05.12-17.45.49:694][  0]LogConfig: Setting CVar [[s.PriorityLevelStreamingActorsUpdateExtraTime:5.0]]
[2020.05.12-17.45.49:694][  0]LogConfig: Setting CVar [[s.LevelStreamingComponentsRegistrationGranularity:10]]
[2020.05.12-17.45.49:694][  0]LogConfig: Setting CVar [[s.UnregisterComponentsTimeLimit:1.0]]
[2020.05.12-17.45.49:694][  0]LogConfig: Setting CVar [[s.LevelStreamingComponentsUnregistrationGranularity:5]]
[2020.05.12-17.45.49:694][  0]LogConfig: Setting CVar [[s.FlushStreamingOnExit:1]]
[2020.05.12-17.45.49:694][  0]LogConfig: Applying CVar settings from Section [/Script/Engine.GarbageCollectionSettings] File [D:/adale/Desktop/2DSouls/SideScroller/Saved/Config/Windows/Engine.ini]
[2020.05.12-17.45.49:694][  0]LogConfig: Setting CVar [[gc.MaxObjectsNotConsideredByGC:1]]
[2020.05.12-17.45.49:694][  0]LogConfig: Setting CVar [[gc.SizeOfPermanentObjectPool:0]]
[2020.05.12-17.45.49:694][  0]LogConfig: Setting CVar [[gc.FlushStreamingOnGC:0]]
[2020.05.12-17.45.49:694][  0]LogConfig: Setting CVar [[gc.NumRetriesBeforeForcingGC:10]]
[2020.05.12-17.45.49:694][  0]LogConfig: Setting CVar [[gc.AllowParallelGC:1]]
[2020.05.12-17.45.49:694][  0]LogConfig: Setting CVar [[gc.TimeBetweenPurgingPendingKillObjects:61.1]]
[2020.05.12-17.45.49:694][  0]LogConfig: Setting CVar [[gc.MaxObjectsInEditor:25165824]]
[2020.05.12-17.45.49:694][  0]LogConfig: Setting CVar [[gc.IncrementalBeginDestroyEnabled:1]]
[2020.05.12-17.45.49:695][  0]LogConfig: Setting CVar [[gc.CreateGCClusters:1]]
[2020.05.12-17.45.49:695][  0]LogConfig: Setting CVar [[gc.MinGCClusterSize:5]]
[2020.05.12-17.45.49:695][  0]LogConfig: Setting CVar [[gc.ActorClusteringEnabled:0]]
[2020.05.12-17.45.49:695][  0]LogConfig: Setting CVar [[gc.BlueprintClusteringEnabled:0]]
[2020.05.12-17.45.49:695][  0]LogConfig: Setting CVar [[gc.UseDisregardForGCOnDedicatedServers:0]]
[2020.05.12-17.45.49:695][  0]LogConfig: Applying CVar settings from Section [/Script/Engine.NetworkSettings] File [D:/adale/Desktop/2DSouls/SideScroller/Saved/Config/Windows/Engine.ini]
[2020.05.12-17.45.49:695][  0]LogConfig: Applying CVar settings from Section [/Script/UnrealEd.CookerSettings] File [D:/adale/Desktop/2DSouls/SideScroller/Saved/Config/Windows/Engine.ini]
[2020.05.12-17.45.49:702][  0]LogConfig: Applying CVar settings from Section [ViewDistanceQuality@3] File [D:/adale/Desktop/2DSouls/SideScroller/Saved/Config/Windows/Scalability.ini]
[2020.05.12-17.45.49:702][  0]LogConfig: Setting CVar [[r.SkeletalMeshLODBias:0]]
[2020.05.12-17.45.49:702][  0]LogConfig: Setting CVar [[r.ViewDistanceScale:1.0]]
[2020.05.12-17.45.49:702][  0]LogConfig: Applying CVar settings from Section [AntiAliasingQuality@3] File [D:/adale/Desktop/2DSouls/SideScroller/Saved/Config/Windows/Scalability.ini]
[2020.05.12-17.45.49:702][  0]LogConfig: Setting CVar [[r.PostProcessAAQuality:4]]
[2020.05.12-17.45.49:702][  0]LogConfig: Applying CVar settings from Section [ShadowQuality@3] File [D:/adale/Desktop/2DSouls/SideScroller/Saved/Config/Windows/Scalability.ini]
[2020.05.12-17.45.49:703][  0]LogConfig: Setting CVar [[r.LightFunctionQuality:1]]
[2020.05.12-17.45.49:703][  0]LogConfig: Setting CVar [[r.ShadowQuality:5]]
[2020.05.12-17.45.49:703][  0]LogConfig: Setting CVar [[r.Shadow.CSM.MaxCascades:10]]
[2020.05.12-17.45.49:703][  0]LogConfig: Setting CVar [[r.Shadow.MaxResolution:2048]]
[2020.05.12-17.45.49:703][  0]LogConfig: Setting CVar [[r.Shadow.MaxCSMResolution:2048]]
[2020.05.12-17.45.49:703][  0]LogConfig: Setting CVar [[r.Shadow.RadiusThreshold:0.01]]
[2020.05.12-17.45.49:703][  0]LogConfig: Setting CVar [[r.Shadow.DistanceScale:1.0]]
[2020.05.12-17.45.49:703][  0]LogConfig: Setting CVar [[r.Shadow.CSM.TransitionScale:1.0]]
[2020.05.12-17.45.49:703][  0]LogConfig: Setting CVar [[r.Shadow.PreShadowResolutionFactor:1.0]]
[2020.05.12-17.45.49:704][  0]LogConfig: Setting CVar [[r.DistanceFieldShadowing:1]]
[2020.05.12-17.45.49:704][  0]LogConfig: Setting CVar [[r.DistanceFieldAO:1]]
[2020.05.12-17.45.49:704][  0]LogConfig: Setting CVar [[r.AOQuality:2]]
[2020.05.12-17.45.49:704][  0]LogConfig: Setting CVar [[r.VolumetricFog:1]]
[2020.05.12-17.45.49:704][  0]LogConfig: Setting CVar [[r.VolumetricFog.GridPixelSize:8]]
[2020.05.12-17.45.49:704][  0]LogConfig: Setting CVar [[r.VolumetricFog.GridSizeZ:128]]
[2020.05.12-17.45.49:704][  0]LogConfig: Setting CVar [[r.VolumetricFog.HistoryMissSupersampleCount:4]]
[2020.05.12-17.45.49:704][  0]LogConfig: Setting CVar [[r.LightMaxDrawDistanceScale:1]]
[2020.05.12-17.45.49:704][  0]LogConfig: Setting CVar [[r.CapsuleShadows:1]]
[2020.05.12-17.45.49:704][  0]LogConfig: Applying CVar settings from Section [PostProcessQuality@3] File [D:/adale/Desktop/2DSouls/SideScroller/Saved/Config/Windows/Scalability.ini]
[2020.05.12-17.45.49:704][  0]LogConfig: Setting CVar [[r.MotionBlurQuality:4]]
[2020.05.12-17.45.49:704][  0]LogConfig: Setting CVar [[r.AmbientOcclusionMipLevelFactor:0.4]]
[2020.05.12-17.45.49:704][  0]LogConfig: Setting CVar [[r.AmbientOcclusionMaxQuality:100]]
[2020.05.12-17.45.49:705][  0]LogConfig: Setting CVar [[r.AmbientOcclusionLevels:-1]]
[2020.05.12-17.45.49:705][  0]LogConfig: Setting CVar [[r.AmbientOcclusionRadiusScale:1.0]]
[2020.05.12-17.45.49:705][  0]LogConfig: Setting CVar [[r.DepthOfFieldQuality:2]]
[2020.05.12-17.45.49:705][  0]LogConfig: Setting CVar [[r.RenderTargetPoolMin:400]]
[2020.05.12-17.45.49:705][  0]LogConfig: Setting CVar [[r.LensFlareQuality:2]]
[2020.05.12-17.45.49:705][  0]LogConfig: Setting CVar [[r.SceneColorFringeQuality:1]]
[2020.05.12-17.45.49:705][  0]LogConfig: Setting CVar [[r.EyeAdaptationQuality:2]]
[2020.05.12-17.45.49:705][  0]LogConfig: Setting CVar [[r.BloomQuality:5]]
[2020.05.12-17.45.49:705][  0]LogConfig: Setting CVar [[r.FastBlurThreshold:100]]
[2020.05.12-17.45.49:705][  0]LogConfig: Setting CVar [[r.Upscale.Quality:3]]
[2020.05.12-17.45.49:705][  0]LogConfig: Setting CVar [[r.Tonemapper.GrainQuantization:1]]
[2020.05.12-17.45.49:705][  0]LogConfig: Setting CVar [[r.LightShaftQuality:1]]
[2020.05.12-17.45.49:706][  0]LogConfig: Setting CVar [[r.Filter.SizeScale:1]]
[2020.05.12-17.45.49:706][  0]LogConfig: Setting CVar [[r.Tonemapper.Quality:5]]
[2020.05.12-17.45.49:706][  0]LogConfig: Setting CVar [[r.DOF.Gather.AccumulatorQuality:1        ; higher gathering accumulator quality]]
[2020.05.12-17.45.49:706][  0]LogConfig: Setting CVar [[r.DOF.Gather.PostfilterMethod:1          ; Median3x3 postfilering method]]
[2020.05.12-17.45.49:706][  0]LogConfig: Setting CVar [[r.DOF.Gather.EnableBokehSettings:0       ; no bokeh simulation when gathering]]
[2020.05.12-17.45.49:706][  0]LogConfig: Setting CVar [[r.DOF.Gather.RingCount:4                 ; medium number of samples when gathering]]
[2020.05.12-17.45.49:706][  0]LogConfig: Setting CVar [[r.DOF.Scatter.ForegroundCompositing:1    ; additive foreground scattering]]
[2020.05.12-17.45.49:706][  0]LogConfig: Setting CVar [[r.DOF.Scatter.BackgroundCompositing:2    ; additive background scattering]]
[2020.05.12-17.45.49:706][  0]LogConfig: Setting CVar [[r.DOF.Scatter.EnableBokehSettings:1      ; bokeh simulation when scattering]]
[2020.05.12-17.45.49:706][  0]LogConfig: Setting CVar [[r.DOF.Scatter.MaxSpriteRatio:0.1         ; only a maximum of 10% of scattered bokeh]]
[2020.05.12-17.45.49:706][  0]LogConfig: Setting CVar [[r.DOF.Recombine.Quality:1                ; cheap slight out of focus]]
[2020.05.12-17.45.49:706][  0]LogConfig: Setting CVar [[r.DOF.Recombine.EnableBokehSettings:0    ; no bokeh simulation on slight out of focus]]
[2020.05.12-17.45.49:707][  0]LogConfig: Setting CVar [[r.DOF.TemporalAAQuality:1                ; more stable temporal accumulation]]
[2020.05.12-17.45.49:707][  0]LogConfig: Setting CVar [[r.DOF.Kernel.MaxForegroundRadius:0.025]]
[2020.05.12-17.45.49:707][  0]LogConfig: Setting CVar [[r.DOF.Kernel.MaxBackgroundRadius:0.025]]
[2020.05.12-17.45.49:707][  0]LogConfig: Applying CVar settings from Section [TextureQuality@3] File [D:/adale/Desktop/2DSouls/SideScroller/Saved/Config/Windows/Scalability.ini]
[2020.05.12-17.45.49:707][  0]LogConfig: Setting CVar [[r.Streaming.MipBias:0]]
[2020.05.12-17.45.49:707][  0]LogConfig: Setting CVar [[r.Streaming.AmortizeCPUToGPUCopy:0]]
[2020.05.12-17.45.49:707][  0]LogConfig: Setting CVar [[r.Streaming.MaxNumTexturesToStreamPerFrame:0]]
[2020.05.12-17.45.49:707][  0]LogConfig: Setting CVar [[r.Streaming.Boost:1]]
[2020.05.12-17.45.49:707][  0]LogConfig: Setting CVar [[r.MaxAnisotropy:8]]
[2020.05.12-17.45.49:707][  0]LogConfig: Setting CVar [[r.VT.MaxAnisotropy:8]]
[2020.05.12-17.45.49:707][  0]LogConfig: Setting CVar [[r.Streaming.LimitPoolSizeToVRAM:0]]
[2020.05.12-17.45.49:707][  0]LogConfig: Setting CVar [[r.Streaming.PoolSize:1000]]
[2020.05.12-17.45.49:707][  0]LogConfig: Setting CVar [[r.Streaming.MaxEffectiveScreenSize:0]]
[2020.05.12-17.45.49:707][  0]LogConfig: Applying CVar settings from Section [EffectsQuality@3] File [D:/adale/Desktop/2DSouls/SideScroller/Saved/Config/Windows/Scalability.ini]
[2020.05.12-17.45.49:707][  0]LogConfig: Setting CVar [[r.TranslucencyLightingVolumeDim:64]]
[2020.05.12-17.45.49:707][  0]LogConfig: Setting CVar [[r.RefractionQuality:2]]
[2020.05.12-17.45.49:707][  0]LogConfig: Setting CVar [[r.SSR.Quality:3]]
[2020.05.12-17.45.49:708][  0]LogConfig: Setting CVar [[r.SSR.HalfResSceneColor:0]]
[2020.05.12-17.45.49:708][  0]LogConfig: Setting CVar [[r.SceneColorFormat:4]]
[2020.05.12-17.45.49:708][  0]LogConfig: Setting CVar [[r.DetailMode:2]]
[2020.05.12-17.45.49:708][  0]LogConfig: Setting CVar [[r.TranslucencyVolumeBlur:1]]
[2020.05.12-17.45.49:708][  0]LogConfig: Setting CVar [[r.MaterialQualityLevel:1 ; High quality]]
[2020.05.12-17.45.49:708][  0]LogConfig: Setting CVar [[r.SSS.Scale:1]]
[2020.05.12-17.45.49:708][  0]LogConfig: Setting CVar [[r.SSS.SampleSet:2]]
[2020.05.12-17.45.49:708][  0]LogConfig: Setting CVar [[r.SSS.Quality:1]]
[2020.05.12-17.45.49:708][  0]LogConfig: Setting CVar [[r.SSS.HalfRes:1]]
[2020.05.12-17.45.49:708][  0]LogConfig: Setting CVar [[r.SSGI.Quality:3]]
[2020.05.12-17.45.49:708][  0]LogConfig: Setting CVar [[r.EmitterSpawnRateScale:1.0]]
[2020.05.12-17.45.49:708][  0]LogConfig: Setting CVar [[r.ParticleLightQuality:2]]
[2020.05.12-17.45.49:708][  0]LogConfig: Setting CVar [[r.SkyAtmosphere.AerialPerspectiveLUT.FastApplyOnOpaque:1 ; Always have FastSkyLUT 1 in this case to avoid wrong sky]]
[2020.05.12-17.45.49:708][  0]LogConfig: Setting CVar [[r.SkyAtmosphere.AerialPerspectiveLUT.SampleCountPerSlice:1]]
[2020.05.12-17.45.49:709][  0]LogConfig: Setting CVar [[r.SkyAtmosphere.AerialPerspectiveLUT.DepthResolution:16.0]]
[2020.05.12-17.45.49:709][  0]LogConfig: Setting CVar [[r.SkyAtmosphere.FastSkyLUT:1]]
[2020.05.12-17.45.49:709][  0]LogConfig: Setting CVar [[r.SkyAtmosphere.FastSkyLUT.SampleCountMin:4.0]]
[2020.05.12-17.45.49:709][  0]LogConfig: Setting CVar [[r.SkyAtmosphere.FastSkyLUT.SampleCountMax:32.0]]
[2020.05.12-17.45.49:709][  0]LogConfig: Setting CVar [[r.SkyAtmosphere.SampleCountMin:4.0]]
[2020.05.12-17.45.49:709][  0]LogConfig: Setting CVar [[r.SkyAtmosphere.SampleCountMax:32.0]]
[2020.05.12-17.45.49:709][  0]LogConfig: Setting CVar [[r.SkyAtmosphere.TransmittanceLUT.UseSmallFormat:0]]
[2020.05.12-17.45.49:709][  0]LogConfig: Setting CVar [[r.SkyAtmosphere.TransmittanceLUT.SampleCount:10.0]]
[2020.05.12-17.45.49:709][  0]LogConfig: Setting CVar [[r.SkyAtmosphere.MultiScatteringLUT.SampleCount:15.0]]
[2020.05.12-17.45.49:709][  0]LogConfig: Applying CVar settings from Section [FoliageQuality@3] File [D:/adale/Desktop/2DSouls/SideScroller/Saved/Config/Windows/Scalability.ini]
[2020.05.12-17.45.49:709][  0]LogConfig: Setting CVar [[foliage.DensityScale:1.0]]
[2020.05.12-17.45.49:709][  0]LogConfig: Setting CVar [[grass.DensityScale:1.0]]
[2020.05.12-17.45.49:709][  0]LogConfig: Applying CVar settings from Section [ShadingQuality@3] File [D:/adale/Desktop/2DSouls/SideScroller/Saved/Config/Windows/Scalability.ini]
[2020.05.12-17.45.49:710][  0]LogConfig: Setting CVar [[r.HairStrands.SkyLighting.SampleCount:16]]
[2020.05.12-17.45.49:710][  0]LogConfig: Setting CVar [[r.HairStrands.SkyLighting.JitterIntegration:0]]
[2020.05.12-17.45.49:710][  0]LogConfig: Setting CVar [[r.HairStrands.SkyAO.SampleCount:16]]
[2020.05.12-17.45.49:710][  0]LogInit: Selected Device Profile: [Windows]
[2020.05.12-17.45.49:710][  0]LogInit: Applying CVar settings loaded from the selected device profile: [Windows]
[2020.05.12-17.45.49:714][  0]LogHAL: Display: Platform has ~ 16 GB [17039618048 / 17179869184 / 16], which maps to Larger [LargestMinGB=32, LargerMinGB=12, DefaultMinGB=8, SmallerMinGB=6, SmallestMinGB=0)
[2020.05.12-17.45.49:714][  0]LogInit: Going up to parent DeviceProfile []
[2020.05.12-17.45.49:715][  0]LogConfig: Applying CVar settings from Section [ViewDistanceQuality@3] File [D:/adale/Desktop/2DSouls/SideScroller/Saved/Config/Windows/Scalability.ini]
[2020.05.12-17.45.49:715][  0]LogConfig: Setting CVar [[r.SkeletalMeshLODBias:0]]
[2020.05.12-17.45.49:715][  0]LogConfig: Setting CVar [[r.ViewDistanceScale:1.0]]
[2020.05.12-17.45.49:715][  0]LogConfig: Applying CVar settings from Section [AntiAliasingQuality@3] File [D:/adale/Desktop/2DSouls/SideScroller/Saved/Config/Windows/Scalability.ini]
[2020.05.12-17.45.49:715][  0]LogConfig: Setting CVar [[r.PostProcessAAQuality:4]]
[2020.05.12-17.45.49:715][  0]LogConfig: Applying CVar settings from Section [ShadowQuality@3] File [D:/adale/Desktop/2DSouls/SideScroller/Saved/Config/Windows/Scalability.ini]
[2020.05.12-17.45.49:715][  0]LogConfig: Setting CVar [[r.LightFunctionQuality:1]]
[2020.05.12-17.45.49:715][  0]LogConfig: Setting CVar [[r.ShadowQuality:5]]
[2020.05.12-17.45.49:716][  0]LogConfig: Setting CVar [[r.Shadow.CSM.MaxCascades:10]]
[2020.05.12-17.45.49:716][  0]LogConfig: Setting CVar [[r.Shadow.MaxResolution:2048]]
[2020.05.12-17.45.49:716][  0]LogConfig: Setting CVar [[r.Shadow.MaxCSMResolution:2048]]
[2020.05.12-17.45.49:716][  0]LogConfig: Setting CVar [[r.Shadow.RadiusThreshold:0.01]]
[2020.05.12-17.45.49:716][  0]LogConfig: Setting CVar [[r.Shadow.DistanceScale:1.0]]
[2020.05.12-17.45.49:716][  0]LogConfig: Setting CVar [[r.Shadow.CSM.TransitionScale:1.0]]
[2020.05.12-17.45.49:716][  0]LogConfig: Setting CVar [[r.Shadow.PreShadowResolutionFactor:1.0]]
[2020.05.12-17.45.49:716][  0]LogConfig: Setting CVar [[r.DistanceFieldShadowing:1]]
[2020.05.12-17.45.49:716][  0]LogConfig: Setting CVar [[r.DistanceFieldAO:1]]
[2020.05.12-17.45.49:716][  0]LogConfig: Setting CVar [[r.AOQuality:2]]
[2020.05.12-17.45.49:716][  0]LogConfig: Setting CVar [[r.VolumetricFog:1]]
[2020.05.12-17.45.49:716][  0]LogConfig: Setting CVar [[r.VolumetricFog.GridPixelSize:8]]
[2020.05.12-17.45.49:716][  0]LogConfig: Setting CVar [[r.VolumetricFog.GridSizeZ:128]]
[2020.05.12-17.45.49:717][  0]LogConfig: Setting CVar [[r.VolumetricFog.HistoryMissSupersampleCount:4]]
[2020.05.12-17.45.49:717][  0]LogConfig: Setting CVar [[r.LightMaxDrawDistanceScale:1]]
[2020.05.12-17.45.49:717][  0]LogConfig: Setting CVar [[r.CapsuleShadows:1]]
[2020.05.12-17.45.49:717][  0]LogConfig: Applying CVar settings from Section [PostProcessQuality@3] File [D:/adale/Desktop/2DSouls/SideScroller/Saved/Config/Windows/Scalability.ini]
[2020.05.12-17.45.49:717][  0]LogConfig: Setting CVar [[r.MotionBlurQuality:4]]
[2020.05.12-17.45.49:717][  0]LogConfig: Setting CVar [[r.AmbientOcclusionMipLevelFactor:0.4]]
[2020.05.12-17.45.49:717][  0]LogConfig: Setting CVar [[r.AmbientOcclusionMaxQuality:100]]
[2020.05.12-17.45.49:717][  0]LogConfig: Setting CVar [[r.AmbientOcclusionLevels:-1]]
[2020.05.12-17.45.49:717][  0]LogConfig: Setting CVar [[r.AmbientOcclusionRadiusScale:1.0]]
[2020.05.12-17.45.49:717][  0]LogConfig: Setting CVar [[r.DepthOfFieldQuality:2]]
[2020.05.12-17.45.49:717][  0]LogConfig: Setting CVar [[r.RenderTargetPoolMin:400]]
[2020.05.12-17.45.49:717][  0]LogConfig: Setting CVar [[r.LensFlareQuality:2]]
[2020.05.12-17.45.49:717][  0]LogConfig: Setting CVar [[r.SceneColorFringeQuality:1]]
[2020.05.12-17.45.49:717][  0]LogConfig: Setting CVar [[r.EyeAdaptationQuality:2]]
[2020.05.12-17.45.49:717][  0]LogConfig: Setting CVar [[r.BloomQuality:5]]
[2020.05.12-17.45.49:717][  0]LogConfig: Setting CVar [[r.FastBlurThreshold:100]]
[2020.05.12-17.45.49:717][  0]LogConfig: Setting CVar [[r.Upscale.Quality:3]]
[2020.05.12-17.45.49:718][  0]LogConfig: Setting CVar [[r.Tonemapper.GrainQuantization:1]]
[2020.05.12-17.45.49:718][  0]LogConfig: Setting CVar [[r.LightShaftQuality:1]]
[2020.05.12-17.45.49:718][  0]LogConfig: Setting CVar [[r.Filter.SizeScale:1]]
[2020.05.12-17.45.49:718][  0]LogConfig: Setting CVar [[r.Tonemapper.Quality:5]]
[2020.05.12-17.45.49:718][  0]LogConfig: Setting CVar [[r.DOF.Gather.AccumulatorQuality:1        ; higher gathering accumulator quality]]
[2020.05.12-17.45.49:718][  0]LogConfig: Setting CVar [[r.DOF.Gather.PostfilterMethod:1          ; Median3x3 postfilering method]]
[2020.05.12-17.45.49:718][  0]LogConfig: Setting CVar [[r.DOF.Gather.EnableBokehSettings:0       ; no bokeh simulation when gathering]]
[2020.05.12-17.45.49:718][  0]LogConfig: Setting CVar [[r.DOF.Gather.RingCount:4                 ; medium number of samples when gathering]]
[2020.05.12-17.45.49:718][  0]LogConfig: Setting CVar [[r.DOF.Scatter.ForegroundCompositing:1    ; additive foreground scattering]]
[2020.05.12-17.45.49:718][  0]LogConfig: Setting CVar [[r.DOF.Scatter.BackgroundCompositing:2    ; additive background scattering]]
[2020.05.12-17.45.49:718][  0]LogConfig: Setting CVar [[r.DOF.Scatter.EnableBokehSettings:1      ; bokeh simulation when scattering]]
[2020.05.12-17.45.49:718][  0]LogConfig: Setting CVar [[r.DOF.Scatter.MaxSpriteRatio:0.1         ; only a maximum of 10% of scattered bokeh]]
[2020.05.12-17.45.49:718][  0]LogConfig: Setting CVar [[r.DOF.Recombine.Quality:1                ; cheap slight out of focus]]
[2020.05.12-17.45.49:719][  0]LogConfig: Setting CVar [[r.DOF.Recombine.EnableBokehSettings:0    ; no bokeh simulation on slight out of focus]]
[2020.05.12-17.45.49:719][  0]LogConfig: Setting CVar [[r.DOF.TemporalAAQuality:1                ; more stable temporal accumulation]]
[2020.05.12-17.45.49:719][  0]LogConfig: Setting CVar [[r.DOF.Kernel.MaxForegroundRadius:0.025]]
[2020.05.12-17.45.49:719][  0]LogConfig: Setting CVar [[r.DOF.Kernel.MaxBackgroundRadius:0.025]]
[2020.05.12-17.45.49:719][  0]LogConfig: Applying CVar settings from Section [TextureQuality@3] File [D:/adale/Desktop/2DSouls/SideScroller/Saved/Config/Windows/Scalability.ini]
[2020.05.12-17.45.49:719][  0]LogConfig: Setting CVar [[r.Streaming.MipBias:0]]
[2020.05.12-17.45.49:719][  0]LogConfig: Setting CVar [[r.Streaming.AmortizeCPUToGPUCopy:0]]
[2020.05.12-17.45.49:719][  0]LogConfig: Setting CVar [[r.Streaming.MaxNumTexturesToStreamPerFrame:0]]
[2020.05.12-17.45.49:719][  0]LogConfig: Setting CVar [[r.Streaming.Boost:1]]
[2020.05.12-17.45.49:719][  0]LogConfig: Setting CVar [[r.MaxAnisotropy:8]]
[2020.05.12-17.45.49:719][  0]LogConfig: Setting CVar [[r.VT.MaxAnisotropy:8]]
[2020.05.12-17.45.49:719][  0]LogConfig: Setting CVar [[r.Streaming.LimitPoolSizeToVRAM:0]]
[2020.05.12-17.45.49:719][  0]LogConfig: Setting CVar [[r.Streaming.PoolSize:1000]]
[2020.05.12-17.45.49:720][  0]LogConfig: Setting CVar [[r.Streaming.MaxEffectiveScreenSize:0]]
[2020.05.12-17.45.49:720][  0]LogConfig: Applying CVar settings from Section [EffectsQuality@3] File [D:/adale/Desktop/2DSouls/SideScroller/Saved/Config/Windows/Scalability.ini]
[2020.05.12-17.45.49:720][  0]LogConfig: Setting CVar [[r.TranslucencyLightingVolumeDim:64]]
[2020.05.12-17.45.49:720][  0]LogConfig: Setting CVar [[r.RefractionQuality:2]]
[2020.05.12-17.45.49:720][  0]LogConfig: Setting CVar [[r.SSR.Quality:3]]
[2020.05.12-17.45.49:720][  0]LogConfig: Setting CVar [[r.SSR.HalfResSceneColor:0]]
[2020.05.12-17.45.49:720][  0]LogConfig: Setting CVar [[r.SceneColorFormat:4]]
[2020.05.12-17.45.49:720][  0]LogConfig: Setting CVar [[r.DetailMode:2]]
[2020.05.12-17.45.49:720][  0]LogConfig: Setting CVar [[r.TranslucencyVolumeBlur:1]]
[2020.05.12-17.45.49:720][  0]LogConfig: Setting CVar [[r.MaterialQualityLevel:1 ; High quality]]
[2020.05.12-17.45.49:720][  0]LogConfig: Setting CVar [[r.SSS.Scale:1]]
[2020.05.12-17.45.49:720][  0]LogConfig: Setting CVar [[r.SSS.SampleSet:2]]
[2020.05.12-17.45.49:720][  0]LogConfig: Setting CVar [[r.SSS.Quality:1]]
[2020.05.12-17.45.49:720][  0]LogConfig: Setting CVar [[r.SSS.HalfRes:1]]
[2020.05.12-17.45.49:720][  0]LogConfig: Setting CVar [[r.SSGI.Quality:3]]
[2020.05.12-17.45.49:720][  0]LogConfig: Setting CVar [[r.EmitterSpawnRateScale:1.0]]
[2020.05.12-17.45.49:721][  0]LogConfig: Setting CVar [[r.ParticleLightQuality:2]]
[2020.05.12-17.45.49:721][  0]LogConfig: Setting CVar [[r.SkyAtmosphere.AerialPerspectiveLUT.FastApplyOnOpaque:1 ; Always have FastSkyLUT 1 in this case to avoid wrong sky]]
[2020.05.12-17.45.49:721][  0]LogConfig: Setting CVar [[r.SkyAtmosphere.AerialPerspectiveLUT.SampleCountPerSlice:1]]
[2020.05.12-17.45.49:721][  0]LogConfig: Setting CVar [[r.SkyAtmosphere.AerialPerspectiveLUT.DepthResolution:16.0]]
[2020.05.12-17.45.49:721][  0]LogConfig: Setting CVar [[r.SkyAtmosphere.FastSkyLUT:1]]
[2020.05.12-17.45.49:721][  0]LogConfig: Setting CVar [[r.SkyAtmosphere.FastSkyLUT.SampleCountMin:4.0]]
[2020.05.12-17.45.49:721][  0]LogConfig: Setting CVar [[r.SkyAtmosphere.FastSkyLUT.SampleCountMax:32.0]]
[2020.05.12-17.45.49:721][  0]LogConfig: Setting CVar [[r.SkyAtmosphere.SampleCountMin:4.0]]
[2020.05.12-17.45.49:721][  0]LogConfig: Setting CVar [[r.SkyAtmosphere.SampleCountMax:32.0]]
[2020.05.12-17.45.49:721][  0]LogConfig: Setting CVar [[r.SkyAtmosphere.TransmittanceLUT.UseSmallFormat:0]]
[2020.05.12-17.45.49:721][  0]LogConfig: Setting CVar [[r.SkyAtmosphere.TransmittanceLUT.SampleCount:10.0]]
[2020.05.12-17.45.49:721][  0]LogConfig: Setting CVar [[r.SkyAtmosphere.MultiScatteringLUT.SampleCount:15.0]]
[2020.05.12-17.45.49:721][  0]LogConfig: Applying CVar settings from Section [FoliageQuality@3] File [D:/adale/Desktop/2DSouls/SideScroller/Saved/Config/Windows/Scalability.ini]
[2020.05.12-17.45.49:721][  0]LogConfig: Setting CVar [[foliage.DensityScale:1.0]]
[2020.05.12-17.45.49:721][  0]LogConfig: Setting CVar [[grass.DensityScale:1.0]]
[2020.05.12-17.45.49:722][  0]LogConfig: Applying CVar settings from Section [ShadingQuality@3] File [D:/adale/Desktop/2DSouls/SideScroller/Saved/Config/Windows/Scalability.ini]
[2020.05.12-17.45.49:722][  0]LogConfig: Setting CVar [[r.HairStrands.SkyLighting.SampleCount:16]]
[2020.05.12-17.45.49:722][  0]LogConfig: Setting CVar [[r.HairStrands.SkyLighting.JitterIntegration:0]]
[2020.05.12-17.45.49:722][  0]LogConfig: Setting CVar [[r.HairStrands.SkyAO.SampleCount:16]]
[2020.05.12-17.45.49:722][  0]LogConfig: Applying CVar settings from Section [Startup] File [../../../Engine/Config/ConsoleVariables.ini]
[2020.05.12-17.45.49:722][  0]LogConfig: Setting CVar [[net.UseAdaptiveNetUpdateFrequency:0]]
[2020.05.12-17.45.49:722][  0]LogConfig: Setting CVar [[p.chaos.AllowCreatePhysxBodies:1]]
[2020.05.12-17.45.49:722][  0]LogConfig: Applying CVar settings from Section [ConsoleVariables] File [D:/adale/Desktop/2DSouls/SideScroller/Saved/Config/Windows/Engine.ini]
[2020.05.12-17.45.49:723][  0]LogInit: Computer: DESKTOP-J52MBI8
[2020.05.12-17.45.49:723][  0]LogInit: User: adale
[2020.05.12-17.45.49:723][  0]LogInit: CPU Page size=4096, Cores=4
[2020.05.12-17.45.49:723][  0]LogInit: High frequency timer resolution =10.000000 MHz
[2020.05.12-17.45.49:723][  0]LogMemory: Memory total: Physical=15.9GB (16GB approx)
[2020.05.12-17.45.49:723][  0]LogMemory: Platform Memory Stats for Windows
[2020.05.12-17.45.49:723][  0]LogMemory: Process Physical Memory: 105.81 MB used, 105.82 MB peak
[2020.05.12-17.45.49:723][  0]LogMemory: Process Virtual Memory: 100.88 MB used, 100.88 MB peak
[2020.05.12-17.45.49:723][  0]LogMemory: Physical Memory: 7637.36 MB used,  8612.88 MB free, 16250.25 MB total
[2020.05.12-17.45.49:723][  0]LogMemory: Virtual Memory: 5137.55 MB used,  134212592.00 MB free, 134217728.00 MB total
[2020.05.12-17.45.49:732][  0]LogWindows: WindowsPlatformFeatures enabled
[2020.05.12-17.45.49:975][  0]LogInit: Using OS detected language (en-US).
[2020.05.12-17.45.49:975][  0]LogInit: Using OS detected locale (en-CA).
[2020.05.12-17.45.49:977][  0]LogTextLocalizationManager: No specific localization for 'en-US' exists, so the 'en' localization will be used.
[2020.05.12-17.45.50:159][  0]LogInit: Setting process to per monitor DPI aware
[2020.05.12-17.45.50:241][  0]LogSlate: New Slate User Created.  User Index 0, Is Virtual User: 0
[2020.05.12-17.45.50:241][  0]LogSlate: Slate User Registered.  User Index 0, Is Virtual User: 0
[2020.05.12-17.45.50:507][  0]LogHMD: Failed to initialize OpenVR with code 110
[2020.05.12-17.45.50:507][  0]LogD3D11RHI: D3D11 min allowed feature level: 11_0
[2020.05.12-17.45.50:507][  0]LogD3D11RHI: D3D11 max allowed feature level: 11_0
[2020.05.12-17.45.50:508][  0]LogD3D11RHI: D3D11 adapters:
[2020.05.12-17.45.50:618][  0]LogD3D11RHI:    0. 'NVIDIA GeForce GTX 1050 Ti' (Feature Level 11_0)
[2020.05.12-17.45.50:618][  0]LogD3D11RHI:       4018/0/8125 MB DedicatedVideo/DedicatedSystem/SharedSystem, Outputs:2, VendorId:0x10de
[2020.05.12-17.45.50:668][  0]LogD3D11RHI:    1. 'Intel(R) HD Graphics 630' (Feature Level 11_0)
[2020.05.12-17.45.50:668][  0]LogD3D11RHI:       128/0/8125 MB DedicatedVideo/DedicatedSystem/SharedSystem, Outputs:0, VendorId:0x8086
[2020.05.12-17.45.50:675][  0]LogD3D11RHI:    2. 'Microsoft Basic Render Driver' (Feature Level 11_0)
[2020.05.12-17.45.50:675][  0]LogD3D11RHI:       0/0/8125 MB DedicatedVideo/DedicatedSystem/SharedSystem, Outputs:0, VendorId:0x1414
[2020.05.12-17.45.50:675][  0]LogD3D11RHI: Chosen D3D11 Adapter: 0
[2020.05.12-17.45.50:721][  0]LogD3D11RHI: Creating new Direct3DDevice
[2020.05.12-17.45.50:721][  0]LogD3D11RHI:     GPU DeviceId: 0x1c8c (for the marketing name, search the web for "GPU Device Id")
[2020.05.12-17.45.50:721][  0]LogWindows: EnumDisplayDevices:
[2020.05.12-17.45.50:722][  0]LogWindows:    0. 'Intel(R) HD Graphics 630' (P:1 D:1)
[2020.05.12-17.45.50:722][  0]LogWindows:    1. 'Intel(R) HD Graphics 630' (P:0 D:0)
[2020.05.12-17.45.50:723][  0]LogWindows:    2. 'Intel(R) HD Graphics 630' (P:0 D:0)
[2020.05.12-17.45.50:724][  0]LogWindows:    3. 'NVIDIA GeForce GTX 1050 Ti' (P:0 D:1)
[2020.05.12-17.45.50:724][  0]LogWindows: DebugString: PrimaryIsNotTheChoosenAdapter PrimaryIsNotTheChoosenAdapter PrimaryIsNotTheChoosenAdapter 
[2020.05.12-17.45.50:724][  0]LogD3D11RHI:     Adapter Name: NVIDIA GeForce GTX 1050 Ti
[2020.05.12-17.45.50:725][  0]LogD3D11RHI:   Driver Version: 441.08 (internal:26.21.14.4108, unified:441.08)
[2020.05.12-17.45.50:725][  0]LogD3D11RHI:      Driver Date: 10-22-2019
[2020.05.12-17.45.50:725][  0]LogRHI: Texture pool is 2812 MB (70% of 4018 MB)
[2020.05.12-17.45.50:781][  0]LogD3D11RHI: RHI has support for 64 bit atomics
[2020.05.12-17.45.50:781][  0]LogD3D11RHI: Async texture creation enabled
[2020.05.12-17.45.50:805][  0]LogD3D11RHI: GPU Timing Frequency: 1000.000000 (Debug: 2 1)
[2020.05.12-17.45.51:164][  0]LogTargetPlatformManager: Display: Loaded TargetPlatform 'AllDesktop'
[2020.05.12-17.45.51:216][  0]LogTargetPlatformManager: Display: Loaded TargetPlatform 'Android'
[2020.05.12-17.45.51:217][  0]LogTargetPlatformManager: Display: Loaded TargetPlatform 'Android_ASTC'
[2020.05.12-17.45.51:217][  0]LogTargetPlatformManager: Display: Loaded TargetPlatform 'Android_ATC'
[2020.05.12-17.45.51:217][  0]LogTargetPlatformManager: Display: Loaded TargetPlatform 'Android_DXT'
[2020.05.12-17.45.51:217][  0]LogTargetPlatformManager: Display: Loaded TargetPlatform 'Android_ETC1'
[2020.05.12-17.45.51:217][  0]LogTargetPlatformManager: Display: Loaded TargetPlatform 'Android_ETC1a'
[2020.05.12-17.45.51:217][  0]LogTargetPlatformManager: Display: Loaded TargetPlatform 'Android_ETC2'
[2020.05.12-17.45.51:217][  0]LogTargetPlatformManager: Display: Loaded TargetPlatform 'Android_PVRTC'
[2020.05.12-17.45.51:217][  0]LogTargetPlatformManager: Display: Loaded TargetPlatform 'AndroidClient'
[2020.05.12-17.45.51:217][  0]LogTargetPlatformManager: Display: Loaded TargetPlatform 'Android_ASTCClient'
[2020.05.12-17.45.51:217][  0]LogTargetPlatformManager: Display: Loaded TargetPlatform 'Android_ATCClient'
[2020.05.12-17.45.51:218][  0]LogTargetPlatformManager: Display: Loaded TargetPlatform 'Android_DXTClient'
[2020.05.12-17.45.51:218][  0]LogTargetPlatformManager: Display: Loaded TargetPlatform 'Android_ETC1Client'
[2020.05.12-17.45.51:218][  0]LogTargetPlatformManager: Display: Loaded TargetPlatform 'Android_ETC1aClient'
[2020.05.12-17.45.51:218][  0]LogTargetPlatformManager: Display: Loaded TargetPlatform 'Android_ETC2Client'
[2020.05.12-17.45.51:218][  0]LogTargetPlatformManager: Display: Loaded TargetPlatform 'Android_PVRTCClient'
[2020.05.12-17.45.51:218][  0]LogTargetPlatformManager: Display: Loaded TargetPlatform 'Android_Multi'
[2020.05.12-17.45.51:218][  0]LogTargetPlatformManager: Display: Loaded TargetPlatform 'Android_MultiClient'
[2020.05.12-17.45.51:262][  0]LogTargetPlatformManager: Display: Loaded TargetPlatform 'IOSClient'
[2020.05.12-17.45.51:262][  0]LogTargetPlatformManager: Display: Loaded TargetPlatform 'IOS'
[2020.05.12-17.45.51:275][  0]LogTargetPlatformManager: Display: Loaded TargetPlatform 'LinuxNoEditor'
[2020.05.12-17.45.51:288][  0]LogTargetPlatformManager: Display: Loaded TargetPlatform 'LinuxClient'
[2020.05.12-17.45.51:301][  0]LogTargetPlatformManager: Display: Loaded TargetPlatform 'LinuxServer'
[2020.05.12-17.45.51:312][  0]LogTargetPlatformManager: Display: Loaded TargetPlatform 'LinuxAArch64NoEditor'
[2020.05.12-17.45.51:323][  0]LogTargetPlatformManager: Display: Loaded TargetPlatform 'LinuxAArch64Client'
[2020.05.12-17.45.51:335][  0]LogTargetPlatformManager: Display: Loaded TargetPlatform 'LinuxAArch64Server'
[2020.05.12-17.45.51:368][  0]LogTargetPlatformManager: Display: Loaded TargetPlatform 'Lumin'
[2020.05.12-17.45.51:368][  0]LogTargetPlatformManager: Display: Loaded TargetPlatform 'LuminClient'
[2020.05.12-17.45.51:388][  0]LogTargetPlatformManager: Display: Loaded TargetPlatform 'TVOSClient'
[2020.05.12-17.45.51:388][  0]LogTargetPlatformManager: Display: Loaded TargetPlatform 'TVOS'
[2020.05.12-17.45.51:399][  0]LogTargetPlatformManager: Display: Loaded TargetPlatform 'WindowsNoEditor'
[2020.05.12-17.45.51:411][  0]LogTargetPlatformManager: Display: Loaded TargetPlatform 'Windows'
[2020.05.12-17.45.51:424][  0]LogTargetPlatformManager: Display: Loaded TargetPlatform 'WindowsClient'
[2020.05.12-17.45.51:436][  0]LogTargetPlatformManager: Display: Loaded TargetPlatform 'WindowsServer'
[2020.05.12-17.45.51:436][  0]LogTargetPlatformManager: Display: Building Assets For Windows
[2020.05.12-17.45.51:453][  0]LogAudioDebug: Display: Lib vorbis DLL was dynamically loaded.
[2020.05.12-17.45.51:550][  0]LogShaderCompilers: Guid format shader working directory is -4 characters bigger than the processId version (../../../../../adale/Desktop/2DSouls/SideScroller/Intermediate/Shaders/WorkingDirectory/14320/).
[2020.05.12-17.45.51:551][  0]LogShaderCompilers: Cleaned the shader compiler working directory 'C:/Users/adale/AppData/Local/Temp/UnrealShaderWorkingDir/6B3528EB4E1EA1F442F38DAD47863C11/'.
[2020.05.12-17.45.51:552][  0]LogXGEController: Cleaning working directory: C:/Users/adale/AppData/Local/Temp/UnrealXGEWorkingDir/
[2020.05.12-17.45.51:552][  0]LogXGEController: Cannot use XGE Controller as Incredibuild is not installed on this machine.
[2020.05.12-17.45.51:552][  0]LogShaderCompilers: Cannot use XGE Shader Compiler as Incredibuild is not installed on this machine.
[2020.05.12-17.45.51:552][  0]LogShaderCompilers: Display: Using Local Shader Compiler.
[2020.05.12-17.45.52:327][  0]LogDerivedDataCache: Display: Max Cache Size: 512 MB
[2020.05.12-17.45.52:392][  0]LogDerivedDataCache: Loaded boot cache 0.06s 78MB C:/Users/adale/AppData/Local/UnrealEngine/4.24/DerivedDataCache/Boot.ddc.
[2020.05.12-17.45.52:392][  0]LogDerivedDataCache: Display: Loaded Boot cache: C:/Users/adale/AppData/Local/UnrealEngine/4.24/DerivedDataCache/Boot.ddc
[2020.05.12-17.45.52:392][  0]LogDerivedDataCache: FDerivedDataBackendGraph:  Pak pak cache file ../../../../../adale/Desktop/2DSouls/SideScroller/DerivedDataCache/DDC.ddp not found, will not use a pak cache.
[2020.05.12-17.45.52:392][  0]LogDerivedDataCache: Unable to find inner node Pak for hierarchical cache Hierarchy.
[2020.05.12-17.45.52:392][  0]LogDerivedDataCache: FDerivedDataBackendGraph:  CompressedPak pak cache file ../../../../../adale/Desktop/2DSouls/SideScroller/DerivedDataCache/Compressed.ddp not found, will not use a pak cache.
[2020.05.12-17.45.52:393][  0]LogDerivedDataCache: Unable to find inner node CompressedPak for hierarchical cache Hierarchy.
[2020.05.12-17.45.52:404][  0]LogDerivedDataCache: Display: Pak cache opened for reading ../../../Engine/DerivedDataCache/Compressed.ddp.
[2020.05.12-17.45.52:405][  0]LogDerivedDataCache: FDerivedDataBackendGraph:  EnterprisePak pak cache file ../../../Enterprise/DerivedDataCache/Compressed.ddp not found, will not use a pak cache.
[2020.05.12-17.45.52:405][  0]LogDerivedDataCache: Unable to find inner node EnterprisePak for hierarchical cache Hierarchy.
[2020.05.12-17.45.52:408][  0]LogDerivedDataCache: Using Local data cache path C:/Users/adale/AppData/Local/UnrealEngine/Common/DerivedDataCache: Writable
[2020.05.12-17.45.52:408][  0]LogDerivedDataCache: Shared data cache path not found in *engine.ini, will not use an Shared cache.
[2020.05.12-17.45.52:408][  0]LogDerivedDataCache: Unable to find inner node Shared for hierarchical cache Hierarchy.
[2020.05.12-17.45.52:437][  0]LogMaterial: Verifying Global Shaders for PCD3D_SM5
[2020.05.12-17.45.52:440][  0]LogSlate: Using FreeType 2.10.0
[2020.05.12-17.45.52:441][  0]LogSlate: SlateFontServices - WITH_FREETYPE: 1, WITH_HARFBUZZ: 1
[2020.05.12-17.45.52:522][  0]LogAssetRegistry: FAssetRegistry took 0.0074 seconds to start up
[2020.05.12-17.45.52:853][  0]LogInit: Selected Device Profile: [Windows]
[2020.05.12-17.45.53:051][  0]LogMeshReduction: Using QuadricMeshReduction for automatic static mesh reduction
[2020.05.12-17.45.53:051][  0]LogMeshReduction: Using SimplygonMeshReduction for automatic skeletal mesh reduction
[2020.05.12-17.45.53:051][  0]LogMeshReduction: Using ProxyLODMeshReduction for automatic mesh merging
[2020.05.12-17.45.53:051][  0]LogMeshReduction: No distributed automatic mesh merging module available
[2020.05.12-17.45.53:051][  0]LogMeshMerging: No distributed automatic mesh merging module available
[2020.05.12-17.45.53:066][  0]LogNetVersion: SideScroller 1.0.0, NetCL: 10570792, EngineNetVer: 13, GameNetVer: 0 (Checksum: 2260462969)
[2020.05.12-17.45.54:292][  0]LogPackageLocalizationCache: Processed 10 localized package path(s) for 1 prioritized culture(s) in 0.052217 seconds
[2020.05.12-17.45.54:300][  0]LogUObjectArray: 46750 objects as part of root set at end of initial load.
[2020.05.12-17.45.54:300][  0]LogUObjectAllocator: 8137160 out of 0 bytes used by permanent object pool.
[2020.05.12-17.45.54:300][  0]LogUObjectArray: CloseDisregardForGC: 0/0 objects in disregard for GC pool
[2020.05.12-17.45.55:052][  0]LogTcpMessaging: Initializing TcpMessaging bridge
[2020.05.12-17.45.55:060][  0]LogUdpMessaging: Initializing bridge on interface 0.0.0.0:0 to multicast group 230.0.0.1:6666.
[2020.05.12-17.45.55:226][  0]SourceControl: Source control is disabled
[2020.05.12-17.45.55:226][  0]SourceControl: Source control is disabled
[2020.05.12-17.45.55:231][  0]SourceControl: Source control is disabled
[2020.05.12-17.45.55:235][  0]SourceControl: Source control is disabled
[2020.05.12-17.45.55:239][  0]SourceControl: Source control is disabled
[2020.05.12-17.45.55:449][  0]LogAndroidPermission: UAndroidPermissionCallbackProxy::GetInstance
[2020.05.12-17.45.55:476][  0]LogAudioCaptureCore: Display: No Audio Capture implementations found. Audio input will be silent.
[2020.05.12-17.45.55:476][  0]LogAudioCaptureCore: Display: No Audio Capture implementations found. Audio input will be silent.
[2020.05.12-17.45.55:594][  0]LogOcInput: OculusInput pre-init called
[2020.05.12-17.45.55:613][  0]LogWindows: Failed to load 'OVRPlugin.dll' (GetLastError=126)
[2020.05.12-17.45.55:614][  0]LogWindows: File 'OVRPlugin.dll' does not exist
[2020.05.12-17.45.55:710][  0]LogEngine: Initializing Engine...
[2020.05.12-17.45.55:712][  0]LogHMD: Failed to initialize OpenVR with code 110
[2020.05.12-17.45.55:714][  0]LogStats: UGameplayTagsManager::InitializeManager -  0.000 s
[2020.05.12-17.45.56:127][  0]LogInit: Initializing FReadOnlyCVARCache
[2020.05.12-17.45.56:138][  0]LogAIModule: Creating AISystem for world Untitled
[2020.05.12-17.45.56:144][  0]LogAudioMixer: Display: Audio Mixer Platform Settings:
[2020.05.12-17.45.56:144][  0]LogAudioMixer: Display: 	Sample Rate:						  48000
[2020.05.12-17.45.56:144][  0]LogAudioMixer: Display: 	Callback Buffer Frame Size Requested: 1024
[2020.05.12-17.45.56:144][  0]LogAudioMixer: Display: 	Callback Buffer Frame Size To Use:	  1024
[2020.05.12-17.45.56:144][  0]LogAudioMixer: Display: 	Number of buffers to queue:			  2
[2020.05.12-17.45.56:144][  0]LogAudioMixer: Display: 	Max Channels (voices):				  32
[2020.05.12-17.45.56:144][  0]LogAudioMixer: Display: 	Number of Async Source Workers:		  0
[2020.05.12-17.45.56:144][  0]LogAudio: Display: AudioDevice MaxSources: 32
[2020.05.12-17.45.56:145][  0]LogAudio: Display: Using built-in audio occlusion.
[2020.05.12-17.45.56:146][  0]LogAudioMixer: Display: Initializing audio mixer.
[2020.05.12-17.45.56:174][  0]LogAudioMixer: Display: Audio Device Output Speaker Info:
[2020.05.12-17.45.56:174][  0]LogAudioMixer: Display: Name: Speakers / Headphones (Realtek Audio)
[2020.05.12-17.45.56:174][  0]LogAudioMixer: Display: Is Default: Yes
[2020.05.12-17.45.56:174][  0]LogAudioMixer: Display: Sample Rate: 48000
[2020.05.12-17.45.56:174][  0]LogAudioMixer: Display: Channel Count Used: 2
[2020.05.12-17.45.56:174][  0]LogAudioMixer: Display: Device Channel Count: 2
[2020.05.12-17.45.56:175][  0]LogAudioMixer: Display: Channel Order:
[2020.05.12-17.45.56:175][  0]LogAudioMixer: Display: 0: FrontLeft
[2020.05.12-17.45.56:175][  0]LogAudioMixer: Display: 1: FrontRight
[2020.05.12-17.45.57:277][  0]LogAudioMixer: Display: Using Audio Device Speakers / Headphones (Realtek Audio)
[2020.05.12-17.45.57:282][  0]LogInit: FAudioDevice initialized.
[2020.05.12-17.45.57:283][  0]LogNetVersion: Set ProjectVersion to 1.0.0.0. Version Checksum will be recalculated on next use.
[2020.05.12-17.45.57:383][  0]LogDerivedDataCache: Saved boot cache 0.10s 78MB C:/Users/adale/AppData/Local/UnrealEngine/4.24/DerivedDataCache/Boot.ddc.
[2020.05.12-17.45.57:390][  0]LogInit: Texture streaming: Enabled
[2020.05.12-17.45.57:416][  0]LogEngineSessionManager: EngineSessionManager initialized
[2020.05.12-17.45.57:416][  0]LogEngineSessionManager: EngineSessionManager sent abnormal shutdown report. Type=Debugger, SessionId={CE163C97-4F2D-C56E-0705-5F9557781312}
[2020.05.12-17.45.57:417][  0]LogEngineSessionManager: EngineSessionManager sent abnormal shutdown report. Type=Debugger, SessionId={562F5EAD-4D85-0695-5E14-5B9776093042}
[2020.05.12-17.45.57:417][  0]LogEditorSessionSummary: Verbose: Initializing EditorSessionSummaryWriter for editor session tracking
[2020.05.12-17.45.57:419][  0]LogEditorSessionSummary: EditorSessionSummaryWriter initialized
[2020.05.12-17.45.57:481][  0]LogInit: Transaction tracking system initialized
[2020.05.12-17.45.57:515][  0]BlueprintLog: New page: Editor Load
[2020.05.12-17.45.57:609][  0]LocalizationService: Localization service is disabled
[2020.05.12-17.45.58:137][  0]LogFileCache: Scanning file cache for directory 'D:/adale/Desktop/2DSouls/SideScroller/Content/' took 0.01s
[2020.05.12-17.45.58:138][  0]LogCook: Display: Max memory allowance for cook 16384mb min free memory 0mb
[2020.05.12-17.45.58:138][  0]LogCook: Display: Mobile HDR setting 1
[2020.05.12-17.45.59:122][  0]SourceControl: Source control is disabled
[2020.05.12-17.45.59:122][  0]Cmd: MAP LOAD FILE="../../../../../adale/Desktop/2DSouls/SideScroller/Content/Levels/World.umap" TEMPLATE=0 SHOWPROGRESS=1 FEATURELEVEL=3
[2020.05.12-17.45.59:124][  0]LightingResults: New page: Lighting Build
[2020.05.12-17.45.59:125][  0]LogWorld: UWorld::CleanupWorld for Untitled, bSessionEnded=true, bCleanupResources=true
[2020.05.12-17.45.59:126][  0]LogSlate: InvalidateAllWidgets triggered.  All widgets were invalidated
[2020.05.12-17.45.59:126][  0]MapCheck: New page: Map Check
[2020.05.12-17.45.59:126][  0]LightingResults: New page: Lighting Build
[2020.05.12-17.45.59:153][  0]LogUObjectHash: Compacting FUObjectHashTables data took   2.31ms
[2020.05.12-17.45.59:385][  0]LogAIModule: Creating AISystem for world World
[2020.05.12-17.45.59:395][  0]LogEditorServer: Finished looking for orphan Actors (0.000 secs)
[2020.05.12-17.45.59:424][  0]LogUObjectHash: Compacting FUObjectHashTables data took   2.32ms
[2020.05.12-17.45.59:424][  0]Cmd: MAP CHECKDEP NOCLEARLOG
[2020.05.12-17.45.59:425][  0]MapCheck: Map check complete: 0 Error(s), 0 Warning(s), took 0.439ms to complete.
[2020.05.12-17.45.59:425][  0]LogFileHelpers: Loading map 'World' took 0.304
[2020.05.12-17.45.59:613][  0]LogSlate: Updating window title bar state: overlay mode, drag disabled, window buttons hidden, title bar hidden
[2020.05.12-17.45.59:624][  0]LogSlate: Updating window title bar state: overlay mode, drag disabled, window buttons hidden, title bar hidden
[2020.05.12-17.45.59:638][  0]LogSlate: Updating window title bar state: overlay mode, drag disabled, window buttons hidden, title bar hidden
[2020.05.12-17.45.59:646][  0]LogSlate: Updating window title bar state: overlay mode, drag disabled, window buttons hidden, title bar hidden
[2020.05.12-17.45.59:653][  0]LogCollectionManager: Loaded 0 collections in 0.001386 seconds
[2020.05.12-17.45.59:675][  0]LogFileCache: Scanning file cache for directory 'D:/adale/Desktop/2DSouls/SideScroller/Saved/Collections/' took 0.00s
[2020.05.12-17.45.59:675][  0]LogFileCache: Scanning file cache for directory 'D:/adale/Desktop/2DSouls/SideScroller/Content/Developers/adale/Collections/' took 0.00s
[2020.05.12-17.45.59:675][  0]LogFileCache: Scanning file cache for directory 'D:/adale/Desktop/2DSouls/SideScroller/Content/Collections/' took 0.00s
[2020.05.12-17.45.59:676][  0]LogContentBrowser: Native class hierarchy populated in 0.0091 seconds. Added 3026 classes and 719 folders.
[2020.05.12-17.45.59:680][  0]LogContentBrowser: Native class hierarchy updated for 'WidgetCarousel' in 0.0005 seconds. Added 0 classes and 0 folders.
[2020.05.12-17.45.59:772][  0]LogContentBrowser: Native class hierarchy updated for 'AddContentDialog' in 0.0005 seconds. Added 0 classes and 0 folders.
[2020.05.12-17.45.59:783][  0]LogContentBrowser: Native class hierarchy updated for 'SceneOutliner' in 0.0008 seconds. Added 2 classes and 3 folders.
[2020.05.12-17.45.59:883][  0]LogSlate: Took 0.000405 seconds to synchronously load lazily loaded font '../../../Engine/Content/Slate/Fonts/Roboto-Regular.ttf' (155K)
[2020.05.12-17.45.59:887][  0]LogSlate: Took 0.000442 seconds to synchronously load lazily loaded font '../../../Engine/Content/Slate/Fonts/Roboto-Bold.ttf' (160K)
[2020.05.12-17.45.59:894][  0]LogSlate: Took 0.000239 seconds to synchronously load lazily loaded font '../../../Engine/Content/Editor/Slate/Fonts/FontAwesome.ttf' (139K)
[2020.05.12-17.45.59:979][  0]LogRenderer: Reallocating scene render targets to support 1120x572 Format 10 NumSamples 1 (Frame:1).
[2020.05.12-17.46.00:124][  0]LogContentBrowser: Native class hierarchy updated for 'HierarchicalLODOutliner' in 0.0005 seconds. Added 0 classes and 0 folders.
[2020.05.12-17.46.00:126][  0]LogLoad: (Engine Initialization) Total time: 13.56 seconds
[2020.05.12-17.46.00:126][  0]LogLoad: (Engine Initialization) Total Blueprint compile time: 0.00 seconds
[2020.05.12-17.46.00:193][  0]LogContentStreaming: Texture pool size now 1000 MB
[2020.05.12-17.46.00:235][  0]LogSlate: Took 0.000167 seconds to synchronously load lazily loaded font '../../../Engine/Content/Slate/Fonts/Roboto-Light.ttf' (167K)
[2020.05.12-17.46.00:258][  1]LogAssetRegistry: Asset discovery search completed in 7.7400 seconds
[2020.05.12-17.46.00:261][  1]LogCollectionManager: Fixed up redirectors for 0 collections in 0.000008 seconds (updated 0 objects)
[2020.05.12-17.46.01:560][ 74]LogTemp: Repeating last play command: Selected Viewport
[2020.05.12-17.46.01:577][ 74]LogPlayLevel: PlayLevel: No blueprints needed recompiling
[2020.05.12-17.46.01:578][ 74]PIE: New page: PIE session: World (May 12, 2020, 9:46:01 a.m.)
[2020.05.12-17.46.01:580][ 74]LogOnline: OSS: Creating online subsystem instance for: NULL
[2020.05.12-17.46.01:583][ 74]LogOnline: OSS: TryLoadSubsystemAndSetDefault: Loaded subsystem for module [NULL]
[2020.05.12-17.46.01:583][ 74]LogPlayLevel: Creating play world package: /Game/Levels/UEDPIE_0_World
[2020.05.12-17.46.01:587][ 74]LogPlayLevel: PIE: StaticDuplicateObject took: (0.003654s)
[2020.05.12-17.46.01:589][ 74]LogAIModule: Creating AISystem for world World
[2020.05.12-17.46.01:589][ 74]LogPlayLevel: PIE: World Init took: (0.001805s)
[2020.05.12-17.46.01:589][ 74]LogPlayLevel: PIE: Created PIE world by copying editor world from /Game/Levels/World.World to /Game/Levels/UEDPIE_0_World.World (0.006347s)
[2020.05.12-17.46.01:617][ 74]LogUObjectHash: Compacting FUObjectHashTables data took   1.59ms
[2020.05.12-17.46.01:622][ 74]LogAudioMixer: Display: Audio Mixer Platform Settings:
[2020.05.12-17.46.01:623][ 74]LogAudioMixer: Display: 	Sample Rate:						  48000
[2020.05.12-17.46.01:623][ 74]LogAudioMixer: Display: 	Callback Buffer Frame Size Requested: 1024
[2020.05.12-17.46.01:623][ 74]LogAudioMixer: Display: 	Callback Buffer Frame Size To Use:	  1024
[2020.05.12-17.46.01:623][ 74]LogAudioMixer: Display: 	Number of buffers to queue:			  2
[2020.05.12-17.46.01:623][ 74]LogAudioMixer: Display: 	Max Channels (voices):				  32
[2020.05.12-17.46.01:623][ 74]LogAudioMixer: Display: 	Number of Async Source Workers:		  0
[2020.05.12-17.46.01:623][ 74]LogAudio: Display: AudioDevice MaxSources: 32
[2020.05.12-17.46.01:624][ 74]LogAudio: Display: Using built-in audio occlusion.
[2020.05.12-17.46.01:625][ 74]LogAudioMixer: Display: Initializing audio mixer.
[2020.05.12-17.46.01:643][ 74]LogAudioMixer: Display: Audio Device Output Speaker Info:
[2020.05.12-17.46.01:643][ 74]LogAudioMixer: Display: Name: Speakers / Headphones (Realtek Audio)
[2020.05.12-17.46.01:643][ 74]LogAudioMixer: Display: Is Default: Yes
[2020.05.12-17.46.01:643][ 74]LogAudioMixer: Display: Sample Rate: 48000
[2020.05.12-17.46.01:643][ 74]LogAudioMixer: Display: Channel Count Used: 2
[2020.05.12-17.46.01:644][ 74]LogAudioMixer: Display: Device Channel Count: 2
[2020.05.12-17.46.01:644][ 74]LogAudioMixer: Display: Channel Order:
[2020.05.12-17.46.01:644][ 74]LogAudioMixer: Display: 0: FrontLeft
[2020.05.12-17.46.01:644][ 74]LogAudioMixer: Display: 1: FrontRight
[2020.05.12-17.46.01:734][ 74]LogAudioMixer: Display: Using Audio Device Speakers / Headphones (Realtek Audio)
[2020.05.12-17.46.01:738][ 74]LogInit: FAudioDevice initialized.
[2020.05.12-17.46.01:948][ 74]LogLoad: Game class is 'BP_SideScrollerGameModeBase_C'
[2020.05.12-17.46.01:950][ 74]LogWorld: Bringing World /Game/Levels/UEDPIE_0_World.World up for play (max tick rate 60) at 2020.05.12-13.46.01
[2020.05.12-17.46.01:951][ 74]LogWorld: Bringing up level for play took: 0.001206
[2020.05.12-17.46.01:951][ 74]LogOnline: OSS: Creating online subsystem instance for: :Context_1
[2020.05.12-17.46.01:957][ 74]LogContentBrowser: Native class hierarchy updated for 'MovieSceneCapture' in 0.0005 seconds. Added 20 classes and 0 folders.
[2020.05.12-17.46.01:960][ 74]PIE: Play in editor start time for /Game/Levels/UEDPIE_0_World -0.062
[2020.05.12-17.46.12:722][718]LogAudioMixer: Display: No commands were queued while flushing the source manager.
[2020.05.12-17.46.12:724][718]LogAudioMixer: Display: Flush succeeded in the source manager command queue (1).
[2020.05.12-17.46.12:744][718]LogAudioMixer: Display: Flush succeeded the source manager command queue (2).
[2020.05.12-17.46.12:744][718]LogSlate: Updating window title bar state: overlay mode, drag disabled, window buttons hidden, title bar hidden
[2020.05.12-17.46.12:745][718]LogWorld: BeginTearingDown for /Game/Levels/UEDPIE_0_World
[2020.05.12-17.46.12:745][718]LogAudioMixer: Display: No commands were queued while flushing the source manager.
[2020.05.12-17.46.12:745][718]LogWorld: UWorld::CleanupWorld for World, bSessionEnded=true, bCleanupResources=true
[2020.05.12-17.46.12:746][718]LogSlate: InvalidateAllWidgets triggered.  All widgets were invalidated
[2020.05.12-17.46.12:761][718]LogPlayLevel: Display: Shutting down PIE online subsystems
[2020.05.12-17.46.12:764][718]LogSlate: InvalidateAllWidgets triggered.  All widgets were invalidated
[2020.05.12-17.46.12:789][718]LogAudioMixer: Display: No commands were queued while flushing the source manager.
[2020.05.12-17.46.12:799][718]LogSlate: Updating window title bar state: overlay mode, drag disabled, window buttons hidden, title bar hidden
[2020.05.12-17.46.12:803][718]LogUObjectHash: Compacting FUObjectHashTables data took   2.40ms
[2020.05.12-17.46.12:843][720]LogPlayLevel: Display: Destroying online subsystem :Context_1
[2020.05.12-17.46.13:617][765]LogTemp: Repeating last play command: Selected Viewport
[2020.05.12-17.46.13:635][765]LogPlayLevel: PlayLevel: No blueprints needed recompiling
[2020.05.12-17.46.13:635][765]PIE: New page: PIE session: World (May 12, 2020, 9:46:13 a.m.)
[2020.05.12-17.46.13:636][765]LogPlayLevel: Creating play world package: /Game/Levels/UEDPIE_0_World
[2020.05.12-17.46.13:640][765]LogPlayLevel: PIE: StaticDuplicateObject took: (0.003245s)
[2020.05.12-17.46.13:641][765]LogAIModule: Creating AISystem for world World
[2020.05.12-17.46.13:642][765]LogPlayLevel: PIE: World Init took: (0.001783s)
[2020.05.12-17.46.13:642][765]LogPlayLevel: PIE: Created PIE world by copying editor world from /Game/Levels/World.World to /Game/Levels/UEDPIE_0_World.World (0.005749s)
[2020.05.12-17.46.13:670][765]LogUObjectHash: Compacting FUObjectHashTables data took   1.62ms
[2020.05.12-17.46.13:671][765]LogAudioMixer: Display: Audio Mixer Platform Settings:
[2020.05.12-17.46.13:671][765]LogAudioMixer: Display: 	Sample Rate:						  48000
[2020.05.12-17.46.13:672][765]LogAudioMixer: Display: 	Callback Buffer Frame Size Requested: 1024
[2020.05.12-17.46.13:672][765]LogAudioMixer: Display: 	Callback Buffer Frame Size To Use:	  1024
[2020.05.12-17.46.13:672][765]LogAudioMixer: Display: 	Number of buffers to queue:			  2
[2020.05.12-17.46.13:672][765]LogAudioMixer: Display: 	Max Channels (voices):				  32
[2020.05.12-17.46.13:672][765]LogAudioMixer: Display: 	Number of Async Source Workers:		  0
[2020.05.12-17.46.13:672][765]LogAudio: Display: AudioDevice MaxSources: 32
[2020.05.12-17.46.13:673][765]LogAudio: Display: Using built-in audio occlusion.
[2020.05.12-17.46.13:674][765]LogAudioMixer: Display: Initializing audio mixer.
[2020.05.12-17.46.13:689][765]LogAudioMixer: Display: Audio Device Output Speaker Info:
[2020.05.12-17.46.13:689][765]LogAudioMixer: Display: Name: Speakers / Headphones (Realtek Audio)
[2020.05.12-17.46.13:689][765]LogAudioMixer: Display: Is Default: Yes
[2020.05.12-17.46.13:689][765]LogAudioMixer: Display: Sample Rate: 48000
[2020.05.12-17.46.13:690][765]LogAudioMixer: Display: Channel Count Used: 2
[2020.05.12-17.46.13:690][765]LogAudioMixer: Display: Device Channel Count: 2
[2020.05.12-17.46.13:690][765]LogAudioMixer: Display: Channel Order:
[2020.05.12-17.46.13:690][765]LogAudioMixer: Display: 0: FrontLeft
[2020.05.12-17.46.13:690][765]LogAudioMixer: Display: 1: FrontRight
[2020.05.12-17.46.13:781][765]LogAudioMixer: Display: Using Audio Device Speakers / Headphones (Realtek Audio)
[2020.05.12-17.46.13:785][765]LogInit: FAudioDevice initialized.
[2020.05.12-17.46.13:798][765]LogLoad: Game class is 'BP_SideScrollerGameModeBase_C'
[2020.05.12-17.46.13:800][765]LogWorld: Bringing World /Game/Levels/UEDPIE_0_World.World up for play (max tick rate 60) at 2020.05.12-13.46.13
[2020.05.12-17.46.13:800][765]LogWorld: Bringing up level for play took: 0.000922
[2020.05.12-17.46.13:800][765]LogOnline: OSS: Creating online subsystem instance for: :Context_2
[2020.05.12-17.46.13:805][765]PIE: Play in editor start time for /Game/Levels/UEDPIE_0_World -0.217
[2020.05.12-17.46.30:821][783]LogAudioMixer: Display: No commands were queued while flushing the source manager.
[2020.05.12-17.46.30:821][783]LogAudioMixer: Display: No commands were queued while flushing the source manager.
[2020.05.12-17.46.30:822][783]LogSlate: Updating window title bar state: overlay mode, drag disabled, window buttons hidden, title bar hidden
[2020.05.12-17.46.30:822][783]LogWorld: BeginTearingDown for /Game/Levels/UEDPIE_0_World
[2020.05.12-17.46.30:822][783]LogAudioMixer: Display: No commands were queued while flushing the source manager.
[2020.05.12-17.46.30:823][783]LogWorld: UWorld::CleanupWorld for World, bSessionEnded=true, bCleanupResources=true
[2020.05.12-17.46.30:823][783]LogSlate: InvalidateAllWidgets triggered.  All widgets were invalidated
[2020.05.12-17.46.30:835][783]LogPlayLevel: Display: Shutting down PIE online subsystems
[2020.05.12-17.46.30:838][783]LogSlate: InvalidateAllWidgets triggered.  All widgets were invalidated
[2020.05.12-17.46.30:863][783]LogAudioMixer: Display: No commands were queued while flushing the source manager.
[2020.05.12-17.46.30:871][783]LogSlate: Updating window title bar state: overlay mode, drag disabled, window buttons hidden, title bar hidden
[2020.05.12-17.46.30:874][783]LogUObjectHash: Compacting FUObjectHashTables data took   1.65ms
[2020.05.12-17.46.30:931][786]LogPlayLevel: Display: Destroying online subsystem :Context_2
[2020.05.12-17.46.31:538][822]LogTemp: Repeating last play command: Selected Viewport
[2020.05.12-17.46.31:554][822]LogPlayLevel: PlayLevel: No blueprints needed recompiling
[2020.05.12-17.46.31:555][822]PIE: New page: PIE session: World (May 12, 2020, 9:46:31 a.m.)
[2020.05.12-17.46.31:555][822]LogPlayLevel: Creating play world package: /Game/Levels/UEDPIE_0_World
[2020.05.12-17.46.31:558][822]LogPlayLevel: PIE: StaticDuplicateObject took: (0.003216s)
[2020.05.12-17.46.31:559][822]LogAIModule: Creating AISystem for world World
[2020.05.12-17.46.31:560][822]LogPlayLevel: PIE: World Init took: (0.001493s)
[2020.05.12-17.46.31:560][822]LogPlayLevel: PIE: Created PIE world by copying editor world from /Game/Levels/World.World to /Game/Levels/UEDPIE_0_World.World (0.005125s)
[2020.05.12-17.46.31:588][822]LogUObjectHash: Compacting FUObjectHashTables data took   1.27ms
[2020.05.12-17.46.31:589][822]LogAudioMixer: Display: Audio Mixer Platform Settings:
[2020.05.12-17.46.31:589][822]LogAudioMixer: Display: 	Sample Rate:						  48000
[2020.05.12-17.46.31:589][822]LogAudioMixer: Display: 	Callback Buffer Frame Size Requested: 1024
[2020.05.12-17.46.31:589][822]LogAudioMixer: Display: 	Callback Buffer Frame Size To Use:	  1024
[2020.05.12-17.46.31:589][822]LogAudioMixer: Display: 	Number of buffers to queue:			  2
[2020.05.12-17.46.31:590][822]LogAudioMixer: Display: 	Max Channels (voices):				  32
[2020.05.12-17.46.31:590][822]LogAudioMixer: Display: 	Number of Async Source Workers:		  0
[2020.05.12-17.46.31:590][822]LogAudio: Display: AudioDevice MaxSources: 32
[2020.05.12-17.46.31:591][822]LogAudio: Display: Using built-in audio occlusion.
[2020.05.12-17.46.31:591][822]LogAudioMixer: Display: Initializing audio mixer.
[2020.05.12-17.46.31:606][822]LogAudioMixer: Display: Audio Device Output Speaker Info:
[2020.05.12-17.46.31:607][822]LogAudioMixer: Display: Name: Speakers / Headphones (Realtek Audio)
[2020.05.12-17.46.31:607][822]LogAudioMixer: Display: Is Default: Yes
[2020.05.12-17.46.31:607][822]LogAudioMixer: Display: Sample Rate: 48000
[2020.05.12-17.46.31:607][822]LogAudioMixer: Display: Channel Count Used: 2
[2020.05.12-17.46.31:607][822]LogAudioMixer: Display: Device Channel Count: 2
[2020.05.12-17.46.31:608][822]LogAudioMixer: Display: Channel Order:
[2020.05.12-17.46.31:608][822]LogAudioMixer: Display: 0: FrontLeft
[2020.05.12-17.46.31:608][822]LogAudioMixer: Display: 1: FrontRight
[2020.05.12-17.46.31:699][822]LogAudioMixer: Display: Using Audio Device Speakers / Headphones (Realtek Audio)
[2020.05.12-17.46.31:703][822]LogInit: FAudioDevice initialized.
[2020.05.12-17.46.31:717][822]LogLoad: Game class is 'BP_SideScrollerGameModeBase_C'
[2020.05.12-17.46.31:719][822]LogWorld: Bringing World /Game/Levels/UEDPIE_0_World.World up for play (max tick rate 60) at 2020.05.12-13.46.31
[2020.05.12-17.46.31:719][822]LogWorld: Bringing up level for play took: 0.000959
[2020.05.12-17.46.31:719][822]LogOnline: OSS: Creating online subsystem instance for: :Context_3
[2020.05.12-17.46.31:724][822]PIE: Play in editor start time for /Game/Levels/UEDPIE_0_World -0.298
[2020.05.12-17.46.57:171][336]LogAudioMixer: Display: No commands were queued while flushing the source manager.
[2020.05.12-17.46.57:171][336]LogAudioMixer: Display: No commands were queued while flushing the source manager.
[2020.05.12-17.46.57:172][336]LogSlate: Updating window title bar state: overlay mode, drag disabled, window buttons hidden, title bar hidden
[2020.05.12-17.46.57:172][336]LogWorld: BeginTearingDown for /Game/Levels/UEDPIE_0_World
[2020.05.12-17.46.57:172][336]LogAudioMixer: Display: No commands were queued while flushing the source manager.
[2020.05.12-17.46.57:173][336]LogWorld: UWorld::CleanupWorld for World, bSessionEnded=true, bCleanupResources=true
[2020.05.12-17.46.57:173][336]LogSlate: InvalidateAllWidgets triggered.  All widgets were invalidated
[2020.05.12-17.46.57:189][336]LogPlayLevel: Display: Shutting down PIE online subsystems
[2020.05.12-17.46.57:192][336]LogSlate: InvalidateAllWidgets triggered.  All widgets were invalidated
[2020.05.12-17.46.57:218][336]LogAudioMixer: Display: No commands were queued while flushing the source manager.
[2020.05.12-17.46.57:229][336]LogSlate: Updating window title bar state: overlay mode, drag disabled, window buttons hidden, title bar hidden
[2020.05.12-17.46.57:232][336]LogUObjectHash: Compacting FUObjectHashTables data took   1.73ms
[2020.05.12-17.46.57:251][337]LogPlayLevel: Display: Destroying online subsystem :Context_3
[2020.05.12-17.46.58:757][422]LogTemp: Repeating last play command: Selected Viewport
[2020.05.12-17.46.58:777][422]LogPlayLevel: PlayLevel: No blueprints needed recompiling
[2020.05.12-17.46.58:777][422]PIE: New page: PIE session: World (May 12, 2020, 9:46:58 a.m.)
[2020.05.12-17.46.58:777][422]LogPlayLevel: Creating play world package: /Game/Levels/UEDPIE_0_World
[2020.05.12-17.46.58:782][422]LogPlayLevel: PIE: StaticDuplicateObject took: (0.004446s)
[2020.05.12-17.46.58:784][422]LogAIModule: Creating AISystem for world World
[2020.05.12-17.46.58:784][422]LogPlayLevel: PIE: World Init took: (0.001954s)
[2020.05.12-17.46.58:784][422]LogPlayLevel: PIE: Created PIE world by copying editor world from /Game/Levels/World.World to /Game/Levels/UEDPIE_0_World.World (0.006962s)
[2020.05.12-17.46.58:813][422]LogUObjectHash: Compacting FUObjectHashTables data took   1.87ms
[2020.05.12-17.46.58:815][422]LogAudioMixer: Display: Audio Mixer Platform Settings:
[2020.05.12-17.46.58:815][422]LogAudioMixer: Display: 	Sample Rate:						  48000
[2020.05.12-17.46.58:815][422]LogAudioMixer: Display: 	Callback Buffer Frame Size Requested: 1024
[2020.05.12-17.46.58:815][422]LogAudioMixer: Display: 	Callback Buffer Frame Size To Use:	  1024
[2020.05.12-17.46.58:815][422]LogAudioMixer: Display: 	Number of buffers to queue:			  2
[2020.05.12-17.46.58:816][422]LogAudioMixer: Display: 	Max Channels (voices):				  32
[2020.05.12-17.46.58:816][422]LogAudioMixer: Display: 	Number of Async Source Workers:		  0
[2020.05.12-17.46.58:816][422]LogAudio: Display: AudioDevice MaxSources: 32
[2020.05.12-17.46.58:817][422]LogAudio: Display: Using built-in audio occlusion.
[2020.05.12-17.46.58:817][422]LogAudioMixer: Display: Initializing audio mixer.
[2020.05.12-17.46.58:832][422]LogAudioMixer: Display: Audio Device Output Speaker Info:
[2020.05.12-17.46.58:833][422]LogAudioMixer: Display: Name: Speakers / Headphones (Realtek Audio)
[2020.05.12-17.46.58:833][422]LogAudioMixer: Display: Is Default: Yes
[2020.05.12-17.46.58:833][422]LogAudioMixer: Display: Sample Rate: 48000
[2020.05.12-17.46.58:833][422]LogAudioMixer: Display: Channel Count Used: 2
[2020.05.12-17.46.58:833][422]LogAudioMixer: Display: Device Channel Count: 2
[2020.05.12-17.46.58:833][422]LogAudioMixer: Display: Channel Order:
[2020.05.12-17.46.58:833][422]LogAudioMixer: Display: 0: FrontLeft
[2020.05.12-17.46.58:833][422]LogAudioMixer: Display: 1: FrontRight
[2020.05.12-17.46.58:928][422]LogAudioMixer: Display: Using Audio Device Speakers / Headphones (Realtek Audio)
[2020.05.12-17.46.58:933][422]LogInit: FAudioDevice initialized.
[2020.05.12-17.46.58:946][422]LogLoad: Game class is 'BP_SideScrollerGameModeBase_C'
[2020.05.12-17.46.58:948][422]LogWorld: Bringing World /Game/Levels/UEDPIE_0_World.World up for play (max tick rate 60) at 2020.05.12-13.46.58
[2020.05.12-17.46.58:949][422]LogWorld: Bringing up level for play took: 0.001399
[2020.05.12-17.46.58:950][422]LogOnline: OSS: Creating online subsystem instance for: :Context_4
[2020.05.12-17.46.58:956][422]PIE: Play in editor start time for /Game/Levels/UEDPIE_0_World 0.934
[2020.05.12-17.47.08:548][995]LogAudioMixer: Display: No commands were queued while flushing the source manager.
[2020.05.12-17.47.08:549][995]LogAudioMixer: Display: No commands were queued while flushing the source manager.
[2020.05.12-17.47.08:549][995]LogSlate: Updating window title bar state: overlay mode, drag disabled, window buttons hidden, title bar hidden
[2020.05.12-17.47.08:550][995]LogWorld: BeginTearingDown for /Game/Levels/UEDPIE_0_World
[2020.05.12-17.47.08:550][995]LogAudioMixer: Display: No commands were queued while flushing the source manager.
[2020.05.12-17.47.08:550][995]LogWorld: UWorld::CleanupWorld for World, bSessionEnded=true, bCleanupResources=true
[2020.05.12-17.47.08:551][995]LogSlate: InvalidateAllWidgets triggered.  All widgets were invalidated
[2020.05.12-17.47.08:566][995]LogPlayLevel: Display: Shutting down PIE online subsystems
[2020.05.12-17.47.08:570][995]LogSlate: InvalidateAllWidgets triggered.  All widgets were invalidated
[2020.05.12-17.47.08:595][995]LogAudioMixer: Display: No commands were queued while flushing the source manager.
[2020.05.12-17.47.08:603][995]LogSlate: Updating window title bar state: overlay mode, drag disabled, window buttons hidden, title bar hidden
[2020.05.12-17.47.08:606][995]LogUObjectHash: Compacting FUObjectHashTables data took   1.48ms
[2020.05.12-17.47.08:656][997]LogPlayLevel: Display: Destroying online subsystem :Context_4
[2020.05.12-17.47.09:257][ 29]LogTemp: Repeating last play command: Selected Viewport
[2020.05.12-17.47.09:277][ 29]LogPlayLevel: PlayLevel: No blueprints needed recompiling
[2020.05.12-17.47.09:277][ 29]PIE: New page: PIE session: World (May 12, 2020, 9:47:09 a.m.)
[2020.05.12-17.47.09:278][ 29]LogPlayLevel: Creating play world package: /Game/Levels/UEDPIE_0_World
[2020.05.12-17.47.09:282][ 29]LogPlayLevel: PIE: StaticDuplicateObject took: (0.004302s)
[2020.05.12-17.47.09:284][ 29]LogAIModule: Creating AISystem for world World
[2020.05.12-17.47.09:284][ 29]LogPlayLevel: PIE: World Init took: (0.001896s)
[2020.05.12-17.47.09:284][ 29]LogPlayLevel: PIE: Created PIE world by copying editor world from /Game/Levels/World.World to /Game/Levels/UEDPIE_0_World.World (0.006729s)
[2020.05.12-17.47.09:310][ 29]LogUObjectHash: Compacting FUObjectHashTables data took   1.55ms
[2020.05.12-17.47.09:311][ 29]LogAudioMixer: Display: Audio Mixer Platform Settings:
[2020.05.12-17.47.09:311][ 29]LogAudioMixer: Display: 	Sample Rate:						  48000
[2020.05.12-17.47.09:311][ 29]LogAudioMixer: Display: 	Callback Buffer Frame Size Requested: 1024
[2020.05.12-17.47.09:312][ 29]LogAudioMixer: Display: 	Callback Buffer Frame Size To Use:	  1024
[2020.05.12-17.47.09:312][ 29]LogAudioMixer: Display: 	Number of buffers to queue:			  2
[2020.05.12-17.47.09:312][ 29]LogAudioMixer: Display: 	Max Channels (voices):				  32
[2020.05.12-17.47.09:312][ 29]LogAudioMixer: Display: 	Number of Async Source Workers:		  0
[2020.05.12-17.47.09:312][ 29]LogAudio: Display: AudioDevice MaxSources: 32
[2020.05.12-17.47.09:313][ 29]LogAudio: Display: Using built-in audio occlusion.
[2020.05.12-17.47.09:313][ 29]LogAudioMixer: Display: Initializing audio mixer.
[2020.05.12-17.47.09:328][ 29]LogAudioMixer: Display: Audio Device Output Speaker Info:
[2020.05.12-17.47.09:328][ 29]LogAudioMixer: Display: Name: Speakers / Headphones (Realtek Audio)
[2020.05.12-17.47.09:328][ 29]LogAudioMixer: Display: Is Default: Yes
[2020.05.12-17.47.09:328][ 29]LogAudioMixer: Display: Sample Rate: 48000
[2020.05.12-17.47.09:328][ 29]LogAudioMixer: Display: Channel Count Used: 2
[2020.05.12-17.47.09:329][ 29]LogAudioMixer: Display: Device Channel Count: 2
[2020.05.12-17.47.09:329][ 29]LogAudioMixer: Display: Channel Order:
[2020.05.12-17.47.09:329][ 29]LogAudioMixer: Display: 0: FrontLeft
[2020.05.12-17.47.09:329][ 29]LogAudioMixer: Display: 1: FrontRight
[2020.05.12-17.47.09:418][ 29]LogAudioMixer: Display: Using Audio Device Speakers / Headphones (Realtek Audio)
[2020.05.12-17.47.09:422][ 29]LogInit: FAudioDevice initialized.
[2020.05.12-17.47.09:435][ 29]LogLoad: Game class is 'BP_SideScrollerGameModeBase_C'
[2020.05.12-17.47.09:437][ 29]LogWorld: Bringing World /Game/Levels/UEDPIE_0_World.World up for play (max tick rate 60) at 2020.05.12-13.47.09
[2020.05.12-17.47.09:438][ 29]LogWorld: Bringing up level for play took: 0.001011
[2020.05.12-17.47.09:438][ 29]LogOnline: OSS: Creating online subsystem instance for: :Context_5
[2020.05.12-17.47.09:444][ 29]PIE: Play in editor start time for /Game/Levels/UEDPIE_0_World -0.579
[2020.05.12-17.50.52:890][359]LogTemp: Resetting audio stream to device id 
[2020.05.12-17.50.52:939][359]LogAudioMixer: Display: Audio Device Output Speaker Info:
[2020.05.12-17.50.52:939][359]LogAudioMixer: Display: Name: Speakers / Headphones (Realtek Audio)
[2020.05.12-17.50.52:939][359]LogAudioMixer: Display: Is Default: Yes
[2020.05.12-17.50.52:939][359]LogAudioMixer: Display: Sample Rate: 48000
[2020.05.12-17.50.52:939][359]LogAudioMixer: Display: Channel Count Used: 2
[2020.05.12-17.50.52:939][359]LogAudioMixer: Display: Device Channel Count: 2
[2020.05.12-17.50.52:940][359]LogAudioMixer: Display: Channel Order:
[2020.05.12-17.50.52:940][359]LogAudioMixer: Display: 0: FrontLeft
[2020.05.12-17.50.52:940][359]LogAudioMixer: Display: 1: FrontRight
[2020.05.12-17.54.02:707][736]LogAudioMixer: Display: No commands were queued while flushing the source manager.
[2020.05.12-17.54.02:708][736]LogAudioMixer: Display: No commands were queued while flushing the source manager.
[2020.05.12-17.54.02:708][736]LogSlate: Updating window title bar state: overlay mode, drag disabled, window buttons hidden, title bar hidden
[2020.05.12-17.54.02:709][736]LogWorld: BeginTearingDown for /Game/Levels/UEDPIE_0_World
[2020.05.12-17.54.02:709][736]LogAudioMixer: Display: No commands were queued while flushing the source manager.
[2020.05.12-17.54.02:709][736]LogWorld: UWorld::CleanupWorld for World, bSessionEnded=true, bCleanupResources=true
[2020.05.12-17.54.02:710][736]LogSlate: InvalidateAllWidgets triggered.  All widgets were invalidated
[2020.05.12-17.54.02:721][736]LogPlayLevel: Display: Shutting down PIE online subsystems
[2020.05.12-17.54.02:725][736]LogSlate: InvalidateAllWidgets triggered.  All widgets were invalidated
[2020.05.12-17.54.02:753][736]LogAudioMixer: Display: No commands were queued while flushing the source manager.
[2020.05.12-17.54.02:763][736]LogSlate: Updating window title bar state: overlay mode, drag disabled, window buttons hidden, title bar hidden
[2020.05.12-17.54.02:766][736]LogUObjectHash: Compacting FUObjectHashTables data took   1.77ms
[2020.05.12-17.54.03:308][738]LogPlayLevel: Display: Destroying online subsystem :Context_5
[2020.05.12-17.54.03:423][745]LogTemp: Repeating last play command: Selected Viewport
[2020.05.12-17.54.03:442][745]LogPlayLevel: PlayLevel: No blueprints needed recompiling
[2020.05.12-17.54.03:443][745]PIE: New page: PIE session: World (May 12, 2020, 9:54:03 a.m.)
[2020.05.12-17.54.03:443][745]LogPlayLevel: Creating play world package: /Game/Levels/UEDPIE_0_World
[2020.05.12-17.54.03:447][745]LogPlayLevel: PIE: StaticDuplicateObject took: (0.003731s)
[2020.05.12-17.54.03:449][745]LogAIModule: Creating AISystem for world World
[2020.05.12-17.54.03:450][745]LogPlayLevel: PIE: World Init took: (0.002464s)
[2020.05.12-17.54.03:450][745]LogPlayLevel: PIE: Created PIE world by copying editor world from /Game/Levels/World.World to /Game/Levels/UEDPIE_0_World.World (0.006828s)
[2020.05.12-17.54.03:479][745]LogUObjectHash: Compacting FUObjectHashTables data took   1.61ms
[2020.05.12-17.54.03:479][745]LogAudioMixer: Display: Audio Mixer Platform Settings:
[2020.05.12-17.54.03:479][745]LogAudioMixer: Display: 	Sample Rate:						  48000
[2020.05.12-17.54.03:480][745]LogAudioMixer: Display: 	Callback Buffer Frame Size Requested: 1024
[2020.05.12-17.54.03:480][745]LogAudioMixer: Display: 	Callback Buffer Frame Size To Use:	  1024
[2020.05.12-17.54.03:480][745]LogAudioMixer: Display: 	Number of buffers to queue:			  2
[2020.05.12-17.54.03:480][745]LogAudioMixer: Display: 	Max Channels (voices):				  32
[2020.05.12-17.54.03:480][745]LogAudioMixer: Display: 	Number of Async Source Workers:		  0
[2020.05.12-17.54.03:481][745]LogAudio: Display: AudioDevice MaxSources: 32
[2020.05.12-17.54.03:481][745]LogAudio: Display: Using built-in audio occlusion.
[2020.05.12-17.54.03:481][745]LogAudioMixer: Display: Initializing audio mixer.
[2020.05.12-17.54.03:497][745]LogAudioMixer: Display: Audio Device Output Speaker Info:
[2020.05.12-17.54.03:497][745]LogAudioMixer: Display: Name: Speakers / Headphones (Realtek Audio)
[2020.05.12-17.54.03:497][745]LogAudioMixer: Display: Is Default: Yes
[2020.05.12-17.54.03:497][745]LogAudioMixer: Display: Sample Rate: 48000
[2020.05.12-17.54.03:497][745]LogAudioMixer: Display: Channel Count Used: 2
[2020.05.12-17.54.03:498][745]LogAudioMixer: Display: Device Channel Count: 2
[2020.05.12-17.54.03:498][745]LogAudioMixer: Display: Channel Order:
[2020.05.12-17.54.03:498][745]LogAudioMixer: Display: 0: FrontLeft
[2020.05.12-17.54.03:498][745]LogAudioMixer: Display: 1: FrontRight
[2020.05.12-17.54.03:591][745]LogAudioMixer: Display: Using Audio Device Speakers / Headphones (Realtek Audio)
[2020.05.12-17.54.03:596][745]LogInit: FAudioDevice initialized.
[2020.05.12-17.54.03:610][745]LogLoad: Game class is 'BP_SideScrollerGameModeBase_C'
[2020.05.12-17.54.03:611][745]LogWorld: Bringing World /Game/Levels/UEDPIE_0_World.World up for play (max tick rate 60) at 2020.05.12-13.54.03
[2020.05.12-17.54.03:612][745]LogWorld: Bringing up level for play took: 0.001046
[2020.05.12-17.54.03:612][745]LogOnline: OSS: Creating online subsystem instance for: :Context_6
[2020.05.12-17.54.03:617][745]PIE: Play in editor start time for /Game/Levels/UEDPIE_0_World -0.404
[2020.05.12-17.55.16:307][ 99]LogAudioMixer: Display: No commands were queued while flushing the source manager.
[2020.05.12-17.55.16:307][ 99]LogAudioMixer: Display: No commands were queued while flushing the source manager.
[2020.05.12-17.55.16:308][ 99]LogSlate: Updating window title bar state: overlay mode, drag disabled, window buttons hidden, title bar hidden
[2020.05.12-17.55.16:308][ 99]LogWorld: BeginTearingDown for /Game/Levels/UEDPIE_0_World
[2020.05.12-17.55.16:309][ 99]LogAudioMixer: Display: No commands were queued while flushing the source manager.
[2020.05.12-17.55.16:309][ 99]LogWorld: UWorld::CleanupWorld for World, bSessionEnded=true, bCleanupResources=true
[2020.05.12-17.55.16:309][ 99]LogSlate: InvalidateAllWidgets triggered.  All widgets were invalidated
[2020.05.12-17.55.16:326][ 99]LogPlayLevel: Display: Shutting down PIE online subsystems
[2020.05.12-17.55.16:330][ 99]LogSlate: InvalidateAllWidgets triggered.  All widgets were invalidated
[2020.05.12-17.55.16:356][ 99]LogAudioMixer: Display: No commands were queued while flushing the source manager.
[2020.05.12-17.55.16:364][ 99]LogSlate: Updating window title bar state: overlay mode, drag disabled, window buttons hidden, title bar hidden
[2020.05.12-17.55.16:368][ 99]LogUObjectHash: Compacting FUObjectHashTables data took   1.87ms
[2020.05.12-17.55.16:409][101]LogPlayLevel: Display: Destroying online subsystem :Context_6
[2020.05.12-17.55.40:136][520]LogTemp: Repeating last play command: Selected Viewport
[2020.05.12-17.55.40:157][520]LogPlayLevel: PlayLevel: No blueprints needed recompiling
[2020.05.12-17.55.40:157][520]PIE: New page: PIE session: World (May 12, 2020, 9:55:40 a.m.)
[2020.05.12-17.55.40:157][520]LogPlayLevel: Creating play world package: /Game/Levels/UEDPIE_0_World
[2020.05.12-17.55.40:162][520]LogPlayLevel: PIE: StaticDuplicateObject took: (0.004347s)
[2020.05.12-17.55.40:163][520]LogAIModule: Creating AISystem for world World
[2020.05.12-17.55.40:164][520]LogPlayLevel: PIE: World Init took: (0.002295s)
[2020.05.12-17.55.40:164][520]LogPlayLevel: PIE: Created PIE world by copying editor world from /Game/Levels/World.World to /Game/Levels/UEDPIE_0_World.World (0.007229s)
[2020.05.12-17.55.40:196][520]LogUObjectHash: Compacting FUObjectHashTables data took   2.54ms
[2020.05.12-17.55.40:197][520]LogAudioMixer: Display: Audio Mixer Platform Settings:
[2020.05.12-17.55.40:197][520]LogAudioMixer: Display: 	Sample Rate:						  48000
[2020.05.12-17.55.40:197][520]LogAudioMixer: Display: 	Callback Buffer Frame Size Requested: 1024
[2020.05.12-17.55.40:197][520]LogAudioMixer: Display: 	Callback Buffer Frame Size To Use:	  1024
[2020.05.12-17.55.40:197][520]LogAudioMixer: Display: 	Number of buffers to queue:			  2
[2020.05.12-17.55.40:198][520]LogAudioMixer: Display: 	Max Channels (voices):				  32
[2020.05.12-17.55.40:198][520]LogAudioMixer: Display: 	Number of Async Source Workers:		  0
[2020.05.12-17.55.40:198][520]LogAudio: Display: AudioDevice MaxSources: 32
[2020.05.12-17.55.40:198][520]LogAudio: Display: Using built-in audio occlusion.
[2020.05.12-17.55.40:199][520]LogAudioMixer: Display: Initializing audio mixer.
[2020.05.12-17.55.40:218][520]LogAudioMixer: Display: Audio Device Output Speaker Info:
[2020.05.12-17.55.40:218][520]LogAudioMixer: Display: Name: Speakers / Headphones (Realtek Audio)
[2020.05.12-17.55.40:218][520]LogAudioMixer: Display: Is Default: Yes
[2020.05.12-17.55.40:218][520]LogAudioMixer: Display: Sample Rate: 48000
[2020.05.12-17.55.40:218][520]LogAudioMixer: Display: Channel Count Used: 2
[2020.05.12-17.55.40:219][520]LogAudioMixer: Display: Device Channel Count: 2
[2020.05.12-17.55.40:219][520]LogAudioMixer: Display: Channel Order:
[2020.05.12-17.55.40:219][520]LogAudioMixer: Display: 0: FrontLeft
[2020.05.12-17.55.40:219][520]LogAudioMixer: Display: 1: FrontRight
[2020.05.12-17.55.40:313][520]LogAudioMixer: Display: Using Audio Device Speakers / Headphones (Realtek Audio)
[2020.05.12-17.55.40:317][520]LogInit: FAudioDevice initialized.
[2020.05.12-17.55.40:333][520]LogLoad: Game class is 'BP_SideScrollerGameModeBase_C'
[2020.05.12-17.55.40:334][520]LogWorld: Bringing World /Game/Levels/UEDPIE_0_World.World up for play (max tick rate 60) at 2020.05.12-13.55.40
[2020.05.12-17.55.40:335][520]LogWorld: Bringing up level for play took: 0.001195
[2020.05.12-17.55.40:336][520]LogOnline: OSS: Creating online subsystem instance for: :Context_7
[2020.05.12-17.55.40:341][520]PIE: Play in editor start time for /Game/Levels/UEDPIE_0_World 0.319
[2020.05.12-17.57.25:043][900]LogTemp: Resetting audio stream to device id 
[2020.05.12-17.57.25:067][900]LogAudioMixer: Display: Audio Device Output Speaker Info:
[2020.05.12-17.57.25:067][900]LogAudioMixer: Display: Name: Speakers / Headphones (Realtek Audio)
[2020.05.12-17.57.25:067][900]LogAudioMixer: Display: Is Default: Yes
[2020.05.12-17.57.25:067][900]LogAudioMixer: Display: Sample Rate: 48000
[2020.05.12-17.57.25:067][900]LogAudioMixer: Display: Channel Count Used: 2
[2020.05.12-17.57.25:067][900]LogAudioMixer: Display: Device Channel Count: 2
[2020.05.12-17.57.25:068][900]LogAudioMixer: Display: Channel Order:
[2020.05.12-17.57.25:068][900]LogAudioMixer: Display: 0: FrontLeft
[2020.05.12-17.57.25:068][900]LogAudioMixer: Display: 1: FrontRight
[2020.05.12-17.57.25:245][900]LogTemp: Resetting audio stream to device id 
[2020.05.12-17.57.25:279][900]LogAudioMixer: Display: Audio Device Output Speaker Info:
[2020.05.12-17.57.25:279][900]LogAudioMixer: Display: Name: Speakers / Headphones (Realtek Audio)
[2020.05.12-17.57.25:279][900]LogAudioMixer: Display: Is Default: Yes
[2020.05.12-17.57.25:279][900]LogAudioMixer: Display: Sample Rate: 48000
[2020.05.12-17.57.25:279][900]LogAudioMixer: Display: Channel Count Used: 2
[2020.05.12-17.57.25:279][900]LogAudioMixer: Display: Device Channel Count: 2
[2020.05.12-17.57.25:279][900]LogAudioMixer: Display: Channel Order:
[2020.05.12-17.57.25:279][900]LogAudioMixer: Display: 0: FrontLeft
[2020.05.12-17.57.25:279][900]LogAudioMixer: Display: 1: FrontRight
