Log file open, 05/29/20 09:52:02
LogWindows: Failed to load 'aqProf.dll' (GetLastError=126)
LogWindows: File 'aqProf.dll' does not exist
LogWindows: Failed to load 'VtuneApi.dll' (GetLastError=126)
LogWindows: File 'VtuneApi.dll' does not exist
LogWindows: Failed to load 'VtuneApi32e.dll' (GetLastError=126)
LogWindows: File 'VtuneApi32e.dll' does not exist
LogConsoleResponse: Display: Failed to find resolution value strings in scalability ini. Falling back to default.
LogInit: Display: Running engine for game: SideScroller
LogPlatformFile: Not using cached read wrapper
LogTaskGraph: Started task graph with 5 named threads and 23 total threads with 3 sets of task threads.
LogStats: Stats thread started at 0.238821
LogD3D11RHI: Loaded GFSDK_Aftermath_Lib.x64.dll
LogICUInternationalization: ICU TimeZone Detection - Raw Offset: -5:00, Platform Override: ''
LogPluginManager: Mounting plugin Paper2D
LogPluginManager: Mounting plugin AISupport
LogPluginManager: Mounting plugin LightPropagationVolume
LogPluginManager: Mounting plugin ActorLayerUtilities
LogPluginManager: Mounting plugin AnimationSharing
LogPluginManager: Mounting plugin CLionSourceCodeAccess
LogPluginManager: Mounting plugin CodeLiteSourceCodeAccess
LogPluginManager: Mounting plugin GitSourceControl
LogPluginManager: Mounting plugin KDevelopSourceCodeAccess
LogPluginManager: Mounting plugin NullSourceCodeAccess
LogPluginManager: Mounting plugin PerforceSourceControl
LogPluginManager: Mounting plugin PlasticSourceControl
LogPluginManager: Mounting plugin SubversionSourceControl
LogPluginManager: Mounting plugin UObjectPlugin
LogPluginManager: Mounting plugin VisualStudioCodeSourceCodeAccess
LogPluginManager: Mounting plugin VisualStudioSourceCodeAccess
LogPluginManager: Mounting plugin XCodeSourceCodeAccess
LogPluginManager: Mounting plugin AssetManagerEditor
LogPluginManager: Mounting plugin CryptoKeys
LogPluginManager: Mounting plugin CurveEditorTools
LogPluginManager: Mounting plugin DataValidation
LogPluginManager: Mounting plugin FacialAnimation
LogPluginManager: Mounting plugin GameplayTagsEditor
LogPluginManager: Mounting plugin MacGraphicsSwitching
LogPluginManager: Mounting plugin MaterialAnalyzer
LogPluginManager: Mounting plugin MobileLauncherProfileWizard
LogPluginManager: Mounting plugin PluginBrowser
LogPluginManager: Mounting plugin SpeedTreeImporter
LogPluginManager: Mounting plugin DatasmithContent
LogPluginManager: Mounting plugin VariantManagerContent
LogPluginManager: Mounting plugin AlembicImporter
LogPluginManager: Mounting plugin AutomationUtils
LogPluginManager: Mounting plugin BackChannel
LogPluginManager: Mounting plugin CharacterAI
LogPluginManager: Mounting plugin GeometryCache
LogPluginManager: Mounting plugin PlatformCrypto
LogPluginManager: Mounting plugin ProxyLODPlugin
LogPluginManager: Mounting plugin SkeletalReduction
LogPluginManager: Mounting plugin MagicLeap
LogPluginManager: Mounting plugin MagicLeapMedia
LogPluginManager: Mounting plugin MLSDK
LogPluginManager: Mounting plugin AndroidMedia
LogPluginManager: Mounting plugin AvfMedia
LogPluginManager: Mounting plugin ImgMedia
LogPluginManager: Mounting plugin MediaCompositing
LogPluginManager: Mounting plugin MediaPlayerEditor
LogPluginManager: Mounting plugin WebMMedia
LogPluginManager: Mounting plugin WmfMedia
LogPluginManager: Mounting plugin TcpMessaging
LogPluginManager: Mounting plugin UdpMessaging
LogPluginManager: Mounting plugin ActorSequence
LogPluginManager: Mounting plugin LevelSequenceEditor
LogPluginManager: Mounting plugin MatineeToLevelSequence
LogPluginManager: Mounting plugin NetcodeUnitTest
LogPluginManager: Mounting plugin NUTUnrealEngine4
LogPluginManager: Mounting plugin OnlineSubsystemGooglePlay
LogPluginManager: Mounting plugin OnlineSubsystemIOS
LogPluginManager: Mounting plugin OnlineSubsystem
LogPluginManager: Mounting plugin OnlineSubsystemNull
LogPluginManager: Mounting plugin OnlineSubsystemUtils
LogPluginManager: Mounting plugin LauncherChunkInstaller
LogPluginManager: Mounting plugin AndroidDeviceProfileSelector
LogPluginManager: Mounting plugin AndroidMoviePlayer
LogPluginManager: Mounting plugin AndroidPermission
LogPluginManager: Mounting plugin AppleImageUtils
LogPluginManager: Mounting plugin AppleMoviePlayer
LogPluginManager: Mounting plugin ArchVisCharacter
LogPluginManager: Mounting plugin AssetTags
LogPluginManager: Mounting plugin AudioCapture
LogPluginManager: Mounting plugin CableComponent
LogPluginManager: Mounting plugin CustomMeshComponent
LogPluginManager: Mounting plugin EditableMesh
LogPluginManager: Mounting plugin ExampleDeviceProfileSelector
LogPluginManager: Mounting plugin GoogleCloudMessaging
LogPluginManager: Mounting plugin IOSDeviceProfileSelector
LogPluginManager: Mounting plugin LinuxDeviceProfileSelector
LogPluginManager: Mounting plugin LocationServicesBPLibrary
LogPluginManager: Mounting plugin MobilePatchingUtils
LogPluginManager: Mounting plugin OculusVR
LogPluginManager: Mounting plugin PhysXVehicles
LogPluginManager: Mounting plugin PostSplashScreen
LogPluginManager: Mounting plugin ProceduralMeshComponent
LogPluginManager: Mounting plugin RuntimePhysXCooking
LogPluginManager: Mounting plugin SignificanceManager
LogPluginManager: Mounting plugin SteamVR
LogPluginManager: Mounting plugin WebMMoviePlayer
LogPluginManager: Mounting plugin WindowsMoviePlayer
LogPluginManager: Mounting plugin ScreenshotTools
LogInit: Using libcurl 7.55.1-DEV
LogInit:  - built for x86_64-pc-win32
LogInit:  - supports SSL with OpenSSL/1.1.1
LogInit:  - supports HTTP deflate (compression) using libz 1.2.8
LogInit:  - other features:
LogInit:      CURL_VERSION_SSL
LogInit:      CURL_VERSION_LIBZ
LogInit:      CURL_VERSION_IPV6
LogInit:      CURL_VERSION_ASYNCHDNS
LogInit:      CURL_VERSION_LARGEFILE
LogInit:      CURL_VERSION_IDN
LogInit:  CurlRequestOptions (configurable via config and command line):
LogInit:  - bVerifyPeer = true  - Libcurl will verify peer certificate
LogInit:  - bUseHttpProxy = false  - Libcurl will NOT use HTTP proxy
LogInit:  - bDontReuseConnections = false  - Libcurl will reuse connections
LogInit:  - MaxHostConnections = 16  - Libcurl will limit the number of connections to a host
LogInit:  - LocalHostAddr = Default
LogInit:  - BufferSize = 65536
LogOnline: OSS: Creating online subsystem instance for: NULL
LogInit: WinSock: version 1.1 (2.2), MaxSocks=32767, MaxUdp=65467
LogOnline: OSS: TryLoadSubsystemAndSetDefault: Loaded subsystem for module [NULL]
LogInit: Build: ++UE4+Release-4.24-CL-11590370
LogInit: Engine Version: 4.24.3-11590370+++UE4+Release-4.24
LogInit: Compatible Engine Version: 4.24.0-10570792+++UE4+Release-4.24
LogInit: Net CL: 10570792
LogInit: OS: Windows 10 (Release 1903) (), CPU: Intel(R) Core(TM) i7-7700HQ CPU @ 2.80GHz, GPU: Intel(R) HD Graphics 630
LogInit: Compiled (64-bit): Feb 24 2020 15:39:18
LogInit: Compiled with Visual C++: 19.16.27032.01
LogInit: Build Configuration: Development
LogInit: Branch Name: ++UE4+Release-4.24
LogInit: Command Line:  -skipcompile
LogInit: Base Directory: D:/Program Files (x86)/UE_4.24/Engine/Binaries/Win64/
LogInit: Installed Engine Build: 1
LogDevObjectVersion: Number of dev versions registered: 25
LogDevObjectVersion:   Dev-Blueprints (B0D832E4-1F89-4F0D-ACCF-7EB736FD4AA2): 10
LogDevObjectVersion:   Dev-Build (E1C64328-A22C-4D53-A36C-8E866417BD8C): 0
LogDevObjectVersion:   Dev-Core (375EC13C-06E4-48FB-B500-84F0262A717E): 3
LogDevObjectVersion:   Dev-Editor (E4B068ED-F494-42E9-A231-DA0B2E46BB41): 37
LogDevObjectVersion:   Dev-Framework (CFFC743F-43B0-4480-9391-14DF171D2073): 36
LogDevObjectVersion:   Dev-Mobile (B02B49B5-BB20-44E9-A304-32B752E40360): 2
LogDevObjectVersion:   Dev-Networking (A4E4105C-59A1-49B5-A7C5-40C4547EDFEE): 0
LogDevObjectVersion:   Dev-Online (39C831C9-5AE6-47DC-9A44-9C173E1C8E7C): 0
LogDevObjectVersion:   Dev-Physics (78F01B33-EBEA-4F98-B9B4-84EACCB95AA2): 2
LogDevObjectVersion:   Dev-Platform (6631380F-2D4D-43E0-8009-CF276956A95A): 0
LogDevObjectVersion:   Dev-Rendering (12F88B9F-8875-4AFC-A67C-D90C383ABD29): 36
LogDevObjectVersion:   Dev-Sequencer (7B5AE74C-D270-4C10-A958-57980B212A5A): 11
LogDevObjectVersion:   Dev-VR (D7296918-1DD6-4BDD-9DE2-64A83CC13884): 2
LogDevObjectVersion:   Dev-LoadTimes (C2A15278-BFE7-4AFE-6C17-90FF531DF755): 1
LogDevObjectVersion:   Private-Geometry (6EACA3D4-40EC-4CC1-B786-8BED09428FC5): 3
LogDevObjectVersion:   Dev-AnimPhys (29E575DD-E0A3-4627-9D10-D276232CDCEA): 17
LogDevObjectVersion:   Dev-Anim (AF43A65D-7FD3-4947-9873-3E8ED9C1BB05): 2
LogDevObjectVersion:   Dev-ReflectionCapture (6B266CEC-1EC7-4B8F-A30B-E4D90942FC07): 1
LogDevObjectVersion:   Dev-Automation (0DF73D61-A23F-47EA-B727-89E90C41499A): 1
LogDevObjectVersion:   FortniteMain (601D1886-AC64-4F84-AA16-D3DE0DEAC7D6): 31
LogDevObjectVersion:   Dev-Enterprise (9DFFBCD6-494F-0158-E221-12823C92A888): 8
LogDevObjectVersion:   Dev-Niagara (F2AED0AC-9AFE-416F-8664-AA7FFA26D6FC): 1
LogDevObjectVersion:   Dev-Destruction (174F1F0B-B4C6-45A5-B13F-2EE8D0FB917D): 9
LogDevObjectVersion:   Dev-Physics-Ext (35F94A83-E258-406C-A318-09F59610247C): 8
LogDevObjectVersion:   Dev-CineCamera (B2E18506-4273-CFC2-A54E-F4BB758BBA07): 1
LogInit: Presizing for max 25165824 objects, including 0 objects not considered by GC, pre-allocating 0 bytes for permanent pool.
LogInit: Object subsystem initialized
LogConfig: Setting CVar [[con.DebugEarlyDefault:1]]
LogConfig: Setting CVar [[r.setres:1280x720]]
[2020.05.29-13.52.02:634][  0]LogConfig: Setting CVar [[r.VSync:0]]
[2020.05.29-13.52.02:634][  0]LogConfig: Setting CVar [[r.RHICmdBypass:0]]
[2020.05.29-13.52.02:634][  0]LogConfig: Applying CVar settings from Section [/Script/Engine.RendererSettings] File [D:/adale/Desktop/2DSouls/SideScroller/Saved/Config/Windows/Engine.ini]
[2020.05.29-13.52.02:635][  0]LogConfig: Setting CVar [[r.GPUCrashDebugging:0]]
[2020.05.29-13.52.02:635][  0]LogConfig: Setting CVar [[r.DefaultFeature.AntiAliasing:0]]
[2020.05.29-13.52.02:635][  0]LogConfig: Applying CVar settings from Section [/Script/Engine.RendererOverrideSettings] File [D:/adale/Desktop/2DSouls/SideScroller/Saved/Config/Windows/Engine.ini]
[2020.05.29-13.52.02:635][  0]LogConfig: Applying CVar settings from Section [/Script/Engine.StreamingSettings] File [D:/adale/Desktop/2DSouls/SideScroller/Saved/Config/Windows/Engine.ini]
[2020.05.29-13.52.02:635][  0]LogConfig: Setting CVar [[s.MinBulkDataSizeForAsyncLoading:131072]]
[2020.05.29-13.52.02:635][  0]LogConfig: Setting CVar [[s.AsyncLoadingThreadEnabled:0]]
[2020.05.29-13.52.02:635][  0]LogConfig: Setting CVar [[s.EventDrivenLoaderEnabled:1]]
[2020.05.29-13.52.02:635][  0]LogConfig: Setting CVar [[s.WarnIfTimeLimitExceeded:0]]
[2020.05.29-13.52.02:635][  0]LogConfig: Setting CVar [[s.TimeLimitExceededMultiplier:1.5]]
[2020.05.29-13.52.02:635][  0]LogConfig: Setting CVar [[s.TimeLimitExceededMinTime:0.005]]
[2020.05.29-13.52.02:635][  0]LogConfig: Setting CVar [[s.UseBackgroundLevelStreaming:1]]
[2020.05.29-13.52.02:635][  0]LogConfig: Setting CVar [[s.PriorityAsyncLoadingExtraTime:15.0]]
[2020.05.29-13.52.02:635][  0]LogConfig: Setting CVar [[s.LevelStreamingActorsUpdateTimeLimit:5.0]]
[2020.05.29-13.52.02:635][  0]LogConfig: Setting CVar [[s.PriorityLevelStreamingActorsUpdateExtraTime:5.0]]
[2020.05.29-13.52.02:636][  0]LogConfig: Setting CVar [[s.LevelStreamingComponentsRegistrationGranularity:10]]
[2020.05.29-13.52.02:636][  0]LogConfig: Setting CVar [[s.UnregisterComponentsTimeLimit:1.0]]
[2020.05.29-13.52.02:636][  0]LogConfig: Setting CVar [[s.LevelStreamingComponentsUnregistrationGranularity:5]]
[2020.05.29-13.52.02:636][  0]LogConfig: Setting CVar [[s.FlushStreamingOnExit:1]]
[2020.05.29-13.52.02:636][  0]LogConfig: Applying CVar settings from Section [/Script/Engine.GarbageCollectionSettings] File [D:/adale/Desktop/2DSouls/SideScroller/Saved/Config/Windows/Engine.ini]
[2020.05.29-13.52.02:636][  0]LogConfig: Setting CVar [[gc.MaxObjectsNotConsideredByGC:1]]
[2020.05.29-13.52.02:636][  0]LogConfig: Setting CVar [[gc.SizeOfPermanentObjectPool:0]]
[2020.05.29-13.52.02:636][  0]LogConfig: Setting CVar [[gc.FlushStreamingOnGC:0]]
[2020.05.29-13.52.02:636][  0]LogConfig: Setting CVar [[gc.NumRetriesBeforeForcingGC:10]]
[2020.05.29-13.52.02:636][  0]LogConfig: Setting CVar [[gc.AllowParallelGC:1]]
[2020.05.29-13.52.02:636][  0]LogConfig: Setting CVar [[gc.TimeBetweenPurgingPendingKillObjects:61.1]]
[2020.05.29-13.52.02:636][  0]LogConfig: Setting CVar [[gc.MaxObjectsInEditor:25165824]]
[2020.05.29-13.52.02:636][  0]LogConfig: Setting CVar [[gc.IncrementalBeginDestroyEnabled:1]]
[2020.05.29-13.52.02:636][  0]LogConfig: Setting CVar [[gc.CreateGCClusters:1]]
[2020.05.29-13.52.02:637][  0]LogConfig: Setting CVar [[gc.MinGCClusterSize:5]]
[2020.05.29-13.52.02:637][  0]LogConfig: Setting CVar [[gc.ActorClusteringEnabled:0]]
[2020.05.29-13.52.02:637][  0]LogConfig: Setting CVar [[gc.BlueprintClusteringEnabled:0]]
[2020.05.29-13.52.02:637][  0]LogConfig: Setting CVar [[gc.UseDisregardForGCOnDedicatedServers:0]]
[2020.05.29-13.52.02:637][  0]LogConfig: Applying CVar settings from Section [/Script/Engine.NetworkSettings] File [D:/adale/Desktop/2DSouls/SideScroller/Saved/Config/Windows/Engine.ini]
[2020.05.29-13.52.02:637][  0]LogConfig: Applying CVar settings from Section [/Script/UnrealEd.CookerSettings] File [D:/adale/Desktop/2DSouls/SideScroller/Saved/Config/Windows/Engine.ini]
[2020.05.29-13.52.02:645][  0]LogConfig: Applying CVar settings from Section [ViewDistanceQuality@3] File [D:/adale/Desktop/2DSouls/SideScroller/Saved/Config/Windows/Scalability.ini]
[2020.05.29-13.52.02:645][  0]LogConfig: Setting CVar [[r.SkeletalMeshLODBias:0]]
[2020.05.29-13.52.02:645][  0]LogConfig: Setting CVar [[r.ViewDistanceScale:1.0]]
[2020.05.29-13.52.02:645][  0]LogConfig: Applying CVar settings from Section [AntiAliasingQuality@3] File [D:/adale/Desktop/2DSouls/SideScroller/Saved/Config/Windows/Scalability.ini]
[2020.05.29-13.52.02:645][  0]LogConfig: Setting CVar [[r.PostProcessAAQuality:4]]
[2020.05.29-13.52.02:645][  0]LogConfig: Applying CVar settings from Section [ShadowQuality@3] File [D:/adale/Desktop/2DSouls/SideScroller/Saved/Config/Windows/Scalability.ini]
[2020.05.29-13.52.02:645][  0]LogConfig: Setting CVar [[r.LightFunctionQuality:1]]
[2020.05.29-13.52.02:645][  0]LogConfig: Setting CVar [[r.ShadowQuality:5]]
[2020.05.29-13.52.02:645][  0]LogConfig: Setting CVar [[r.Shadow.CSM.MaxCascades:10]]
[2020.05.29-13.52.02:645][  0]LogConfig: Setting CVar [[r.Shadow.MaxResolution:2048]]
[2020.05.29-13.52.02:645][  0]LogConfig: Setting CVar [[r.Shadow.MaxCSMResolution:2048]]
[2020.05.29-13.52.02:645][  0]LogConfig: Setting CVar [[r.Shadow.RadiusThreshold:0.01]]
[2020.05.29-13.52.02:645][  0]LogConfig: Setting CVar [[r.Shadow.DistanceScale:1.0]]
[2020.05.29-13.52.02:645][  0]LogConfig: Setting CVar [[r.Shadow.CSM.TransitionScale:1.0]]
[2020.05.29-13.52.02:646][  0]LogConfig: Setting CVar [[r.Shadow.PreShadowResolutionFactor:1.0]]
[2020.05.29-13.52.02:646][  0]LogConfig: Setting CVar [[r.DistanceFieldShadowing:1]]
[2020.05.29-13.52.02:646][  0]LogConfig: Setting CVar [[r.DistanceFieldAO:1]]
[2020.05.29-13.52.02:646][  0]LogConfig: Setting CVar [[r.AOQuality:2]]
[2020.05.29-13.52.02:646][  0]LogConfig: Setting CVar [[r.VolumetricFog:1]]
[2020.05.29-13.52.02:646][  0]LogConfig: Setting CVar [[r.VolumetricFog.GridPixelSize:8]]
[2020.05.29-13.52.02:646][  0]LogConfig: Setting CVar [[r.VolumetricFog.GridSizeZ:128]]
[2020.05.29-13.52.02:646][  0]LogConfig: Setting CVar [[r.VolumetricFog.HistoryMissSupersampleCount:4]]
[2020.05.29-13.52.02:646][  0]LogConfig: Setting CVar [[r.LightMaxDrawDistanceScale:1]]
[2020.05.29-13.52.02:646][  0]LogConfig: Setting CVar [[r.CapsuleShadows:1]]
[2020.05.29-13.52.02:646][  0]LogConfig: Applying CVar settings from Section [PostProcessQuality@3] File [D:/adale/Desktop/2DSouls/SideScroller/Saved/Config/Windows/Scalability.ini]
[2020.05.29-13.52.02:646][  0]LogConfig: Setting CVar [[r.MotionBlurQuality:4]]
[2020.05.29-13.52.02:646][  0]LogConfig: Setting CVar [[r.AmbientOcclusionMipLevelFactor:0.4]]
[2020.05.29-13.52.02:646][  0]LogConfig: Setting CVar [[r.AmbientOcclusionMaxQuality:100]]
[2020.05.29-13.52.02:646][  0]LogConfig: Setting CVar [[r.AmbientOcclusionLevels:-1]]
[2020.05.29-13.52.02:646][  0]LogConfig: Setting CVar [[r.AmbientOcclusionRadiusScale:1.0]]
[2020.05.29-13.52.02:647][  0]LogConfig: Setting CVar [[r.DepthOfFieldQuality:2]]
[2020.05.29-13.52.02:647][  0]LogConfig: Setting CVar [[r.RenderTargetPoolMin:400]]
[2020.05.29-13.52.02:647][  0]LogConfig: Setting CVar [[r.LensFlareQuality:2]]
[2020.05.29-13.52.02:647][  0]LogConfig: Setting CVar [[r.SceneColorFringeQuality:1]]
[2020.05.29-13.52.02:647][  0]LogConfig: Setting CVar [[r.EyeAdaptationQuality:2]]
[2020.05.29-13.52.02:647][  0]LogConfig: Setting CVar [[r.BloomQuality:5]]
[2020.05.29-13.52.02:647][  0]LogConfig: Setting CVar [[r.FastBlurThreshold:100]]
[2020.05.29-13.52.02:647][  0]LogConfig: Setting CVar [[r.Upscale.Quality:3]]
[2020.05.29-13.52.02:647][  0]LogConfig: Setting CVar [[r.Tonemapper.GrainQuantization:1]]
[2020.05.29-13.52.02:647][  0]LogConfig: Setting CVar [[r.LightShaftQuality:1]]
[2020.05.29-13.52.02:647][  0]LogConfig: Setting CVar [[r.Filter.SizeScale:1]]
[2020.05.29-13.52.02:647][  0]LogConfig: Setting CVar [[r.Tonemapper.Quality:5]]
[2020.05.29-13.52.02:647][  0]LogConfig: Setting CVar [[r.DOF.Gather.AccumulatorQuality:1        ; higher gathering accumulator quality]]
[2020.05.29-13.52.02:647][  0]LogConfig: Setting CVar [[r.DOF.Gather.PostfilterMethod:1          ; Median3x3 postfilering method]]
[2020.05.29-13.52.02:647][  0]LogConfig: Setting CVar [[r.DOF.Gather.EnableBokehSettings:0       ; no bokeh simulation when gathering]]
[2020.05.29-13.52.02:648][  0]LogConfig: Setting CVar [[r.DOF.Gather.RingCount:4                 ; medium number of samples when gathering]]
[2020.05.29-13.52.02:648][  0]LogConfig: Setting CVar [[r.DOF.Scatter.ForegroundCompositing:1    ; additive foreground scattering]]
[2020.05.29-13.52.02:648][  0]LogConfig: Setting CVar [[r.DOF.Scatter.BackgroundCompositing:2    ; additive background scattering]]
[2020.05.29-13.52.02:648][  0]LogConfig: Setting CVar [[r.DOF.Scatter.EnableBokehSettings:1      ; bokeh simulation when scattering]]
[2020.05.29-13.52.02:648][  0]LogConfig: Setting CVar [[r.DOF.Scatter.MaxSpriteRatio:0.1         ; only a maximum of 10% of scattered bokeh]]
[2020.05.29-13.52.02:648][  0]LogConfig: Setting CVar [[r.DOF.Recombine.Quality:1                ; cheap slight out of focus]]
[2020.05.29-13.52.02:648][  0]LogConfig: Setting CVar [[r.DOF.Recombine.EnableBokehSettings:0    ; no bokeh simulation on slight out of focus]]
[2020.05.29-13.52.02:648][  0]LogConfig: Setting CVar [[r.DOF.TemporalAAQuality:1                ; more stable temporal accumulation]]
[2020.05.29-13.52.02:648][  0]LogConfig: Setting CVar [[r.DOF.Kernel.MaxForegroundRadius:0.025]]
[2020.05.29-13.52.02:648][  0]LogConfig: Setting CVar [[r.DOF.Kernel.MaxBackgroundRadius:0.025]]
[2020.05.29-13.52.02:648][  0]LogConfig: Applying CVar settings from Section [TextureQuality@3] File [D:/adale/Desktop/2DSouls/SideScroller/Saved/Config/Windows/Scalability.ini]
[2020.05.29-13.52.02:648][  0]LogConfig: Setting CVar [[r.Streaming.MipBias:0]]
[2020.05.29-13.52.02:648][  0]LogConfig: Setting CVar [[r.Streaming.AmortizeCPUToGPUCopy:0]]
[2020.05.29-13.52.02:648][  0]LogConfig: Setting CVar [[r.Streaming.MaxNumTexturesToStreamPerFrame:0]]
[2020.05.29-13.52.02:648][  0]LogConfig: Setting CVar [[r.Streaming.Boost:1]]
[2020.05.29-13.52.02:649][  0]LogConfig: Setting CVar [[r.MaxAnisotropy:8]]
[2020.05.29-13.52.02:649][  0]LogConfig: Setting CVar [[r.VT.MaxAnisotropy:8]]
[2020.05.29-13.52.02:649][  0]LogConfig: Setting CVar [[r.Streaming.LimitPoolSizeToVRAM:0]]
[2020.05.29-13.52.02:649][  0]LogConfig: Setting CVar [[r.Streaming.PoolSize:1000]]
[2020.05.29-13.52.02:649][  0]LogConfig: Setting CVar [[r.Streaming.MaxEffectiveScreenSize:0]]
[2020.05.29-13.52.02:649][  0]LogConfig: Applying CVar settings from Section [EffectsQuality@3] File [D:/adale/Desktop/2DSouls/SideScroller/Saved/Config/Windows/Scalability.ini]
[2020.05.29-13.52.02:649][  0]LogConfig: Setting CVar [[r.TranslucencyLightingVolumeDim:64]]
[2020.05.29-13.52.02:649][  0]LogConfig: Setting CVar [[r.RefractionQuality:2]]
[2020.05.29-13.52.02:649][  0]LogConfig: Setting CVar [[r.SSR.Quality:3]]
[2020.05.29-13.52.02:649][  0]LogConfig: Setting CVar [[r.SSR.HalfResSceneColor:0]]
[2020.05.29-13.52.02:649][  0]LogConfig: Setting CVar [[r.SceneColorFormat:4]]
[2020.05.29-13.52.02:649][  0]LogConfig: Setting CVar [[r.DetailMode:2]]
[2020.05.29-13.52.02:649][  0]LogConfig: Setting CVar [[r.TranslucencyVolumeBlur:1]]
[2020.05.29-13.52.02:649][  0]LogConfig: Setting CVar [[r.MaterialQualityLevel:1 ; High quality]]
[2020.05.29-13.52.02:650][  0]LogConfig: Setting CVar [[r.SSS.Scale:1]]
[2020.05.29-13.52.02:650][  0]LogConfig: Setting CVar [[r.SSS.SampleSet:2]]
[2020.05.29-13.52.02:650][  0]LogConfig: Setting CVar [[r.SSS.Quality:1]]
[2020.05.29-13.52.02:650][  0]LogConfig: Setting CVar [[r.SSS.HalfRes:1]]
[2020.05.29-13.52.02:650][  0]LogConfig: Setting CVar [[r.SSGI.Quality:3]]
[2020.05.29-13.52.02:650][  0]LogConfig: Setting CVar [[r.EmitterSpawnRateScale:1.0]]
[2020.05.29-13.52.02:650][  0]LogConfig: Setting CVar [[r.ParticleLightQuality:2]]
[2020.05.29-13.52.02:650][  0]LogConfig: Setting CVar [[r.SkyAtmosphere.AerialPerspectiveLUT.FastApplyOnOpaque:1 ; Always have FastSkyLUT 1 in this case to avoid wrong sky]]
[2020.05.29-13.52.02:650][  0]LogConfig: Setting CVar [[r.SkyAtmosphere.AerialPerspectiveLUT.SampleCountPerSlice:1]]
[2020.05.29-13.52.02:650][  0]LogConfig: Setting CVar [[r.SkyAtmosphere.AerialPerspectiveLUT.DepthResolution:16.0]]
[2020.05.29-13.52.02:650][  0]LogConfig: Setting CVar [[r.SkyAtmosphere.FastSkyLUT:1]]
[2020.05.29-13.52.02:650][  0]LogConfig: Setting CVar [[r.SkyAtmosphere.FastSkyLUT.SampleCountMin:4.0]]
[2020.05.29-13.52.02:650][  0]LogConfig: Setting CVar [[r.SkyAtmosphere.FastSkyLUT.SampleCountMax:32.0]]
[2020.05.29-13.52.02:650][  0]LogConfig: Setting CVar [[r.SkyAtmosphere.SampleCountMin:4.0]]
[2020.05.29-13.52.02:650][  0]LogConfig: Setting CVar [[r.SkyAtmosphere.SampleCountMax:32.0]]
[2020.05.29-13.52.02:651][  0]LogConfig: Setting CVar [[r.SkyAtmosphere.TransmittanceLUT.UseSmallFormat:0]]
[2020.05.29-13.52.02:651][  0]LogConfig: Setting CVar [[r.SkyAtmosphere.TransmittanceLUT.SampleCount:10.0]]
[2020.05.29-13.52.02:651][  0]LogConfig: Setting CVar [[r.SkyAtmosphere.MultiScatteringLUT.SampleCount:15.0]]
[2020.05.29-13.52.02:651][  0]LogConfig: Applying CVar settings from Section [FoliageQuality@3] File [D:/adale/Desktop/2DSouls/SideScroller/Saved/Config/Windows/Scalability.ini]
[2020.05.29-13.52.02:651][  0]LogConfig: Setting CVar [[foliage.DensityScale:1.0]]
[2020.05.29-13.52.02:651][  0]LogConfig: Setting CVar [[grass.DensityScale:1.0]]
[2020.05.29-13.52.02:651][  0]LogConfig: Applying CVar settings from Section [ShadingQuality@3] File [D:/adale/Desktop/2DSouls/SideScroller/Saved/Config/Windows/Scalability.ini]
[2020.05.29-13.52.02:651][  0]LogConfig: Setting CVar [[r.HairStrands.SkyLighting.SampleCount:16]]
[2020.05.29-13.52.02:651][  0]LogConfig: Setting CVar [[r.HairStrands.SkyLighting.JitterIntegration:0]]
[2020.05.29-13.52.02:651][  0]LogConfig: Setting CVar [[r.HairStrands.SkyAO.SampleCount:16]]
[2020.05.29-13.52.02:651][  0]LogInit: Selected Device Profile: [Windows]
[2020.05.29-13.52.02:651][  0]LogInit: Applying CVar settings loaded from the selected device profile: [Windows]
[2020.05.29-13.52.02:657][  0]LogHAL: Display: Platform has ~ 16 GB [17039618048 / 17179869184 / 16], which maps to Larger [LargestMinGB=32, LargerMinGB=12, DefaultMinGB=8, SmallerMinGB=6, SmallestMinGB=0)
[2020.05.29-13.52.02:657][  0]LogInit: Going up to parent DeviceProfile []
[2020.05.29-13.52.02:657][  0]LogConfig: Applying CVar settings from Section [ViewDistanceQuality@3] File [D:/adale/Desktop/2DSouls/SideScroller/Saved/Config/Windows/Scalability.ini]
[2020.05.29-13.52.02:657][  0]LogConfig: Setting CVar [[r.SkeletalMeshLODBias:0]]
[2020.05.29-13.52.02:657][  0]LogConfig: Setting CVar [[r.ViewDistanceScale:1.0]]
[2020.05.29-13.52.02:657][  0]LogConfig: Applying CVar settings from Section [AntiAliasingQuality@3] File [D:/adale/Desktop/2DSouls/SideScroller/Saved/Config/Windows/Scalability.ini]
[2020.05.29-13.52.02:657][  0]LogConfig: Setting CVar [[r.PostProcessAAQuality:4]]
[2020.05.29-13.52.02:658][  0]LogConfig: Applying CVar settings from Section [ShadowQuality@3] File [D:/adale/Desktop/2DSouls/SideScroller/Saved/Config/Windows/Scalability.ini]
[2020.05.29-13.52.02:658][  0]LogConfig: Setting CVar [[r.LightFunctionQuality:1]]
[2020.05.29-13.52.02:658][  0]LogConfig: Setting CVar [[r.ShadowQuality:5]]
[2020.05.29-13.52.02:658][  0]LogConfig: Setting CVar [[r.Shadow.CSM.MaxCascades:10]]
[2020.05.29-13.52.02:658][  0]LogConfig: Setting CVar [[r.Shadow.MaxResolution:2048]]
[2020.05.29-13.52.02:658][  0]LogConfig: Setting CVar [[r.Shadow.MaxCSMResolution:2048]]
[2020.05.29-13.52.02:658][  0]LogConfig: Setting CVar [[r.Shadow.RadiusThreshold:0.01]]
[2020.05.29-13.52.02:658][  0]LogConfig: Setting CVar [[r.Shadow.DistanceScale:1.0]]
[2020.05.29-13.52.02:658][  0]LogConfig: Setting CVar [[r.Shadow.CSM.TransitionScale:1.0]]
[2020.05.29-13.52.02:658][  0]LogConfig: Setting CVar [[r.Shadow.PreShadowResolutionFactor:1.0]]
[2020.05.29-13.52.02:658][  0]LogConfig: Setting CVar [[r.DistanceFieldShadowing:1]]
[2020.05.29-13.52.02:658][  0]LogConfig: Setting CVar [[r.DistanceFieldAO:1]]
[2020.05.29-13.52.02:658][  0]LogConfig: Setting CVar [[r.AOQuality:2]]
[2020.05.29-13.52.02:658][  0]LogConfig: Setting CVar [[r.VolumetricFog:1]]
[2020.05.29-13.52.02:659][  0]LogConfig: Setting CVar [[r.VolumetricFog.GridPixelSize:8]]
[2020.05.29-13.52.02:659][  0]LogConfig: Setting CVar [[r.VolumetricFog.GridSizeZ:128]]
[2020.05.29-13.52.02:659][  0]LogConfig: Setting CVar [[r.VolumetricFog.HistoryMissSupersampleCount:4]]
[2020.05.29-13.52.02:659][  0]LogConfig: Setting CVar [[r.LightMaxDrawDistanceScale:1]]
[2020.05.29-13.52.02:659][  0]LogConfig: Setting CVar [[r.CapsuleShadows:1]]
[2020.05.29-13.52.02:659][  0]LogConfig: Applying CVar settings from Section [PostProcessQuality@3] File [D:/adale/Desktop/2DSouls/SideScroller/Saved/Config/Windows/Scalability.ini]
[2020.05.29-13.52.02:659][  0]LogConfig: Setting CVar [[r.MotionBlurQuality:4]]
[2020.05.29-13.52.02:659][  0]LogConfig: Setting CVar [[r.AmbientOcclusionMipLevelFactor:0.4]]
[2020.05.29-13.52.02:659][  0]LogConfig: Setting CVar [[r.AmbientOcclusionMaxQuality:100]]
[2020.05.29-13.52.02:659][  0]LogConfig: Setting CVar [[r.AmbientOcclusionLevels:-1]]
[2020.05.29-13.52.02:659][  0]LogConfig: Setting CVar [[r.AmbientOcclusionRadiusScale:1.0]]
[2020.05.29-13.52.02:659][  0]LogConfig: Setting CVar [[r.DepthOfFieldQuality:2]]
[2020.05.29-13.52.02:659][  0]LogConfig: Setting CVar [[r.RenderTargetPoolMin:400]]
[2020.05.29-13.52.02:659][  0]LogConfig: Setting CVar [[r.LensFlareQuality:2]]
[2020.05.29-13.52.02:659][  0]LogConfig: Setting CVar [[r.SceneColorFringeQuality:1]]
[2020.05.29-13.52.02:659][  0]LogConfig: Setting CVar [[r.EyeAdaptationQuality:2]]
[2020.05.29-13.52.02:660][  0]LogConfig: Setting CVar [[r.BloomQuality:5]]
[2020.05.29-13.52.02:660][  0]LogConfig: Setting CVar [[r.FastBlurThreshold:100]]
[2020.05.29-13.52.02:660][  0]LogConfig: Setting CVar [[r.Upscale.Quality:3]]
[2020.05.29-13.52.02:660][  0]LogConfig: Setting CVar [[r.Tonemapper.GrainQuantization:1]]
[2020.05.29-13.52.02:660][  0]LogConfig: Setting CVar [[r.LightShaftQuality:1]]
[2020.05.29-13.52.02:660][  0]LogConfig: Setting CVar [[r.Filter.SizeScale:1]]
[2020.05.29-13.52.02:660][  0]LogConfig: Setting CVar [[r.Tonemapper.Quality:5]]
[2020.05.29-13.52.02:660][  0]LogConfig: Setting CVar [[r.DOF.Gather.AccumulatorQuality:1        ; higher gathering accumulator quality]]
[2020.05.29-13.52.02:660][  0]LogConfig: Setting CVar [[r.DOF.Gather.PostfilterMethod:1          ; Median3x3 postfilering method]]
[2020.05.29-13.52.02:660][  0]LogConfig: Setting CVar [[r.DOF.Gather.EnableBokehSettings:0       ; no bokeh simulation when gathering]]
[2020.05.29-13.52.02:660][  0]LogConfig: Setting CVar [[r.DOF.Gather.RingCount:4                 ; medium number of samples when gathering]]
[2020.05.29-13.52.02:660][  0]LogConfig: Setting CVar [[r.DOF.Scatter.ForegroundCompositing:1    ; additive foreground scattering]]
[2020.05.29-13.52.02:660][  0]LogConfig: Setting CVar [[r.DOF.Scatter.BackgroundCompositing:2    ; additive background scattering]]
[2020.05.29-13.52.02:660][  0]LogConfig: Setting CVar [[r.DOF.Scatter.EnableBokehSettings:1      ; bokeh simulation when scattering]]
[2020.05.29-13.52.02:660][  0]LogConfig: Setting CVar [[r.DOF.Scatter.MaxSpriteRatio:0.1         ; only a maximum of 10% of scattered bokeh]]
[2020.05.29-13.52.02:660][  0]LogConfig: Setting CVar [[r.DOF.Recombine.Quality:1                ; cheap slight out of focus]]
[2020.05.29-13.52.02:661][  0]LogConfig: Setting CVar [[r.DOF.Recombine.EnableBokehSettings:0    ; no bokeh simulation on slight out of focus]]
[2020.05.29-13.52.02:661][  0]LogConfig: Setting CVar [[r.DOF.TemporalAAQuality:1                ; more stable temporal accumulation]]
[2020.05.29-13.52.02:661][  0]LogConfig: Setting CVar [[r.DOF.Kernel.MaxForegroundRadius:0.025]]
[2020.05.29-13.52.02:661][  0]LogConfig: Setting CVar [[r.DOF.Kernel.MaxBackgroundRadius:0.025]]
[2020.05.29-13.52.02:661][  0]LogConfig: Applying CVar settings from Section [TextureQuality@3] File [D:/adale/Desktop/2DSouls/SideScroller/Saved/Config/Windows/Scalability.ini]
[2020.05.29-13.52.02:661][  0]LogConfig: Setting CVar [[r.Streaming.MipBias:0]]
[2020.05.29-13.52.02:661][  0]LogConfig: Setting CVar [[r.Streaming.AmortizeCPUToGPUCopy:0]]
[2020.05.29-13.52.02:661][  0]LogConfig: Setting CVar [[r.Streaming.MaxNumTexturesToStreamPerFrame:0]]
[2020.05.29-13.52.02:661][  0]LogConfig: Setting CVar [[r.Streaming.Boost:1]]
[2020.05.29-13.52.02:661][  0]LogConfig: Setting CVar [[r.MaxAnisotropy:8]]
[2020.05.29-13.52.02:661][  0]LogConfig: Setting CVar [[r.VT.MaxAnisotropy:8]]
[2020.05.29-13.52.02:661][  0]LogConfig: Setting CVar [[r.Streaming.LimitPoolSizeToVRAM:0]]
[2020.05.29-13.52.02:661][  0]LogConfig: Setting CVar [[r.Streaming.PoolSize:1000]]
[2020.05.29-13.52.02:661][  0]LogConfig: Setting CVar [[r.Streaming.MaxEffectiveScreenSize:0]]
[2020.05.29-13.52.02:661][  0]LogConfig: Applying CVar settings from Section [EffectsQuality@3] File [D:/adale/Desktop/2DSouls/SideScroller/Saved/Config/Windows/Scalability.ini]
[2020.05.29-13.52.02:662][  0]LogConfig: Setting CVar [[r.TranslucencyLightingVolumeDim:64]]
[2020.05.29-13.52.02:662][  0]LogConfig: Setting CVar [[r.RefractionQuality:2]]
[2020.05.29-13.52.02:662][  0]LogConfig: Setting CVar [[r.SSR.Quality:3]]
[2020.05.29-13.52.02:662][  0]LogConfig: Setting CVar [[r.SSR.HalfResSceneColor:0]]
[2020.05.29-13.52.02:662][  0]LogConfig: Setting CVar [[r.SceneColorFormat:4]]
[2020.05.29-13.52.02:662][  0]LogConfig: Setting CVar [[r.DetailMode:2]]
[2020.05.29-13.52.02:662][  0]LogConfig: Setting CVar [[r.TranslucencyVolumeBlur:1]]
[2020.05.29-13.52.02:662][  0]LogConfig: Setting CVar [[r.MaterialQualityLevel:1 ; High quality]]
[2020.05.29-13.52.02:662][  0]LogConfig: Setting CVar [[r.SSS.Scale:1]]
[2020.05.29-13.52.02:662][  0]LogConfig: Setting CVar [[r.SSS.SampleSet:2]]
[2020.05.29-13.52.02:662][  0]LogConfig: Setting CVar [[r.SSS.Quality:1]]
[2020.05.29-13.52.02:662][  0]LogConfig: Setting CVar [[r.SSS.HalfRes:1]]
[2020.05.29-13.52.02:662][  0]LogConfig: Setting CVar [[r.SSGI.Quality:3]]
[2020.05.29-13.52.02:662][  0]LogConfig: Setting CVar [[r.EmitterSpawnRateScale:1.0]]
[2020.05.29-13.52.02:662][  0]LogConfig: Setting CVar [[r.ParticleLightQuality:2]]
[2020.05.29-13.52.02:662][  0]LogConfig: Setting CVar [[r.SkyAtmosphere.AerialPerspectiveLUT.FastApplyOnOpaque:1 ; Always have FastSkyLUT 1 in this case to avoid wrong sky]]
[2020.05.29-13.52.02:663][  0]LogConfig: Setting CVar [[r.SkyAtmosphere.AerialPerspectiveLUT.SampleCountPerSlice:1]]
[2020.05.29-13.52.02:663][  0]LogConfig: Setting CVar [[r.SkyAtmosphere.AerialPerspectiveLUT.DepthResolution:16.0]]
[2020.05.29-13.52.02:663][  0]LogConfig: Setting CVar [[r.SkyAtmosphere.FastSkyLUT:1]]
[2020.05.29-13.52.02:663][  0]LogConfig: Setting CVar [[r.SkyAtmosphere.FastSkyLUT.SampleCountMin:4.0]]
[2020.05.29-13.52.02:663][  0]LogConfig: Setting CVar [[r.SkyAtmosphere.FastSkyLUT.SampleCountMax:32.0]]
[2020.05.29-13.52.02:663][  0]LogConfig: Setting CVar [[r.SkyAtmosphere.SampleCountMin:4.0]]
[2020.05.29-13.52.02:663][  0]LogConfig: Setting CVar [[r.SkyAtmosphere.SampleCountMax:32.0]]
[2020.05.29-13.52.02:663][  0]LogConfig: Setting CVar [[r.SkyAtmosphere.TransmittanceLUT.UseSmallFormat:0]]
[2020.05.29-13.52.02:663][  0]LogConfig: Setting CVar [[r.SkyAtmosphere.TransmittanceLUT.SampleCount:10.0]]
[2020.05.29-13.52.02:663][  0]LogConfig: Setting CVar [[r.SkyAtmosphere.MultiScatteringLUT.SampleCount:15.0]]
[2020.05.29-13.52.02:663][  0]LogConfig: Applying CVar settings from Section [FoliageQuality@3] File [D:/adale/Desktop/2DSouls/SideScroller/Saved/Config/Windows/Scalability.ini]
[2020.05.29-13.52.02:663][  0]LogConfig: Setting CVar [[foliage.DensityScale:1.0]]
[2020.05.29-13.52.02:663][  0]LogConfig: Setting CVar [[grass.DensityScale:1.0]]
[2020.05.29-13.52.02:663][  0]LogConfig: Applying CVar settings from Section [ShadingQuality@3] File [D:/adale/Desktop/2DSouls/SideScroller/Saved/Config/Windows/Scalability.ini]
[2020.05.29-13.52.02:664][  0]LogConfig: Setting CVar [[r.HairStrands.SkyLighting.SampleCount:16]]
[2020.05.29-13.52.02:664][  0]LogConfig: Setting CVar [[r.HairStrands.SkyLighting.JitterIntegration:0]]
[2020.05.29-13.52.02:664][  0]LogConfig: Setting CVar [[r.HairStrands.SkyAO.SampleCount:16]]
[2020.05.29-13.52.02:664][  0]LogConfig: Applying CVar settings from Section [Startup] File [../../../Engine/Config/ConsoleVariables.ini]
[2020.05.29-13.52.02:664][  0]LogConfig: Setting CVar [[net.UseAdaptiveNetUpdateFrequency:0]]
[2020.05.29-13.52.02:664][  0]LogConfig: Setting CVar [[p.chaos.AllowCreatePhysxBodies:1]]
[2020.05.29-13.52.02:664][  0]LogConfig: Applying CVar settings from Section [ConsoleVariables] File [D:/adale/Desktop/2DSouls/SideScroller/Saved/Config/Windows/Engine.ini]
[2020.05.29-13.52.02:665][  0]LogInit: Computer: DESKTOP-J52MBI8
[2020.05.29-13.52.02:665][  0]LogInit: User: adale
[2020.05.29-13.52.02:665][  0]LogInit: CPU Page size=4096, Cores=4
[2020.05.29-13.52.02:665][  0]LogInit: High frequency timer resolution =10.000000 MHz
[2020.05.29-13.52.02:665][  0]LogMemory: Memory total: Physical=15.9GB (16GB approx)
[2020.05.29-13.52.02:665][  0]LogMemory: Platform Memory Stats for Windows
[2020.05.29-13.52.02:665][  0]LogMemory: Process Physical Memory: 106.06 MB used, 106.07 MB peak
[2020.05.29-13.52.02:665][  0]LogMemory: Process Virtual Memory: 100.91 MB used, 100.91 MB peak
[2020.05.29-13.52.02:665][  0]LogMemory: Physical Memory: 7857.42 MB used,  8392.83 MB free, 16250.25 MB total
[2020.05.29-13.52.02:665][  0]LogMemory: Virtual Memory: 5138.10 MB used,  134212592.00 MB free, 134217728.00 MB total
[2020.05.29-13.52.02:677][  0]LogWindows: WindowsPlatformFeatures enabled
[2020.05.29-13.52.02:917][  0]LogInit: Using OS detected language (en-US).
[2020.05.29-13.52.02:917][  0]LogInit: Using OS detected locale (en-CA).
[2020.05.29-13.52.02:918][  0]LogTextLocalizationManager: No specific localization for 'en-US' exists, so the 'en' localization will be used.
[2020.05.29-13.52.03:132][  0]LogInit: Setting process to per monitor DPI aware
[2020.05.29-13.52.03:215][  0]LogSlate: New Slate User Created.  User Index 0, Is Virtual User: 0
[2020.05.29-13.52.03:215][  0]LogSlate: Slate User Registered.  User Index 0, Is Virtual User: 0
[2020.05.29-13.52.03:617][  0]LogHMD: Failed to initialize OpenVR with code 110
[2020.05.29-13.52.03:617][  0]LogD3D11RHI: D3D11 min allowed feature level: 11_0
[2020.05.29-13.52.03:617][  0]LogD3D11RHI: D3D11 max allowed feature level: 11_0
[2020.05.29-13.52.03:617][  0]LogD3D11RHI: D3D11 adapters:
[2020.05.29-13.52.03:739][  0]LogD3D11RHI:    0. 'NVIDIA GeForce GTX 1050 Ti' (Feature Level 11_0)
[2020.05.29-13.52.03:739][  0]LogD3D11RHI:       4018/0/8125 MB DedicatedVideo/DedicatedSystem/SharedSystem, Outputs:2, VendorId:0x10de
[2020.05.29-13.52.03:793][  0]LogD3D11RHI:    1. 'Intel(R) HD Graphics 630' (Feature Level 11_0)
[2020.05.29-13.52.03:793][  0]LogD3D11RHI:       128/0/8125 MB DedicatedVideo/DedicatedSystem/SharedSystem, Outputs:0, VendorId:0x8086
[2020.05.29-13.52.03:804][  0]LogD3D11RHI:    2. 'Microsoft Basic Render Driver' (Feature Level 11_0)
[2020.05.29-13.52.03:804][  0]LogD3D11RHI:       0/0/8125 MB DedicatedVideo/DedicatedSystem/SharedSystem, Outputs:0, VendorId:0x1414
[2020.05.29-13.52.03:804][  0]LogD3D11RHI: Chosen D3D11 Adapter: 0
[2020.05.29-13.52.03:857][  0]LogD3D11RHI: Creating new Direct3DDevice
[2020.05.29-13.52.03:858][  0]LogD3D11RHI:     GPU DeviceId: 0x1c8c (for the marketing name, search the web for "GPU Device Id")
[2020.05.29-13.52.03:858][  0]LogWindows: EnumDisplayDevices:
[2020.05.29-13.52.03:858][  0]LogWindows:    0. 'Intel(R) HD Graphics 630' (P:1 D:1)
[2020.05.29-13.52.03:859][  0]LogWindows:    1. 'Intel(R) HD Graphics 630' (P:0 D:0)
[2020.05.29-13.52.03:859][  0]LogWindows:    2. 'Intel(R) HD Graphics 630' (P:0 D:0)
[2020.05.29-13.52.03:860][  0]LogWindows:    3. 'NVIDIA GeForce GTX 1050 Ti' (P:0 D:1)
[2020.05.29-13.52.03:860][  0]LogWindows: DebugString: PrimaryIsNotTheChoosenAdapter PrimaryIsNotTheChoosenAdapter PrimaryIsNotTheChoosenAdapter 
[2020.05.29-13.52.03:860][  0]LogD3D11RHI:     Adapter Name: NVIDIA GeForce GTX 1050 Ti
[2020.05.29-13.52.03:860][  0]LogD3D11RHI:   Driver Version: 441.08 (internal:26.21.14.4108, unified:441.08)
[2020.05.29-13.52.03:861][  0]LogD3D11RHI:      Driver Date: 10-22-2019
[2020.05.29-13.52.03:861][  0]LogRHI: Texture pool is 2812 MB (70% of 4018 MB)
[2020.05.29-13.52.03:930][  0]LogD3D11RHI: RHI has support for 64 bit atomics
[2020.05.29-13.52.03:930][  0]LogD3D11RHI: Async texture creation enabled
[2020.05.29-13.52.03:972][  0]LogD3D11RHI: GPU Timing Frequency: 1000.000000 (Debug: 2 1)
[2020.05.29-13.52.04:341][  0]LogTargetPlatformManager: Display: Loaded TargetPlatform 'AllDesktop'
[2020.05.29-13.52.04:391][  0]LogTargetPlatformManager: Display: Loaded TargetPlatform 'Android'
[2020.05.29-13.52.04:391][  0]LogTargetPlatformManager: Display: Loaded TargetPlatform 'Android_ASTC'
[2020.05.29-13.52.04:391][  0]LogTargetPlatformManager: Display: Loaded TargetPlatform 'Android_ATC'
[2020.05.29-13.52.04:391][  0]LogTargetPlatformManager: Display: Loaded TargetPlatform 'Android_DXT'
[2020.05.29-13.52.04:391][  0]LogTargetPlatformManager: Display: Loaded TargetPlatform 'Android_ETC1'
[2020.05.29-13.52.04:391][  0]LogTargetPlatformManager: Display: Loaded TargetPlatform 'Android_ETC1a'
[2020.05.29-13.52.04:392][  0]LogTargetPlatformManager: Display: Loaded TargetPlatform 'Android_ETC2'
[2020.05.29-13.52.04:392][  0]LogTargetPlatformManager: Display: Loaded TargetPlatform 'Android_PVRTC'
[2020.05.29-13.52.04:392][  0]LogTargetPlatformManager: Display: Loaded TargetPlatform 'AndroidClient'
[2020.05.29-13.52.04:392][  0]LogTargetPlatformManager: Display: Loaded TargetPlatform 'Android_ASTCClient'
[2020.05.29-13.52.04:392][  0]LogTargetPlatformManager: Display: Loaded TargetPlatform 'Android_ATCClient'
[2020.05.29-13.52.04:392][  0]LogTargetPlatformManager: Display: Loaded TargetPlatform 'Android_DXTClient'
[2020.05.29-13.52.04:392][  0]LogTargetPlatformManager: Display: Loaded TargetPlatform 'Android_ETC1Client'
[2020.05.29-13.52.04:392][  0]LogTargetPlatformManager: Display: Loaded TargetPlatform 'Android_ETC1aClient'
[2020.05.29-13.52.04:392][  0]LogTargetPlatformManager: Display: Loaded TargetPlatform 'Android_ETC2Client'
[2020.05.29-13.52.04:392][  0]LogTargetPlatformManager: Display: Loaded TargetPlatform 'Android_PVRTCClient'
[2020.05.29-13.52.04:392][  0]LogTargetPlatformManager: Display: Loaded TargetPlatform 'Android_Multi'
[2020.05.29-13.52.04:392][  0]LogTargetPlatformManager: Display: Loaded TargetPlatform 'Android_MultiClient'
[2020.05.29-13.52.04:428][  0]LogTargetPlatformManager: Display: Loaded TargetPlatform 'IOSClient'
[2020.05.29-13.52.04:428][  0]LogTargetPlatformManager: Display: Loaded TargetPlatform 'IOS'
[2020.05.29-13.52.04:445][  0]LogTargetPlatformManager: Display: Loaded TargetPlatform 'LinuxNoEditor'
[2020.05.29-13.52.04:462][  0]LogTargetPlatformManager: Display: Loaded TargetPlatform 'LinuxClient'
[2020.05.29-13.52.04:478][  0]LogTargetPlatformManager: Display: Loaded TargetPlatform 'LinuxServer'
[2020.05.29-13.52.04:493][  0]LogTargetPlatformManager: Display: Loaded TargetPlatform 'LinuxAArch64NoEditor'
[2020.05.29-13.52.04:507][  0]LogTargetPlatformManager: Display: Loaded TargetPlatform 'LinuxAArch64Client'
[2020.05.29-13.52.04:519][  0]LogTargetPlatformManager: Display: Loaded TargetPlatform 'LinuxAArch64Server'
[2020.05.29-13.52.04:558][  0]LogTargetPlatformManager: Display: Loaded TargetPlatform 'Lumin'
[2020.05.29-13.52.04:558][  0]LogTargetPlatformManager: Display: Loaded TargetPlatform 'LuminClient'
[2020.05.29-13.52.04:581][  0]LogTargetPlatformManager: Display: Loaded TargetPlatform 'TVOSClient'
[2020.05.29-13.52.04:581][  0]LogTargetPlatformManager: Display: Loaded TargetPlatform 'TVOS'
[2020.05.29-13.52.04:593][  0]LogTargetPlatformManager: Display: Loaded TargetPlatform 'WindowsNoEditor'
[2020.05.29-13.52.04:608][  0]LogTargetPlatformManager: Display: Loaded TargetPlatform 'Windows'
[2020.05.29-13.52.04:624][  0]LogTargetPlatformManager: Display: Loaded TargetPlatform 'WindowsClient'
[2020.05.29-13.52.04:637][  0]LogTargetPlatformManager: Display: Loaded TargetPlatform 'WindowsServer'
[2020.05.29-13.52.04:637][  0]LogTargetPlatformManager: Display: Building Assets For Windows
[2020.05.29-13.52.04:652][  0]LogAudioDebug: Display: Lib vorbis DLL was dynamically loaded.
[2020.05.29-13.52.04:819][  0]LogShaderCompilers: Guid format shader working directory is -4 characters bigger than the processId version (../../../../../adale/Desktop/2DSouls/SideScroller/Intermediate/Shaders/WorkingDirectory/12272/).
[2020.05.29-13.52.04:819][  0]LogShaderCompilers: Cleaned the shader compiler working directory 'C:/Users/adale/AppData/Local/Temp/UnrealShaderWorkingDir/24B5F92E44E168EAE4F8E280D62AF7A4/'.
[2020.05.29-13.52.04:820][  0]LogXGEController: Cleaning working directory: C:/Users/adale/AppData/Local/Temp/UnrealXGEWorkingDir/
[2020.05.29-13.52.04:820][  0]LogXGEController: Cannot use XGE Controller as Incredibuild is not installed on this machine.
[2020.05.29-13.52.04:821][  0]LogShaderCompilers: Cannot use XGE Shader Compiler as Incredibuild is not installed on this machine.
[2020.05.29-13.52.04:821][  0]LogShaderCompilers: Display: Using Local Shader Compiler.
[2020.05.29-13.52.05:814][  0]LogDerivedDataCache: Display: Max Cache Size: 512 MB
[2020.05.29-13.52.05:897][  0]LogDerivedDataCache: Loaded boot cache 0.08s 78MB C:/Users/adale/AppData/Local/UnrealEngine/4.24/DerivedDataCache/Boot.ddc.
[2020.05.29-13.52.05:898][  0]LogDerivedDataCache: Display: Loaded Boot cache: C:/Users/adale/AppData/Local/UnrealEngine/4.24/DerivedDataCache/Boot.ddc
[2020.05.29-13.52.05:898][  0]LogDerivedDataCache: FDerivedDataBackendGraph:  Pak pak cache file ../../../../../adale/Desktop/2DSouls/SideScroller/DerivedDataCache/DDC.ddp not found, will not use a pak cache.
[2020.05.29-13.52.05:898][  0]LogDerivedDataCache: Unable to find inner node Pak for hierarchical cache Hierarchy.
[2020.05.29-13.52.05:898][  0]LogDerivedDataCache: FDerivedDataBackendGraph:  CompressedPak pak cache file ../../../../../adale/Desktop/2DSouls/SideScroller/DerivedDataCache/Compressed.ddp not found, will not use a pak cache.
[2020.05.29-13.52.05:898][  0]LogDerivedDataCache: Unable to find inner node CompressedPak for hierarchical cache Hierarchy.
[2020.05.29-13.52.05:914][  0]LogDerivedDataCache: Display: Pak cache opened for reading ../../../Engine/DerivedDataCache/Compressed.ddp.
[2020.05.29-13.52.05:915][  0]LogDerivedDataCache: FDerivedDataBackendGraph:  EnterprisePak pak cache file ../../../Enterprise/DerivedDataCache/Compressed.ddp not found, will not use a pak cache.
[2020.05.29-13.52.05:915][  0]LogDerivedDataCache: Unable to find inner node EnterprisePak for hierarchical cache Hierarchy.
[2020.05.29-13.52.05:919][  0]LogDerivedDataCache: Using Local data cache path C:/Users/adale/AppData/Local/UnrealEngine/Common/DerivedDataCache: Writable
[2020.05.29-13.52.05:919][  0]LogDerivedDataCache: Shared data cache path not found in *engine.ini, will not use an Shared cache.
[2020.05.29-13.52.05:919][  0]LogDerivedDataCache: Unable to find inner node Shared for hierarchical cache Hierarchy.
[2020.05.29-13.52.05:962][  0]LogMaterial: Verifying Global Shaders for PCD3D_SM5
[2020.05.29-13.52.05:966][  0]LogSlate: Using FreeType 2.10.0
[2020.05.29-13.52.05:968][  0]LogSlate: SlateFontServices - WITH_FREETYPE: 1, WITH_HARFBUZZ: 1
[2020.05.29-13.52.06:075][  0]LogAssetRegistry: FAssetRegistry took 0.0089 seconds to start up
[2020.05.29-13.52.06:524][  0]LogInit: Selected Device Profile: [Windows]
[2020.05.29-13.52.06:770][  0]LogMeshReduction: Using QuadricMeshReduction for automatic static mesh reduction
[2020.05.29-13.52.06:770][  0]LogMeshReduction: Using SimplygonMeshReduction for automatic skeletal mesh reduction
[2020.05.29-13.52.06:770][  0]LogMeshReduction: Using ProxyLODMeshReduction for automatic mesh merging
[2020.05.29-13.52.06:771][  0]LogMeshReduction: No distributed automatic mesh merging module available
[2020.05.29-13.52.06:771][  0]LogMeshMerging: No distributed automatic mesh merging module available
[2020.05.29-13.52.06:789][  0]LogNetVersion: SideScroller 1.0.0, NetCL: 10570792, EngineNetVer: 13, GameNetVer: 0 (Checksum: 2260462969)
[2020.05.29-13.52.08:348][  0]LogPackageLocalizationCache: Processed 10 localized package path(s) for 1 prioritized culture(s) in 0.085801 seconds
[2020.05.29-13.52.08:363][  0]LogUObjectArray: 46750 objects as part of root set at end of initial load.
[2020.05.29-13.52.08:363][  0]LogUObjectAllocator: 8137160 out of 0 bytes used by permanent object pool.
[2020.05.29-13.52.08:363][  0]LogUObjectArray: CloseDisregardForGC: 0/0 objects in disregard for GC pool
[2020.05.29-13.52.09:306][  0]LogTcpMessaging: Initializing TcpMessaging bridge
[2020.05.29-13.52.09:313][  0]LogUdpMessaging: Initializing bridge on interface 0.0.0.0:0 to multicast group 230.0.0.1:6666.
[2020.05.29-13.52.09:454][  0]SourceControl: Source control is disabled
[2020.05.29-13.52.09:454][  0]SourceControl: Source control is disabled
[2020.05.29-13.52.09:458][  0]SourceControl: Source control is disabled
[2020.05.29-13.52.09:462][  0]SourceControl: Source control is disabled
[2020.05.29-13.52.09:466][  0]SourceControl: Source control is disabled
[2020.05.29-13.52.09:671][  0]LogAndroidPermission: UAndroidPermissionCallbackProxy::GetInstance
[2020.05.29-13.52.09:702][  0]LogAudioCaptureCore: Display: No Audio Capture implementations found. Audio input will be silent.
[2020.05.29-13.52.09:703][  0]LogAudioCaptureCore: Display: No Audio Capture implementations found. Audio input will be silent.
[2020.05.29-13.52.09:832][  0]LogOcInput: OculusInput pre-init called
[2020.05.29-13.52.09:853][  0]LogWindows: Failed to load 'OVRPlugin.dll' (GetLastError=126)
[2020.05.29-13.52.09:853][  0]LogWindows: File 'OVRPlugin.dll' does not exist
[2020.05.29-13.52.10:007][  0]LogEngine: Initializing Engine...
[2020.05.29-13.52.10:017][  0]LogHMD: Failed to initialize OpenVR with code 110
[2020.05.29-13.52.10:024][  0]LogStats: UGameplayTagsManager::InitializeManager -  0.000 s
[2020.05.29-13.52.10:460][  0]LogInit: Initializing FReadOnlyCVARCache
[2020.05.29-13.52.10:475][  0]LogAIModule: Creating AISystem for world Untitled
[2020.05.29-13.52.10:499][  0]LogAudioMixer: Display: Audio Mixer Platform Settings:
[2020.05.29-13.52.10:499][  0]LogAudioMixer: Display: 	Sample Rate:						  48000
[2020.05.29-13.52.10:499][  0]LogAudioMixer: Display: 	Callback Buffer Frame Size Requested: 1024
[2020.05.29-13.52.10:499][  0]LogAudioMixer: Display: 	Callback Buffer Frame Size To Use:	  1024
[2020.05.29-13.52.10:500][  0]LogAudioMixer: Display: 	Number of buffers to queue:			  2
[2020.05.29-13.52.10:500][  0]LogAudioMixer: Display: 	Max Channels (voices):				  32
[2020.05.29-13.52.10:500][  0]LogAudioMixer: Display: 	Number of Async Source Workers:		  0
[2020.05.29-13.52.10:500][  0]LogAudio: Display: AudioDevice MaxSources: 32
[2020.05.29-13.52.10:501][  0]LogAudio: Display: Using built-in audio occlusion.
[2020.05.29-13.52.10:501][  0]LogAudioMixer: Display: Initializing audio mixer.
[2020.05.29-13.52.10:535][  0]LogAudioMixer: Display: Audio Device Output Speaker Info:
[2020.05.29-13.52.10:535][  0]LogAudioMixer: Display: Name: Speakers / Headphones (Realtek Audio)
[2020.05.29-13.52.10:535][  0]LogAudioMixer: Display: Is Default: Yes
[2020.05.29-13.52.10:535][  0]LogAudioMixer: Display: Sample Rate: 48000
[2020.05.29-13.52.10:535][  0]LogAudioMixer: Display: Channel Count Used: 2
[2020.05.29-13.52.10:535][  0]LogAudioMixer: Display: Device Channel Count: 2
[2020.05.29-13.52.10:535][  0]LogAudioMixer: Display: Channel Order:
[2020.05.29-13.52.10:535][  0]LogAudioMixer: Display: 0: FrontLeft
[2020.05.29-13.52.10:535][  0]LogAudioMixer: Display: 1: FrontRight
[2020.05.29-13.52.11:648][  0]LogAudioMixer: Display: Using Audio Device Speakers / Headphones (Realtek Audio)
[2020.05.29-13.52.11:656][  0]LogInit: FAudioDevice initialized.
[2020.05.29-13.52.11:656][  0]LogNetVersion: Set ProjectVersion to 1.0.0.0. Version Checksum will be recalculated on next use.
[2020.05.29-13.52.11:743][  0]LogDerivedDataCache: Saved boot cache 0.09s 78MB C:/Users/adale/AppData/Local/UnrealEngine/4.24/DerivedDataCache/Boot.ddc.
[2020.05.29-13.52.11:749][  0]LogInit: Texture streaming: Enabled
[2020.05.29-13.52.11:772][  0]LogEngineSessionManager: EngineSessionManager initialized
[2020.05.29-13.52.11:772][  0]LogEditorSessionSummary: Verbose: Initializing EditorSessionSummaryWriter for editor session tracking
[2020.05.29-13.52.11:775][  0]LogEditorSessionSummary: EditorSessionSummaryWriter initialized
[2020.05.29-13.52.11:863][  0]LogInit: Transaction tracking system initialized
[2020.05.29-13.52.11:901][  0]BlueprintLog: New page: Editor Load
[2020.05.29-13.52.12:004][  0]LocalizationService: Localization service is disabled
[2020.05.29-13.52.12:544][  0]LogFileCache: Scanning file cache for directory 'D:/adale/Desktop/2DSouls/SideScroller/Content/' took 0.02s
[2020.05.29-13.52.12:544][  0]LogCook: Display: Max memory allowance for cook 16384mb min free memory 0mb
[2020.05.29-13.52.12:545][  0]LogCook: Display: Mobile HDR setting 1
[2020.05.29-13.52.13:816][  0]SourceControl: Source control is disabled
[2020.05.29-13.52.13:817][  0]Cmd: MAP LOAD FILE="../../../../../adale/Desktop/2DSouls/SideScroller/Content/Levels/MainMenu.umap" TEMPLATE=0 SHOWPROGRESS=1 FEATURELEVEL=3
[2020.05.29-13.52.13:817][  0]LightingResults: New page: Lighting Build
[2020.05.29-13.52.13:819][  0]LogWorld: UWorld::CleanupWorld for Untitled, bSessionEnded=true, bCleanupResources=true
[2020.05.29-13.52.13:819][  0]LogSlate: InvalidateAllWidgets triggered.  All widgets were invalidated
[2020.05.29-13.52.13:820][  0]MapCheck: New page: Map Check
[2020.05.29-13.52.13:820][  0]LightingResults: New page: Lighting Build
[2020.05.29-13.52.13:847][  0]LogUObjectHash: Compacting FUObjectHashTables data took   2.33ms
[2020.05.29-13.52.13:908][  0]LogAIModule: Creating AISystem for world MainMenu
[2020.05.29-13.52.13:909][  0]LogEditorServer: Finished looking for orphan Actors (0.000 secs)
[2020.05.29-13.52.13:937][  0]LogUObjectHash: Compacting FUObjectHashTables data took   2.00ms
[2020.05.29-13.52.13:937][  0]Cmd: MAP CHECKDEP NOCLEARLOG
[2020.05.29-13.52.13:938][  0]MapCheck: Map check complete: 0 Error(s), 0 Warning(s), took 0.315ms to complete.
[2020.05.29-13.52.13:938][  0]LogFileHelpers: Loading map 'MainMenu' took 0.122
[2020.05.29-13.52.14:144][  0]LogSlate: Updating window title bar state: overlay mode, drag disabled, window buttons hidden, title bar hidden
[2020.05.29-13.52.14:155][  0]LogSlate: Updating window title bar state: overlay mode, drag disabled, window buttons hidden, title bar hidden
[2020.05.29-13.52.14:162][  0]LogSlate: Updating window title bar state: overlay mode, drag disabled, window buttons hidden, title bar hidden
[2020.05.29-13.52.14:171][  0]LogSlate: Updating window title bar state: overlay mode, drag disabled, window buttons hidden, title bar hidden
[2020.05.29-13.52.14:181][  0]LogCollectionManager: Loaded 0 collections in 0.001777 seconds
[2020.05.29-13.52.14:204][  0]LogFileCache: Scanning file cache for directory 'D:/adale/Desktop/2DSouls/SideScroller/Saved/Collections/' took 0.00s
[2020.05.29-13.52.14:204][  0]LogFileCache: Scanning file cache for directory 'D:/adale/Desktop/2DSouls/SideScroller/Content/Developers/adale/Collections/' took 0.00s
[2020.05.29-13.52.14:204][  0]LogFileCache: Scanning file cache for directory 'D:/adale/Desktop/2DSouls/SideScroller/Content/Collections/' took 0.00s
[2020.05.29-13.52.14:204][  0]LogContentBrowser: Native class hierarchy populated in 0.0096 seconds. Added 3028 classes and 719 folders.
[2020.05.29-13.52.14:208][  0]LogContentBrowser: Native class hierarchy updated for 'WidgetCarousel' in 0.0005 seconds. Added 0 classes and 0 folders.
[2020.05.29-13.52.14:324][  0]LogContentBrowser: Native class hierarchy updated for 'AddContentDialog' in 0.0009 seconds. Added 0 classes and 0 folders.
[2020.05.29-13.52.14:335][  0]LogContentBrowser: Native class hierarchy updated for 'SceneOutliner' in 0.0009 seconds. Added 2 classes and 3 folders.
[2020.05.29-13.52.14:376][  0]LogSlate: Took 0.000538 seconds to synchronously load lazily loaded font '../../../Engine/Content/Slate/Fonts/Roboto-Regular.ttf' (155K)
[2020.05.29-13.52.14:378][  0]LogSlate: Took 0.000257 seconds to synchronously load lazily loaded font '../../../Engine/Content/Slate/Fonts/Roboto-Bold.ttf' (160K)
[2020.05.29-13.52.14:385][  0]LogSlate: Took 0.000308 seconds to synchronously load lazily loaded font '../../../Engine/Content/Editor/Slate/Fonts/FontAwesome.ttf' (139K)
[2020.05.29-13.52.14:487][  0]LogRenderer: Reallocating scene render targets to support 1028x572 Format 10 NumSamples 1 (Frame:1).
[2020.05.29-13.52.14:581][  0]LogContentBrowser: Native class hierarchy updated for 'HierarchicalLODOutliner' in 0.0005 seconds. Added 0 classes and 0 folders.
[2020.05.29-13.52.14:581][  0]LogLoad: (Engine Initialization) Total time: 15.61 seconds
[2020.05.29-13.52.14:581][  0]LogLoad: (Engine Initialization) Total Blueprint compile time: 0.00 seconds
[2020.05.29-13.52.14:687][  0]LogContentStreaming: Texture pool size now 1000 MB
[2020.05.29-13.52.14:714][  0]LogSlate: Took 0.000393 seconds to synchronously load lazily loaded font '../../../Engine/Content/Slate/Fonts/Roboto-Light.ttf' (167K)
[2020.05.29-13.52.14:753][  1]LogAssetRegistry: Asset discovery search completed in 8.6825 seconds
[2020.05.29-13.52.14:757][  1]LogCollectionManager: Fixed up redirectors for 0 collections in 0.000009 seconds (updated 0 objects)
[2020.05.29-13.52.32:780][ 76]LogTemp: Repeating last play command: New Editor Window (PIE)
[2020.05.29-13.52.32:804][ 76]LogBlueprintUserMessages: Early PlayInEditor Detection: Level '/Game/Levels/MainMenu.MainMenu:PersistentLevel' has LevelScriptBlueprint '/Game/Levels/MainMenu.MainMenu:PersistentLevel.MainMenu' with GeneratedClass '/Game/Levels/MainMenu.MainMenu_C' with ClassGeneratedBy '/Game/Levels/MainMenu.MainMenu:PersistentLevel.MainMenu'
[2020.05.29-13.52.32:804][ 76]LogPlayLevel: PlayLevel: No blueprints needed recompiling
[2020.05.29-13.52.32:805][ 76]PIE: New page: PIE session: MainMenu (May 29, 2020, 5:52:32 a.m.)
[2020.05.29-13.52.32:808][ 76]LogOnline: OSS: Creating online subsystem instance for: NULL
[2020.05.29-13.52.32:811][ 76]LogOnline: OSS: TryLoadSubsystemAndSetDefault: Loaded subsystem for module [NULL]
[2020.05.29-13.52.32:811][ 76]LogPlayLevel: Creating play world package: /Game/Levels/UEDPIE_0_MainMenu
[2020.05.29-13.52.32:814][ 76]LogPlayLevel: PIE: StaticDuplicateObject took: (0.002777s)
[2020.05.29-13.52.32:815][ 76]LogAIModule: Creating AISystem for world MainMenu
[2020.05.29-13.52.32:816][ 76]LogPlayLevel: PIE: World Init took: (0.001592s)
[2020.05.29-13.52.32:816][ 76]LogPlayLevel: PIE: Created PIE world by copying editor world from /Game/Levels/MainMenu.MainMenu to /Game/Levels/UEDPIE_0_MainMenu.MainMenu (0.005310s)
[2020.05.29-13.52.32:845][ 76]LogUObjectHash: Compacting FUObjectHashTables data took   2.27ms
[2020.05.29-13.52.32:851][ 76]LogAudioMixer: Display: Audio Mixer Platform Settings:
[2020.05.29-13.52.32:852][ 76]LogAudioMixer: Display: 	Sample Rate:						  48000
[2020.05.29-13.52.32:852][ 76]LogAudioMixer: Display: 	Callback Buffer Frame Size Requested: 1024
[2020.05.29-13.52.32:852][ 76]LogAudioMixer: Display: 	Callback Buffer Frame Size To Use:	  1024
[2020.05.29-13.52.32:852][ 76]LogAudioMixer: Display: 	Number of buffers to queue:			  2
[2020.05.29-13.52.32:852][ 76]LogAudioMixer: Display: 	Max Channels (voices):				  32
[2020.05.29-13.52.32:853][ 76]LogAudioMixer: Display: 	Number of Async Source Workers:		  0
[2020.05.29-13.52.32:853][ 76]LogAudio: Display: AudioDevice MaxSources: 32
[2020.05.29-13.52.32:854][ 76]LogAudio: Display: Using built-in audio occlusion.
[2020.05.29-13.52.32:854][ 76]LogAudioMixer: Display: Initializing audio mixer.
[2020.05.29-13.52.32:872][ 76]LogAudioMixer: Display: Audio Device Output Speaker Info:
[2020.05.29-13.52.32:872][ 76]LogAudioMixer: Display: Name: Speakers / Headphones (Realtek Audio)
[2020.05.29-13.52.32:872][ 76]LogAudioMixer: Display: Is Default: Yes
[2020.05.29-13.52.32:875][ 76]LogAudioMixer: Display: Sample Rate: 48000
[2020.05.29-13.52.32:875][ 76]LogAudioMixer: Display: Channel Count Used: 2
[2020.05.29-13.52.32:877][ 76]LogAudioMixer: Display: Device Channel Count: 2
[2020.05.29-13.52.32:878][ 76]LogAudioMixer: Display: Channel Order:
[2020.05.29-13.52.32:879][ 76]LogAudioMixer: Display: 0: FrontLeft
[2020.05.29-13.52.32:880][ 76]LogAudioMixer: Display: 1: FrontRight
[2020.05.29-13.52.32:981][ 76]LogAudioMixer: Display: Using Audio Device Speakers / Headphones (Realtek Audio)
[2020.05.29-13.52.32:986][ 76]LogInit: FAudioDevice initialized.
[2020.05.29-13.52.33:044][ 76]LogSlate: Updating window title bar state: overlay mode, drag disabled, window buttons hidden, title bar hidden
[2020.05.29-13.52.33:336][ 76]LogLoad: Game class is 'BP_SideScrollerGameModeBase_C'
[2020.05.29-13.52.33:338][ 76]LogWorld: Bringing World /Game/Levels/UEDPIE_0_MainMenu.MainMenu up for play (max tick rate 60) at 2020.05.29-09.52.33
[2020.05.29-13.52.33:339][ 76]LogWorld: Bringing up level for play took: 0.000722
[2020.05.29-13.52.33:339][ 76]LogOnline: OSS: Creating online subsystem instance for: :Context_1
[2020.05.29-13.52.33:345][ 76]LogContentBrowser: Native class hierarchy updated for 'MovieSceneCapture' in 0.0005 seconds. Added 20 classes and 0 folders.
[2020.05.29-13.52.33:350][ 76]PIE: Play in editor start time for /Game/Levels/UEDPIE_0_MainMenu 0.509
[2020.05.29-13.52.33:350][ 76]LogBlueprintUserMessages: Late PlayInEditor Detection: Level '/Game/Levels/MainMenu.MainMenu:PersistentLevel' has LevelScriptBlueprint '/Game/Levels/MainMenu.MainMenu:PersistentLevel.MainMenu' with GeneratedClass '/Game/Levels/MainMenu.MainMenu_C' with ClassGeneratedBy '/Game/Levels/MainMenu.MainMenu:PersistentLevel.MainMenu'
[2020.05.29-13.52.33:352][ 76]LogAudio: Warning: Detected orphaned looping sound 'MenuMusicSoundCue'.
[2020.05.29-13.52.33:397][ 77]LogRenderer: Reallocating scene render targets to support 1280x720 Format 10 NumSamples 1 (Frame:1).
[2020.05.29-13.52.44:741][755]LogNet: Browse: /Game/Levels/TestDungeon
[2020.05.29-13.52.44:742][755]LogLoad: LoadMap: /Game/Levels/TestDungeon
[2020.05.29-13.52.44:742][755]LogWorld: BeginTearingDown for /Game/Levels/UEDPIE_0_MainMenu
[2020.05.29-13.52.44:742][755]LogWorld: UWorld::CleanupWorld for MainMenu, bSessionEnded=true, bCleanupResources=true
[2020.05.29-13.52.44:743][755]LogSlate: InvalidateAllWidgets triggered.  All widgets were invalidated
[2020.05.29-13.52.44:745][755]LogAudioMixer: Display: Flush succeeded in the source manager command queue (1).
[2020.05.29-13.52.44:764][755]LogAudioMixer: Display: Flush succeeded the source manager command queue (2).
[2020.05.29-13.52.44:792][755]LogUObjectHash: Compacting FUObjectHashTables data took   2.43ms
[2020.05.29-13.52.45:225][755]LogAIModule: Creating AISystem for world TestDungeon
[2020.05.29-13.52.45:226][755]LogLoad: Game class is 'BP_SideScrollerGameModeBase_C'
[2020.05.29-13.52.45:229][755]LogWorld: Bringing World /Game/Levels/UEDPIE_0_TestDungeon.TestDungeon up for play (max tick rate 60) at 2020.05.29-09.52.45
[2020.05.29-13.52.45:230][755]LogWorld: Bringing up level for play took: 0.003364
[2020.05.29-13.52.45:232][755]Set new viewmode: Lit
[2020.05.29-13.52.45:233][755]Cmd: r.tonemapperfilm 0
[2020.05.29-13.52.45:234][755]r.TonemapperFilm = "0"
[2020.05.29-13.52.45:234][755]LogLoad: Took 0.491955 seconds to LoadMap(/Game/Levels/TestDungeon)
[2020.05.29-13.52.51:525][132]LogAudioMixer: Display: No commands were queued while flushing the source manager.
[2020.05.29-13.52.51:544][132]LogAudioMixer: Display: Flush succeeded in the source manager command queue (1).
[2020.05.29-13.52.51:575][132]LogAudioMixer: Display: Flush succeeded the source manager command queue (2).
[2020.05.29-13.52.51:575][132]LogBlueprintUserMessages: Early EndPlayMap Detection: Level '/Game/Levels/MainMenu.MainMenu:PersistentLevel' has LevelScriptBlueprint '/Game/Levels/MainMenu.MainMenu:PersistentLevel.MainMenu' with GeneratedClass '/Game/Levels/MainMenu.MainMenu_C' with ClassGeneratedBy '/Game/Levels/MainMenu.MainMenu:PersistentLevel.MainMenu'
[2020.05.29-13.52.51:576][132]LogSlate: Updating window title bar state: overlay mode, drag disabled, window buttons hidden, title bar hidden
[2020.05.29-13.52.51:576][132]LogWorld: BeginTearingDown for /Game/Levels/UEDPIE_0_TestDungeon
[2020.05.29-13.52.51:600][132]LogSlate: Window 'SideScroller Game Preview Standalone (64-bit/PCD3D_SM5)' being destroyed
[2020.05.29-13.52.51:605][132]LogAudioMixer: Display: No commands were queued while flushing the source manager.
[2020.05.29-13.52.51:606][132]LogWorld: UWorld::CleanupWorld for TestDungeon, bSessionEnded=true, bCleanupResources=true
[2020.05.29-13.52.51:606][132]LogSlate: InvalidateAllWidgets triggered.  All widgets were invalidated
[2020.05.29-13.52.51:626][132]LogPlayLevel: Display: Shutting down PIE online subsystems
[2020.05.29-13.52.51:627][132]LogBlueprintUserMessages: Late EndPlayMap Detection: Level '/Game/Levels/MainMenu.MainMenu:PersistentLevel' has LevelScriptBlueprint '/Game/Levels/MainMenu.MainMenu:PersistentLevel.MainMenu' with GeneratedClass '/Game/Levels/MainMenu.MainMenu_C' with ClassGeneratedBy '/Game/Levels/MainMenu.MainMenu:PersistentLevel.MainMenu'
[2020.05.29-13.52.51:631][132]LogSlate: InvalidateAllWidgets triggered.  All widgets were invalidated
[2020.05.29-13.52.51:660][132]LogAudioMixer: Display: No commands were queued while flushing the source manager.
[2020.05.29-13.52.51:692][132]LogUObjectHash: Compacting FUObjectHashTables data took   3.48ms
[2020.05.29-13.52.51:711][133]LogPlayLevel: Display: Destroying online subsystem :Context_1
[2020.05.29-13.53.02:870][799]LogTemp: Repeating last play command: New Editor Window (PIE)
[2020.05.29-13.53.02:901][799]LogBlueprintUserMessages: Early PlayInEditor Detection: Level '/Game/Levels/MainMenu.MainMenu:PersistentLevel' has LevelScriptBlueprint '/Game/Levels/MainMenu.MainMenu:PersistentLevel.MainMenu' with GeneratedClass '/Game/Levels/MainMenu.MainMenu_C' with ClassGeneratedBy '/Game/Levels/MainMenu.MainMenu:PersistentLevel.MainMenu'
[2020.05.29-13.53.02:902][799]LogPlayLevel: PlayLevel: No blueprints needed recompiling
[2020.05.29-13.53.02:902][799]PIE: New page: PIE session: MainMenu (May 29, 2020, 5:53:02 a.m.)
[2020.05.29-13.53.02:903][799]LogPlayLevel: Creating play world package: /Game/Levels/UEDPIE_0_MainMenu
[2020.05.29-13.53.02:905][799]LogPlayLevel: PIE: StaticDuplicateObject took: (0.001929s)
[2020.05.29-13.53.02:907][799]LogAIModule: Creating AISystem for world MainMenu
[2020.05.29-13.53.02:907][799]LogPlayLevel: PIE: World Init took: (0.001835s)
[2020.05.29-13.53.02:907][799]LogPlayLevel: PIE: Created PIE world by copying editor world from /Game/Levels/MainMenu.MainMenu to /Game/Levels/UEDPIE_0_MainMenu.MainMenu (0.004602s)
[2020.05.29-13.53.02:936][799]LogUObjectHash: Compacting FUObjectHashTables data took   1.74ms
[2020.05.29-13.53.02:937][799]LogAudioMixer: Display: Audio Mixer Platform Settings:
[2020.05.29-13.53.02:937][799]LogAudioMixer: Display: 	Sample Rate:						  48000
[2020.05.29-13.53.02:937][799]LogAudioMixer: Display: 	Callback Buffer Frame Size Requested: 1024
[2020.05.29-13.53.02:938][799]LogAudioMixer: Display: 	Callback Buffer Frame Size To Use:	  1024
[2020.05.29-13.53.02:938][799]LogAudioMixer: Display: 	Number of buffers to queue:			  2
[2020.05.29-13.53.02:938][799]LogAudioMixer: Display: 	Max Channels (voices):				  32
[2020.05.29-13.53.02:938][799]LogAudioMixer: Display: 	Number of Async Source Workers:		  0
[2020.05.29-13.53.02:938][799]LogAudio: Display: AudioDevice MaxSources: 32
[2020.05.29-13.53.02:939][799]LogAudio: Display: Using built-in audio occlusion.
[2020.05.29-13.53.02:939][799]LogAudioMixer: Display: Initializing audio mixer.
[2020.05.29-13.53.02:957][799]LogAudioMixer: Display: Audio Device Output Speaker Info:
[2020.05.29-13.53.02:957][799]LogAudioMixer: Display: Name: Speakers / Headphones (Realtek Audio)
[2020.05.29-13.53.02:957][799]LogAudioMixer: Display: Is Default: Yes
[2020.05.29-13.53.02:957][799]LogAudioMixer: Display: Sample Rate: 48000
[2020.05.29-13.53.02:957][799]LogAudioMixer: Display: Channel Count Used: 2
[2020.05.29-13.53.02:958][799]LogAudioMixer: Display: Device Channel Count: 2
[2020.05.29-13.53.02:958][799]LogAudioMixer: Display: Channel Order:
[2020.05.29-13.53.02:958][799]LogAudioMixer: Display: 0: FrontLeft
[2020.05.29-13.53.02:958][799]LogAudioMixer: Display: 1: FrontRight
[2020.05.29-13.53.03:056][799]LogAudioMixer: Display: Using Audio Device Speakers / Headphones (Realtek Audio)
[2020.05.29-13.53.03:059][799]LogInit: FAudioDevice initialized.
[2020.05.29-13.53.03:103][799]LogSlate: Updating window title bar state: overlay mode, drag disabled, window buttons hidden, title bar hidden
[2020.05.29-13.53.03:103][799]LogLoad: Game class is 'BP_SideScrollerGameModeBase_C'
[2020.05.29-13.53.03:105][799]LogWorld: Bringing World /Game/Levels/UEDPIE_0_MainMenu.MainMenu up for play (max tick rate 60) at 2020.05.29-09.53.03
[2020.05.29-13.53.03:105][799]LogWorld: Bringing up level for play took: 0.000844
[2020.05.29-13.53.03:106][799]LogOnline: OSS: Creating online subsystem instance for: :Context_2
[2020.05.29-13.53.03:116][799]PIE: Play in editor start time for /Game/Levels/UEDPIE_0_MainMenu 0.275
[2020.05.29-13.53.03:117][799]LogBlueprintUserMessages: Late PlayInEditor Detection: Level '/Game/Levels/MainMenu.MainMenu:PersistentLevel' has LevelScriptBlueprint '/Game/Levels/MainMenu.MainMenu:PersistentLevel.MainMenu' with GeneratedClass '/Game/Levels/MainMenu.MainMenu_C' with ClassGeneratedBy '/Game/Levels/MainMenu.MainMenu:PersistentLevel.MainMenu'
[2020.05.29-13.53.03:118][799]LogAudio: Warning: Detected orphaned looping sound 'MenuMusicSoundCue'.
[2020.05.29-13.53.13:026][391]Cmd: r.setRes 1920x1080
[2020.05.29-13.53.13:026][391]r.SetRes = "1920x1080"
[2020.05.29-13.53.13:071][391]LogRenderer: Reallocating scene render targets to support 1912x1048 Format 10 NumSamples 1 (Frame:593).
[2020.05.29-13.53.14:805][494]LogNet: Browse: /Game/Levels/TestDungeon
[2020.05.29-13.53.14:806][494]LogLoad: LoadMap: /Game/Levels/TestDungeon
[2020.05.29-13.53.14:806][494]LogWorld: BeginTearingDown for /Game/Levels/UEDPIE_0_MainMenu
[2020.05.29-13.53.14:806][494]LogWorld: UWorld::CleanupWorld for MainMenu, bSessionEnded=true, bCleanupResources=true
[2020.05.29-13.53.14:806][494]LogSlate: InvalidateAllWidgets triggered.  All widgets were invalidated
[2020.05.29-13.53.14:814][494]LogAudioMixer: Display: Flush succeeded in the source manager command queue (1).
[2020.05.29-13.53.14:834][494]LogAudioMixer: Display: Flush succeeded the source manager command queue (2).
[2020.05.29-13.53.14:862][494]LogUObjectHash: Compacting FUObjectHashTables data took   1.71ms
[2020.05.29-13.53.14:894][494]LogAIModule: Creating AISystem for world TestDungeon
[2020.05.29-13.53.14:895][494]LogLoad: Game class is 'BP_SideScrollerGameModeBase_C'
[2020.05.29-13.53.14:899][494]LogWorld: Bringing World /Game/Levels/UEDPIE_0_TestDungeon.TestDungeon up for play (max tick rate 60) at 2020.05.29-09.53.14
[2020.05.29-13.53.14:900][494]LogWorld: Bringing up level for play took: 0.003434
[2020.05.29-13.53.14:901][494]Set new viewmode: Lit
[2020.05.29-13.53.14:903][494]Cmd: r.tonemapperfilm 0
[2020.05.29-13.53.14:903][494]r.TonemapperFilm = "0"
[2020.05.29-13.53.14:903][494]LogLoad: Took 0.097347 seconds to LoadMap(/Game/Levels/TestDungeon)
[2020.05.29-13.55.18:908][912]LogAudioMixer: Display: No commands were queued while flushing the source manager.
[2020.05.29-13.55.18:915][912]LogAudioMixer: Display: Flush succeeded in the source manager command queue (1).
[2020.05.29-13.55.18:934][912]LogAudioMixer: Display: Flush succeeded the source manager command queue (2).
[2020.05.29-13.55.18:935][912]LogBlueprintUserMessages: Early EndPlayMap Detection: Level '/Game/Levels/MainMenu.MainMenu:PersistentLevel' has LevelScriptBlueprint '/Game/Levels/MainMenu.MainMenu:PersistentLevel.MainMenu' with GeneratedClass '/Game/Levels/MainMenu.MainMenu_C' with ClassGeneratedBy '/Game/Levels/MainMenu.MainMenu:PersistentLevel.MainMenu'
[2020.05.29-13.55.18:935][912]LogSlate: Updating window title bar state: overlay mode, drag disabled, window buttons hidden, title bar hidden
[2020.05.29-13.55.18:935][912]LogWorld: BeginTearingDown for /Game/Levels/UEDPIE_0_TestDungeon
[2020.05.29-13.55.18:966][912]LogSlate: Window 'SideScroller Game Preview Standalone (64-bit/PCD3D_SM5)' being destroyed
[2020.05.29-13.55.18:972][912]LogAudioMixer: Display: No commands were queued while flushing the source manager.
[2020.05.29-13.55.18:973][912]LogWorld: UWorld::CleanupWorld for TestDungeon, bSessionEnded=true, bCleanupResources=true
[2020.05.29-13.55.18:974][912]LogSlate: InvalidateAllWidgets triggered.  All widgets were invalidated
[2020.05.29-13.55.19:004][912]LogPlayLevel: Display: Shutting down PIE online subsystems
[2020.05.29-13.55.19:005][912]LogBlueprintUserMessages: Late EndPlayMap Detection: Level '/Game/Levels/MainMenu.MainMenu:PersistentLevel' has LevelScriptBlueprint '/Game/Levels/MainMenu.MainMenu:PersistentLevel.MainMenu' with GeneratedClass '/Game/Levels/MainMenu.MainMenu_C' with ClassGeneratedBy '/Game/Levels/MainMenu.MainMenu:PersistentLevel.MainMenu'
[2020.05.29-13.55.19:014][912]LogSlate: InvalidateAllWidgets triggered.  All widgets were invalidated
[2020.05.29-13.55.19:041][912]LogAudioMixer: Display: No commands were queued while flushing the source manager.
[2020.05.29-13.55.19:064][912]LogUObjectHash: Compacting FUObjectHashTables data took   3.87ms
[2020.05.29-13.55.19:083][913]LogPlayLevel: Display: Destroying online subsystem :Context_2
[2020.05.29-14.04.40:727][413]LogSlate: Took 0.036532 seconds to synchronously load lazily loaded font '../../../Engine/Content/Slate/Fonts/Roboto-Light.ttf' (167K)
[2020.05.29-14.08.57:813][773]LogFactory: FactoryCreateFile: SoundWave with ReimportSoundFactory (0 0 D:\adale\Downloads\Pop Cork-SoundBible.com-151671390.wav)
[2020.05.29-14.08.57:814][773]LogAudioDerivedData: Display: Building compressed audio format OGG hash OGG10025600-1-1-1-1-1 wave Pop_Cork-SoundBible_com-151671390...
[2020.05.29-14.08.57:815][773]LogAudioDerivedData: Display: Compression Quality for SoundWave /Game/SFX/EXP/Pop_Cork-SoundBible_com-151671390.Pop_Cork-SoundBible_com-151671390 will be modified from 40 to 40.
[2020.05.29-14.08.57:915][773]LogAudioDerivedData: Display: Updated SoundWave->RawPCMDataSize from 0 to 30880 while cooking SoundWave /Game/SFX/EXP/Pop_Cork-SoundBible_com-151671390.Pop_Cork-SoundBible_com-151671390.
[2020.05.29-14.08.59:959][807]LogFactory: FactoryCreateFile: SoundWave with ReimportSoundFactory (0 0 D:\adale\Downloads\Blop-Mark_DiAngelo-79054334.wav)
[2020.05.29-14.09.12:663][807]LogSlate: Window 'Message' being destroyed
[2020.05.29-14.09.12:696][807]Error: Unable to read wave file 'Blop-Mark_DiAngelo-79054334' - "Unsupported wave file format.  Only PCM, ADPCM, and DVI ADPCM can be imported."
[2020.05.29-14.09.12:773][807]LogAudioDerivedData: Display: Building compressed audio format OGG hash OGG10025600-1-1-1-1-1 wave Blop-Mark_DiAngelo-79054334...
[2020.05.29-14.09.12:774][807]LogAudioDerivedData: Display: Compression Quality for SoundWave /Game/SFX/EXP/Blop-Mark_DiAngelo-79054334.Blop-Mark_DiAngelo-79054334 will be modified from 40 to 40.
[2020.05.29-14.09.12:784][807]LogAudioDerivedData: Display: Updated SoundWave->RawPCMDataSize from 0 to 42496 while cooking SoundWave /Game/SFX/EXP/Blop-Mark_DiAngelo-79054334.Blop-Mark_DiAngelo-79054334.
[2020.05.29-14.09.23:649][107]LogUObjectHash: Compacting FUObjectHashTables data took   1.79ms
[2020.05.29-14.09.23:681][107]Cmd: OBJ SAVEPACKAGE PACKAGE="/Game/SFX/EXP/Pop_Cork-SoundBible_com-151671390" FILE="../../../../../adale/Desktop/2DSouls/SideScroller/Content/SFX/EXP/Pop_Cork-SoundBible_com-151671390.uasset" SILENT=true
[2020.05.29-14.09.23:701][107]LogSavePackage: Moving '../../../../../adale/Desktop/2DSouls/SideScroller/Saved/Pop_Cork-SoundBible_com-151671393D15C5374163686DFB8CC098516808FE.tmp' to '../../../../../adale/Desktop/2DSouls/SideScroller/Content/SFX/EXP/Pop_Cork-SoundBible_com-151671390.uasset'
[2020.05.29-14.09.23:715][107]Cmd: OBJ SAVEPACKAGE PACKAGE="/Game/SFX/EXP/Blop-Mark_DiAngelo-79054334" FILE="../../../../../adale/Desktop/2DSouls/SideScroller/Content/SFX/EXP/Blop-Mark_DiAngelo-79054334.uasset" SILENT=true
[2020.05.29-14.09.23:735][107]LogSavePackage: Moving '../../../../../adale/Desktop/2DSouls/SideScroller/Saved/Blop-Mark_DiAngelo-790543346EE9E11F4EEE65C305B0D7993AC91EBD.tmp' to '../../../../../adale/Desktop/2DSouls/SideScroller/Content/SFX/EXP/Blop-Mark_DiAngelo-79054334.uasset'
[2020.05.29-14.09.23:780][107]AssetCheck: New page: Asset Save: multiple assets
[2020.05.29-14.09.23:780][107]LogContentValidation: Display: Validating SoundWave /Game/SFX/EXP/Pop_Cork-SoundBible_com-151671390.Pop_Cork-SoundBible_com-151671390
[2020.05.29-14.09.23:782][107]LogContentValidation: Display: Validating SoundWave /Game/SFX/EXP/Blop-Mark_DiAngelo-79054334.Blop-Mark_DiAngelo-79054334
[2020.05.29-14.12.48:070][598]LogUObjectHash: Compacting FUObjectHashTables data took   2.34ms
