Log file open, 05/12/20 19:56:26
LogWindows: Failed to load 'aqProf.dll' (GetLastError=126)
LogWindows: File 'aqProf.dll' does not exist
LogWindows: Failed to load 'VtuneApi.dll' (GetLastError=126)
LogWindows: File 'VtuneApi.dll' does not exist
LogWindows: Failed to load 'VtuneApi32e.dll' (GetLastError=126)
LogWindows: File 'VtuneApi32e.dll' does not exist
LogConsoleResponse: Display: Failed to find resolution value strings in scalability ini. Falling back to default.
LogInit: Display: Running engine for game: SideScroller
LogPlatformFile: Not using cached read wrapper
LogTaskGraph: Started task graph with 5 named threads and 23 total threads with 3 sets of task threads.
LogStats: Stats thread started at 0.170366
LogD3D11RHI: Loaded GFSDK_Aftermath_Lib.x64.dll
LogICUInternationalization: ICU TimeZone Detection - Raw Offset: -5:00, Platform Override: ''
LogPluginManager: Mounting plugin Paper2D
LogPluginManager: Mounting plugin AISupport
LogPluginManager: Mounting plugin LightPropagationVolume
LogPluginManager: Mounting plugin ActorLayerUtilities
LogPluginManager: Mounting plugin AnimationSharing
LogPluginManager: Mounting plugin CLionSourceCodeAccess
LogPluginManager: Mounting plugin CodeLiteSourceCodeAccess
LogPluginManager: Mounting plugin GitSourceControl
LogPluginManager: Mounting plugin KDevelopSourceCodeAccess
LogPluginManager: Mounting plugin NullSourceCodeAccess
LogPluginManager: Mounting plugin PerforceSourceControl
LogPluginManager: Mounting plugin PlasticSourceControl
LogPluginManager: Mounting plugin SubversionSourceControl
LogPluginManager: Mounting plugin UObjectPlugin
LogPluginManager: Mounting plugin VisualStudioCodeSourceCodeAccess
LogPluginManager: Mounting plugin VisualStudioSourceCodeAccess
LogPluginManager: Mounting plugin XCodeSourceCodeAccess
LogPluginManager: Mounting plugin AssetManagerEditor
LogPluginManager: Mounting plugin CryptoKeys
LogPluginManager: Mounting plugin CurveEditorTools
LogPluginManager: Mounting plugin DataValidation
LogPluginManager: Mounting plugin FacialAnimation
LogPluginManager: Mounting plugin GameplayTagsEditor
LogPluginManager: Mounting plugin MacGraphicsSwitching
LogPluginManager: Mounting plugin MaterialAnalyzer
LogPluginManager: Mounting plugin MobileLauncherProfileWizard
LogPluginManager: Mounting plugin PluginBrowser
LogPluginManager: Mounting plugin SpeedTreeImporter
LogPluginManager: Mounting plugin DatasmithContent
LogPluginManager: Mounting plugin VariantManagerContent
LogPluginManager: Mounting plugin AlembicImporter
LogPluginManager: Mounting plugin AutomationUtils
LogPluginManager: Mounting plugin BackChannel
LogPluginManager: Mounting plugin CharacterAI
LogPluginManager: Mounting plugin GeometryCache
LogPluginManager: Mounting plugin PlatformCrypto
LogPluginManager: Mounting plugin ProxyLODPlugin
LogPluginManager: Mounting plugin SkeletalReduction
LogPluginManager: Mounting plugin MagicLeap
LogPluginManager: Mounting plugin MagicLeapMedia
LogPluginManager: Mounting plugin MLSDK
LogPluginManager: Mounting plugin AndroidMedia
LogPluginManager: Mounting plugin AvfMedia
LogPluginManager: Mounting plugin ImgMedia
LogPluginManager: Mounting plugin MediaCompositing
LogPluginManager: Mounting plugin MediaPlayerEditor
LogPluginManager: Mounting plugin WebMMedia
LogPluginManager: Mounting plugin WmfMedia
LogPluginManager: Mounting plugin TcpMessaging
LogPluginManager: Mounting plugin UdpMessaging
LogPluginManager: Mounting plugin ActorSequence
LogPluginManager: Mounting plugin LevelSequenceEditor
LogPluginManager: Mounting plugin MatineeToLevelSequence
LogPluginManager: Mounting plugin NetcodeUnitTest
LogPluginManager: Mounting plugin NUTUnrealEngine4
LogPluginManager: Mounting plugin OnlineSubsystemGooglePlay
LogPluginManager: Mounting plugin OnlineSubsystemIOS
LogPluginManager: Mounting plugin OnlineSubsystem
LogPluginManager: Mounting plugin OnlineSubsystemNull
LogPluginManager: Mounting plugin OnlineSubsystemUtils
LogPluginManager: Mounting plugin LauncherChunkInstaller
LogPluginManager: Mounting plugin AndroidDeviceProfileSelector
LogPluginManager: Mounting plugin AndroidMoviePlayer
LogPluginManager: Mounting plugin AndroidPermission
LogPluginManager: Mounting plugin AppleImageUtils
LogPluginManager: Mounting plugin AppleMoviePlayer
LogPluginManager: Mounting plugin ArchVisCharacter
LogPluginManager: Mounting plugin AssetTags
LogPluginManager: Mounting plugin AudioCapture
LogPluginManager: Mounting plugin CableComponent
LogPluginManager: Mounting plugin CustomMeshComponent
LogPluginManager: Mounting plugin EditableMesh
LogPluginManager: Mounting plugin ExampleDeviceProfileSelector
LogPluginManager: Mounting plugin GoogleCloudMessaging
LogPluginManager: Mounting plugin IOSDeviceProfileSelector
LogPluginManager: Mounting plugin LinuxDeviceProfileSelector
LogPluginManager: Mounting plugin LocationServicesBPLibrary
LogPluginManager: Mounting plugin MobilePatchingUtils
LogPluginManager: Mounting plugin OculusVR
LogPluginManager: Mounting plugin PhysXVehicles
LogPluginManager: Mounting plugin PostSplashScreen
LogPluginManager: Mounting plugin ProceduralMeshComponent
LogPluginManager: Mounting plugin RuntimePhysXCooking
LogPluginManager: Mounting plugin SignificanceManager
LogPluginManager: Mounting plugin SteamVR
LogPluginManager: Mounting plugin WebMMoviePlayer
LogPluginManager: Mounting plugin WindowsMoviePlayer
LogPluginManager: Mounting plugin ScreenshotTools
LogInit: Using libcurl 7.55.1-DEV
LogInit:  - built for x86_64-pc-win32
LogInit:  - supports SSL with OpenSSL/1.1.1
LogInit:  - supports HTTP deflate (compression) using libz 1.2.8
LogInit:  - other features:
LogInit:      CURL_VERSION_SSL
LogInit:      CURL_VERSION_LIBZ
LogInit:      CURL_VERSION_IPV6
LogInit:      CURL_VERSION_ASYNCHDNS
LogInit:      CURL_VERSION_LARGEFILE
LogInit:      CURL_VERSION_IDN
LogInit:  CurlRequestOptions (configurable via config and command line):
LogInit:  - bVerifyPeer = true  - Libcurl will verify peer certificate
LogInit:  - bUseHttpProxy = false  - Libcurl will NOT use HTTP proxy
LogInit:  - bDontReuseConnections = false  - Libcurl will reuse connections
LogInit:  - MaxHostConnections = 16  - Libcurl will limit the number of connections to a host
LogInit:  - LocalHostAddr = Default
LogInit:  - BufferSize = 65536
LogOnline: OSS: Creating online subsystem instance for: NULL
LogInit: WinSock: version 1.1 (2.2), MaxSocks=32767, MaxUdp=65467
LogOnline: OSS: TryLoadSubsystemAndSetDefault: Loaded subsystem for module [NULL]
LogInit: Build: ++UE4+Release-4.24-CL-11590370
LogInit: Engine Version: 4.24.3-11590370+++UE4+Release-4.24
LogInit: Compatible Engine Version: 4.24.0-10570792+++UE4+Release-4.24
LogInit: Net CL: 10570792
LogInit: OS: Windows 10 (Release 1903) (), CPU: Intel(R) Core(TM) i7-7700HQ CPU @ 2.80GHz, GPU: Intel(R) HD Graphics 630
LogInit: Compiled (64-bit): Feb 24 2020 15:39:18
LogInit: Compiled with Visual C++: 19.16.27032.01
LogInit: Build Configuration: Development
LogInit: Branch Name: ++UE4+Release-4.24
LogInit: Command Line:  -skipcompile
LogInit: Base Directory: D:/Program Files (x86)/UE_4.24/Engine/Binaries/Win64/
LogInit: Installed Engine Build: 1
LogDevObjectVersion: Number of dev versions registered: 25
LogDevObjectVersion:   Dev-Blueprints (B0D832E4-1F89-4F0D-ACCF-7EB736FD4AA2): 10
LogDevObjectVersion:   Dev-Build (E1C64328-A22C-4D53-A36C-8E866417BD8C): 0
LogDevObjectVersion:   Dev-Core (375EC13C-06E4-48FB-B500-84F0262A717E): 3
LogDevObjectVersion:   Dev-Editor (E4B068ED-F494-42E9-A231-DA0B2E46BB41): 37
LogDevObjectVersion:   Dev-Framework (CFFC743F-43B0-4480-9391-14DF171D2073): 36
LogDevObjectVersion:   Dev-Mobile (B02B49B5-BB20-44E9-A304-32B752E40360): 2
LogDevObjectVersion:   Dev-Networking (A4E4105C-59A1-49B5-A7C5-40C4547EDFEE): 0
LogDevObjectVersion:   Dev-Online (39C831C9-5AE6-47DC-9A44-9C173E1C8E7C): 0
LogDevObjectVersion:   Dev-Physics (78F01B33-EBEA-4F98-B9B4-84EACCB95AA2): 2
LogDevObjectVersion:   Dev-Platform (6631380F-2D4D-43E0-8009-CF276956A95A): 0
LogDevObjectVersion:   Dev-Rendering (12F88B9F-8875-4AFC-A67C-D90C383ABD29): 36
LogDevObjectVersion:   Dev-Sequencer (7B5AE74C-D270-4C10-A958-57980B212A5A): 11
LogDevObjectVersion:   Dev-VR (D7296918-1DD6-4BDD-9DE2-64A83CC13884): 2
LogDevObjectVersion:   Dev-LoadTimes (C2A15278-BFE7-4AFE-6C17-90FF531DF755): 1
LogDevObjectVersion:   Private-Geometry (6EACA3D4-40EC-4CC1-B786-8BED09428FC5): 3
LogDevObjectVersion:   Dev-AnimPhys (29E575DD-E0A3-4627-9D10-D276232CDCEA): 17
LogDevObjectVersion:   Dev-Anim (AF43A65D-7FD3-4947-9873-3E8ED9C1BB05): 2
LogDevObjectVersion:   Dev-ReflectionCapture (6B266CEC-1EC7-4B8F-A30B-E4D90942FC07): 1
LogDevObjectVersion:   Dev-Automation (0DF73D61-A23F-47EA-B727-89E90C41499A): 1
LogDevObjectVersion:   FortniteMain (601D1886-AC64-4F84-AA16-D3DE0DEAC7D6): 31
LogDevObjectVersion:   Dev-Enterprise (9DFFBCD6-494F-0158-E221-12823C92A888): 8
LogDevObjectVersion:   Dev-Niagara (F2AED0AC-9AFE-416F-8664-AA7FFA26D6FC): 1
LogDevObjectVersion:   Dev-Destruction (174F1F0B-B4C6-45A5-B13F-2EE8D0FB917D): 9
LogDevObjectVersion:   Dev-Physics-Ext (35F94A83-E258-406C-A318-09F59610247C): 8
LogDevObjectVersion:   Dev-CineCamera (B2E18506-4273-CFC2-A54E-F4BB758BBA07): 1
LogInit: Presizing for max 25165824 objects, including 0 objects not considered by GC, pre-allocating 0 bytes for permanent pool.
LogInit: Object subsystem initialized
LogConfig: Setting CVar [[con.DebugEarlyDefault:1]]
LogConfig: Setting CVar [[r.setres:1280x720]]
[2020.05.12-23.56.26:630][  0]LogConfig: Setting CVar [[r.VSync:0]]
[2020.05.12-23.56.26:630][  0]LogConfig: Setting CVar [[r.RHICmdBypass:0]]
[2020.05.12-23.56.26:630][  0]LogConfig: Applying CVar settings from Section [/Script/Engine.RendererSettings] File [D:/adale/Desktop/2DSouls/SideScroller/Saved/Config/Windows/Engine.ini]
[2020.05.12-23.56.26:630][  0]LogConfig: Setting CVar [[r.GPUCrashDebugging:0]]
[2020.05.12-23.56.26:630][  0]LogConfig: Applying CVar settings from Section [/Script/Engine.RendererOverrideSettings] File [D:/adale/Desktop/2DSouls/SideScroller/Saved/Config/Windows/Engine.ini]
[2020.05.12-23.56.26:630][  0]LogConfig: Applying CVar settings from Section [/Script/Engine.StreamingSettings] File [D:/adale/Desktop/2DSouls/SideScroller/Saved/Config/Windows/Engine.ini]
[2020.05.12-23.56.26:631][  0]LogConfig: Setting CVar [[s.MinBulkDataSizeForAsyncLoading:131072]]
[2020.05.12-23.56.26:631][  0]LogConfig: Setting CVar [[s.AsyncLoadingThreadEnabled:0]]
[2020.05.12-23.56.26:631][  0]LogConfig: Setting CVar [[s.EventDrivenLoaderEnabled:1]]
[2020.05.12-23.56.26:631][  0]LogConfig: Setting CVar [[s.WarnIfTimeLimitExceeded:0]]
[2020.05.12-23.56.26:631][  0]LogConfig: Setting CVar [[s.TimeLimitExceededMultiplier:1.5]]
[2020.05.12-23.56.26:631][  0]LogConfig: Setting CVar [[s.TimeLimitExceededMinTime:0.005]]
[2020.05.12-23.56.26:631][  0]LogConfig: Setting CVar [[s.UseBackgroundLevelStreaming:1]]
[2020.05.12-23.56.26:631][  0]LogConfig: Setting CVar [[s.PriorityAsyncLoadingExtraTime:15.0]]
[2020.05.12-23.56.26:631][  0]LogConfig: Setting CVar [[s.LevelStreamingActorsUpdateTimeLimit:5.0]]
[2020.05.12-23.56.26:631][  0]LogConfig: Setting CVar [[s.PriorityLevelStreamingActorsUpdateExtraTime:5.0]]
[2020.05.12-23.56.26:631][  0]LogConfig: Setting CVar [[s.LevelStreamingComponentsRegistrationGranularity:10]]
[2020.05.12-23.56.26:631][  0]LogConfig: Setting CVar [[s.UnregisterComponentsTimeLimit:1.0]]
[2020.05.12-23.56.26:631][  0]LogConfig: Setting CVar [[s.LevelStreamingComponentsUnregistrationGranularity:5]]
[2020.05.12-23.56.26:631][  0]LogConfig: Setting CVar [[s.FlushStreamingOnExit:1]]
[2020.05.12-23.56.26:631][  0]LogConfig: Applying CVar settings from Section [/Script/Engine.GarbageCollectionSettings] File [D:/adale/Desktop/2DSouls/SideScroller/Saved/Config/Windows/Engine.ini]
[2020.05.12-23.56.26:631][  0]LogConfig: Setting CVar [[gc.MaxObjectsNotConsideredByGC:1]]
[2020.05.12-23.56.26:631][  0]LogConfig: Setting CVar [[gc.SizeOfPermanentObjectPool:0]]
[2020.05.12-23.56.26:631][  0]LogConfig: Setting CVar [[gc.FlushStreamingOnGC:0]]
[2020.05.12-23.56.26:632][  0]LogConfig: Setting CVar [[gc.NumRetriesBeforeForcingGC:10]]
[2020.05.12-23.56.26:632][  0]LogConfig: Setting CVar [[gc.AllowParallelGC:1]]
[2020.05.12-23.56.26:632][  0]LogConfig: Setting CVar [[gc.TimeBetweenPurgingPendingKillObjects:61.1]]
[2020.05.12-23.56.26:632][  0]LogConfig: Setting CVar [[gc.MaxObjectsInEditor:25165824]]
[2020.05.12-23.56.26:632][  0]LogConfig: Setting CVar [[gc.IncrementalBeginDestroyEnabled:1]]
[2020.05.12-23.56.26:632][  0]LogConfig: Setting CVar [[gc.CreateGCClusters:1]]
[2020.05.12-23.56.26:632][  0]LogConfig: Setting CVar [[gc.MinGCClusterSize:5]]
[2020.05.12-23.56.26:632][  0]LogConfig: Setting CVar [[gc.ActorClusteringEnabled:0]]
[2020.05.12-23.56.26:632][  0]LogConfig: Setting CVar [[gc.BlueprintClusteringEnabled:0]]
[2020.05.12-23.56.26:632][  0]LogConfig: Setting CVar [[gc.UseDisregardForGCOnDedicatedServers:0]]
[2020.05.12-23.56.26:632][  0]LogConfig: Applying CVar settings from Section [/Script/Engine.NetworkSettings] File [D:/adale/Desktop/2DSouls/SideScroller/Saved/Config/Windows/Engine.ini]
[2020.05.12-23.56.26:632][  0]LogConfig: Applying CVar settings from Section [/Script/UnrealEd.CookerSettings] File [D:/adale/Desktop/2DSouls/SideScroller/Saved/Config/Windows/Engine.ini]
[2020.05.12-23.56.26:641][  0]LogConfig: Applying CVar settings from Section [ViewDistanceQuality@3] File [D:/adale/Desktop/2DSouls/SideScroller/Saved/Config/Windows/Scalability.ini]
[2020.05.12-23.56.26:641][  0]LogConfig: Setting CVar [[r.SkeletalMeshLODBias:0]]
[2020.05.12-23.56.26:641][  0]LogConfig: Setting CVar [[r.ViewDistanceScale:1.0]]
[2020.05.12-23.56.26:641][  0]LogConfig: Applying CVar settings from Section [AntiAliasingQuality@3] File [D:/adale/Desktop/2DSouls/SideScroller/Saved/Config/Windows/Scalability.ini]
[2020.05.12-23.56.26:641][  0]LogConfig: Setting CVar [[r.PostProcessAAQuality:4]]
[2020.05.12-23.56.26:641][  0]LogConfig: Applying CVar settings from Section [ShadowQuality@3] File [D:/adale/Desktop/2DSouls/SideScroller/Saved/Config/Windows/Scalability.ini]
[2020.05.12-23.56.26:641][  0]LogConfig: Setting CVar [[r.LightFunctionQuality:1]]
[2020.05.12-23.56.26:641][  0]LogConfig: Setting CVar [[r.ShadowQuality:5]]
[2020.05.12-23.56.26:641][  0]LogConfig: Setting CVar [[r.Shadow.CSM.MaxCascades:10]]
[2020.05.12-23.56.26:642][  0]LogConfig: Setting CVar [[r.Shadow.MaxResolution:2048]]
[2020.05.12-23.56.26:642][  0]LogConfig: Setting CVar [[r.Shadow.MaxCSMResolution:2048]]
[2020.05.12-23.56.26:642][  0]LogConfig: Setting CVar [[r.Shadow.RadiusThreshold:0.01]]
[2020.05.12-23.56.26:642][  0]LogConfig: Setting CVar [[r.Shadow.DistanceScale:1.0]]
[2020.05.12-23.56.26:642][  0]LogConfig: Setting CVar [[r.Shadow.CSM.TransitionScale:1.0]]
[2020.05.12-23.56.26:642][  0]LogConfig: Setting CVar [[r.Shadow.PreShadowResolutionFactor:1.0]]
[2020.05.12-23.56.26:642][  0]LogConfig: Setting CVar [[r.DistanceFieldShadowing:1]]
[2020.05.12-23.56.26:642][  0]LogConfig: Setting CVar [[r.DistanceFieldAO:1]]
[2020.05.12-23.56.26:642][  0]LogConfig: Setting CVar [[r.AOQuality:2]]
[2020.05.12-23.56.26:642][  0]LogConfig: Setting CVar [[r.VolumetricFog:1]]
[2020.05.12-23.56.26:642][  0]LogConfig: Setting CVar [[r.VolumetricFog.GridPixelSize:8]]
[2020.05.12-23.56.26:642][  0]LogConfig: Setting CVar [[r.VolumetricFog.GridSizeZ:128]]
[2020.05.12-23.56.26:642][  0]LogConfig: Setting CVar [[r.VolumetricFog.HistoryMissSupersampleCount:4]]
[2020.05.12-23.56.26:642][  0]LogConfig: Setting CVar [[r.LightMaxDrawDistanceScale:1]]
[2020.05.12-23.56.26:643][  0]LogConfig: Setting CVar [[r.CapsuleShadows:1]]
[2020.05.12-23.56.26:643][  0]LogConfig: Applying CVar settings from Section [PostProcessQuality@3] File [D:/adale/Desktop/2DSouls/SideScroller/Saved/Config/Windows/Scalability.ini]
[2020.05.12-23.56.26:643][  0]LogConfig: Setting CVar [[r.MotionBlurQuality:4]]
[2020.05.12-23.56.26:643][  0]LogConfig: Setting CVar [[r.AmbientOcclusionMipLevelFactor:0.4]]
[2020.05.12-23.56.26:643][  0]LogConfig: Setting CVar [[r.AmbientOcclusionMaxQuality:100]]
[2020.05.12-23.56.26:643][  0]LogConfig: Setting CVar [[r.AmbientOcclusionLevels:-1]]
[2020.05.12-23.56.26:643][  0]LogConfig: Setting CVar [[r.AmbientOcclusionRadiusScale:1.0]]
[2020.05.12-23.56.26:643][  0]LogConfig: Setting CVar [[r.DepthOfFieldQuality:2]]
[2020.05.12-23.56.26:643][  0]LogConfig: Setting CVar [[r.RenderTargetPoolMin:400]]
[2020.05.12-23.56.26:643][  0]LogConfig: Setting CVar [[r.LensFlareQuality:2]]
[2020.05.12-23.56.26:643][  0]LogConfig: Setting CVar [[r.SceneColorFringeQuality:1]]
[2020.05.12-23.56.26:643][  0]LogConfig: Setting CVar [[r.EyeAdaptationQuality:2]]
[2020.05.12-23.56.26:643][  0]LogConfig: Setting CVar [[r.BloomQuality:5]]
[2020.05.12-23.56.26:643][  0]LogConfig: Setting CVar [[r.FastBlurThreshold:100]]
[2020.05.12-23.56.26:643][  0]LogConfig: Setting CVar [[r.Upscale.Quality:3]]
[2020.05.12-23.56.26:644][  0]LogConfig: Setting CVar [[r.Tonemapper.GrainQuantization:1]]
[2020.05.12-23.56.26:644][  0]LogConfig: Setting CVar [[r.LightShaftQuality:1]]
[2020.05.12-23.56.26:644][  0]LogConfig: Setting CVar [[r.Filter.SizeScale:1]]
[2020.05.12-23.56.26:644][  0]LogConfig: Setting CVar [[r.Tonemapper.Quality:5]]
[2020.05.12-23.56.26:644][  0]LogConfig: Setting CVar [[r.DOF.Gather.AccumulatorQuality:1        ; higher gathering accumulator quality]]
[2020.05.12-23.56.26:644][  0]LogConfig: Setting CVar [[r.DOF.Gather.PostfilterMethod:1          ; Median3x3 postfilering method]]
[2020.05.12-23.56.26:644][  0]LogConfig: Setting CVar [[r.DOF.Gather.EnableBokehSettings:0       ; no bokeh simulation when gathering]]
[2020.05.12-23.56.26:644][  0]LogConfig: Setting CVar [[r.DOF.Gather.RingCount:4                 ; medium number of samples when gathering]]
[2020.05.12-23.56.26:644][  0]LogConfig: Setting CVar [[r.DOF.Scatter.ForegroundCompositing:1    ; additive foreground scattering]]
[2020.05.12-23.56.26:644][  0]LogConfig: Setting CVar [[r.DOF.Scatter.BackgroundCompositing:2    ; additive background scattering]]
[2020.05.12-23.56.26:644][  0]LogConfig: Setting CVar [[r.DOF.Scatter.EnableBokehSettings:1      ; bokeh simulation when scattering]]
[2020.05.12-23.56.26:644][  0]LogConfig: Setting CVar [[r.DOF.Scatter.MaxSpriteRatio:0.1         ; only a maximum of 10% of scattered bokeh]]
[2020.05.12-23.56.26:644][  0]LogConfig: Setting CVar [[r.DOF.Recombine.Quality:1                ; cheap slight out of focus]]
[2020.05.12-23.56.26:645][  0]LogConfig: Setting CVar [[r.DOF.Recombine.EnableBokehSettings:0    ; no bokeh simulation on slight out of focus]]
[2020.05.12-23.56.26:645][  0]LogConfig: Setting CVar [[r.DOF.TemporalAAQuality:1                ; more stable temporal accumulation]]
[2020.05.12-23.56.26:645][  0]LogConfig: Setting CVar [[r.DOF.Kernel.MaxForegroundRadius:0.025]]
[2020.05.12-23.56.26:645][  0]LogConfig: Setting CVar [[r.DOF.Kernel.MaxBackgroundRadius:0.025]]
[2020.05.12-23.56.26:645][  0]LogConfig: Applying CVar settings from Section [TextureQuality@3] File [D:/adale/Desktop/2DSouls/SideScroller/Saved/Config/Windows/Scalability.ini]
[2020.05.12-23.56.26:645][  0]LogConfig: Setting CVar [[r.Streaming.MipBias:0]]
[2020.05.12-23.56.26:645][  0]LogConfig: Setting CVar [[r.Streaming.AmortizeCPUToGPUCopy:0]]
[2020.05.12-23.56.26:645][  0]LogConfig: Setting CVar [[r.Streaming.MaxNumTexturesToStreamPerFrame:0]]
[2020.05.12-23.56.26:645][  0]LogConfig: Setting CVar [[r.Streaming.Boost:1]]
[2020.05.12-23.56.26:645][  0]LogConfig: Setting CVar [[r.MaxAnisotropy:8]]
[2020.05.12-23.56.26:645][  0]LogConfig: Setting CVar [[r.VT.MaxAnisotropy:8]]
[2020.05.12-23.56.26:645][  0]LogConfig: Setting CVar [[r.Streaming.LimitPoolSizeToVRAM:0]]
[2020.05.12-23.56.26:645][  0]LogConfig: Setting CVar [[r.Streaming.PoolSize:1000]]
[2020.05.12-23.56.26:645][  0]LogConfig: Setting CVar [[r.Streaming.MaxEffectiveScreenSize:0]]
[2020.05.12-23.56.26:645][  0]LogConfig: Applying CVar settings from Section [EffectsQuality@3] File [D:/adale/Desktop/2DSouls/SideScroller/Saved/Config/Windows/Scalability.ini]
[2020.05.12-23.56.26:646][  0]LogConfig: Setting CVar [[r.TranslucencyLightingVolumeDim:64]]
[2020.05.12-23.56.26:646][  0]LogConfig: Setting CVar [[r.RefractionQuality:2]]
[2020.05.12-23.56.26:646][  0]LogConfig: Setting CVar [[r.SSR.Quality:3]]
[2020.05.12-23.56.26:646][  0]LogConfig: Setting CVar [[r.SSR.HalfResSceneColor:0]]
[2020.05.12-23.56.26:646][  0]LogConfig: Setting CVar [[r.SceneColorFormat:4]]
[2020.05.12-23.56.26:646][  0]LogConfig: Setting CVar [[r.DetailMode:2]]
[2020.05.12-23.56.26:646][  0]LogConfig: Setting CVar [[r.TranslucencyVolumeBlur:1]]
[2020.05.12-23.56.26:646][  0]LogConfig: Setting CVar [[r.MaterialQualityLevel:1 ; High quality]]
[2020.05.12-23.56.26:646][  0]LogConfig: Setting CVar [[r.SSS.Scale:1]]
[2020.05.12-23.56.26:646][  0]LogConfig: Setting CVar [[r.SSS.SampleSet:2]]
[2020.05.12-23.56.26:646][  0]LogConfig: Setting CVar [[r.SSS.Quality:1]]
[2020.05.12-23.56.26:646][  0]LogConfig: Setting CVar [[r.SSS.HalfRes:1]]
[2020.05.12-23.56.26:647][  0]LogConfig: Setting CVar [[r.SSGI.Quality:3]]
[2020.05.12-23.56.26:647][  0]LogConfig: Setting CVar [[r.EmitterSpawnRateScale:1.0]]
[2020.05.12-23.56.26:647][  0]LogConfig: Setting CVar [[r.ParticleLightQuality:2]]
[2020.05.12-23.56.26:647][  0]LogConfig: Setting CVar [[r.SkyAtmosphere.AerialPerspectiveLUT.FastApplyOnOpaque:1 ; Always have FastSkyLUT 1 in this case to avoid wrong sky]]
[2020.05.12-23.56.26:647][  0]LogConfig: Setting CVar [[r.SkyAtmosphere.AerialPerspectiveLUT.SampleCountPerSlice:1]]
[2020.05.12-23.56.26:647][  0]LogConfig: Setting CVar [[r.SkyAtmosphere.AerialPerspectiveLUT.DepthResolution:16.0]]
[2020.05.12-23.56.26:647][  0]LogConfig: Setting CVar [[r.SkyAtmosphere.FastSkyLUT:1]]
[2020.05.12-23.56.26:647][  0]LogConfig: Setting CVar [[r.SkyAtmosphere.FastSkyLUT.SampleCountMin:4.0]]
[2020.05.12-23.56.26:647][  0]LogConfig: Setting CVar [[r.SkyAtmosphere.FastSkyLUT.SampleCountMax:32.0]]
[2020.05.12-23.56.26:647][  0]LogConfig: Setting CVar [[r.SkyAtmosphere.SampleCountMin:4.0]]
[2020.05.12-23.56.26:647][  0]LogConfig: Setting CVar [[r.SkyAtmosphere.SampleCountMax:32.0]]
[2020.05.12-23.56.26:647][  0]LogConfig: Setting CVar [[r.SkyAtmosphere.TransmittanceLUT.UseSmallFormat:0]]
[2020.05.12-23.56.26:647][  0]LogConfig: Setting CVar [[r.SkyAtmosphere.TransmittanceLUT.SampleCount:10.0]]
[2020.05.12-23.56.26:647][  0]LogConfig: Setting CVar [[r.SkyAtmosphere.MultiScatteringLUT.SampleCount:15.0]]
[2020.05.12-23.56.26:647][  0]LogConfig: Applying CVar settings from Section [FoliageQuality@3] File [D:/adale/Desktop/2DSouls/SideScroller/Saved/Config/Windows/Scalability.ini]
[2020.05.12-23.56.26:647][  0]LogConfig: Setting CVar [[foliage.DensityScale:1.0]]
[2020.05.12-23.56.26:647][  0]LogConfig: Setting CVar [[grass.DensityScale:1.0]]
[2020.05.12-23.56.26:648][  0]LogConfig: Applying CVar settings from Section [ShadingQuality@3] File [D:/adale/Desktop/2DSouls/SideScroller/Saved/Config/Windows/Scalability.ini]
[2020.05.12-23.56.26:648][  0]LogConfig: Setting CVar [[r.HairStrands.SkyLighting.SampleCount:16]]
[2020.05.12-23.56.26:648][  0]LogConfig: Setting CVar [[r.HairStrands.SkyLighting.JitterIntegration:0]]
[2020.05.12-23.56.26:648][  0]LogConfig: Setting CVar [[r.HairStrands.SkyAO.SampleCount:16]]
[2020.05.12-23.56.26:648][  0]LogInit: Selected Device Profile: [Windows]
[2020.05.12-23.56.26:648][  0]LogInit: Applying CVar settings loaded from the selected device profile: [Windows]
[2020.05.12-23.56.26:651][  0]LogHAL: Display: Platform has ~ 16 GB [17039618048 / 17179869184 / 16], which maps to Larger [LargestMinGB=32, LargerMinGB=12, DefaultMinGB=8, SmallerMinGB=6, SmallestMinGB=0)
[2020.05.12-23.56.26:651][  0]LogInit: Going up to parent DeviceProfile []
[2020.05.12-23.56.26:651][  0]LogConfig: Applying CVar settings from Section [ViewDistanceQuality@3] File [D:/adale/Desktop/2DSouls/SideScroller/Saved/Config/Windows/Scalability.ini]
[2020.05.12-23.56.26:651][  0]LogConfig: Setting CVar [[r.SkeletalMeshLODBias:0]]
[2020.05.12-23.56.26:651][  0]LogConfig: Setting CVar [[r.ViewDistanceScale:1.0]]
[2020.05.12-23.56.26:651][  0]LogConfig: Applying CVar settings from Section [AntiAliasingQuality@3] File [D:/adale/Desktop/2DSouls/SideScroller/Saved/Config/Windows/Scalability.ini]
[2020.05.12-23.56.26:651][  0]LogConfig: Setting CVar [[r.PostProcessAAQuality:4]]
[2020.05.12-23.56.26:651][  0]LogConfig: Applying CVar settings from Section [ShadowQuality@3] File [D:/adale/Desktop/2DSouls/SideScroller/Saved/Config/Windows/Scalability.ini]
[2020.05.12-23.56.26:652][  0]LogConfig: Setting CVar [[r.LightFunctionQuality:1]]
[2020.05.12-23.56.26:652][  0]LogConfig: Setting CVar [[r.ShadowQuality:5]]
[2020.05.12-23.56.26:652][  0]LogConfig: Setting CVar [[r.Shadow.CSM.MaxCascades:10]]
[2020.05.12-23.56.26:652][  0]LogConfig: Setting CVar [[r.Shadow.MaxResolution:2048]]
[2020.05.12-23.56.26:652][  0]LogConfig: Setting CVar [[r.Shadow.MaxCSMResolution:2048]]
[2020.05.12-23.56.26:652][  0]LogConfig: Setting CVar [[r.Shadow.RadiusThreshold:0.01]]
[2020.05.12-23.56.26:652][  0]LogConfig: Setting CVar [[r.Shadow.DistanceScale:1.0]]
[2020.05.12-23.56.26:652][  0]LogConfig: Setting CVar [[r.Shadow.CSM.TransitionScale:1.0]]
[2020.05.12-23.56.26:652][  0]LogConfig: Setting CVar [[r.Shadow.PreShadowResolutionFactor:1.0]]
[2020.05.12-23.56.26:652][  0]LogConfig: Setting CVar [[r.DistanceFieldShadowing:1]]
[2020.05.12-23.56.26:652][  0]LogConfig: Setting CVar [[r.DistanceFieldAO:1]]
[2020.05.12-23.56.26:652][  0]LogConfig: Setting CVar [[r.AOQuality:2]]
[2020.05.12-23.56.26:652][  0]LogConfig: Setting CVar [[r.VolumetricFog:1]]
[2020.05.12-23.56.26:652][  0]LogConfig: Setting CVar [[r.VolumetricFog.GridPixelSize:8]]
[2020.05.12-23.56.26:652][  0]LogConfig: Setting CVar [[r.VolumetricFog.GridSizeZ:128]]
[2020.05.12-23.56.26:652][  0]LogConfig: Setting CVar [[r.VolumetricFog.HistoryMissSupersampleCount:4]]
[2020.05.12-23.56.26:652][  0]LogConfig: Setting CVar [[r.LightMaxDrawDistanceScale:1]]
[2020.05.12-23.56.26:652][  0]LogConfig: Setting CVar [[r.CapsuleShadows:1]]
[2020.05.12-23.56.26:653][  0]LogConfig: Applying CVar settings from Section [PostProcessQuality@3] File [D:/adale/Desktop/2DSouls/SideScroller/Saved/Config/Windows/Scalability.ini]
[2020.05.12-23.56.26:653][  0]LogConfig: Setting CVar [[r.MotionBlurQuality:4]]
[2020.05.12-23.56.26:653][  0]LogConfig: Setting CVar [[r.AmbientOcclusionMipLevelFactor:0.4]]
[2020.05.12-23.56.26:653][  0]LogConfig: Setting CVar [[r.AmbientOcclusionMaxQuality:100]]
[2020.05.12-23.56.26:653][  0]LogConfig: Setting CVar [[r.AmbientOcclusionLevels:-1]]
[2020.05.12-23.56.26:653][  0]LogConfig: Setting CVar [[r.AmbientOcclusionRadiusScale:1.0]]
[2020.05.12-23.56.26:653][  0]LogConfig: Setting CVar [[r.DepthOfFieldQuality:2]]
[2020.05.12-23.56.26:653][  0]LogConfig: Setting CVar [[r.RenderTargetPoolMin:400]]
[2020.05.12-23.56.26:653][  0]LogConfig: Setting CVar [[r.LensFlareQuality:2]]
[2020.05.12-23.56.26:653][  0]LogConfig: Setting CVar [[r.SceneColorFringeQuality:1]]
[2020.05.12-23.56.26:653][  0]LogConfig: Setting CVar [[r.EyeAdaptationQuality:2]]
[2020.05.12-23.56.26:653][  0]LogConfig: Setting CVar [[r.BloomQuality:5]]
[2020.05.12-23.56.26:653][  0]LogConfig: Setting CVar [[r.FastBlurThreshold:100]]
[2020.05.12-23.56.26:653][  0]LogConfig: Setting CVar [[r.Upscale.Quality:3]]
[2020.05.12-23.56.26:653][  0]LogConfig: Setting CVar [[r.Tonemapper.GrainQuantization:1]]
[2020.05.12-23.56.26:653][  0]LogConfig: Setting CVar [[r.LightShaftQuality:1]]
[2020.05.12-23.56.26:653][  0]LogConfig: Setting CVar [[r.Filter.SizeScale:1]]
[2020.05.12-23.56.26:653][  0]LogConfig: Setting CVar [[r.Tonemapper.Quality:5]]
[2020.05.12-23.56.26:654][  0]LogConfig: Setting CVar [[r.DOF.Gather.AccumulatorQuality:1        ; higher gathering accumulator quality]]
[2020.05.12-23.56.26:654][  0]LogConfig: Setting CVar [[r.DOF.Gather.PostfilterMethod:1          ; Median3x3 postfilering method]]
[2020.05.12-23.56.26:654][  0]LogConfig: Setting CVar [[r.DOF.Gather.EnableBokehSettings:0       ; no bokeh simulation when gathering]]
[2020.05.12-23.56.26:654][  0]LogConfig: Setting CVar [[r.DOF.Gather.RingCount:4                 ; medium number of samples when gathering]]
[2020.05.12-23.56.26:654][  0]LogConfig: Setting CVar [[r.DOF.Scatter.ForegroundCompositing:1    ; additive foreground scattering]]
[2020.05.12-23.56.26:654][  0]LogConfig: Setting CVar [[r.DOF.Scatter.BackgroundCompositing:2    ; additive background scattering]]
[2020.05.12-23.56.26:654][  0]LogConfig: Setting CVar [[r.DOF.Scatter.EnableBokehSettings:1      ; bokeh simulation when scattering]]
[2020.05.12-23.56.26:654][  0]LogConfig: Setting CVar [[r.DOF.Scatter.MaxSpriteRatio:0.1         ; only a maximum of 10% of scattered bokeh]]
[2020.05.12-23.56.26:654][  0]LogConfig: Setting CVar [[r.DOF.Recombine.Quality:1                ; cheap slight out of focus]]
[2020.05.12-23.56.26:654][  0]LogConfig: Setting CVar [[r.DOF.Recombine.EnableBokehSettings:0    ; no bokeh simulation on slight out of focus]]
[2020.05.12-23.56.26:654][  0]LogConfig: Setting CVar [[r.DOF.TemporalAAQuality:1                ; more stable temporal accumulation]]
[2020.05.12-23.56.26:654][  0]LogConfig: Setting CVar [[r.DOF.Kernel.MaxForegroundRadius:0.025]]
[2020.05.12-23.56.26:654][  0]LogConfig: Setting CVar [[r.DOF.Kernel.MaxBackgroundRadius:0.025]]
[2020.05.12-23.56.26:654][  0]LogConfig: Applying CVar settings from Section [TextureQuality@3] File [D:/adale/Desktop/2DSouls/SideScroller/Saved/Config/Windows/Scalability.ini]
[2020.05.12-23.56.26:654][  0]LogConfig: Setting CVar [[r.Streaming.MipBias:0]]
[2020.05.12-23.56.26:654][  0]LogConfig: Setting CVar [[r.Streaming.AmortizeCPUToGPUCopy:0]]
[2020.05.12-23.56.26:654][  0]LogConfig: Setting CVar [[r.Streaming.MaxNumTexturesToStreamPerFrame:0]]
[2020.05.12-23.56.26:655][  0]LogConfig: Setting CVar [[r.Streaming.Boost:1]]
[2020.05.12-23.56.26:655][  0]LogConfig: Setting CVar [[r.MaxAnisotropy:8]]
[2020.05.12-23.56.26:655][  0]LogConfig: Setting CVar [[r.VT.MaxAnisotropy:8]]
[2020.05.12-23.56.26:655][  0]LogConfig: Setting CVar [[r.Streaming.LimitPoolSizeToVRAM:0]]
[2020.05.12-23.56.26:655][  0]LogConfig: Setting CVar [[r.Streaming.PoolSize:1000]]
[2020.05.12-23.56.26:655][  0]LogConfig: Setting CVar [[r.Streaming.MaxEffectiveScreenSize:0]]
[2020.05.12-23.56.26:655][  0]LogConfig: Applying CVar settings from Section [EffectsQuality@3] File [D:/adale/Desktop/2DSouls/SideScroller/Saved/Config/Windows/Scalability.ini]
[2020.05.12-23.56.26:655][  0]LogConfig: Setting CVar [[r.TranslucencyLightingVolumeDim:64]]
[2020.05.12-23.56.26:655][  0]LogConfig: Setting CVar [[r.RefractionQuality:2]]
[2020.05.12-23.56.26:655][  0]LogConfig: Setting CVar [[r.SSR.Quality:3]]
[2020.05.12-23.56.26:655][  0]LogConfig: Setting CVar [[r.SSR.HalfResSceneColor:0]]
[2020.05.12-23.56.26:655][  0]LogConfig: Setting CVar [[r.SceneColorFormat:4]]
[2020.05.12-23.56.26:655][  0]LogConfig: Setting CVar [[r.DetailMode:2]]
[2020.05.12-23.56.26:655][  0]LogConfig: Setting CVar [[r.TranslucencyVolumeBlur:1]]
[2020.05.12-23.56.26:655][  0]LogConfig: Setting CVar [[r.MaterialQualityLevel:1 ; High quality]]
[2020.05.12-23.56.26:655][  0]LogConfig: Setting CVar [[r.SSS.Scale:1]]
[2020.05.12-23.56.26:655][  0]LogConfig: Setting CVar [[r.SSS.SampleSet:2]]
[2020.05.12-23.56.26:655][  0]LogConfig: Setting CVar [[r.SSS.Quality:1]]
[2020.05.12-23.56.26:656][  0]LogConfig: Setting CVar [[r.SSS.HalfRes:1]]
[2020.05.12-23.56.26:656][  0]LogConfig: Setting CVar [[r.SSGI.Quality:3]]
[2020.05.12-23.56.26:656][  0]LogConfig: Setting CVar [[r.EmitterSpawnRateScale:1.0]]
[2020.05.12-23.56.26:656][  0]LogConfig: Setting CVar [[r.ParticleLightQuality:2]]
[2020.05.12-23.56.26:656][  0]LogConfig: Setting CVar [[r.SkyAtmosphere.AerialPerspectiveLUT.FastApplyOnOpaque:1 ; Always have FastSkyLUT 1 in this case to avoid wrong sky]]
[2020.05.12-23.56.26:656][  0]LogConfig: Setting CVar [[r.SkyAtmosphere.AerialPerspectiveLUT.SampleCountPerSlice:1]]
[2020.05.12-23.56.26:656][  0]LogConfig: Setting CVar [[r.SkyAtmosphere.AerialPerspectiveLUT.DepthResolution:16.0]]
[2020.05.12-23.56.26:656][  0]LogConfig: Setting CVar [[r.SkyAtmosphere.FastSkyLUT:1]]
[2020.05.12-23.56.26:656][  0]LogConfig: Setting CVar [[r.SkyAtmosphere.FastSkyLUT.SampleCountMin:4.0]]
[2020.05.12-23.56.26:656][  0]LogConfig: Setting CVar [[r.SkyAtmosphere.FastSkyLUT.SampleCountMax:32.0]]
[2020.05.12-23.56.26:656][  0]LogConfig: Setting CVar [[r.SkyAtmosphere.SampleCountMin:4.0]]
[2020.05.12-23.56.26:656][  0]LogConfig: Setting CVar [[r.SkyAtmosphere.SampleCountMax:32.0]]
[2020.05.12-23.56.26:656][  0]LogConfig: Setting CVar [[r.SkyAtmosphere.TransmittanceLUT.UseSmallFormat:0]]
[2020.05.12-23.56.26:656][  0]LogConfig: Setting CVar [[r.SkyAtmosphere.TransmittanceLUT.SampleCount:10.0]]
[2020.05.12-23.56.26:656][  0]LogConfig: Setting CVar [[r.SkyAtmosphere.MultiScatteringLUT.SampleCount:15.0]]
[2020.05.12-23.56.26:656][  0]LogConfig: Applying CVar settings from Section [FoliageQuality@3] File [D:/adale/Desktop/2DSouls/SideScroller/Saved/Config/Windows/Scalability.ini]
[2020.05.12-23.56.26:656][  0]LogConfig: Setting CVar [[foliage.DensityScale:1.0]]
[2020.05.12-23.56.26:656][  0]LogConfig: Setting CVar [[grass.DensityScale:1.0]]
[2020.05.12-23.56.26:657][  0]LogConfig: Applying CVar settings from Section [ShadingQuality@3] File [D:/adale/Desktop/2DSouls/SideScroller/Saved/Config/Windows/Scalability.ini]
[2020.05.12-23.56.26:657][  0]LogConfig: Setting CVar [[r.HairStrands.SkyLighting.SampleCount:16]]
[2020.05.12-23.56.26:657][  0]LogConfig: Setting CVar [[r.HairStrands.SkyLighting.JitterIntegration:0]]
[2020.05.12-23.56.26:657][  0]LogConfig: Setting CVar [[r.HairStrands.SkyAO.SampleCount:16]]
[2020.05.12-23.56.26:657][  0]LogConfig: Applying CVar settings from Section [Startup] File [../../../Engine/Config/ConsoleVariables.ini]
[2020.05.12-23.56.26:657][  0]LogConfig: Setting CVar [[net.UseAdaptiveNetUpdateFrequency:0]]
[2020.05.12-23.56.26:657][  0]LogConfig: Setting CVar [[p.chaos.AllowCreatePhysxBodies:1]]
[2020.05.12-23.56.26:657][  0]LogConfig: Applying CVar settings from Section [ConsoleVariables] File [D:/adale/Desktop/2DSouls/SideScroller/Saved/Config/Windows/Engine.ini]
[2020.05.12-23.56.26:657][  0]LogInit: Computer: DESKTOP-J52MBI8
[2020.05.12-23.56.26:657][  0]LogInit: User: adale
[2020.05.12-23.56.26:658][  0]LogInit: CPU Page size=4096, Cores=4
[2020.05.12-23.56.26:658][  0]LogInit: High frequency timer resolution =10.000000 MHz
[2020.05.12-23.56.26:658][  0]LogMemory: Memory total: Physical=15.9GB (16GB approx)
[2020.05.12-23.56.26:658][  0]LogMemory: Platform Memory Stats for Windows
[2020.05.12-23.56.26:658][  0]LogMemory: Process Physical Memory: 105.70 MB used, 105.71 MB peak
[2020.05.12-23.56.26:658][  0]LogMemory: Process Virtual Memory: 100.61 MB used, 100.61 MB peak
[2020.05.12-23.56.26:658][  0]LogMemory: Physical Memory: 6097.11 MB used,  10153.14 MB free, 16250.25 MB total
[2020.05.12-23.56.26:659][  0]LogMemory: Virtual Memory: 5137.55 MB used,  134212592.00 MB free, 134217728.00 MB total
[2020.05.12-23.56.26:667][  0]LogWindows: WindowsPlatformFeatures enabled
[2020.05.12-23.56.26:893][  0]LogInit: Using OS detected language (en-US).
[2020.05.12-23.56.26:893][  0]LogInit: Using OS detected locale (en-CA).
[2020.05.12-23.56.26:895][  0]LogTextLocalizationManager: No specific localization for 'en-US' exists, so the 'en' localization will be used.
[2020.05.12-23.56.27:087][  0]LogInit: Setting process to per monitor DPI aware
[2020.05.12-23.56.27:172][  0]LogSlate: New Slate User Created.  User Index 0, Is Virtual User: 0
[2020.05.12-23.56.27:172][  0]LogSlate: Slate User Registered.  User Index 0, Is Virtual User: 0
[2020.05.12-23.56.27:469][  0]LogHMD: Failed to initialize OpenVR with code 110
[2020.05.12-23.56.27:469][  0]LogD3D11RHI: D3D11 min allowed feature level: 11_0
[2020.05.12-23.56.27:469][  0]LogD3D11RHI: D3D11 max allowed feature level: 11_0
[2020.05.12-23.56.27:469][  0]LogD3D11RHI: D3D11 adapters:
[2020.05.12-23.56.27:576][  0]LogD3D11RHI:    0. 'NVIDIA GeForce GTX 1050 Ti' (Feature Level 11_0)
[2020.05.12-23.56.27:576][  0]LogD3D11RHI:       4018/0/8125 MB DedicatedVideo/DedicatedSystem/SharedSystem, Outputs:2, VendorId:0x10de
[2020.05.12-23.56.27:616][  0]LogD3D11RHI:    1. 'Intel(R) HD Graphics 630' (Feature Level 11_0)
[2020.05.12-23.56.27:616][  0]LogD3D11RHI:       128/0/8125 MB DedicatedVideo/DedicatedSystem/SharedSystem, Outputs:0, VendorId:0x8086
[2020.05.12-23.56.27:622][  0]LogD3D11RHI:    2. 'Microsoft Basic Render Driver' (Feature Level 11_0)
[2020.05.12-23.56.27:622][  0]LogD3D11RHI:       0/0/8125 MB DedicatedVideo/DedicatedSystem/SharedSystem, Outputs:0, VendorId:0x1414
[2020.05.12-23.56.27:622][  0]LogD3D11RHI: Chosen D3D11 Adapter: 0
[2020.05.12-23.56.27:669][  0]LogD3D11RHI: Creating new Direct3DDevice
[2020.05.12-23.56.27:669][  0]LogD3D11RHI:     GPU DeviceId: 0x1c8c (for the marketing name, search the web for "GPU Device Id")
[2020.05.12-23.56.27:670][  0]LogWindows: EnumDisplayDevices:
[2020.05.12-23.56.27:670][  0]LogWindows:    0. 'Intel(R) HD Graphics 630' (P:1 D:1)
[2020.05.12-23.56.27:671][  0]LogWindows:    1. 'Intel(R) HD Graphics 630' (P:0 D:0)
[2020.05.12-23.56.27:671][  0]LogWindows:    2. 'Intel(R) HD Graphics 630' (P:0 D:0)
[2020.05.12-23.56.27:672][  0]LogWindows:    3. 'NVIDIA GeForce GTX 1050 Ti' (P:0 D:1)
[2020.05.12-23.56.27:672][  0]LogWindows: DebugString: PrimaryIsNotTheChoosenAdapter PrimaryIsNotTheChoosenAdapter PrimaryIsNotTheChoosenAdapter 
[2020.05.12-23.56.27:672][  0]LogD3D11RHI:     Adapter Name: NVIDIA GeForce GTX 1050 Ti
[2020.05.12-23.56.27:672][  0]LogD3D11RHI:   Driver Version: 441.08 (internal:26.21.14.4108, unified:441.08)
[2020.05.12-23.56.27:672][  0]LogD3D11RHI:      Driver Date: 10-22-2019
[2020.05.12-23.56.27:673][  0]LogRHI: Texture pool is 2812 MB (70% of 4018 MB)
[2020.05.12-23.56.27:737][  0]LogD3D11RHI: RHI has support for 64 bit atomics
[2020.05.12-23.56.27:738][  0]LogD3D11RHI: Async texture creation enabled
[2020.05.12-23.56.27:798][  0]LogD3D11RHI: GPU Timing Frequency: 1000.000000 (Debug: 2 1)
[2020.05.12-23.56.28:160][  0]LogTargetPlatformManager: Display: Loaded TargetPlatform 'AllDesktop'
[2020.05.12-23.56.28:200][  0]LogTargetPlatformManager: Display: Loaded TargetPlatform 'Android'
[2020.05.12-23.56.28:200][  0]LogTargetPlatformManager: Display: Loaded TargetPlatform 'Android_ASTC'
[2020.05.12-23.56.28:200][  0]LogTargetPlatformManager: Display: Loaded TargetPlatform 'Android_ATC'
[2020.05.12-23.56.28:200][  0]LogTargetPlatformManager: Display: Loaded TargetPlatform 'Android_DXT'
[2020.05.12-23.56.28:200][  0]LogTargetPlatformManager: Display: Loaded TargetPlatform 'Android_ETC1'
[2020.05.12-23.56.28:200][  0]LogTargetPlatformManager: Display: Loaded TargetPlatform 'Android_ETC1a'
[2020.05.12-23.56.28:200][  0]LogTargetPlatformManager: Display: Loaded TargetPlatform 'Android_ETC2'
[2020.05.12-23.56.28:200][  0]LogTargetPlatformManager: Display: Loaded TargetPlatform 'Android_PVRTC'
[2020.05.12-23.56.28:201][  0]LogTargetPlatformManager: Display: Loaded TargetPlatform 'AndroidClient'
[2020.05.12-23.56.28:201][  0]LogTargetPlatformManager: Display: Loaded TargetPlatform 'Android_ASTCClient'
[2020.05.12-23.56.28:201][  0]LogTargetPlatformManager: Display: Loaded TargetPlatform 'Android_ATCClient'
[2020.05.12-23.56.28:201][  0]LogTargetPlatformManager: Display: Loaded TargetPlatform 'Android_DXTClient'
[2020.05.12-23.56.28:201][  0]LogTargetPlatformManager: Display: Loaded TargetPlatform 'Android_ETC1Client'
[2020.05.12-23.56.28:201][  0]LogTargetPlatformManager: Display: Loaded TargetPlatform 'Android_ETC1aClient'
[2020.05.12-23.56.28:201][  0]LogTargetPlatformManager: Display: Loaded TargetPlatform 'Android_ETC2Client'
[2020.05.12-23.56.28:201][  0]LogTargetPlatformManager: Display: Loaded TargetPlatform 'Android_PVRTCClient'
[2020.05.12-23.56.28:201][  0]LogTargetPlatformManager: Display: Loaded TargetPlatform 'Android_Multi'
[2020.05.12-23.56.28:201][  0]LogTargetPlatformManager: Display: Loaded TargetPlatform 'Android_MultiClient'
[2020.05.12-23.56.28:235][  0]LogTargetPlatformManager: Display: Loaded TargetPlatform 'IOSClient'
[2020.05.12-23.56.28:235][  0]LogTargetPlatformManager: Display: Loaded TargetPlatform 'IOS'
[2020.05.12-23.56.28:245][  0]LogTargetPlatformManager: Display: Loaded TargetPlatform 'LinuxNoEditor'
[2020.05.12-23.56.28:257][  0]LogTargetPlatformManager: Display: Loaded TargetPlatform 'LinuxClient'
[2020.05.12-23.56.28:267][  0]LogTargetPlatformManager: Display: Loaded TargetPlatform 'LinuxServer'
[2020.05.12-23.56.28:277][  0]LogTargetPlatformManager: Display: Loaded TargetPlatform 'LinuxAArch64NoEditor'
[2020.05.12-23.56.28:287][  0]LogTargetPlatformManager: Display: Loaded TargetPlatform 'LinuxAArch64Client'
[2020.05.12-23.56.28:298][  0]LogTargetPlatformManager: Display: Loaded TargetPlatform 'LinuxAArch64Server'
[2020.05.12-23.56.28:328][  0]LogTargetPlatformManager: Display: Loaded TargetPlatform 'Lumin'
[2020.05.12-23.56.28:328][  0]LogTargetPlatformManager: Display: Loaded TargetPlatform 'LuminClient'
[2020.05.12-23.56.28:347][  0]LogTargetPlatformManager: Display: Loaded TargetPlatform 'TVOSClient'
[2020.05.12-23.56.28:347][  0]LogTargetPlatformManager: Display: Loaded TargetPlatform 'TVOS'
[2020.05.12-23.56.28:360][  0]LogTargetPlatformManager: Display: Loaded TargetPlatform 'WindowsNoEditor'
[2020.05.12-23.56.28:373][  0]LogTargetPlatformManager: Display: Loaded TargetPlatform 'Windows'
[2020.05.12-23.56.28:384][  0]LogTargetPlatformManager: Display: Loaded TargetPlatform 'WindowsClient'
[2020.05.12-23.56.28:396][  0]LogTargetPlatformManager: Display: Loaded TargetPlatform 'WindowsServer'
[2020.05.12-23.56.28:397][  0]LogTargetPlatformManager: Display: Building Assets For Windows
[2020.05.12-23.56.28:411][  0]LogAudioDebug: Display: Lib vorbis DLL was dynamically loaded.
[2020.05.12-23.56.28:490][  0]LogShaderCompilers: Guid format shader working directory is -3 characters bigger than the processId version (../../../../../adale/Desktop/2DSouls/SideScroller/Intermediate/Shaders/WorkingDirectory/8804/).
[2020.05.12-23.56.28:490][  0]LogShaderCompilers: Cleaned the shader compiler working directory 'C:/Users/adale/AppData/Local/Temp/UnrealShaderWorkingDir/B9B98F5F4DF39A1121A35CA014A88405/'.
[2020.05.12-23.56.28:491][  0]LogXGEController: Cleaning working directory: C:/Users/adale/AppData/Local/Temp/UnrealXGEWorkingDir/
[2020.05.12-23.56.28:491][  0]LogXGEController: Cannot use XGE Controller as Incredibuild is not installed on this machine.
[2020.05.12-23.56.28:491][  0]LogShaderCompilers: Cannot use XGE Shader Compiler as Incredibuild is not installed on this machine.
[2020.05.12-23.56.28:491][  0]LogShaderCompilers: Display: Using Local Shader Compiler.
[2020.05.12-23.56.29:338][  0]LogDerivedDataCache: Display: Max Cache Size: 512 MB
[2020.05.12-23.56.29:411][  0]LogDerivedDataCache: Loaded boot cache 0.07s 78MB C:/Users/adale/AppData/Local/UnrealEngine/4.24/DerivedDataCache/Boot.ddc.
[2020.05.12-23.56.29:411][  0]LogDerivedDataCache: Display: Loaded Boot cache: C:/Users/adale/AppData/Local/UnrealEngine/4.24/DerivedDataCache/Boot.ddc
[2020.05.12-23.56.29:411][  0]LogDerivedDataCache: FDerivedDataBackendGraph:  Pak pak cache file ../../../../../adale/Desktop/2DSouls/SideScroller/DerivedDataCache/DDC.ddp not found, will not use a pak cache.
[2020.05.12-23.56.29:412][  0]LogDerivedDataCache: Unable to find inner node Pak for hierarchical cache Hierarchy.
[2020.05.12-23.56.29:412][  0]LogDerivedDataCache: FDerivedDataBackendGraph:  CompressedPak pak cache file ../../../../../adale/Desktop/2DSouls/SideScroller/DerivedDataCache/Compressed.ddp not found, will not use a pak cache.
[2020.05.12-23.56.29:412][  0]LogDerivedDataCache: Unable to find inner node CompressedPak for hierarchical cache Hierarchy.
[2020.05.12-23.56.29:424][  0]LogDerivedDataCache: Display: Pak cache opened for reading ../../../Engine/DerivedDataCache/Compressed.ddp.
[2020.05.12-23.56.29:424][  0]LogDerivedDataCache: FDerivedDataBackendGraph:  EnterprisePak pak cache file ../../../Enterprise/DerivedDataCache/Compressed.ddp not found, will not use a pak cache.
[2020.05.12-23.56.29:425][  0]LogDerivedDataCache: Unable to find inner node EnterprisePak for hierarchical cache Hierarchy.
[2020.05.12-23.56.29:428][  0]LogDerivedDataCache: Using Local data cache path C:/Users/adale/AppData/Local/UnrealEngine/Common/DerivedDataCache: Writable
[2020.05.12-23.56.29:428][  0]LogDerivedDataCache: Shared data cache path not found in *engine.ini, will not use an Shared cache.
[2020.05.12-23.56.29:428][  0]LogDerivedDataCache: Unable to find inner node Shared for hierarchical cache Hierarchy.
[2020.05.12-23.56.29:457][  0]LogMaterial: Verifying Global Shaders for PCD3D_SM5
[2020.05.12-23.56.29:461][  0]LogSlate: Using FreeType 2.10.0
[2020.05.12-23.56.29:462][  0]LogSlate: SlateFontServices - WITH_FREETYPE: 1, WITH_HARFBUZZ: 1
[2020.05.12-23.56.29:540][  0]LogAssetRegistry: FAssetRegistry took 0.0080 seconds to start up
[2020.05.12-23.56.29:895][  0]LogInit: Selected Device Profile: [Windows]
[2020.05.12-23.56.30:103][  0]LogMeshReduction: Using QuadricMeshReduction for automatic static mesh reduction
[2020.05.12-23.56.30:103][  0]LogMeshReduction: Using SimplygonMeshReduction for automatic skeletal mesh reduction
[2020.05.12-23.56.30:103][  0]LogMeshReduction: Using ProxyLODMeshReduction for automatic mesh merging
[2020.05.12-23.56.30:103][  0]LogMeshReduction: No distributed automatic mesh merging module available
[2020.05.12-23.56.30:103][  0]LogMeshMerging: No distributed automatic mesh merging module available
[2020.05.12-23.56.30:120][  0]LogNetVersion: SideScroller 1.0.0, NetCL: 10570792, EngineNetVer: 13, GameNetVer: 0 (Checksum: 2260462969)
[2020.05.12-23.56.31:459][  0]LogPackageLocalizationCache: Processed 10 localized package path(s) for 1 prioritized culture(s) in 0.067391 seconds
[2020.05.12-23.56.31:468][  0]LogUObjectArray: 46750 objects as part of root set at end of initial load.
[2020.05.12-23.56.31:468][  0]LogUObjectAllocator: 8137160 out of 0 bytes used by permanent object pool.
[2020.05.12-23.56.31:469][  0]LogUObjectArray: CloseDisregardForGC: 0/0 objects in disregard for GC pool
[2020.05.12-23.56.32:211][  0]LogTcpMessaging: Initializing TcpMessaging bridge
[2020.05.12-23.56.32:218][  0]LogUdpMessaging: Initializing bridge on interface 0.0.0.0:0 to multicast group 230.0.0.1:6666.
[2020.05.12-23.56.32:355][  0]SourceControl: Source control is disabled
[2020.05.12-23.56.32:356][  0]SourceControl: Source control is disabled
[2020.05.12-23.56.32:361][  0]SourceControl: Source control is disabled
[2020.05.12-23.56.32:365][  0]SourceControl: Source control is disabled
[2020.05.12-23.56.32:369][  0]SourceControl: Source control is disabled
[2020.05.12-23.56.32:562][  0]LogAndroidPermission: UAndroidPermissionCallbackProxy::GetInstance
[2020.05.12-23.56.32:593][  0]LogAudioCaptureCore: Display: No Audio Capture implementations found. Audio input will be silent.
[2020.05.12-23.56.32:593][  0]LogAudioCaptureCore: Display: No Audio Capture implementations found. Audio input will be silent.
[2020.05.12-23.56.32:706][  0]LogOcInput: OculusInput pre-init called
[2020.05.12-23.56.32:719][  0]LogWindows: Failed to load 'OVRPlugin.dll' (GetLastError=126)
[2020.05.12-23.56.32:719][  0]LogWindows: File 'OVRPlugin.dll' does not exist
[2020.05.12-23.56.32:816][  0]LogEngine: Initializing Engine...
[2020.05.12-23.56.32:817][  0]LogHMD: Failed to initialize OpenVR with code 110
[2020.05.12-23.56.32:819][  0]LogStats: UGameplayTagsManager::InitializeManager -  0.000 s
[2020.05.12-23.56.33:277][  0]LogInit: Initializing FReadOnlyCVARCache
[2020.05.12-23.56.33:290][  0]LogAIModule: Creating AISystem for world Untitled
[2020.05.12-23.56.33:295][  0]LogAudioMixer: Display: Audio Mixer Platform Settings:
[2020.05.12-23.56.33:295][  0]LogAudioMixer: Display: 	Sample Rate:						  48000
[2020.05.12-23.56.33:295][  0]LogAudioMixer: Display: 	Callback Buffer Frame Size Requested: 1024
[2020.05.12-23.56.33:295][  0]LogAudioMixer: Display: 	Callback Buffer Frame Size To Use:	  1024
[2020.05.12-23.56.33:295][  0]LogAudioMixer: Display: 	Number of buffers to queue:			  2
[2020.05.12-23.56.33:295][  0]LogAudioMixer: Display: 	Max Channels (voices):				  32
[2020.05.12-23.56.33:296][  0]LogAudioMixer: Display: 	Number of Async Source Workers:		  0
[2020.05.12-23.56.33:296][  0]LogAudio: Display: AudioDevice MaxSources: 32
[2020.05.12-23.56.33:296][  0]LogAudio: Display: Using built-in audio occlusion.
[2020.05.12-23.56.33:296][  0]LogAudioMixer: Display: Initializing audio mixer.
[2020.05.12-23.56.33:328][  0]LogAudioMixer: Display: Audio Device Output Speaker Info:
[2020.05.12-23.56.33:328][  0]LogAudioMixer: Display: Name: Speakers / Headphones (Realtek Audio)
[2020.05.12-23.56.33:329][  0]LogAudioMixer: Display: Is Default: Yes
[2020.05.12-23.56.33:329][  0]LogAudioMixer: Display: Sample Rate: 48000
[2020.05.12-23.56.33:329][  0]LogAudioMixer: Display: Channel Count Used: 2
[2020.05.12-23.56.33:329][  0]LogAudioMixer: Display: Device Channel Count: 2
[2020.05.12-23.56.33:329][  0]LogAudioMixer: Display: Channel Order:
[2020.05.12-23.56.33:329][  0]LogAudioMixer: Display: 0: FrontLeft
[2020.05.12-23.56.33:329][  0]LogAudioMixer: Display: 1: FrontRight
[2020.05.12-23.56.34:442][  0]LogAudioMixer: Display: Using Audio Device Speakers / Headphones (Realtek Audio)
[2020.05.12-23.56.34:449][  0]LogInit: FAudioDevice initialized.
[2020.05.12-23.56.34:449][  0]LogNetVersion: Set ProjectVersion to 1.0.0.0. Version Checksum will be recalculated on next use.
[2020.05.12-23.56.34:540][  0]LogDerivedDataCache: Saved boot cache 0.09s 78MB C:/Users/adale/AppData/Local/UnrealEngine/4.24/DerivedDataCache/Boot.ddc.
[2020.05.12-23.56.34:546][  0]LogInit: Texture streaming: Enabled
[2020.05.12-23.56.34:572][  0]LogEngineSessionManager: EngineSessionManager initialized
[2020.05.12-23.56.34:572][  0]LogEditorSessionSummary: Verbose: Initializing EditorSessionSummaryWriter for editor session tracking
[2020.05.12-23.56.34:576][  0]LogEditorSessionSummary: EditorSessionSummaryWriter initialized
[2020.05.12-23.56.34:654][  0]LogInit: Transaction tracking system initialized
[2020.05.12-23.56.34:687][  0]BlueprintLog: New page: Editor Load
[2020.05.12-23.56.34:780][  0]LocalizationService: Localization service is disabled
[2020.05.12-23.56.35:248][  0]LogFileCache: Scanning file cache for directory 'D:/adale/Desktop/2DSouls/SideScroller/Content/' took 0.01s
[2020.05.12-23.56.35:248][  0]LogCook: Display: Max memory allowance for cook 16384mb min free memory 0mb
[2020.05.12-23.56.35:248][  0]LogCook: Display: Mobile HDR setting 1
[2020.05.12-23.56.36:285][  0]SourceControl: Source control is disabled
[2020.05.12-23.56.36:286][  0]Cmd: MAP LOAD FILE="../../../../../adale/Desktop/2DSouls/SideScroller/Content/Levels/World.umap" TEMPLATE=0 SHOWPROGRESS=1 FEATURELEVEL=3
[2020.05.12-23.56.36:287][  0]LightingResults: New page: Lighting Build
[2020.05.12-23.56.36:288][  0]LogWorld: UWorld::CleanupWorld for Untitled, bSessionEnded=true, bCleanupResources=true
[2020.05.12-23.56.36:288][  0]LogSlate: InvalidateAllWidgets triggered.  All widgets were invalidated
[2020.05.12-23.56.36:288][  0]MapCheck: New page: Map Check
[2020.05.12-23.56.36:289][  0]LightingResults: New page: Lighting Build
[2020.05.12-23.56.36:318][  0]LogUObjectHash: Compacting FUObjectHashTables data took   2.52ms
[2020.05.12-23.56.36:550][  0]LogAIModule: Creating AISystem for world World
[2020.05.12-23.56.36:556][  0]LogEditorServer: Finished looking for orphan Actors (0.000 secs)
[2020.05.12-23.56.36:590][  0]LogUObjectHash: Compacting FUObjectHashTables data took   2.18ms
[2020.05.12-23.56.36:590][  0]Cmd: MAP CHECKDEP NOCLEARLOG
[2020.05.12-23.56.36:590][  0]MapCheck: Map check complete: 0 Error(s), 0 Warning(s), took 0.101ms to complete.
[2020.05.12-23.56.36:591][  0]LogFileHelpers: Loading map 'World' took 0.305
[2020.05.12-23.56.36:750][  0]LogSlate: Updating window title bar state: overlay mode, drag disabled, window buttons hidden, title bar hidden
[2020.05.12-23.56.36:757][  0]LogSlate: Updating window title bar state: overlay mode, drag disabled, window buttons hidden, title bar hidden
[2020.05.12-23.56.36:765][  0]LogSlate: Updating window title bar state: overlay mode, drag disabled, window buttons hidden, title bar hidden
[2020.05.12-23.56.36:772][  0]LogSlate: Updating window title bar state: overlay mode, drag disabled, window buttons hidden, title bar hidden
[2020.05.12-23.56.36:778][  0]LogCollectionManager: Loaded 0 collections in 0.001305 seconds
[2020.05.12-23.56.36:802][  0]LogFileCache: Scanning file cache for directory 'D:/adale/Desktop/2DSouls/SideScroller/Saved/Collections/' took 0.00s
[2020.05.12-23.56.36:802][  0]LogFileCache: Scanning file cache for directory 'D:/adale/Desktop/2DSouls/SideScroller/Content/Developers/adale/Collections/' took 0.00s
[2020.05.12-23.56.36:802][  0]LogFileCache: Scanning file cache for directory 'D:/adale/Desktop/2DSouls/SideScroller/Content/Collections/' took 0.00s
[2020.05.12-23.56.36:802][  0]LogContentBrowser: Native class hierarchy populated in 0.0098 seconds. Added 3026 classes and 719 folders.
[2020.05.12-23.56.36:807][  0]LogContentBrowser: Native class hierarchy updated for 'WidgetCarousel' in 0.0006 seconds. Added 0 classes and 0 folders.
[2020.05.12-23.56.36:899][  0]LogContentBrowser: Native class hierarchy updated for 'AddContentDialog' in 0.0006 seconds. Added 0 classes and 0 folders.
[2020.05.12-23.56.36:909][  0]LogContentBrowser: Native class hierarchy updated for 'SceneOutliner' in 0.0005 seconds. Added 2 classes and 3 folders.
[2020.05.12-23.56.37:007][  0]LogSlate: Took 0.000423 seconds to synchronously load lazily loaded font '../../../Engine/Content/Slate/Fonts/Roboto-Regular.ttf' (155K)
[2020.05.12-23.56.37:009][  0]LogSlate: Took 0.000246 seconds to synchronously load lazily loaded font '../../../Engine/Content/Slate/Fonts/Roboto-Bold.ttf' (160K)
[2020.05.12-23.56.37:016][  0]LogSlate: Took 0.000240 seconds to synchronously load lazily loaded font '../../../Engine/Content/Editor/Slate/Fonts/FontAwesome.ttf' (139K)
[2020.05.12-23.56.37:103][  0]LogRenderer: Reallocating scene render targets to support 1120x572 Format 10 NumSamples 1 (Frame:1).
[2020.05.12-23.56.37:261][  0]LogContentBrowser: Native class hierarchy updated for 'HierarchicalLODOutliner' in 0.0005 seconds. Added 0 classes and 0 folders.
[2020.05.12-23.56.37:262][  0]LogLoad: (Engine Initialization) Total time: 13.06 seconds
[2020.05.12-23.56.37:262][  0]LogLoad: (Engine Initialization) Total Blueprint compile time: 0.00 seconds
[2020.05.12-23.56.37:328][  0]LogAssetRegistry: Asset discovery search completed in 7.7930 seconds
[2020.05.12-23.56.37:333][  0]LogCollectionManager: Fixed up redirectors for 0 collections in 0.000008 seconds (updated 0 objects)
[2020.05.12-23.56.37:334][  0]LogContentStreaming: Texture pool size now 1000 MB
[2020.05.12-23.56.37:375][  0]LogSlate: Took 0.000185 seconds to synchronously load lazily loaded font '../../../Engine/Content/Slate/Fonts/Roboto-Light.ttf' (167K)
[2020.05.12-23.56.53:117][917]LogEditorViewport: Clicking on Actor (LMB): BP_Floor_C (BP_Floor)
[2020.05.12-23.56.59:522][134]LogTemp: Repeating last play command: Selected Viewport
[2020.05.12-23.56.59:540][134]LogPlayLevel: PlayLevel: No blueprints needed recompiling
[2020.05.12-23.56.59:542][134]PIE: New page: PIE session: World (May 12, 2020, 3:56:59 p.m.)
[2020.05.12-23.56.59:544][134]LogOnline: OSS: Creating online subsystem instance for: NULL
[2020.05.12-23.56.59:548][134]LogOnline: OSS: TryLoadSubsystemAndSetDefault: Loaded subsystem for module [NULL]
[2020.05.12-23.56.59:548][134]LogPlayLevel: Creating play world package: /Game/Levels/UEDPIE_0_World
[2020.05.12-23.56.59:554][134]LogPlayLevel: PIE: StaticDuplicateObject took: (0.005654s)
[2020.05.12-23.56.59:556][134]LogAIModule: Creating AISystem for world World
[2020.05.12-23.56.59:556][134]LogPlayLevel: PIE: World Init took: (0.002084s)
[2020.05.12-23.56.59:557][134]LogPlayLevel: PIE: Created PIE world by copying editor world from /Game/Levels/World.World to /Game/Levels/UEDPIE_0_World.World (0.008535s)
[2020.05.12-23.56.59:588][134]LogUObjectHash: Compacting FUObjectHashTables data took   1.81ms
[2020.05.12-23.56.59:593][134]LogAudioMixer: Display: Audio Mixer Platform Settings:
[2020.05.12-23.56.59:593][134]LogAudioMixer: Display: 	Sample Rate:						  48000
[2020.05.12-23.56.59:594][134]LogAudioMixer: Display: 	Callback Buffer Frame Size Requested: 1024
[2020.05.12-23.56.59:594][134]LogAudioMixer: Display: 	Callback Buffer Frame Size To Use:	  1024
[2020.05.12-23.56.59:594][134]LogAudioMixer: Display: 	Number of buffers to queue:			  2
[2020.05.12-23.56.59:594][134]LogAudioMixer: Display: 	Max Channels (voices):				  32
[2020.05.12-23.56.59:594][134]LogAudioMixer: Display: 	Number of Async Source Workers:		  0
[2020.05.12-23.56.59:594][134]LogAudio: Display: AudioDevice MaxSources: 32
[2020.05.12-23.56.59:595][134]LogAudio: Display: Using built-in audio occlusion.
[2020.05.12-23.56.59:595][134]LogAudioMixer: Display: Initializing audio mixer.
[2020.05.12-23.56.59:614][134]LogAudioMixer: Display: Audio Device Output Speaker Info:
[2020.05.12-23.56.59:615][134]LogAudioMixer: Display: Name: Speakers / Headphones (Realtek Audio)
[2020.05.12-23.56.59:615][134]LogAudioMixer: Display: Is Default: Yes
[2020.05.12-23.56.59:615][134]LogAudioMixer: Display: Sample Rate: 48000
[2020.05.12-23.56.59:615][134]LogAudioMixer: Display: Channel Count Used: 2
[2020.05.12-23.56.59:615][134]LogAudioMixer: Display: Device Channel Count: 2
[2020.05.12-23.56.59:615][134]LogAudioMixer: Display: Channel Order:
[2020.05.12-23.56.59:615][134]LogAudioMixer: Display: 0: FrontLeft
[2020.05.12-23.56.59:616][134]LogAudioMixer: Display: 1: FrontRight
[2020.05.12-23.56.59:713][134]LogAudioMixer: Display: Using Audio Device Speakers / Headphones (Realtek Audio)
[2020.05.12-23.56.59:716][134]LogInit: FAudioDevice initialized.
[2020.05.12-23.56.59:897][134]LogLoad: Game class is 'BP_SideScrollerGameModeBase_C'
[2020.05.12-23.56.59:900][134]LogWorld: Bringing World /Game/Levels/UEDPIE_0_World.World up for play (max tick rate 60) at 2020.05.12-19.56.59
[2020.05.12-23.56.59:901][134]LogWorld: Bringing up level for play took: 0.001600
[2020.05.12-23.56.59:901][134]LogOnline: OSS: Creating online subsystem instance for: :Context_1
[2020.05.12-23.56.59:907][134]LogContentBrowser: Native class hierarchy updated for 'MovieSceneCapture' in 0.0006 seconds. Added 20 classes and 0 folders.
[2020.05.12-23.56.59:910][134]PIE: Play in editor start time for /Game/Levels/UEDPIE_0_World 0.887
[2020.05.12-23.57.13:301][926]LogAudioMixer: Display: No commands were queued while flushing the source manager.
[2020.05.12-23.57.13:301][926]LogAudioMixer: Display: No commands were queued while flushing the source manager.
[2020.05.12-23.57.13:302][926]LogSlate: Updating window title bar state: overlay mode, drag disabled, window buttons hidden, title bar hidden
[2020.05.12-23.57.13:302][926]LogWorld: BeginTearingDown for /Game/Levels/UEDPIE_0_World
[2020.05.12-23.57.13:302][926]LogAudioMixer: Display: No commands were queued while flushing the source manager.
[2020.05.12-23.57.13:303][926]LogWorld: UWorld::CleanupWorld for World, bSessionEnded=true, bCleanupResources=true
[2020.05.12-23.57.13:303][926]LogSlate: InvalidateAllWidgets triggered.  All widgets were invalidated
[2020.05.12-23.57.13:319][926]LogPlayLevel: Display: Shutting down PIE online subsystems
[2020.05.12-23.57.13:322][926]LogSlate: InvalidateAllWidgets triggered.  All widgets were invalidated
[2020.05.12-23.57.13:347][926]LogAudioMixer: Display: No commands were queued while flushing the source manager.
[2020.05.12-23.57.13:355][926]LogSlate: Updating window title bar state: overlay mode, drag disabled, window buttons hidden, title bar hidden
[2020.05.12-23.57.13:360][926]LogUObjectHash: Compacting FUObjectHashTables data took   2.86ms
[2020.05.12-23.57.13:402][928]LogPlayLevel: Display: Destroying online subsystem :Context_1
[2020.05.12-23.57.39:584][936]LogEditorViewport: Clicking on Actor (LMB): BP_Floor_C (BP_Floor)
[2020.05.12-23.57.49:486][519]LogSlate: Took 0.000263 seconds to synchronously load lazily loaded font '../../../Engine/Content/Slate/Fonts/Roboto-Light.ttf' (167K)
[2020.05.12-23.57.49:520][519]LogAssetEditorSubsystem: Opening Asset editor for WidgetBlueprint /Game/Blueprint/GameBlueprints/Menus/BonfireMenuWidget.BonfireMenuWidget
[2020.05.12-23.57.52:626][519]LogContentBrowser: Native class hierarchy updated for 'BlueprintGraph' in 0.0008 seconds. Added 121 classes and 0 folders.
[2020.05.12-23.57.59:677][519]LogSlate: Took 0.013752 seconds to synchronously load lazily loaded font '../../../Engine/Content/Slate/Fonts/Roboto-BoldCondensed.ttf' (158K)
[2020.05.12-23.59.30:443][216]LogSlate: Took 0.013068 seconds to synchronously load lazily loaded font '../../../Engine/Content/Slate/Fonts/Roboto-Italic.ttf' (157K)
[2020.05.12-23.59.52:084][476]BlueprintLog: New page: Compile BonfireMenuWidget
[2020.05.12-23.59.52:163][476]LogUObjectHash: Compacting FUObjectHashTables data took   5.67ms
[2020.05.12-23.59.53:913][500]LogSavePackage: Moving '../../../../../adale/Desktop/2DSouls/SideScroller/Saved/BonfireMenuWidget9C959CD4425B11971F3995B8CA5D3DCF.tmp' to '../../../../../adale/Desktop/2DSouls/SideScroller/Content/Blueprint/GameBlueprints/Menus/BonfireMenuWidget.uasset'
[2020.05.12-23.59.54:113][500]AssetCheck: New page: Asset Save: BonfireMenuWidget
[2020.05.12-23.59.54:113][500]LogContentValidation: Display: Validating WidgetBlueprint /Game/Blueprint/GameBlueprints/Menus/BonfireMenuWidget.BonfireMenuWidget
[2020.05.13-00.02.06:273][992]LogSelectionDetails: Warning: NavigateToFunctionSource:  Unable to find symbols for 'UGameplayStatics::GetPlayerPawn' [Element not found.]
[2020.05.13-00.02.11:705][292]BlueprintLog: New page: Compile BonfireMenuWidget
[2020.05.13-00.02.11:761][292]LogUObjectHash: Compacting FUObjectHashTables data took   7.03ms
[2020.05.13-00.02.12:498][323]LogSavePackage: Moving '../../../../../adale/Desktop/2DSouls/SideScroller/Saved/BonfireMenuWidgetFE660EDE4297F18137D363A0AD8C6276.tmp' to '../../../../../adale/Desktop/2DSouls/SideScroller/Content/Blueprint/GameBlueprints/Menus/BonfireMenuWidget.uasset'
[2020.05.13-00.02.12:520][323]AssetCheck: New page: Asset Save: BonfireMenuWidget
[2020.05.13-00.02.12:520][323]LogContentValidation: Display: Validating WidgetBlueprint /Game/Blueprint/GameBlueprints/Menus/BonfireMenuWidget.BonfireMenuWidget
[2020.05.13-00.02.14:684][397]LogSlate: Window 'BonfireMenuWidget' being destroyed
[2020.05.13-00.02.14:774][397]LogSlate: Window 'BonfireMenuWidget' being destroyed
[2020.05.13-00.02.15:029][397]LogWorld: UWorld::CleanupWorld for World_1, bSessionEnded=true, bCleanupResources=true
[2020.05.13-00.02.15:029][397]LogSlate: InvalidateAllWidgets triggered.  All widgets were invalidated
[2020.05.13-00.02.15:182][397]LogWorld: UWorld::CleanupWorld for World_0, bSessionEnded=true, bCleanupResources=true
[2020.05.13-00.02.15:182][397]LogSlate: InvalidateAllWidgets triggered.  All widgets were invalidated
[2020.05.13-00.02.16:198][453]LogTemp: Repeating last play command: Selected Viewport
[2020.05.13-00.02.16:221][453]LogPlayLevel: PlayLevel: No blueprints needed recompiling
[2020.05.13-00.02.16:221][453]PIE: New page: PIE session: World (May 12, 2020, 4:02:16 p.m.)
[2020.05.13-00.02.16:222][453]LogPlayLevel: Creating play world package: /Game/Levels/UEDPIE_0_World
[2020.05.13-00.02.16:226][453]LogPlayLevel: PIE: StaticDuplicateObject took: (0.004353s)
[2020.05.13-00.02.16:228][453]LogAIModule: Creating AISystem for world World
[2020.05.13-00.02.16:228][453]LogPlayLevel: PIE: World Init took: (0.001832s)
[2020.05.13-00.02.16:229][453]LogPlayLevel: PIE: Created PIE world by copying editor world from /Game/Levels/World.World to /Game/Levels/UEDPIE_0_World.World (0.006725s)
[2020.05.13-00.02.16:295][453]LogUObjectHash: Compacting FUObjectHashTables data took   4.82ms
[2020.05.13-00.02.16:296][453]LogAudioMixer: Display: Audio Mixer Platform Settings:
[2020.05.13-00.02.16:296][453]LogAudioMixer: Display: 	Sample Rate:						  48000
[2020.05.13-00.02.16:297][453]LogAudioMixer: Display: 	Callback Buffer Frame Size Requested: 1024
[2020.05.13-00.02.16:297][453]LogAudioMixer: Display: 	Callback Buffer Frame Size To Use:	  1024
[2020.05.13-00.02.16:297][453]LogAudioMixer: Display: 	Number of buffers to queue:			  2
[2020.05.13-00.02.16:297][453]LogAudioMixer: Display: 	Max Channels (voices):				  32
[2020.05.13-00.02.16:297][453]LogAudioMixer: Display: 	Number of Async Source Workers:		  0
[2020.05.13-00.02.16:297][453]LogAudio: Display: AudioDevice MaxSources: 32
[2020.05.13-00.02.16:298][453]LogAudio: Display: Using built-in audio occlusion.
[2020.05.13-00.02.16:298][453]LogAudioMixer: Display: Initializing audio mixer.
[2020.05.13-00.02.16:320][453]LogAudioMixer: Display: Audio Device Output Speaker Info:
[2020.05.13-00.02.16:320][453]LogAudioMixer: Display: Name: Speakers / Headphones (Realtek Audio)
[2020.05.13-00.02.16:320][453]LogAudioMixer: Display: Is Default: Yes
[2020.05.13-00.02.16:320][453]LogAudioMixer: Display: Sample Rate: 48000
[2020.05.13-00.02.16:320][453]LogAudioMixer: Display: Channel Count Used: 2
[2020.05.13-00.02.16:320][453]LogAudioMixer: Display: Device Channel Count: 2
[2020.05.13-00.02.16:320][453]LogAudioMixer: Display: Channel Order:
[2020.05.13-00.02.16:321][453]LogAudioMixer: Display: 0: FrontLeft
[2020.05.13-00.02.16:321][453]LogAudioMixer: Display: 1: FrontRight
[2020.05.13-00.02.16:424][453]LogAudioMixer: Display: Using Audio Device Speakers / Headphones (Realtek Audio)
[2020.05.13-00.02.16:428][453]LogInit: FAudioDevice initialized.
[2020.05.13-00.02.16:446][453]LogLoad: Game class is 'BP_SideScrollerGameModeBase_C'
[2020.05.13-00.02.16:447][453]LogWorld: Bringing World /Game/Levels/UEDPIE_0_World.World up for play (max tick rate 60) at 2020.05.12-20.02.16
[2020.05.13-00.02.16:448][453]LogWorld: Bringing up level for play took: 0.001144
[2020.05.13-00.02.16:448][453]LogOnline: OSS: Creating online subsystem instance for: :Context_4
[2020.05.13-00.02.16:453][453]PIE: Play in editor start time for /Game/Levels/UEDPIE_0_World -0.569
[2020.05.13-00.02.24:016][903]LogAudioMixer: Display: No commands were queued while flushing the source manager.
[2020.05.13-00.02.24:016][903]LogAudioMixer: Display: No commands were queued while flushing the source manager.
[2020.05.13-00.02.24:017][903]LogSlate: Updating window title bar state: overlay mode, drag disabled, window buttons hidden, title bar hidden
[2020.05.13-00.02.24:017][903]LogWorld: BeginTearingDown for /Game/Levels/UEDPIE_0_World
[2020.05.13-00.02.24:017][903]LogAudioMixer: Display: No commands were queued while flushing the source manager.
[2020.05.13-00.02.24:018][903]LogWorld: UWorld::CleanupWorld for World, bSessionEnded=true, bCleanupResources=true
[2020.05.13-00.02.24:018][903]LogSlate: InvalidateAllWidgets triggered.  All widgets were invalidated
[2020.05.13-00.02.24:031][903]LogPlayLevel: Display: Shutting down PIE online subsystems
[2020.05.13-00.02.24:036][903]LogSlate: InvalidateAllWidgets triggered.  All widgets were invalidated
[2020.05.13-00.02.24:073][903]LogAudioMixer: Display: No commands were queued while flushing the source manager.
[2020.05.13-00.02.24:084][903]LogSlate: Updating window title bar state: overlay mode, drag disabled, window buttons hidden, title bar hidden
[2020.05.13-00.02.24:114][903]LogUObjectHash: Compacting FUObjectHashTables data took   5.21ms
[2020.05.13-00.02.24:135][904]LogPlayLevel: Display: Destroying online subsystem :Context_4
[2020.05.13-00.02.29:033][185]LogAssetEditorSubsystem: Opening Asset editor for WidgetBlueprint /Game/Blueprint/GameBlueprints/Menus/BonfireMenuWidget.BonfireMenuWidget
[2020.05.13-00.08.38:607][235]BlueprintLog: New page: Compile BonfireMenuWidget
[2020.05.13-00.08.38:665][235]LogUObjectHash: Compacting FUObjectHashTables data took   5.24ms
[2020.05.13-00.08.39:461][273]LogSavePackage: Moving '../../../../../adale/Desktop/2DSouls/SideScroller/Saved/BonfireMenuWidgetB39CBD9C459D9AF4BD5F4FB5DF2B2A0B.tmp' to '../../../../../adale/Desktop/2DSouls/SideScroller/Content/Blueprint/GameBlueprints/Menus/BonfireMenuWidget.uasset'
[2020.05.13-00.08.39:487][273]AssetCheck: New page: Asset Save: BonfireMenuWidget
[2020.05.13-00.08.39:487][273]LogContentValidation: Display: Validating WidgetBlueprint /Game/Blueprint/GameBlueprints/Menus/BonfireMenuWidget.BonfireMenuWidget
[2020.05.13-00.08.41:561][390]LogSlate: Window 'BonfireMenuWidget' being destroyed
[2020.05.13-00.08.41:568][390]LogSlate: Window 'BonfireMenuWidget' being destroyed
[2020.05.13-00.08.41:572][390]LogWorld: UWorld::CleanupWorld for World_3, bSessionEnded=true, bCleanupResources=true
[2020.05.13-00.08.41:572][390]LogSlate: InvalidateAllWidgets triggered.  All widgets were invalidated
[2020.05.13-00.08.41:577][390]LogWorld: UWorld::CleanupWorld for World_2, bSessionEnded=true, bCleanupResources=true
[2020.05.13-00.08.41:577][390]LogSlate: InvalidateAllWidgets triggered.  All widgets were invalidated
[2020.05.13-00.08.43:106][479]LogTemp: Repeating last play command: Selected Viewport
[2020.05.13-00.08.43:126][479]LogPlayLevel: PlayLevel: No blueprints needed recompiling
[2020.05.13-00.08.43:126][479]PIE: New page: PIE session: World (May 12, 2020, 4:08:43 p.m.)
[2020.05.13-00.08.43:127][479]LogPlayLevel: Creating play world package: /Game/Levels/UEDPIE_0_World
[2020.05.13-00.08.43:133][479]LogPlayLevel: PIE: StaticDuplicateObject took: (0.005806s)
[2020.05.13-00.08.43:135][479]LogAIModule: Creating AISystem for world World
[2020.05.13-00.08.43:135][479]LogPlayLevel: PIE: World Init took: (0.002288s)
[2020.05.13-00.08.43:136][479]LogPlayLevel: PIE: Created PIE world by copying editor world from /Game/Levels/World.World to /Game/Levels/UEDPIE_0_World.World (0.008872s)
[2020.05.13-00.08.43:174][479]LogUObjectHash: Compacting FUObjectHashTables data took   3.96ms
[2020.05.13-00.08.43:175][479]LogAudioMixer: Display: Audio Mixer Platform Settings:
[2020.05.13-00.08.43:175][479]LogAudioMixer: Display: 	Sample Rate:						  48000
[2020.05.13-00.08.43:175][479]LogAudioMixer: Display: 	Callback Buffer Frame Size Requested: 1024
[2020.05.13-00.08.43:175][479]LogAudioMixer: Display: 	Callback Buffer Frame Size To Use:	  1024
[2020.05.13-00.08.43:175][479]LogAudioMixer: Display: 	Number of buffers to queue:			  2
[2020.05.13-00.08.43:175][479]LogAudioMixer: Display: 	Max Channels (voices):				  32
[2020.05.13-00.08.43:176][479]LogAudioMixer: Display: 	Number of Async Source Workers:		  0
[2020.05.13-00.08.43:176][479]LogAudio: Display: AudioDevice MaxSources: 32
[2020.05.13-00.08.43:176][479]LogAudio: Display: Using built-in audio occlusion.
[2020.05.13-00.08.43:176][479]LogAudioMixer: Display: Initializing audio mixer.
[2020.05.13-00.08.43:201][479]LogAudioMixer: Display: Audio Device Output Speaker Info:
[2020.05.13-00.08.43:201][479]LogAudioMixer: Display: Name: Speakers / Headphones (Realtek Audio)
[2020.05.13-00.08.43:201][479]LogAudioMixer: Display: Is Default: Yes
[2020.05.13-00.08.43:201][479]LogAudioMixer: Display: Sample Rate: 48000
[2020.05.13-00.08.43:201][479]LogAudioMixer: Display: Channel Count Used: 2
[2020.05.13-00.08.43:201][479]LogAudioMixer: Display: Device Channel Count: 2
[2020.05.13-00.08.43:202][479]LogAudioMixer: Display: Channel Order:
[2020.05.13-00.08.43:202][479]LogAudioMixer: Display: 0: FrontLeft
[2020.05.13-00.08.43:202][479]LogAudioMixer: Display: 1: FrontRight
[2020.05.13-00.08.43:298][479]LogAudioMixer: Display: Using Audio Device Speakers / Headphones (Realtek Audio)
[2020.05.13-00.08.43:301][479]LogInit: FAudioDevice initialized.
[2020.05.13-00.08.43:316][479]LogLoad: Game class is 'BP_SideScrollerGameModeBase_C'
[2020.05.13-00.08.43:318][479]LogWorld: Bringing World /Game/Levels/UEDPIE_0_World.World up for play (max tick rate 60) at 2020.05.12-20.08.43
[2020.05.13-00.08.43:318][479]LogWorld: Bringing up level for play took: 0.001190
[2020.05.13-00.08.43:319][479]LogOnline: OSS: Creating online subsystem instance for: :Context_7
[2020.05.13-00.08.43:323][479]PIE: Play in editor start time for /Game/Levels/UEDPIE_0_World 0.301
[2020.05.13-00.09.17:714][538]LogAudioMixer: Display: No commands were queued while flushing the source manager.
[2020.05.13-00.09.17:714][538]LogAudioMixer: Display: No commands were queued while flushing the source manager.
[2020.05.13-00.09.17:715][538]LogSlate: Updating window title bar state: overlay mode, drag disabled, window buttons hidden, title bar hidden
[2020.05.13-00.09.17:715][538]LogWorld: BeginTearingDown for /Game/Levels/UEDPIE_0_World
[2020.05.13-00.09.17:715][538]LogAudioMixer: Display: No commands were queued while flushing the source manager.
[2020.05.13-00.09.17:716][538]LogWorld: UWorld::CleanupWorld for World, bSessionEnded=true, bCleanupResources=true
[2020.05.13-00.09.17:716][538]LogSlate: InvalidateAllWidgets triggered.  All widgets were invalidated
[2020.05.13-00.09.17:735][538]LogPlayLevel: Display: Shutting down PIE online subsystems
[2020.05.13-00.09.17:740][538]LogSlate: InvalidateAllWidgets triggered.  All widgets were invalidated
[2020.05.13-00.09.17:768][538]LogAudioMixer: Display: No commands were queued while flushing the source manager.
[2020.05.13-00.09.17:777][538]LogSlate: Updating window title bar state: overlay mode, drag disabled, window buttons hidden, title bar hidden
[2020.05.13-00.09.17:781][538]LogUObjectHash: Compacting FUObjectHashTables data took   2.95ms
[2020.05.13-00.09.17:821][540]LogPlayLevel: Display: Destroying online subsystem :Context_7
[2020.05.13-00.09.18:478][578]LogTemp: Repeating last play command: Selected Viewport
[2020.05.13-00.09.18:496][578]LogPlayLevel: PlayLevel: No blueprints needed recompiling
[2020.05.13-00.09.18:496][578]PIE: New page: PIE session: World (May 12, 2020, 4:09:18 p.m.)
[2020.05.13-00.09.18:496][578]LogPlayLevel: Creating play world package: /Game/Levels/UEDPIE_0_World
[2020.05.13-00.09.18:499][578]LogPlayLevel: PIE: StaticDuplicateObject took: (0.003312s)
[2020.05.13-00.09.18:501][578]LogAIModule: Creating AISystem for world World
[2020.05.13-00.09.18:501][578]LogPlayLevel: PIE: World Init took: (0.001707s)
[2020.05.13-00.09.18:501][578]LogPlayLevel: PIE: Created PIE world by copying editor world from /Game/Levels/World.World to /Game/Levels/UEDPIE_0_World.World (0.005478s)
[2020.05.13-00.09.18:533][578]LogUObjectHash: Compacting FUObjectHashTables data took   2.69ms
[2020.05.13-00.09.18:534][578]LogAudioMixer: Display: Audio Mixer Platform Settings:
[2020.05.13-00.09.18:534][578]LogAudioMixer: Display: 	Sample Rate:						  48000
[2020.05.13-00.09.18:534][578]LogAudioMixer: Display: 	Callback Buffer Frame Size Requested: 1024
[2020.05.13-00.09.18:534][578]LogAudioMixer: Display: 	Callback Buffer Frame Size To Use:	  1024
[2020.05.13-00.09.18:534][578]LogAudioMixer: Display: 	Number of buffers to queue:			  2
[2020.05.13-00.09.18:535][578]LogAudioMixer: Display: 	Max Channels (voices):				  32
[2020.05.13-00.09.18:535][578]LogAudioMixer: Display: 	Number of Async Source Workers:		  0
[2020.05.13-00.09.18:535][578]LogAudio: Display: AudioDevice MaxSources: 32
[2020.05.13-00.09.18:536][578]LogAudio: Display: Using built-in audio occlusion.
[2020.05.13-00.09.18:536][578]LogAudioMixer: Display: Initializing audio mixer.
[2020.05.13-00.09.18:553][578]LogAudioMixer: Display: Audio Device Output Speaker Info:
[2020.05.13-00.09.18:553][578]LogAudioMixer: Display: Name: Speakers / Headphones (Realtek Audio)
[2020.05.13-00.09.18:553][578]LogAudioMixer: Display: Is Default: Yes
[2020.05.13-00.09.18:553][578]LogAudioMixer: Display: Sample Rate: 48000
[2020.05.13-00.09.18:554][578]LogAudioMixer: Display: Channel Count Used: 2
[2020.05.13-00.09.18:554][578]LogAudioMixer: Display: Device Channel Count: 2
[2020.05.13-00.09.18:554][578]LogAudioMixer: Display: Channel Order:
[2020.05.13-00.09.18:554][578]LogAudioMixer: Display: 0: FrontLeft
[2020.05.13-00.09.18:554][578]LogAudioMixer: Display: 1: FrontRight
[2020.05.13-00.09.18:647][578]LogAudioMixer: Display: Using Audio Device Speakers / Headphones (Realtek Audio)
[2020.05.13-00.09.18:651][578]LogInit: FAudioDevice initialized.
[2020.05.13-00.09.18:668][578]LogLoad: Game class is 'BP_SideScrollerGameModeBase_C'
[2020.05.13-00.09.18:670][578]LogWorld: Bringing World /Game/Levels/UEDPIE_0_World.World up for play (max tick rate 60) at 2020.05.12-20.09.18
[2020.05.13-00.09.18:671][578]LogWorld: Bringing up level for play took: 0.001274
[2020.05.13-00.09.18:672][578]LogOnline: OSS: Creating online subsystem instance for: :Context_8
[2020.05.13-00.09.18:676][578]PIE: Play in editor start time for /Game/Levels/UEDPIE_0_World -0.346
[2020.05.13-00.09.54:207][705]LogAssetEditorSubsystem: Opening Asset editor for WidgetBlueprint /Game/Blueprint/GameBlueprints/Menus/BonfireMenuWidget.BonfireMenuWidget
[2020.05.13-00.09.56:772][828]LogAudioMixer: Display: No commands were queued while flushing the source manager.
[2020.05.13-00.09.56:773][828]LogAudioMixer: Display: No commands were queued while flushing the source manager.
[2020.05.13-00.09.56:773][828]LogSlate: Updating window title bar state: overlay mode, drag disabled, window buttons hidden, title bar hidden
[2020.05.13-00.09.56:773][828]LogWorld: BeginTearingDown for /Game/Levels/UEDPIE_0_World
[2020.05.13-00.09.56:774][828]LogAudioMixer: Display: No commands were queued while flushing the source manager.
[2020.05.13-00.09.56:774][828]LogWorld: UWorld::CleanupWorld for World, bSessionEnded=true, bCleanupResources=true
[2020.05.13-00.09.56:775][828]LogSlate: InvalidateAllWidgets triggered.  All widgets were invalidated
[2020.05.13-00.09.56:791][828]LogPlayLevel: Display: Shutting down PIE online subsystems
[2020.05.13-00.09.56:796][828]LogSlate: InvalidateAllWidgets triggered.  All widgets were invalidated
[2020.05.13-00.09.56:832][828]LogAudioMixer: Display: No commands were queued while flushing the source manager.
[2020.05.13-00.09.56:840][828]LogSlate: Updating window title bar state: overlay mode, drag disabled, window buttons hidden, title bar hidden
[2020.05.13-00.09.56:844][828]LogUObjectHash: Compacting FUObjectHashTables data took   2.71ms
[2020.05.13-00.09.56:876][829]LogPlayLevel: Display: Destroying online subsystem :Context_8
[2020.05.13-00.12.01:748][251]BlueprintLog: New page: Compile BonfireMenuWidget
[2020.05.13-00.12.01:796][251]LogUObjectHash: Compacting FUObjectHashTables data took   4.34ms
[2020.05.13-00.12.02:735][296]LogSavePackage: Moving '../../../../../adale/Desktop/2DSouls/SideScroller/Saved/BonfireMenuWidget8C8A55AC450A448F38C74FAE1A7799D6.tmp' to '../../../../../adale/Desktop/2DSouls/SideScroller/Content/Blueprint/GameBlueprints/Menus/BonfireMenuWidget.uasset'
[2020.05.13-00.12.02:754][296]AssetCheck: New page: Asset Save: BonfireMenuWidget
[2020.05.13-00.12.02:754][296]LogContentValidation: Display: Validating WidgetBlueprint /Game/Blueprint/GameBlueprints/Menus/BonfireMenuWidget.BonfireMenuWidget
[2020.05.13-00.12.22:606][454]BlueprintLog: New page: Compile BonfireMenuWidget
[2020.05.13-00.12.22:657][454]LogUObjectHash: Compacting FUObjectHashTables data took   5.05ms
[2020.05.13-00.12.22:673][454]BlueprintLog: New page: Compile BonfireMenuWidget
[2020.05.13-00.12.22:734][454]LogUObjectHash: Compacting FUObjectHashTables data took   6.22ms
[2020.05.13-00.12.23:244][476]LogSavePackage: Moving '../../../../../adale/Desktop/2DSouls/SideScroller/Saved/BonfireMenuWidgetCC3F7D334233847021CA068DE95A3052.tmp' to '../../../../../adale/Desktop/2DSouls/SideScroller/Content/Blueprint/GameBlueprints/Menus/BonfireMenuWidget.uasset'
[2020.05.13-00.12.23:267][476]AssetCheck: New page: Asset Save: BonfireMenuWidget
[2020.05.13-00.12.23:267][476]LogContentValidation: Display: Validating WidgetBlueprint /Game/Blueprint/GameBlueprints/Menus/BonfireMenuWidget.BonfireMenuWidget
[2020.05.13-00.12.30:004][875]LogSlate: Window 'BonfireMenuWidget' being destroyed
[2020.05.13-00.12.30:013][875]LogSlate: Window 'BonfireMenuWidget' being destroyed
[2020.05.13-00.12.30:017][875]LogWorld: UWorld::CleanupWorld for World_5, bSessionEnded=true, bCleanupResources=true
[2020.05.13-00.12.30:018][875]LogSlate: InvalidateAllWidgets triggered.  All widgets were invalidated
[2020.05.13-00.12.30:024][875]LogWorld: UWorld::CleanupWorld for World_4, bSessionEnded=true, bCleanupResources=true
[2020.05.13-00.12.30:024][875]LogSlate: InvalidateAllWidgets triggered.  All widgets were invalidated
[2020.05.13-00.12.30:967][928]LogTemp: Repeating last play command: Selected Viewport
[2020.05.13-00.12.30:985][928]LogPlayLevel: PlayLevel: No blueprints needed recompiling
[2020.05.13-00.12.30:986][928]PIE: New page: PIE session: World (May 12, 2020, 4:12:30 p.m.)
[2020.05.13-00.12.30:986][928]LogPlayLevel: Creating play world package: /Game/Levels/UEDPIE_0_World
[2020.05.13-00.12.30:992][928]LogPlayLevel: PIE: StaticDuplicateObject took: (0.005393s)
[2020.05.13-00.12.30:993][928]LogAIModule: Creating AISystem for world World
[2020.05.13-00.12.30:994][928]LogPlayLevel: PIE: World Init took: (0.002178s)
[2020.05.13-00.12.30:994][928]LogPlayLevel: PIE: Created PIE world by copying editor world from /Game/Levels/World.World to /Game/Levels/UEDPIE_0_World.World (0.008268s)
[2020.05.13-00.12.31:035][928]LogUObjectHash: Compacting FUObjectHashTables data took   3.42ms
[2020.05.13-00.12.31:035][928]LogAudioMixer: Display: Audio Mixer Platform Settings:
[2020.05.13-00.12.31:036][928]LogAudioMixer: Display: 	Sample Rate:						  48000
[2020.05.13-00.12.31:036][928]LogAudioMixer: Display: 	Callback Buffer Frame Size Requested: 1024
[2020.05.13-00.12.31:036][928]LogAudioMixer: Display: 	Callback Buffer Frame Size To Use:	  1024
[2020.05.13-00.12.31:036][928]LogAudioMixer: Display: 	Number of buffers to queue:			  2
[2020.05.13-00.12.31:036][928]LogAudioMixer: Display: 	Max Channels (voices):				  32
[2020.05.13-00.12.31:036][928]LogAudioMixer: Display: 	Number of Async Source Workers:		  0
[2020.05.13-00.12.31:037][928]LogAudio: Display: AudioDevice MaxSources: 32
[2020.05.13-00.12.31:037][928]LogAudio: Display: Using built-in audio occlusion.
[2020.05.13-00.12.31:038][928]LogAudioMixer: Display: Initializing audio mixer.
[2020.05.13-00.12.31:055][928]LogAudioMixer: Display: Audio Device Output Speaker Info:
[2020.05.13-00.12.31:056][928]LogAudioMixer: Display: Name: Speakers / Headphones (Realtek Audio)
[2020.05.13-00.12.31:056][928]LogAudioMixer: Display: Is Default: Yes
[2020.05.13-00.12.31:056][928]LogAudioMixer: Display: Sample Rate: 48000
[2020.05.13-00.12.31:056][928]LogAudioMixer: Display: Channel Count Used: 2
[2020.05.13-00.12.31:056][928]LogAudioMixer: Display: Device Channel Count: 2
[2020.05.13-00.12.31:056][928]LogAudioMixer: Display: Channel Order:
[2020.05.13-00.12.31:056][928]LogAudioMixer: Display: 0: FrontLeft
[2020.05.13-00.12.31:056][928]LogAudioMixer: Display: 1: FrontRight
[2020.05.13-00.12.31:149][928]LogAudioMixer: Display: Using Audio Device Speakers / Headphones (Realtek Audio)
[2020.05.13-00.12.31:154][928]LogInit: FAudioDevice initialized.
[2020.05.13-00.12.31:168][928]LogLoad: Game class is 'BP_SideScrollerGameModeBase_C'
[2020.05.13-00.12.31:170][928]LogWorld: Bringing World /Game/Levels/UEDPIE_0_World.World up for play (max tick rate 60) at 2020.05.12-20.12.31
[2020.05.13-00.12.31:171][928]LogWorld: Bringing up level for play took: 0.001370
[2020.05.13-00.12.31:171][928]LogOnline: OSS: Creating online subsystem instance for: :Context_11
[2020.05.13-00.12.31:176][928]PIE: Play in editor start time for /Game/Levels/UEDPIE_0_World 0.154
[2020.05.13-00.12.37:302][291]LogAudioMixer: Display: No commands were queued while flushing the source manager.
[2020.05.13-00.12.37:302][291]LogAudioMixer: Display: No commands were queued while flushing the source manager.
[2020.05.13-00.12.37:303][291]LogSlate: Updating window title bar state: overlay mode, drag disabled, window buttons hidden, title bar hidden
[2020.05.13-00.12.37:303][291]LogWorld: BeginTearingDown for /Game/Levels/UEDPIE_0_World
[2020.05.13-00.12.37:303][291]LogAudioMixer: Display: No commands were queued while flushing the source manager.
[2020.05.13-00.12.37:303][291]LogWorld: UWorld::CleanupWorld for World, bSessionEnded=true, bCleanupResources=true
[2020.05.13-00.12.37:304][291]LogSlate: InvalidateAllWidgets triggered.  All widgets were invalidated
[2020.05.13-00.12.37:318][291]LogPlayLevel: Display: Shutting down PIE online subsystems
[2020.05.13-00.12.37:324][291]LogSlate: InvalidateAllWidgets triggered.  All widgets were invalidated
[2020.05.13-00.12.37:360][291]LogAudioMixer: Display: No commands were queued while flushing the source manager.
[2020.05.13-00.12.37:369][291]LogSlate: Updating window title bar state: overlay mode, drag disabled, window buttons hidden, title bar hidden
[2020.05.13-00.12.37:373][291]LogUObjectHash: Compacting FUObjectHashTables data took   2.74ms
[2020.05.13-00.12.37:428][293]LogPlayLevel: Display: Destroying online subsystem :Context_11
[2020.05.13-00.12.38:349][347]LogTemp: Repeating last play command: Selected Viewport
[2020.05.13-00.12.38:369][347]LogPlayLevel: PlayLevel: No blueprints needed recompiling
[2020.05.13-00.12.38:369][347]PIE: New page: PIE session: World (May 12, 2020, 4:12:38 p.m.)
[2020.05.13-00.12.38:370][347]LogPlayLevel: Creating play world package: /Game/Levels/UEDPIE_0_World
[2020.05.13-00.12.38:373][347]LogPlayLevel: PIE: StaticDuplicateObject took: (0.003399s)
[2020.05.13-00.12.38:375][347]LogAIModule: Creating AISystem for world World
[2020.05.13-00.12.38:375][347]LogPlayLevel: PIE: World Init took: (0.001725s)
[2020.05.13-00.12.38:375][347]LogPlayLevel: PIE: Created PIE world by copying editor world from /Game/Levels/World.World to /Game/Levels/UEDPIE_0_World.World (0.005646s)
[2020.05.13-00.12.38:411][347]LogUObjectHash: Compacting FUObjectHashTables data took   3.17ms
[2020.05.13-00.12.38:412][347]LogAudioMixer: Display: Audio Mixer Platform Settings:
[2020.05.13-00.12.38:412][347]LogAudioMixer: Display: 	Sample Rate:						  48000
[2020.05.13-00.12.38:412][347]LogAudioMixer: Display: 	Callback Buffer Frame Size Requested: 1024
[2020.05.13-00.12.38:412][347]LogAudioMixer: Display: 	Callback Buffer Frame Size To Use:	  1024
[2020.05.13-00.12.38:413][347]LogAudioMixer: Display: 	Number of buffers to queue:			  2
[2020.05.13-00.12.38:413][347]LogAudioMixer: Display: 	Max Channels (voices):				  32
[2020.05.13-00.12.38:413][347]LogAudioMixer: Display: 	Number of Async Source Workers:		  0
[2020.05.13-00.12.38:413][347]LogAudio: Display: AudioDevice MaxSources: 32
[2020.05.13-00.12.38:414][347]LogAudio: Display: Using built-in audio occlusion.
[2020.05.13-00.12.38:414][347]LogAudioMixer: Display: Initializing audio mixer.
[2020.05.13-00.12.38:431][347]LogAudioMixer: Display: Audio Device Output Speaker Info:
[2020.05.13-00.12.38:431][347]LogAudioMixer: Display: Name: Speakers / Headphones (Realtek Audio)
[2020.05.13-00.12.38:431][347]LogAudioMixer: Display: Is Default: Yes
[2020.05.13-00.12.38:431][347]LogAudioMixer: Display: Sample Rate: 48000
[2020.05.13-00.12.38:431][347]LogAudioMixer: Display: Channel Count Used: 2
[2020.05.13-00.12.38:432][347]LogAudioMixer: Display: Device Channel Count: 2
[2020.05.13-00.12.38:432][347]LogAudioMixer: Display: Channel Order:
[2020.05.13-00.12.38:432][347]LogAudioMixer: Display: 0: FrontLeft
[2020.05.13-00.12.38:432][347]LogAudioMixer: Display: 1: FrontRight
[2020.05.13-00.12.38:524][347]LogAudioMixer: Display: Using Audio Device Speakers / Headphones (Realtek Audio)
[2020.05.13-00.12.38:528][347]LogInit: FAudioDevice initialized.
[2020.05.13-00.12.38:542][347]LogLoad: Game class is 'BP_SideScrollerGameModeBase_C'
[2020.05.13-00.12.38:544][347]LogWorld: Bringing World /Game/Levels/UEDPIE_0_World.World up for play (max tick rate 60) at 2020.05.12-20.12.38
[2020.05.13-00.12.38:544][347]LogWorld: Bringing up level for play took: 0.001225
[2020.05.13-00.12.38:545][347]LogOnline: OSS: Creating online subsystem instance for: :Context_12
[2020.05.13-00.12.38:551][347]PIE: Play in editor start time for /Game/Levels/UEDPIE_0_World -0.472
[2020.05.13-00.13.58:817][407]LogAudioMixer: Display: No commands were queued while flushing the source manager.
[2020.05.13-00.13.58:817][407]LogAudioMixer: Display: No commands were queued while flushing the source manager.
[2020.05.13-00.13.58:818][407]LogSlate: Updating window title bar state: overlay mode, drag disabled, window buttons hidden, title bar hidden
[2020.05.13-00.13.58:818][407]LogWorld: BeginTearingDown for /Game/Levels/UEDPIE_0_World
[2020.05.13-00.13.58:818][407]LogAudioMixer: Display: No commands were queued while flushing the source manager.
[2020.05.13-00.13.58:819][407]LogWorld: UWorld::CleanupWorld for World, bSessionEnded=true, bCleanupResources=true
[2020.05.13-00.13.58:819][407]LogSlate: InvalidateAllWidgets triggered.  All widgets were invalidated
[2020.05.13-00.13.58:838][407]LogPlayLevel: Display: Shutting down PIE online subsystems
[2020.05.13-00.13.58:844][407]LogSlate: InvalidateAllWidgets triggered.  All widgets were invalidated
[2020.05.13-00.13.58:877][407]LogAudioMixer: Display: No commands were queued while flushing the source manager.
[2020.05.13-00.13.58:886][407]LogSlate: Updating window title bar state: overlay mode, drag disabled, window buttons hidden, title bar hidden
[2020.05.13-00.13.58:891][407]LogUObjectHash: Compacting FUObjectHashTables data took   2.80ms
[2020.05.13-00.13.58:951][409]LogPlayLevel: Display: Destroying online subsystem :Context_12
[2020.05.13-00.14.27:852][959]LogSlate: WidgetSwitcher ('None') active index changed to -1
[2020.05.13-00.14.27:879][959]LogSlate: WidgetSwitcher ('None') active index changed to 1
[2020.05.13-00.14.50:405][301]LogAssetEditorSubsystem: Opening Asset editor for Blueprint /Game/Blueprint/GameBlueprints/Enemies/BP_WolfPawn.BP_WolfPawn
[2020.05.13-00.14.54:062][301]LogSlate: Window 'Add Blueprint Class' being destroyed
[2020.05.13-00.14.54:489][301]LogRenderer: Reallocating scene render targets to support 1120x712 Format 10 NumSamples 1 (Frame:1).
[2020.05.13-00.16.32:153][888]LogProperty: Warning: Illegal TEXT reference to a private object in external package (Actor /Game/Levels/World.World:PersistentLevel.PatrolPoint) from referencer (BP_WolfPawn_C /Game/Blueprint/GameBlueprints/Enemies/BP_WolfPawn.Default__BP_WolfPawn_C).  Import failed...
[2020.05.13-00.16.32:153][888]LogProperty: Warning: Illegal TEXT reference to a private object in external package (Actor /Game/Levels/World.World:PersistentLevel.PatrolPoint) from referencer (BP_WolfPawn_C /Engine/Transient.World_6:PersistentLevel.BP_WolfPawn_C_0).  Import failed...
[2020.05.13-00.16.37:445][201]BlueprintLog: New page: Compile BP_WolfPawn
[2020.05.13-00.16.37:941][201]LogUObjectHash: Compacting FUObjectHashTables data took   4.16ms
[2020.05.13-00.16.38:648][238]LogSavePackage: Moving '../../../../../adale/Desktop/2DSouls/SideScroller/Saved/BP_WolfPawn8F15A63B41C6915344D1CF87055896D2.tmp' to '../../../../../adale/Desktop/2DSouls/SideScroller/Content/Blueprint/GameBlueprints/Enemies/BP_WolfPawn.uasset'
[2020.05.13-00.16.38:680][238]AssetCheck: New page: Asset Save: BP_WolfPawn
[2020.05.13-00.16.38:680][238]LogContentValidation: Display: Validating Blueprint /Game/Blueprint/GameBlueprints/Enemies/BP_WolfPawn.BP_WolfPawn
[2020.05.13-00.17.11:569][180]BlueprintLog: New page: Compile BP_WolfPawn
[2020.05.13-00.17.11:819][180]LogUObjectHash: Compacting FUObjectHashTables data took   3.69ms
[2020.05.13-00.17.12:550][218]LogSavePackage: Moving '../../../../../adale/Desktop/2DSouls/SideScroller/Saved/BP_WolfPawnB66DA2B042B6E2B356879BA622229F4A.tmp' to '../../../../../adale/Desktop/2DSouls/SideScroller/Content/Blueprint/GameBlueprints/Enemies/BP_WolfPawn.uasset'
[2020.05.13-00.17.12:564][218]AssetCheck: New page: Asset Save: BP_WolfPawn
[2020.05.13-00.17.12:564][218]LogContentValidation: Display: Validating Blueprint /Game/Blueprint/GameBlueprints/Enemies/BP_WolfPawn.BP_WolfPawn
[2020.05.13-00.17.14:455][325]LogSlate: Window 'BP_WolfPawn' being destroyed
[2020.05.13-00.17.14:464][325]LogSlate: Window 'BP_WolfPawn' being destroyed
[2020.05.13-00.17.14:495][325]LogWorld: UWorld::CleanupWorld for World_6, bSessionEnded=true, bCleanupResources=true
[2020.05.13-00.17.14:495][325]LogSlate: InvalidateAllWidgets triggered.  All widgets were invalidated
[2020.05.13-00.17.23:968][866]LogEditorViewport: Clicking on Actor (LMB): BP_Floor_C (BP_Floor)
[2020.05.13-00.17.35:410][522]LogEditorViewport: Clicking on Actor (LMB): BP_Floor_C (BP_Floor)
[2020.05.13-00.17.44:346][ 45]LogTemp: Repeating last play command: Selected Viewport
[2020.05.13-00.17.44:366][ 45]LogPlayLevel: PlayLevel: No blueprints needed recompiling
[2020.05.13-00.17.44:366][ 45]PIE: New page: PIE session: World (May 12, 2020, 4:17:44 p.m.)
[2020.05.13-00.17.44:366][ 45]LogPlayLevel: Creating play world package: /Game/Levels/UEDPIE_0_World
[2020.05.13-00.17.44:375][ 45]LogPlayLevel: PIE: StaticDuplicateObject took: (0.008053s)
[2020.05.13-00.17.44:376][ 45]LogAIModule: Creating AISystem for world World
[2020.05.13-00.17.44:377][ 45]LogPlayLevel: PIE: World Init took: (0.002083s)
[2020.05.13-00.17.44:377][ 45]LogPlayLevel: PIE: Created PIE world by copying editor world from /Game/Levels/World.World to /Game/Levels/UEDPIE_0_World.World (0.010776s)
[2020.05.13-00.17.44:415][ 45]LogUObjectHash: Compacting FUObjectHashTables data took   4.76ms
[2020.05.13-00.17.44:418][ 45]LogAudioMixer: Display: Audio Mixer Platform Settings:
[2020.05.13-00.17.44:419][ 45]LogAudioMixer: Display: 	Sample Rate:						  48000
[2020.05.13-00.17.44:419][ 45]LogAudioMixer: Display: 	Callback Buffer Frame Size Requested: 1024
[2020.05.13-00.17.44:419][ 45]LogAudioMixer: Display: 	Callback Buffer Frame Size To Use:	  1024
[2020.05.13-00.17.44:419][ 45]LogAudioMixer: Display: 	Number of buffers to queue:			  2
[2020.05.13-00.17.44:420][ 45]LogAudioMixer: Display: 	Max Channels (voices):				  32
[2020.05.13-00.17.44:420][ 45]LogAudioMixer: Display: 	Number of Async Source Workers:		  0
[2020.05.13-00.17.44:420][ 45]LogAudio: Display: AudioDevice MaxSources: 32
[2020.05.13-00.17.44:421][ 45]LogAudio: Display: Using built-in audio occlusion.
[2020.05.13-00.17.44:422][ 45]LogAudioMixer: Display: Initializing audio mixer.
[2020.05.13-00.17.44:445][ 45]LogAudioMixer: Display: Audio Device Output Speaker Info:
[2020.05.13-00.17.44:445][ 45]LogAudioMixer: Display: Name: Speakers / Headphones (Realtek Audio)
[2020.05.13-00.17.44:446][ 45]LogAudioMixer: Display: Is Default: Yes
[2020.05.13-00.17.44:446][ 45]LogAudioMixer: Display: Sample Rate: 48000
[2020.05.13-00.17.44:446][ 45]LogAudioMixer: Display: Channel Count Used: 2
[2020.05.13-00.17.44:446][ 45]LogAudioMixer: Display: Device Channel Count: 2
[2020.05.13-00.17.44:446][ 45]LogAudioMixer: Display: Channel Order:
[2020.05.13-00.17.44:446][ 45]LogAudioMixer: Display: 0: FrontLeft
[2020.05.13-00.17.44:446][ 45]LogAudioMixer: Display: 1: FrontRight
[2020.05.13-00.17.44:543][ 45]LogAudioMixer: Display: Using Audio Device Speakers / Headphones (Realtek Audio)
[2020.05.13-00.17.44:546][ 45]LogInit: FAudioDevice initialized.
[2020.05.13-00.17.44:562][ 45]LogLoad: Game class is 'BP_SideScrollerGameModeBase_C'
[2020.05.13-00.17.44:564][ 45]LogWorld: Bringing World /Game/Levels/UEDPIE_0_World.World up for play (max tick rate 60) at 2020.05.12-20.17.44
[2020.05.13-00.17.44:565][ 45]LogWorld: Bringing up level for play took: 0.001427
[2020.05.13-00.17.44:565][ 45]LogOnline: OSS: Creating online subsystem instance for: :Context_14
[2020.05.13-00.17.44:570][ 45]PIE: Play in editor start time for /Game/Levels/UEDPIE_0_World -0.452
