Log file open, 05/31/20 00:34:22
LogWindows: Failed to load 'aqProf.dll' (GetLastError=126)
LogWindows: File 'aqProf.dll' does not exist
LogWindows: Failed to load 'VtuneApi.dll' (GetLastError=126)
LogWindows: File 'VtuneApi.dll' does not exist
LogWindows: Failed to load 'VtuneApi32e.dll' (GetLastError=126)
LogWindows: File 'VtuneApi32e.dll' does not exist
LogConsoleResponse: Display: Failed to find resolution value strings in scalability ini. Falling back to default.
LogInit: Display: Running engine for game: SideScroller
LogPlatformFile: Not using cached read wrapper
LogTaskGraph: Started task graph with 5 named threads and 23 total threads with 3 sets of task threads.
LogStats: Stats thread started at 42.007651
LogD3D11RHI: Loaded GFSDK_Aftermath_Lib.x64.dll
LogICUInternationalization: ICU TimeZone Detection - Raw Offset: -5:00, Platform Override: ''
LogPluginManager: Mounting plugin Paper2D
LogPluginManager: Mounting plugin AISupport
LogPluginManager: Mounting plugin LightPropagationVolume
LogPluginManager: Mounting plugin ActorLayerUtilities
LogPluginManager: Mounting plugin AnimationSharing
LogPluginManager: Mounting plugin CLionSourceCodeAccess
LogPluginManager: Mounting plugin CodeLiteSourceCodeAccess
LogPluginManager: Mounting plugin GitSourceControl
LogPluginManager: Mounting plugin KDevelopSourceCodeAccess
LogPluginManager: Mounting plugin NullSourceCodeAccess
LogPluginManager: Mounting plugin PerforceSourceControl
LogPluginManager: Mounting plugin PlasticSourceControl
LogPluginManager: Mounting plugin SubversionSourceControl
LogPluginManager: Mounting plugin UObjectPlugin
LogPluginManager: Mounting plugin VisualStudioCodeSourceCodeAccess
LogPluginManager: Mounting plugin VisualStudioSourceCodeAccess
LogPluginManager: Mounting plugin XCodeSourceCodeAccess
LogPluginManager: Mounting plugin AssetManagerEditor
LogPluginManager: Mounting plugin CryptoKeys
LogPluginManager: Mounting plugin CurveEditorTools
LogPluginManager: Mounting plugin DataValidation
LogPluginManager: Mounting plugin FacialAnimation
LogPluginManager: Mounting plugin GameplayTagsEditor
LogPluginManager: Mounting plugin MacGraphicsSwitching
LogPluginManager: Mounting plugin MaterialAnalyzer
LogPluginManager: Mounting plugin MobileLauncherProfileWizard
LogPluginManager: Mounting plugin PluginBrowser
LogPluginManager: Mounting plugin SpeedTreeImporter
LogPluginManager: Mounting plugin DatasmithContent
LogPluginManager: Mounting plugin VariantManagerContent
LogPluginManager: Mounting plugin AlembicImporter
LogPluginManager: Mounting plugin AutomationUtils
LogPluginManager: Mounting plugin BackChannel
LogPluginManager: Mounting plugin CharacterAI
LogPluginManager: Mounting plugin GeometryCache
LogPluginManager: Mounting plugin PlatformCrypto
LogPluginManager: Mounting plugin ProxyLODPlugin
LogPluginManager: Mounting plugin SkeletalReduction
LogPluginManager: Mounting plugin MagicLeap
LogPluginManager: Mounting plugin MagicLeapMedia
LogPluginManager: Mounting plugin MLSDK
LogPluginManager: Mounting plugin AndroidMedia
LogPluginManager: Mounting plugin AvfMedia
LogPluginManager: Mounting plugin ImgMedia
LogPluginManager: Mounting plugin MediaCompositing
LogPluginManager: Mounting plugin MediaPlayerEditor
LogPluginManager: Mounting plugin WebMMedia
LogPluginManager: Mounting plugin WmfMedia
LogPluginManager: Mounting plugin TcpMessaging
LogPluginManager: Mounting plugin UdpMessaging
LogPluginManager: Mounting plugin ActorSequence
LogPluginManager: Mounting plugin LevelSequenceEditor
LogPluginManager: Mounting plugin MatineeToLevelSequence
LogPluginManager: Mounting plugin NetcodeUnitTest
LogPluginManager: Mounting plugin NUTUnrealEngine4
LogPluginManager: Mounting plugin OnlineSubsystemGooglePlay
LogPluginManager: Mounting plugin OnlineSubsystemIOS
LogPluginManager: Mounting plugin OnlineSubsystem
LogPluginManager: Mounting plugin OnlineSubsystemNull
LogPluginManager: Mounting plugin OnlineSubsystemUtils
LogPluginManager: Mounting plugin LauncherChunkInstaller
LogPluginManager: Mounting plugin AndroidDeviceProfileSelector
LogPluginManager: Mounting plugin AndroidMoviePlayer
LogPluginManager: Mounting plugin AndroidPermission
LogPluginManager: Mounting plugin AppleImageUtils
LogPluginManager: Mounting plugin AppleMoviePlayer
LogPluginManager: Mounting plugin ArchVisCharacter
LogPluginManager: Mounting plugin AssetTags
LogPluginManager: Mounting plugin AudioCapture
LogPluginManager: Mounting plugin CableComponent
LogPluginManager: Mounting plugin CustomMeshComponent
LogPluginManager: Mounting plugin EditableMesh
LogPluginManager: Mounting plugin ExampleDeviceProfileSelector
LogPluginManager: Mounting plugin GoogleCloudMessaging
LogPluginManager: Mounting plugin IOSDeviceProfileSelector
LogPluginManager: Mounting plugin LinuxDeviceProfileSelector
LogPluginManager: Mounting plugin LocationServicesBPLibrary
LogPluginManager: Mounting plugin MobilePatchingUtils
LogPluginManager: Mounting plugin OculusVR
LogPluginManager: Mounting plugin PhysXVehicles
LogPluginManager: Mounting plugin PostSplashScreen
LogPluginManager: Mounting plugin ProceduralMeshComponent
LogPluginManager: Mounting plugin RuntimePhysXCooking
LogPluginManager: Mounting plugin SignificanceManager
LogPluginManager: Mounting plugin SteamVR
LogPluginManager: Mounting plugin WebMMoviePlayer
LogPluginManager: Mounting plugin WindowsMoviePlayer
LogPluginManager: Mounting plugin ScreenshotTools
LogInit: Using libcurl 7.55.1-DEV
LogInit:  - built for x86_64-pc-win32
LogInit:  - supports SSL with OpenSSL/1.1.1
LogInit:  - supports HTTP deflate (compression) using libz 1.2.8
LogInit:  - other features:
LogInit:      CURL_VERSION_SSL
LogInit:      CURL_VERSION_LIBZ
LogInit:      CURL_VERSION_IPV6
LogInit:      CURL_VERSION_ASYNCHDNS
LogInit:      CURL_VERSION_LARGEFILE
LogInit:      CURL_VERSION_IDN
LogInit:  CurlRequestOptions (configurable via config and command line):
LogInit:  - bVerifyPeer = true  - Libcurl will verify peer certificate
LogInit:  - bUseHttpProxy = false  - Libcurl will NOT use HTTP proxy
LogInit:  - bDontReuseConnections = false  - Libcurl will reuse connections
LogInit:  - MaxHostConnections = 16  - Libcurl will limit the number of connections to a host
LogInit:  - LocalHostAddr = Default
LogInit:  - BufferSize = 65536
LogOnline: OSS: Creating online subsystem instance for: NULL
LogInit: WinSock: version 1.1 (2.2), MaxSocks=32767, MaxUdp=65467
LogOnline: OSS: TryLoadSubsystemAndSetDefault: Loaded subsystem for module [NULL]
LogInit: Build: ++UE4+Release-4.24-CL-11590370
LogInit: Engine Version: 4.24.3-11590370+++UE4+Release-4.24
LogInit: Compatible Engine Version: 4.24.0-10570792+++UE4+Release-4.24
LogInit: Net CL: 10570792
LogInit: OS: Windows 10 (Release 1903) (), CPU: Intel(R) Core(TM) i7-7700HQ CPU @ 2.80GHz, GPU: NVIDIA GeForce GTX 1050 Ti
LogInit: Compiled (64-bit): Feb 24 2020 15:39:18
LogInit: Compiled with Visual C++: 19.16.27032.01
LogInit: Build Configuration: Development
LogInit: Branch Name: ++UE4+Release-4.24
LogInit: Command Line:  -skipcompile
LogInit: Base Directory: D:/Program Files (x86)/UE_4.24/Engine/Binaries/Win64/
LogInit: Installed Engine Build: 1
LogDevObjectVersion: Number of dev versions registered: 25
LogDevObjectVersion:   Dev-Blueprints (B0D832E4-1F89-4F0D-ACCF-7EB736FD4AA2): 10
LogDevObjectVersion:   Dev-Build (E1C64328-A22C-4D53-A36C-8E866417BD8C): 0
LogDevObjectVersion:   Dev-Core (375EC13C-06E4-48FB-B500-84F0262A717E): 3
LogDevObjectVersion:   Dev-Editor (E4B068ED-F494-42E9-A231-DA0B2E46BB41): 37
LogDevObjectVersion:   Dev-Framework (CFFC743F-43B0-4480-9391-14DF171D2073): 36
LogDevObjectVersion:   Dev-Mobile (B02B49B5-BB20-44E9-A304-32B752E40360): 2
LogDevObjectVersion:   Dev-Networking (A4E4105C-59A1-49B5-A7C5-40C4547EDFEE): 0
LogDevObjectVersion:   Dev-Online (39C831C9-5AE6-47DC-9A44-9C173E1C8E7C): 0
LogDevObjectVersion:   Dev-Physics (78F01B33-EBEA-4F98-B9B4-84EACCB95AA2): 2
LogDevObjectVersion:   Dev-Platform (6631380F-2D4D-43E0-8009-CF276956A95A): 0
LogDevObjectVersion:   Dev-Rendering (12F88B9F-8875-4AFC-A67C-D90C383ABD29): 36
LogDevObjectVersion:   Dev-Sequencer (7B5AE74C-D270-4C10-A958-57980B212A5A): 11
LogDevObjectVersion:   Dev-VR (D7296918-1DD6-4BDD-9DE2-64A83CC13884): 2
LogDevObjectVersion:   Dev-LoadTimes (C2A15278-BFE7-4AFE-6C17-90FF531DF755): 1
LogDevObjectVersion:   Private-Geometry (6EACA3D4-40EC-4CC1-B786-8BED09428FC5): 3
LogDevObjectVersion:   Dev-AnimPhys (29E575DD-E0A3-4627-9D10-D276232CDCEA): 17
LogDevObjectVersion:   Dev-Anim (AF43A65D-7FD3-4947-9873-3E8ED9C1BB05): 2
LogDevObjectVersion:   Dev-ReflectionCapture (6B266CEC-1EC7-4B8F-A30B-E4D90942FC07): 1
LogDevObjectVersion:   Dev-Automation (0DF73D61-A23F-47EA-B727-89E90C41499A): 1
LogDevObjectVersion:   FortniteMain (601D1886-AC64-4F84-AA16-D3DE0DEAC7D6): 31
LogDevObjectVersion:   Dev-Enterprise (9DFFBCD6-494F-0158-E221-12823C92A888): 8
LogDevObjectVersion:   Dev-Niagara (F2AED0AC-9AFE-416F-8664-AA7FFA26D6FC): 1
LogDevObjectVersion:   Dev-Destruction (174F1F0B-B4C6-45A5-B13F-2EE8D0FB917D): 9
LogDevObjectVersion:   Dev-Physics-Ext (35F94A83-E258-406C-A318-09F59610247C): 8
LogDevObjectVersion:   Dev-CineCamera (B2E18506-4273-CFC2-A54E-F4BB758BBA07): 1
LogInit: Presizing for max 25165824 objects, including 0 objects not considered by GC, pre-allocating 0 bytes for permanent pool.
LogInit: Object subsystem initialized
LogConfig: Setting CVar [[con.DebugEarlyDefault:1]]
LogConfig: Setting CVar [[r.setres:1280x720]]
[2020.05.31-04.34.29:448][  0]LogConfig: Setting CVar [[r.VSync:0]]
[2020.05.31-04.34.29:448][  0]LogConfig: Setting CVar [[r.RHICmdBypass:0]]
[2020.05.31-04.34.29:460][  0]LogConfig: Applying CVar settings from Section [/Script/Engine.RendererSettings] File [D:/adale/Desktop/2DSouls/SideScroller/Saved/Config/Windows/Engine.ini]
[2020.05.31-04.34.29:460][  0]LogConfig: Setting CVar [[r.GPUCrashDebugging:0]]
[2020.05.31-04.34.29:461][  0]LogConfig: Setting CVar [[r.DefaultFeature.AntiAliasing:0]]
[2020.05.31-04.34.29:461][  0]LogConfig: Applying CVar settings from Section [/Script/Engine.RendererOverrideSettings] File [D:/adale/Desktop/2DSouls/SideScroller/Saved/Config/Windows/Engine.ini]
[2020.05.31-04.34.29:461][  0]LogConfig: Applying CVar settings from Section [/Script/Engine.StreamingSettings] File [D:/adale/Desktop/2DSouls/SideScroller/Saved/Config/Windows/Engine.ini]
[2020.05.31-04.34.29:461][  0]LogConfig: Setting CVar [[s.MinBulkDataSizeForAsyncLoading:131072]]
[2020.05.31-04.34.29:461][  0]LogConfig: Setting CVar [[s.AsyncLoadingThreadEnabled:0]]
[2020.05.31-04.34.29:461][  0]LogConfig: Setting CVar [[s.EventDrivenLoaderEnabled:1]]
[2020.05.31-04.34.29:461][  0]LogConfig: Setting CVar [[s.WarnIfTimeLimitExceeded:0]]
[2020.05.31-04.34.29:461][  0]LogConfig: Setting CVar [[s.TimeLimitExceededMultiplier:1.5]]
[2020.05.31-04.34.29:461][  0]LogConfig: Setting CVar [[s.TimeLimitExceededMinTime:0.005]]
[2020.05.31-04.34.29:461][  0]LogConfig: Setting CVar [[s.UseBackgroundLevelStreaming:1]]
[2020.05.31-04.34.29:461][  0]LogConfig: Setting CVar [[s.PriorityAsyncLoadingExtraTime:15.0]]
[2020.05.31-04.34.29:462][  0]LogConfig: Setting CVar [[s.LevelStreamingActorsUpdateTimeLimit:5.0]]
[2020.05.31-04.34.29:462][  0]LogConfig: Setting CVar [[s.PriorityLevelStreamingActorsUpdateExtraTime:5.0]]
[2020.05.31-04.34.29:462][  0]LogConfig: Setting CVar [[s.LevelStreamingComponentsRegistrationGranularity:10]]
[2020.05.31-04.34.29:462][  0]LogConfig: Setting CVar [[s.UnregisterComponentsTimeLimit:1.0]]
[2020.05.31-04.34.29:462][  0]LogConfig: Setting CVar [[s.LevelStreamingComponentsUnregistrationGranularity:5]]
[2020.05.31-04.34.29:462][  0]LogConfig: Setting CVar [[s.FlushStreamingOnExit:1]]
[2020.05.31-04.34.29:462][  0]LogConfig: Applying CVar settings from Section [/Script/Engine.GarbageCollectionSettings] File [D:/adale/Desktop/2DSouls/SideScroller/Saved/Config/Windows/Engine.ini]
[2020.05.31-04.34.29:462][  0]LogConfig: Setting CVar [[gc.MaxObjectsNotConsideredByGC:1]]
[2020.05.31-04.34.29:462][  0]LogConfig: Setting CVar [[gc.SizeOfPermanentObjectPool:0]]
[2020.05.31-04.34.29:463][  0]LogConfig: Setting CVar [[gc.FlushStreamingOnGC:0]]
[2020.05.31-04.34.29:463][  0]LogConfig: Setting CVar [[gc.NumRetriesBeforeForcingGC:10]]
[2020.05.31-04.34.29:463][  0]LogConfig: Setting CVar [[gc.AllowParallelGC:1]]
[2020.05.31-04.34.29:463][  0]LogConfig: Setting CVar [[gc.TimeBetweenPurgingPendingKillObjects:61.1]]
[2020.05.31-04.34.29:463][  0]LogConfig: Setting CVar [[gc.MaxObjectsInEditor:25165824]]
[2020.05.31-04.34.29:464][  0]LogConfig: Setting CVar [[gc.IncrementalBeginDestroyEnabled:1]]
[2020.05.31-04.34.29:464][  0]LogConfig: Setting CVar [[gc.CreateGCClusters:1]]
[2020.05.31-04.34.29:464][  0]LogConfig: Setting CVar [[gc.MinGCClusterSize:5]]
[2020.05.31-04.34.29:464][  0]LogConfig: Setting CVar [[gc.ActorClusteringEnabled:0]]
[2020.05.31-04.34.29:464][  0]LogConfig: Setting CVar [[gc.BlueprintClusteringEnabled:0]]
[2020.05.31-04.34.29:465][  0]LogConfig: Setting CVar [[gc.UseDisregardForGCOnDedicatedServers:0]]
[2020.05.31-04.34.29:465][  0]LogConfig: Applying CVar settings from Section [/Script/Engine.NetworkSettings] File [D:/adale/Desktop/2DSouls/SideScroller/Saved/Config/Windows/Engine.ini]
[2020.05.31-04.34.29:465][  0]LogConfig: Applying CVar settings from Section [/Script/UnrealEd.CookerSettings] File [D:/adale/Desktop/2DSouls/SideScroller/Saved/Config/Windows/Engine.ini]
[2020.05.31-04.34.29:597][  0]LogConfig: Applying CVar settings from Section [ViewDistanceQuality@3] File [D:/adale/Desktop/2DSouls/SideScroller/Saved/Config/Windows/Scalability.ini]
[2020.05.31-04.34.29:597][  0]LogConfig: Setting CVar [[r.SkeletalMeshLODBias:0]]
[2020.05.31-04.34.29:597][  0]LogConfig: Setting CVar [[r.ViewDistanceScale:1.0]]
[2020.05.31-04.34.29:598][  0]LogConfig: Applying CVar settings from Section [AntiAliasingQuality@3] File [D:/adale/Desktop/2DSouls/SideScroller/Saved/Config/Windows/Scalability.ini]
[2020.05.31-04.34.29:598][  0]LogConfig: Setting CVar [[r.PostProcessAAQuality:4]]
[2020.05.31-04.34.29:598][  0]LogConfig: Applying CVar settings from Section [ShadowQuality@3] File [D:/adale/Desktop/2DSouls/SideScroller/Saved/Config/Windows/Scalability.ini]
[2020.05.31-04.34.29:598][  0]LogConfig: Setting CVar [[r.LightFunctionQuality:1]]
[2020.05.31-04.34.29:598][  0]LogConfig: Setting CVar [[r.ShadowQuality:5]]
[2020.05.31-04.34.29:598][  0]LogConfig: Setting CVar [[r.Shadow.CSM.MaxCascades:10]]
[2020.05.31-04.34.29:598][  0]LogConfig: Setting CVar [[r.Shadow.MaxResolution:2048]]
[2020.05.31-04.34.29:599][  0]LogConfig: Setting CVar [[r.Shadow.MaxCSMResolution:2048]]
[2020.05.31-04.34.29:599][  0]LogConfig: Setting CVar [[r.Shadow.RadiusThreshold:0.01]]
[2020.05.31-04.34.29:599][  0]LogConfig: Setting CVar [[r.Shadow.DistanceScale:1.0]]
[2020.05.31-04.34.29:599][  0]LogConfig: Setting CVar [[r.Shadow.CSM.TransitionScale:1.0]]
[2020.05.31-04.34.29:599][  0]LogConfig: Setting CVar [[r.Shadow.PreShadowResolutionFactor:1.0]]
[2020.05.31-04.34.29:599][  0]LogConfig: Setting CVar [[r.DistanceFieldShadowing:1]]
[2020.05.31-04.34.29:599][  0]LogConfig: Setting CVar [[r.DistanceFieldAO:1]]
[2020.05.31-04.34.29:599][  0]LogConfig: Setting CVar [[r.AOQuality:2]]
[2020.05.31-04.34.29:599][  0]LogConfig: Setting CVar [[r.VolumetricFog:1]]
[2020.05.31-04.34.29:599][  0]LogConfig: Setting CVar [[r.VolumetricFog.GridPixelSize:8]]
[2020.05.31-04.34.29:599][  0]LogConfig: Setting CVar [[r.VolumetricFog.GridSizeZ:128]]
[2020.05.31-04.34.29:599][  0]LogConfig: Setting CVar [[r.VolumetricFog.HistoryMissSupersampleCount:4]]
[2020.05.31-04.34.29:599][  0]LogConfig: Setting CVar [[r.LightMaxDrawDistanceScale:1]]
[2020.05.31-04.34.29:600][  0]LogConfig: Setting CVar [[r.CapsuleShadows:1]]
[2020.05.31-04.34.29:600][  0]LogConfig: Applying CVar settings from Section [PostProcessQuality@3] File [D:/adale/Desktop/2DSouls/SideScroller/Saved/Config/Windows/Scalability.ini]
[2020.05.31-04.34.29:600][  0]LogConfig: Setting CVar [[r.MotionBlurQuality:4]]
[2020.05.31-04.34.29:600][  0]LogConfig: Setting CVar [[r.AmbientOcclusionMipLevelFactor:0.4]]
[2020.05.31-04.34.29:600][  0]LogConfig: Setting CVar [[r.AmbientOcclusionMaxQuality:100]]
[2020.05.31-04.34.29:600][  0]LogConfig: Setting CVar [[r.AmbientOcclusionLevels:-1]]
[2020.05.31-04.34.29:600][  0]LogConfig: Setting CVar [[r.AmbientOcclusionRadiusScale:1.0]]
[2020.05.31-04.34.29:600][  0]LogConfig: Setting CVar [[r.DepthOfFieldQuality:2]]
[2020.05.31-04.34.29:600][  0]LogConfig: Setting CVar [[r.RenderTargetPoolMin:400]]
[2020.05.31-04.34.29:600][  0]LogConfig: Setting CVar [[r.LensFlareQuality:2]]
[2020.05.31-04.34.29:600][  0]LogConfig: Setting CVar [[r.SceneColorFringeQuality:1]]
[2020.05.31-04.34.29:600][  0]LogConfig: Setting CVar [[r.EyeAdaptationQuality:2]]
[2020.05.31-04.34.29:601][  0]LogConfig: Setting CVar [[r.BloomQuality:5]]
[2020.05.31-04.34.29:601][  0]LogConfig: Setting CVar [[r.FastBlurThreshold:100]]
[2020.05.31-04.34.29:601][  0]LogConfig: Setting CVar [[r.Upscale.Quality:3]]
[2020.05.31-04.34.29:601][  0]LogConfig: Setting CVar [[r.Tonemapper.GrainQuantization:1]]
[2020.05.31-04.34.29:601][  0]LogConfig: Setting CVar [[r.LightShaftQuality:1]]
[2020.05.31-04.34.29:601][  0]LogConfig: Setting CVar [[r.Filter.SizeScale:1]]
[2020.05.31-04.34.29:601][  0]LogConfig: Setting CVar [[r.Tonemapper.Quality:5]]
[2020.05.31-04.34.29:601][  0]LogConfig: Setting CVar [[r.DOF.Gather.AccumulatorQuality:1        ; higher gathering accumulator quality]]
[2020.05.31-04.34.29:601][  0]LogConfig: Setting CVar [[r.DOF.Gather.PostfilterMethod:1          ; Median3x3 postfilering method]]
[2020.05.31-04.34.29:601][  0]LogConfig: Setting CVar [[r.DOF.Gather.EnableBokehSettings:0       ; no bokeh simulation when gathering]]
[2020.05.31-04.34.29:601][  0]LogConfig: Setting CVar [[r.DOF.Gather.RingCount:4                 ; medium number of samples when gathering]]
[2020.05.31-04.34.29:601][  0]LogConfig: Setting CVar [[r.DOF.Scatter.ForegroundCompositing:1    ; additive foreground scattering]]
[2020.05.31-04.34.29:601][  0]LogConfig: Setting CVar [[r.DOF.Scatter.BackgroundCompositing:2    ; additive background scattering]]
[2020.05.31-04.34.29:601][  0]LogConfig: Setting CVar [[r.DOF.Scatter.EnableBokehSettings:1      ; bokeh simulation when scattering]]
[2020.05.31-04.34.29:602][  0]LogConfig: Setting CVar [[r.DOF.Scatter.MaxSpriteRatio:0.1         ; only a maximum of 10% of scattered bokeh]]
[2020.05.31-04.34.29:602][  0]LogConfig: Setting CVar [[r.DOF.Recombine.Quality:1                ; cheap slight out of focus]]
[2020.05.31-04.34.29:602][  0]LogConfig: Setting CVar [[r.DOF.Recombine.EnableBokehSettings:0    ; no bokeh simulation on slight out of focus]]
[2020.05.31-04.34.29:602][  0]LogConfig: Setting CVar [[r.DOF.TemporalAAQuality:1                ; more stable temporal accumulation]]
[2020.05.31-04.34.29:602][  0]LogConfig: Setting CVar [[r.DOF.Kernel.MaxForegroundRadius:0.025]]
[2020.05.31-04.34.29:602][  0]LogConfig: Setting CVar [[r.DOF.Kernel.MaxBackgroundRadius:0.025]]
[2020.05.31-04.34.29:602][  0]LogConfig: Applying CVar settings from Section [TextureQuality@3] File [D:/adale/Desktop/2DSouls/SideScroller/Saved/Config/Windows/Scalability.ini]
[2020.05.31-04.34.29:602][  0]LogConfig: Setting CVar [[r.Streaming.MipBias:0]]
[2020.05.31-04.34.29:602][  0]LogConfig: Setting CVar [[r.Streaming.AmortizeCPUToGPUCopy:0]]
[2020.05.31-04.34.29:602][  0]LogConfig: Setting CVar [[r.Streaming.MaxNumTexturesToStreamPerFrame:0]]
[2020.05.31-04.34.29:602][  0]LogConfig: Setting CVar [[r.Streaming.Boost:1]]
[2020.05.31-04.34.29:602][  0]LogConfig: Setting CVar [[r.MaxAnisotropy:8]]
[2020.05.31-04.34.29:602][  0]LogConfig: Setting CVar [[r.VT.MaxAnisotropy:8]]
[2020.05.31-04.34.29:602][  0]LogConfig: Setting CVar [[r.Streaming.LimitPoolSizeToVRAM:0]]
[2020.05.31-04.34.29:602][  0]LogConfig: Setting CVar [[r.Streaming.PoolSize:1000]]
[2020.05.31-04.34.29:603][  0]LogConfig: Setting CVar [[r.Streaming.MaxEffectiveScreenSize:0]]
[2020.05.31-04.34.29:603][  0]LogConfig: Applying CVar settings from Section [EffectsQuality@3] File [D:/adale/Desktop/2DSouls/SideScroller/Saved/Config/Windows/Scalability.ini]
[2020.05.31-04.34.29:603][  0]LogConfig: Setting CVar [[r.TranslucencyLightingVolumeDim:64]]
[2020.05.31-04.34.29:603][  0]LogConfig: Setting CVar [[r.RefractionQuality:2]]
[2020.05.31-04.34.29:603][  0]LogConfig: Setting CVar [[r.SSR.Quality:3]]
[2020.05.31-04.34.29:603][  0]LogConfig: Setting CVar [[r.SSR.HalfResSceneColor:0]]
[2020.05.31-04.34.29:603][  0]LogConfig: Setting CVar [[r.SceneColorFormat:4]]
[2020.05.31-04.34.29:603][  0]LogConfig: Setting CVar [[r.DetailMode:2]]
[2020.05.31-04.34.29:603][  0]LogConfig: Setting CVar [[r.TranslucencyVolumeBlur:1]]
[2020.05.31-04.34.29:603][  0]LogConfig: Setting CVar [[r.MaterialQualityLevel:1 ; High quality]]
[2020.05.31-04.34.29:603][  0]LogConfig: Setting CVar [[r.SSS.Scale:1]]
[2020.05.31-04.34.29:603][  0]LogConfig: Setting CVar [[r.SSS.SampleSet:2]]
[2020.05.31-04.34.29:603][  0]LogConfig: Setting CVar [[r.SSS.Quality:1]]
[2020.05.31-04.34.29:603][  0]LogConfig: Setting CVar [[r.SSS.HalfRes:1]]
[2020.05.31-04.34.29:604][  0]LogConfig: Setting CVar [[r.SSGI.Quality:3]]
[2020.05.31-04.34.29:604][  0]LogConfig: Setting CVar [[r.EmitterSpawnRateScale:1.0]]
[2020.05.31-04.34.29:604][  0]LogConfig: Setting CVar [[r.ParticleLightQuality:2]]
[2020.05.31-04.34.29:604][  0]LogConfig: Setting CVar [[r.SkyAtmosphere.AerialPerspectiveLUT.FastApplyOnOpaque:1 ; Always have FastSkyLUT 1 in this case to avoid wrong sky]]
[2020.05.31-04.34.29:604][  0]LogConfig: Setting CVar [[r.SkyAtmosphere.AerialPerspectiveLUT.SampleCountPerSlice:1]]
[2020.05.31-04.34.29:604][  0]LogConfig: Setting CVar [[r.SkyAtmosphere.AerialPerspectiveLUT.DepthResolution:16.0]]
[2020.05.31-04.34.29:604][  0]LogConfig: Setting CVar [[r.SkyAtmosphere.FastSkyLUT:1]]
[2020.05.31-04.34.29:604][  0]LogConfig: Setting CVar [[r.SkyAtmosphere.FastSkyLUT.SampleCountMin:4.0]]
[2020.05.31-04.34.29:604][  0]LogConfig: Setting CVar [[r.SkyAtmosphere.FastSkyLUT.SampleCountMax:32.0]]
[2020.05.31-04.34.29:605][  0]LogConfig: Setting CVar [[r.SkyAtmosphere.SampleCountMin:4.0]]
[2020.05.31-04.34.29:605][  0]LogConfig: Setting CVar [[r.SkyAtmosphere.SampleCountMax:32.0]]
[2020.05.31-04.34.29:605][  0]LogConfig: Setting CVar [[r.SkyAtmosphere.TransmittanceLUT.UseSmallFormat:0]]
[2020.05.31-04.34.29:605][  0]LogConfig: Setting CVar [[r.SkyAtmosphere.TransmittanceLUT.SampleCount:10.0]]
[2020.05.31-04.34.29:605][  0]LogConfig: Setting CVar [[r.SkyAtmosphere.MultiScatteringLUT.SampleCount:15.0]]
[2020.05.31-04.34.29:605][  0]LogConfig: Applying CVar settings from Section [FoliageQuality@3] File [D:/adale/Desktop/2DSouls/SideScroller/Saved/Config/Windows/Scalability.ini]
[2020.05.31-04.34.29:605][  0]LogConfig: Setting CVar [[foliage.DensityScale:1.0]]
[2020.05.31-04.34.29:605][  0]LogConfig: Setting CVar [[grass.DensityScale:1.0]]
[2020.05.31-04.34.29:605][  0]LogConfig: Applying CVar settings from Section [ShadingQuality@3] File [D:/adale/Desktop/2DSouls/SideScroller/Saved/Config/Windows/Scalability.ini]
[2020.05.31-04.34.29:605][  0]LogConfig: Setting CVar [[r.HairStrands.SkyLighting.SampleCount:16]]
[2020.05.31-04.34.29:605][  0]LogConfig: Setting CVar [[r.HairStrands.SkyLighting.JitterIntegration:0]]
[2020.05.31-04.34.29:605][  0]LogConfig: Setting CVar [[r.HairStrands.SkyAO.SampleCount:16]]
[2020.05.31-04.34.29:610][  0]LogInit: Selected Device Profile: [Windows]
[2020.05.31-04.34.29:610][  0]LogInit: Applying CVar settings loaded from the selected device profile: [Windows]
[2020.05.31-04.34.29:651][  0]LogHAL: Display: Platform has ~ 16 GB [17039618048 / 17179869184 / 16], which maps to Larger [LargestMinGB=32, LargerMinGB=12, DefaultMinGB=8, SmallerMinGB=6, SmallestMinGB=0)
[2020.05.31-04.34.29:651][  0]LogInit: Going up to parent DeviceProfile []
[2020.05.31-04.34.29:652][  0]LogConfig: Applying CVar settings from Section [ViewDistanceQuality@3] File [D:/adale/Desktop/2DSouls/SideScroller/Saved/Config/Windows/Scalability.ini]
[2020.05.31-04.34.29:652][  0]LogConfig: Setting CVar [[r.SkeletalMeshLODBias:0]]
[2020.05.31-04.34.29:652][  0]LogConfig: Setting CVar [[r.ViewDistanceScale:1.0]]
[2020.05.31-04.34.29:652][  0]LogConfig: Applying CVar settings from Section [AntiAliasingQuality@3] File [D:/adale/Desktop/2DSouls/SideScroller/Saved/Config/Windows/Scalability.ini]
[2020.05.31-04.34.29:652][  0]LogConfig: Setting CVar [[r.PostProcessAAQuality:4]]
[2020.05.31-04.34.29:652][  0]LogConfig: Applying CVar settings from Section [ShadowQuality@3] File [D:/adale/Desktop/2DSouls/SideScroller/Saved/Config/Windows/Scalability.ini]
[2020.05.31-04.34.29:652][  0]LogConfig: Setting CVar [[r.LightFunctionQuality:1]]
[2020.05.31-04.34.29:652][  0]LogConfig: Setting CVar [[r.ShadowQuality:5]]
[2020.05.31-04.34.29:653][  0]LogConfig: Setting CVar [[r.Shadow.CSM.MaxCascades:10]]
[2020.05.31-04.34.29:653][  0]LogConfig: Setting CVar [[r.Shadow.MaxResolution:2048]]
[2020.05.31-04.34.29:653][  0]LogConfig: Setting CVar [[r.Shadow.MaxCSMResolution:2048]]
[2020.05.31-04.34.29:653][  0]LogConfig: Setting CVar [[r.Shadow.RadiusThreshold:0.01]]
[2020.05.31-04.34.29:653][  0]LogConfig: Setting CVar [[r.Shadow.DistanceScale:1.0]]
[2020.05.31-04.34.29:653][  0]LogConfig: Setting CVar [[r.Shadow.CSM.TransitionScale:1.0]]
[2020.05.31-04.34.29:653][  0]LogConfig: Setting CVar [[r.Shadow.PreShadowResolutionFactor:1.0]]
[2020.05.31-04.34.29:653][  0]LogConfig: Setting CVar [[r.DistanceFieldShadowing:1]]
[2020.05.31-04.34.29:653][  0]LogConfig: Setting CVar [[r.DistanceFieldAO:1]]
[2020.05.31-04.34.29:654][  0]LogConfig: Setting CVar [[r.AOQuality:2]]
[2020.05.31-04.34.29:654][  0]LogConfig: Setting CVar [[r.VolumetricFog:1]]
[2020.05.31-04.34.29:654][  0]LogConfig: Setting CVar [[r.VolumetricFog.GridPixelSize:8]]
[2020.05.31-04.34.29:654][  0]LogConfig: Setting CVar [[r.VolumetricFog.GridSizeZ:128]]
[2020.05.31-04.34.29:654][  0]LogConfig: Setting CVar [[r.VolumetricFog.HistoryMissSupersampleCount:4]]
[2020.05.31-04.34.29:654][  0]LogConfig: Setting CVar [[r.LightMaxDrawDistanceScale:1]]
[2020.05.31-04.34.29:654][  0]LogConfig: Setting CVar [[r.CapsuleShadows:1]]
[2020.05.31-04.34.29:654][  0]LogConfig: Applying CVar settings from Section [PostProcessQuality@3] File [D:/adale/Desktop/2DSouls/SideScroller/Saved/Config/Windows/Scalability.ini]
[2020.05.31-04.34.29:655][  0]LogConfig: Setting CVar [[r.MotionBlurQuality:4]]
[2020.05.31-04.34.29:655][  0]LogConfig: Setting CVar [[r.AmbientOcclusionMipLevelFactor:0.4]]
[2020.05.31-04.34.29:655][  0]LogConfig: Setting CVar [[r.AmbientOcclusionMaxQuality:100]]
[2020.05.31-04.34.29:655][  0]LogConfig: Setting CVar [[r.AmbientOcclusionLevels:-1]]
[2020.05.31-04.34.29:655][  0]LogConfig: Setting CVar [[r.AmbientOcclusionRadiusScale:1.0]]
[2020.05.31-04.34.29:655][  0]LogConfig: Setting CVar [[r.DepthOfFieldQuality:2]]
[2020.05.31-04.34.29:655][  0]LogConfig: Setting CVar [[r.RenderTargetPoolMin:400]]
[2020.05.31-04.34.29:655][  0]LogConfig: Setting CVar [[r.LensFlareQuality:2]]
[2020.05.31-04.34.29:655][  0]LogConfig: Setting CVar [[r.SceneColorFringeQuality:1]]
[2020.05.31-04.34.29:655][  0]LogConfig: Setting CVar [[r.EyeAdaptationQuality:2]]
[2020.05.31-04.34.29:655][  0]LogConfig: Setting CVar [[r.BloomQuality:5]]
[2020.05.31-04.34.29:655][  0]LogConfig: Setting CVar [[r.FastBlurThreshold:100]]
[2020.05.31-04.34.29:656][  0]LogConfig: Setting CVar [[r.Upscale.Quality:3]]
[2020.05.31-04.34.29:656][  0]LogConfig: Setting CVar [[r.Tonemapper.GrainQuantization:1]]
[2020.05.31-04.34.29:656][  0]LogConfig: Setting CVar [[r.LightShaftQuality:1]]
[2020.05.31-04.34.29:656][  0]LogConfig: Setting CVar [[r.Filter.SizeScale:1]]
[2020.05.31-04.34.29:656][  0]LogConfig: Setting CVar [[r.Tonemapper.Quality:5]]
[2020.05.31-04.34.29:656][  0]LogConfig: Setting CVar [[r.DOF.Gather.AccumulatorQuality:1        ; higher gathering accumulator quality]]
[2020.05.31-04.34.29:656][  0]LogConfig: Setting CVar [[r.DOF.Gather.PostfilterMethod:1          ; Median3x3 postfilering method]]
[2020.05.31-04.34.29:656][  0]LogConfig: Setting CVar [[r.DOF.Gather.EnableBokehSettings:0       ; no bokeh simulation when gathering]]
[2020.05.31-04.34.29:656][  0]LogConfig: Setting CVar [[r.DOF.Gather.RingCount:4                 ; medium number of samples when gathering]]
[2020.05.31-04.34.29:656][  0]LogConfig: Setting CVar [[r.DOF.Scatter.ForegroundCompositing:1    ; additive foreground scattering]]
[2020.05.31-04.34.29:657][  0]LogConfig: Setting CVar [[r.DOF.Scatter.BackgroundCompositing:2    ; additive background scattering]]
[2020.05.31-04.34.29:657][  0]LogConfig: Setting CVar [[r.DOF.Scatter.EnableBokehSettings:1      ; bokeh simulation when scattering]]
[2020.05.31-04.34.29:657][  0]LogConfig: Setting CVar [[r.DOF.Scatter.MaxSpriteRatio:0.1         ; only a maximum of 10% of scattered bokeh]]
[2020.05.31-04.34.29:657][  0]LogConfig: Setting CVar [[r.DOF.Recombine.Quality:1                ; cheap slight out of focus]]
[2020.05.31-04.34.29:657][  0]LogConfig: Setting CVar [[r.DOF.Recombine.EnableBokehSettings:0    ; no bokeh simulation on slight out of focus]]
[2020.05.31-04.34.29:657][  0]LogConfig: Setting CVar [[r.DOF.TemporalAAQuality:1                ; more stable temporal accumulation]]
[2020.05.31-04.34.29:657][  0]LogConfig: Setting CVar [[r.DOF.Kernel.MaxForegroundRadius:0.025]]
[2020.05.31-04.34.29:657][  0]LogConfig: Setting CVar [[r.DOF.Kernel.MaxBackgroundRadius:0.025]]
[2020.05.31-04.34.29:657][  0]LogConfig: Applying CVar settings from Section [TextureQuality@3] File [D:/adale/Desktop/2DSouls/SideScroller/Saved/Config/Windows/Scalability.ini]
[2020.05.31-04.34.29:657][  0]LogConfig: Setting CVar [[r.Streaming.MipBias:0]]
[2020.05.31-04.34.29:657][  0]LogConfig: Setting CVar [[r.Streaming.AmortizeCPUToGPUCopy:0]]
[2020.05.31-04.34.29:657][  0]LogConfig: Setting CVar [[r.Streaming.MaxNumTexturesToStreamPerFrame:0]]
[2020.05.31-04.34.29:658][  0]LogConfig: Setting CVar [[r.Streaming.Boost:1]]
[2020.05.31-04.34.29:658][  0]LogConfig: Setting CVar [[r.MaxAnisotropy:8]]
[2020.05.31-04.34.29:658][  0]LogConfig: Setting CVar [[r.VT.MaxAnisotropy:8]]
[2020.05.31-04.34.29:658][  0]LogConfig: Setting CVar [[r.Streaming.LimitPoolSizeToVRAM:0]]
[2020.05.31-04.34.29:658][  0]LogConfig: Setting CVar [[r.Streaming.PoolSize:1000]]
[2020.05.31-04.34.29:658][  0]LogConfig: Setting CVar [[r.Streaming.MaxEffectiveScreenSize:0]]
[2020.05.31-04.34.29:658][  0]LogConfig: Applying CVar settings from Section [EffectsQuality@3] File [D:/adale/Desktop/2DSouls/SideScroller/Saved/Config/Windows/Scalability.ini]
[2020.05.31-04.34.29:658][  0]LogConfig: Setting CVar [[r.TranslucencyLightingVolumeDim:64]]
[2020.05.31-04.34.29:658][  0]LogConfig: Setting CVar [[r.RefractionQuality:2]]
[2020.05.31-04.34.29:658][  0]LogConfig: Setting CVar [[r.SSR.Quality:3]]
[2020.05.31-04.34.29:658][  0]LogConfig: Setting CVar [[r.SSR.HalfResSceneColor:0]]
[2020.05.31-04.34.29:659][  0]LogConfig: Setting CVar [[r.SceneColorFormat:4]]
[2020.05.31-04.34.29:659][  0]LogConfig: Setting CVar [[r.DetailMode:2]]
[2020.05.31-04.34.29:659][  0]LogConfig: Setting CVar [[r.TranslucencyVolumeBlur:1]]
[2020.05.31-04.34.29:659][  0]LogConfig: Setting CVar [[r.MaterialQualityLevel:1 ; High quality]]
[2020.05.31-04.34.29:659][  0]LogConfig: Setting CVar [[r.SSS.Scale:1]]
[2020.05.31-04.34.29:659][  0]LogConfig: Setting CVar [[r.SSS.SampleSet:2]]
[2020.05.31-04.34.29:659][  0]LogConfig: Setting CVar [[r.SSS.Quality:1]]
[2020.05.31-04.34.29:659][  0]LogConfig: Setting CVar [[r.SSS.HalfRes:1]]
[2020.05.31-04.34.29:659][  0]LogConfig: Setting CVar [[r.SSGI.Quality:3]]
[2020.05.31-04.34.29:659][  0]LogConfig: Setting CVar [[r.EmitterSpawnRateScale:1.0]]
[2020.05.31-04.34.29:659][  0]LogConfig: Setting CVar [[r.ParticleLightQuality:2]]
[2020.05.31-04.34.29:659][  0]LogConfig: Setting CVar [[r.SkyAtmosphere.AerialPerspectiveLUT.FastApplyOnOpaque:1 ; Always have FastSkyLUT 1 in this case to avoid wrong sky]]
[2020.05.31-04.34.29:660][  0]LogConfig: Setting CVar [[r.SkyAtmosphere.AerialPerspectiveLUT.SampleCountPerSlice:1]]
[2020.05.31-04.34.29:660][  0]LogConfig: Setting CVar [[r.SkyAtmosphere.AerialPerspectiveLUT.DepthResolution:16.0]]
[2020.05.31-04.34.29:660][  0]LogConfig: Setting CVar [[r.SkyAtmosphere.FastSkyLUT:1]]
[2020.05.31-04.34.29:660][  0]LogConfig: Setting CVar [[r.SkyAtmosphere.FastSkyLUT.SampleCountMin:4.0]]
[2020.05.31-04.34.29:660][  0]LogConfig: Setting CVar [[r.SkyAtmosphere.FastSkyLUT.SampleCountMax:32.0]]
[2020.05.31-04.34.29:660][  0]LogConfig: Setting CVar [[r.SkyAtmosphere.SampleCountMin:4.0]]
[2020.05.31-04.34.29:660][  0]LogConfig: Setting CVar [[r.SkyAtmosphere.SampleCountMax:32.0]]
[2020.05.31-04.34.29:660][  0]LogConfig: Setting CVar [[r.SkyAtmosphere.TransmittanceLUT.UseSmallFormat:0]]
[2020.05.31-04.34.29:660][  0]LogConfig: Setting CVar [[r.SkyAtmosphere.TransmittanceLUT.SampleCount:10.0]]
[2020.05.31-04.34.29:660][  0]LogConfig: Setting CVar [[r.SkyAtmosphere.MultiScatteringLUT.SampleCount:15.0]]
[2020.05.31-04.34.29:660][  0]LogConfig: Applying CVar settings from Section [FoliageQuality@3] File [D:/adale/Desktop/2DSouls/SideScroller/Saved/Config/Windows/Scalability.ini]
[2020.05.31-04.34.29:660][  0]LogConfig: Setting CVar [[foliage.DensityScale:1.0]]
[2020.05.31-04.34.29:660][  0]LogConfig: Setting CVar [[grass.DensityScale:1.0]]
[2020.05.31-04.34.29:661][  0]LogConfig: Applying CVar settings from Section [ShadingQuality@3] File [D:/adale/Desktop/2DSouls/SideScroller/Saved/Config/Windows/Scalability.ini]
[2020.05.31-04.34.29:661][  0]LogConfig: Setting CVar [[r.HairStrands.SkyLighting.SampleCount:16]]
[2020.05.31-04.34.29:661][  0]LogConfig: Setting CVar [[r.HairStrands.SkyLighting.JitterIntegration:0]]
[2020.05.31-04.34.29:661][  0]LogConfig: Setting CVar [[r.HairStrands.SkyAO.SampleCount:16]]
[2020.05.31-04.34.29:661][  0]LogConfig: Applying CVar settings from Section [Startup] File [../../../Engine/Config/ConsoleVariables.ini]
[2020.05.31-04.34.29:679][  0]LogConfig: Setting CVar [[net.UseAdaptiveNetUpdateFrequency:0]]
[2020.05.31-04.34.29:679][  0]LogConfig: Setting CVar [[p.chaos.AllowCreatePhysxBodies:1]]
[2020.05.31-04.34.29:680][  0]LogConfig: Applying CVar settings from Section [ConsoleVariables] File [D:/adale/Desktop/2DSouls/SideScroller/Saved/Config/Windows/Engine.ini]
[2020.05.31-04.34.29:727][  0]LogInit: Computer: DESKTOP-J52MBI8
[2020.05.31-04.34.29:727][  0]LogInit: User: adale
[2020.05.31-04.34.29:728][  0]LogInit: CPU Page size=4096, Cores=4
[2020.05.31-04.34.29:728][  0]LogInit: High frequency timer resolution =10.000000 MHz
[2020.05.31-04.34.29:745][  0]LogMemory: Memory total: Physical=15.9GB (16GB approx)
[2020.05.31-04.34.29:841][  0]LogMemory: Platform Memory Stats for Windows
[2020.05.31-04.34.29:841][  0]LogMemory: Process Physical Memory: 105.70 MB used, 105.70 MB peak
[2020.05.31-04.34.29:841][  0]LogMemory: Process Virtual Memory: 100.51 MB used, 100.51 MB peak
[2020.05.31-04.34.29:841][  0]LogMemory: Physical Memory: 8597.07 MB used,  7653.17 MB free, 16250.25 MB total
[2020.05.31-04.34.29:841][  0]LogMemory: Virtual Memory: 5137.54 MB used,  134212592.00 MB free, 134217728.00 MB total
[2020.05.31-04.34.29:904][  0]LogWindows: WindowsPlatformFeatures enabled
[2020.05.31-04.34.32:660][  0]LogInit: Using OS detected language (en-US).
[2020.05.31-04.34.32:660][  0]LogInit: Using OS detected locale (en-CA).
[2020.05.31-04.34.32:696][  0]LogTextLocalizationManager: No specific localization for 'en-US' exists, so the 'en' localization will be used.
[2020.05.31-04.34.33:696][  0]LogInit: Setting process to per monitor DPI aware
[2020.05.31-04.34.34:733][  0]LogSlate: New Slate User Created.  User Index 0, Is Virtual User: 0
[2020.05.31-04.34.34:734][  0]LogSlate: Slate User Registered.  User Index 0, Is Virtual User: 0
[2020.05.31-04.34.43:795][  0]LogHMD: Failed to initialize OpenVR with code 110
[2020.05.31-04.34.43:795][  0]LogD3D11RHI: D3D11 min allowed feature level: 11_0
[2020.05.31-04.34.43:795][  0]LogD3D11RHI: D3D11 max allowed feature level: 11_0
[2020.05.31-04.34.43:795][  0]LogD3D11RHI: D3D11 adapters:
[2020.05.31-04.34.43:930][  0]LogD3D11RHI:    0. 'NVIDIA GeForce GTX 1050 Ti' (Feature Level 11_0)
[2020.05.31-04.34.43:931][  0]LogD3D11RHI:       4018/0/8125 MB DedicatedVideo/DedicatedSystem/SharedSystem, Outputs:1, VendorId:0x10de
[2020.05.31-04.34.43:982][  0]LogD3D11RHI:    1. 'Intel(R) HD Graphics 630' (Feature Level 11_0)
[2020.05.31-04.34.43:983][  0]LogD3D11RHI:       128/0/8125 MB DedicatedVideo/DedicatedSystem/SharedSystem, Outputs:0, VendorId:0x8086
[2020.05.31-04.34.43:997][  0]LogD3D11RHI:    2. 'Microsoft Basic Render Driver' (Feature Level 11_0)
[2020.05.31-04.34.43:997][  0]LogD3D11RHI:       0/0/8125 MB DedicatedVideo/DedicatedSystem/SharedSystem, Outputs:0, VendorId:0x1414
[2020.05.31-04.34.43:997][  0]LogD3D11RHI: Chosen D3D11 Adapter: 0
[2020.05.31-04.34.44:021][  0]LogD3D11RHI: Creating new Direct3DDevice
[2020.05.31-04.34.44:022][  0]LogD3D11RHI:     GPU DeviceId: 0x1c8c (for the marketing name, search the web for "GPU Device Id")
[2020.05.31-04.34.44:022][  0]LogWindows: EnumDisplayDevices:
[2020.05.31-04.34.44:023][  0]LogWindows:    0. 'Intel(R) HD Graphics 630' (P:0 D:0)
[2020.05.31-04.34.44:023][  0]LogWindows:    1. 'Intel(R) HD Graphics 630' (P:0 D:0)
[2020.05.31-04.34.44:024][  0]LogWindows:    2. 'Intel(R) HD Graphics 630' (P:0 D:0)
[2020.05.31-04.34.44:025][  0]LogWindows:    3. 'NVIDIA GeForce GTX 1050 Ti' (P:1 D:1)
[2020.05.31-04.34.44:025][  0]LogWindows: DebugString: PrimaryIsNotTheChoosenAdapter PrimaryIsNotTheChoosenAdapter PrimaryIsNotTheChoosenAdapter 
[2020.05.31-04.34.44:025][  0]LogD3D11RHI:     Adapter Name: NVIDIA GeForce GTX 1050 Ti
[2020.05.31-04.34.44:025][  0]LogD3D11RHI:   Driver Version: 441.08 (internal:26.21.14.4108, unified:441.08)
[2020.05.31-04.34.44:025][  0]LogD3D11RHI:      Driver Date: 10-22-2019
[2020.05.31-04.34.44:025][  0]LogRHI: Texture pool is 2812 MB (70% of 4018 MB)
[2020.05.31-04.34.44:118][  0]LogD3D11RHI: RHI has support for 64 bit atomics
[2020.05.31-04.34.44:119][  0]LogD3D11RHI: Async texture creation enabled
[2020.05.31-04.34.44:718][  0]LogD3D11RHI: GPU Timing Frequency: 1000.000000 (Debug: 2 1)
[2020.05.31-04.34.45:431][  0]LogTargetPlatformManager: Display: Loaded TargetPlatform 'AllDesktop'
[2020.05.31-04.34.45:642][  0]LogTargetPlatformManager: Display: Loaded TargetPlatform 'Android'
[2020.05.31-04.34.45:642][  0]LogTargetPlatformManager: Display: Loaded TargetPlatform 'Android_ASTC'
[2020.05.31-04.34.45:642][  0]LogTargetPlatformManager: Display: Loaded TargetPlatform 'Android_ATC'
[2020.05.31-04.34.45:642][  0]LogTargetPlatformManager: Display: Loaded TargetPlatform 'Android_DXT'
[2020.05.31-04.34.45:643][  0]LogTargetPlatformManager: Display: Loaded TargetPlatform 'Android_ETC1'
[2020.05.31-04.34.45:643][  0]LogTargetPlatformManager: Display: Loaded TargetPlatform 'Android_ETC1a'
[2020.05.31-04.34.45:643][  0]LogTargetPlatformManager: Display: Loaded TargetPlatform 'Android_ETC2'
[2020.05.31-04.34.45:643][  0]LogTargetPlatformManager: Display: Loaded TargetPlatform 'Android_PVRTC'
[2020.05.31-04.34.45:643][  0]LogTargetPlatformManager: Display: Loaded TargetPlatform 'AndroidClient'
[2020.05.31-04.34.45:643][  0]LogTargetPlatformManager: Display: Loaded TargetPlatform 'Android_ASTCClient'
[2020.05.31-04.34.45:643][  0]LogTargetPlatformManager: Display: Loaded TargetPlatform 'Android_ATCClient'
[2020.05.31-04.34.45:643][  0]LogTargetPlatformManager: Display: Loaded TargetPlatform 'Android_DXTClient'
[2020.05.31-04.34.45:643][  0]LogTargetPlatformManager: Display: Loaded TargetPlatform 'Android_ETC1Client'
[2020.05.31-04.34.45:644][  0]LogTargetPlatformManager: Display: Loaded TargetPlatform 'Android_ETC1aClient'
[2020.05.31-04.34.45:644][  0]LogTargetPlatformManager: Display: Loaded TargetPlatform 'Android_ETC2Client'
[2020.05.31-04.34.45:644][  0]LogTargetPlatformManager: Display: Loaded TargetPlatform 'Android_PVRTCClient'
[2020.05.31-04.34.45:644][  0]LogTargetPlatformManager: Display: Loaded TargetPlatform 'Android_Multi'
[2020.05.31-04.34.45:644][  0]LogTargetPlatformManager: Display: Loaded TargetPlatform 'Android_MultiClient'
[2020.05.31-04.34.45:913][  0]LogTargetPlatformManager: Display: Loaded TargetPlatform 'IOSClient'
[2020.05.31-04.34.45:913][  0]LogTargetPlatformManager: Display: Loaded TargetPlatform 'IOS'
[2020.05.31-04.34.45:964][  0]LogTargetPlatformManager: Display: Loaded TargetPlatform 'LinuxNoEditor'
[2020.05.31-04.34.46:014][  0]LogTargetPlatformManager: Display: Loaded TargetPlatform 'LinuxClient'
[2020.05.31-04.34.46:066][  0]LogTargetPlatformManager: Display: Loaded TargetPlatform 'LinuxServer'
[2020.05.31-04.34.46:114][  0]LogTargetPlatformManager: Display: Loaded TargetPlatform 'LinuxAArch64NoEditor'
[2020.05.31-04.34.46:163][  0]LogTargetPlatformManager: Display: Loaded TargetPlatform 'LinuxAArch64Client'
[2020.05.31-04.34.46:226][  0]LogTargetPlatformManager: Display: Loaded TargetPlatform 'LinuxAArch64Server'
[2020.05.31-04.34.46:327][  0]LogTargetPlatformManager: Display: Loaded TargetPlatform 'Lumin'
[2020.05.31-04.34.46:327][  0]LogTargetPlatformManager: Display: Loaded TargetPlatform 'LuminClient'
[2020.05.31-04.34.46:398][  0]LogTargetPlatformManager: Display: Loaded TargetPlatform 'TVOSClient'
[2020.05.31-04.34.46:398][  0]LogTargetPlatformManager: Display: Loaded TargetPlatform 'TVOS'
[2020.05.31-04.34.46:476][  0]LogTargetPlatformManager: Display: Loaded TargetPlatform 'WindowsNoEditor'
[2020.05.31-04.34.46:528][  0]LogTargetPlatformManager: Display: Loaded TargetPlatform 'Windows'
[2020.05.31-04.34.46:575][  0]LogTargetPlatformManager: Display: Loaded TargetPlatform 'WindowsClient'
[2020.05.31-04.34.46:623][  0]LogTargetPlatformManager: Display: Loaded TargetPlatform 'WindowsServer'
[2020.05.31-04.34.46:623][  0]LogTargetPlatformManager: Display: Building Assets For Windows
[2020.05.31-04.34.46:869][  0]LogAudioDebug: Display: Lib vorbis DLL was dynamically loaded.
[2020.05.31-04.34.48:208][  0]LogShaderCompilers: Guid format shader working directory is -4 characters bigger than the processId version (../../../../../adale/Desktop/2DSouls/SideScroller/Intermediate/Shaders/WorkingDirectory/18024/).
[2020.05.31-04.34.48:208][  0]LogShaderCompilers: Cleaned the shader compiler working directory 'C:/Users/adale/AppData/Local/Temp/UnrealShaderWorkingDir/FD54E6B149773B6B8A44598A4B2673F1/'.
[2020.05.31-04.34.48:230][  0]LogXGEController: Cleaning working directory: C:/Users/adale/AppData/Local/Temp/UnrealXGEWorkingDir/
[2020.05.31-04.34.48:231][  0]LogXGEController: Cannot use XGE Controller as Incredibuild is not installed on this machine.
[2020.05.31-04.34.48:231][  0]LogShaderCompilers: Cannot use XGE Shader Compiler as Incredibuild is not installed on this machine.
[2020.05.31-04.34.48:231][  0]LogShaderCompilers: Display: Using Local Shader Compiler.
[2020.05.31-04.34.56:641][  0]LogDerivedDataCache: Display: Max Cache Size: 512 MB
[2020.05.31-04.34.57:123][  0]LogDerivedDataCache: Loaded boot cache 0.48s 78MB C:/Users/adale/AppData/Local/UnrealEngine/4.24/DerivedDataCache/Boot.ddc.
[2020.05.31-04.34.57:124][  0]LogDerivedDataCache: Display: Loaded Boot cache: C:/Users/adale/AppData/Local/UnrealEngine/4.24/DerivedDataCache/Boot.ddc
[2020.05.31-04.34.57:124][  0]LogDerivedDataCache: FDerivedDataBackendGraph:  Pak pak cache file ../../../../../adale/Desktop/2DSouls/SideScroller/DerivedDataCache/DDC.ddp not found, will not use a pak cache.
[2020.05.31-04.34.57:124][  0]LogDerivedDataCache: Unable to find inner node Pak for hierarchical cache Hierarchy.
[2020.05.31-04.34.57:124][  0]LogDerivedDataCache: FDerivedDataBackendGraph:  CompressedPak pak cache file ../../../../../adale/Desktop/2DSouls/SideScroller/DerivedDataCache/Compressed.ddp not found, will not use a pak cache.
[2020.05.31-04.34.57:124][  0]LogDerivedDataCache: Unable to find inner node CompressedPak for hierarchical cache Hierarchy.
[2020.05.31-04.34.57:294][  0]LogDerivedDataCache: Display: Pak cache opened for reading ../../../Engine/DerivedDataCache/Compressed.ddp.
[2020.05.31-04.34.57:294][  0]LogDerivedDataCache: FDerivedDataBackendGraph:  EnterprisePak pak cache file ../../../Enterprise/DerivedDataCache/Compressed.ddp not found, will not use a pak cache.
[2020.05.31-04.34.57:294][  0]LogDerivedDataCache: Unable to find inner node EnterprisePak for hierarchical cache Hierarchy.
[2020.05.31-04.34.57:298][  0]LogDerivedDataCache: Using Local data cache path C:/Users/adale/AppData/Local/UnrealEngine/Common/DerivedDataCache: Writable
[2020.05.31-04.34.57:298][  0]LogDerivedDataCache: Shared data cache path not found in *engine.ini, will not use an Shared cache.
[2020.05.31-04.34.57:298][  0]LogDerivedDataCache: Unable to find inner node Shared for hierarchical cache Hierarchy.
[2020.05.31-04.34.57:471][  0]LogMaterial: Verifying Global Shaders for PCD3D_SM5
[2020.05.31-04.34.57:629][  0]LogSlate: Using FreeType 2.10.0
[2020.05.31-04.34.57:985][  0]LogSlate: SlateFontServices - WITH_FREETYPE: 1, WITH_HARFBUZZ: 1
[2020.05.31-04.35.00:073][  0]LogAssetRegistry: FAssetRegistry took 0.0144 seconds to start up
[2020.05.31-04.35.12:835][  0]LogInit: Selected Device Profile: [Windows]
[2020.05.31-04.35.16:421][  0]LogMeshReduction: Using QuadricMeshReduction for automatic static mesh reduction
[2020.05.31-04.35.16:421][  0]LogMeshReduction: Using SimplygonMeshReduction for automatic skeletal mesh reduction
[2020.05.31-04.35.16:422][  0]LogMeshReduction: Using ProxyLODMeshReduction for automatic mesh merging
[2020.05.31-04.35.16:422][  0]LogMeshReduction: No distributed automatic mesh merging module available
[2020.05.31-04.35.16:422][  0]LogMeshMerging: No distributed automatic mesh merging module available
[2020.05.31-04.35.17:432][  0]LogNetVersion: SideScroller 1.0.0, NetCL: 10570792, EngineNetVer: 13, GameNetVer: 0 (Checksum: 2260462969)
[2020.05.31-04.35.45:811][  0]LogPackageLocalizationCache: Processed 10 localized package path(s) for 1 prioritized culture(s) in 0.202595 seconds
[2020.05.31-04.35.45:852][  0]LogUObjectArray: 46750 objects as part of root set at end of initial load.
[2020.05.31-04.35.45:852][  0]LogUObjectAllocator: 8137160 out of 0 bytes used by permanent object pool.
[2020.05.31-04.35.45:852][  0]LogUObjectArray: CloseDisregardForGC: 0/0 objects in disregard for GC pool
[2020.05.31-04.35.55:908][  0]LogTcpMessaging: Initializing TcpMessaging bridge
[2020.05.31-04.35.56:149][  0]LogUdpMessaging: Initializing bridge on interface 0.0.0.0:0 to multicast group 230.0.0.1:6666.
[2020.05.31-04.35.58:281][  0]SourceControl: Source control is disabled
[2020.05.31-04.35.58:325][  0]SourceControl: Source control is disabled
[2020.05.31-04.35.58:449][  0]SourceControl: Source control is disabled
[2020.05.31-04.35.58:565][  0]SourceControl: Source control is disabled
[2020.05.31-04.35.58:630][  0]SourceControl: Source control is disabled
[2020.05.31-04.36.01:319][  0]LogAndroidPermission: UAndroidPermissionCallbackProxy::GetInstance
[2020.05.31-04.36.01:607][  0]LogAudioCaptureCore: Display: No Audio Capture implementations found. Audio input will be silent.
[2020.05.31-04.36.01:607][  0]LogAudioCaptureCore: Display: No Audio Capture implementations found. Audio input will be silent.
[2020.05.31-04.36.02:725][  0]LogOcInput: OculusInput pre-init called
[2020.05.31-04.36.02:892][  0]LogWindows: Failed to load 'OVRPlugin.dll' (GetLastError=126)
[2020.05.31-04.36.02:893][  0]LogWindows: File 'OVRPlugin.dll' does not exist
[2020.05.31-04.36.06:226][  0]LogAutomationTest: Warning: Smoke tests took > 2s to run: 2.16s
[2020.05.31-04.36.06:347][  0]LogEngine: Initializing Engine...
[2020.05.31-04.36.06:474][  0]LogHMD: Failed to initialize OpenVR with code 110
[2020.05.31-04.36.06:657][  0]LogStats: UGameplayTagsManager::InitializeManager -  0.085 s
[2020.05.31-04.36.08:407][  0]LogInit: Initializing FReadOnlyCVARCache
[2020.05.31-04.36.09:777][  0]LogAIModule: Creating AISystem for world Untitled
[2020.05.31-04.36.10:193][  0]LogAudioMixer: Display: Audio Mixer Platform Settings:
[2020.05.31-04.36.10:193][  0]LogAudioMixer: Display: 	Sample Rate:						  48000
[2020.05.31-04.36.10:194][  0]LogAudioMixer: Display: 	Callback Buffer Frame Size Requested: 1024
[2020.05.31-04.36.10:194][  0]LogAudioMixer: Display: 	Callback Buffer Frame Size To Use:	  1024
[2020.05.31-04.36.10:194][  0]LogAudioMixer: Display: 	Number of buffers to queue:			  2
[2020.05.31-04.36.10:194][  0]LogAudioMixer: Display: 	Max Channels (voices):				  32
[2020.05.31-04.36.10:194][  0]LogAudioMixer: Display: 	Number of Async Source Workers:		  0
[2020.05.31-04.36.10:201][  0]LogAudio: Display: AudioDevice MaxSources: 32
[2020.05.31-04.36.10:212][  0]LogAudio: Display: Using built-in audio occlusion.
[2020.05.31-04.36.10:212][  0]LogAudioMixer: Display: Initializing audio mixer.
[2020.05.31-04.36.10:440][  0]LogAudioMixer: Display: Audio Device Output Speaker Info:
[2020.05.31-04.36.10:440][  0]LogAudioMixer: Display: Name: Speakers / Headphones (Realtek Audio)
[2020.05.31-04.36.10:440][  0]LogAudioMixer: Display: Is Default: Yes
[2020.05.31-04.36.10:441][  0]LogAudioMixer: Display: Sample Rate: 48000
[2020.05.31-04.36.10:441][  0]LogAudioMixer: Display: Channel Count Used: 2
[2020.05.31-04.36.10:441][  0]LogAudioMixer: Display: Device Channel Count: 2
[2020.05.31-04.36.10:441][  0]LogAudioMixer: Display: Channel Order:
[2020.05.31-04.36.10:441][  0]LogAudioMixer: Display: 0: FrontLeft
[2020.05.31-04.36.10:441][  0]LogAudioMixer: Display: 1: FrontRight
[2020.05.31-04.36.10:581][  0]LogAudioMixer: Display: Using Audio Device Speakers / Headphones (Realtek Audio)
[2020.05.31-04.36.10:680][  0]LogInit: FAudioDevice initialized.
[2020.05.31-04.36.10:714][  0]LogNetVersion: Set ProjectVersion to 1.0.0.0. Version Checksum will be recalculated on next use.
[2020.05.31-04.36.10:809][  0]LogDerivedDataCache: Saved boot cache 0.09s 78MB C:/Users/adale/AppData/Local/UnrealEngine/4.24/DerivedDataCache/Boot.ddc.
[2020.05.31-04.36.10:828][  0]LogInit: Texture streaming: Enabled
[2020.05.31-04.36.11:195][  0]LogEngineSessionManager: EngineSessionManager initialized
[2020.05.31-04.36.11:202][  0]LogEngineSessionManager: EngineSessionManager sent abnormal shutdown report. Type=Debugger, SessionId={99C97AF0-4785-AD09-3389-458A716372DF}
[2020.05.31-04.36.11:212][  0]LogEditorSessionSummary: Verbose: Initializing EditorSessionSummaryWriter for editor session tracking
[2020.05.31-04.36.11:225][  0]LogEditorSessionSummary: EditorSessionSummaryWriter initialized
[2020.05.31-04.36.11:814][  0]LogInit: Transaction tracking system initialized
[2020.05.31-04.36.12:663][  0]BlueprintLog: New page: Editor Load
[2020.05.31-04.36.14:775][  0]LocalizationService: Localization service is disabled
[2020.05.31-04.36.21:230][  0]LogFileCache: Scanning file cache for directory 'D:/adale/Desktop/2DSouls/SideScroller/Content/' took 0.13s
[2020.05.31-04.36.21:230][  0]LogCook: Display: Max memory allowance for cook 16384mb min free memory 0mb
[2020.05.31-04.36.21:231][  0]LogCook: Display: Mobile HDR setting 1
[2020.05.31-04.36.27:351][  0]SourceControl: Source control is disabled
[2020.05.31-04.36.27:443][  0]Cmd: MAP LOAD FILE="../../../../../adale/Desktop/2DSouls/SideScroller/Content/Levels/MainMenu.umap" TEMPLATE=0 SHOWPROGRESS=1 FEATURELEVEL=3
[2020.05.31-04.36.27:575][  0]LightingResults: New page: Lighting Build
[2020.05.31-04.36.28:008][  0]LogWorld: UWorld::CleanupWorld for Untitled, bSessionEnded=true, bCleanupResources=true
[2020.05.31-04.36.28:060][  0]LogSlate: InvalidateAllWidgets triggered.  All widgets were invalidated
[2020.05.31-04.36.28:177][  0]MapCheck: New page: Map Check
[2020.05.31-04.36.28:177][  0]LightingResults: New page: Lighting Build
[2020.05.31-04.36.28:928][  0]LogUObjectHash: Compacting FUObjectHashTables data took   2.39ms
[2020.05.31-04.36.30:745][  0]LogAIModule: Creating AISystem for world MainMenu
[2020.05.31-04.36.30:901][  0]LogEditorServer: Finished looking for orphan Actors (0.000 secs)
[2020.05.31-04.36.31:501][  0]LogUObjectHash: Compacting FUObjectHashTables data took   2.41ms
[2020.05.31-04.36.31:501][  0]Cmd: MAP CHECKDEP NOCLEARLOG
[2020.05.31-04.36.31:512][  0]MapCheck: Map check complete: 0 Error(s), 0 Warning(s), took 10.642ms to complete.
[2020.05.31-04.36.31:513][  0]LogFileHelpers: Loading map 'MainMenu' took 4.116
[2020.05.31-04.36.35:156][  0]LogSlate: Updating window title bar state: overlay mode, drag disabled, window buttons hidden, title bar hidden
[2020.05.31-04.36.35:204][  0]LogSlate: Updating window title bar state: overlay mode, drag disabled, window buttons hidden, title bar hidden
[2020.05.31-04.36.35:212][  0]LogSlate: Updating window title bar state: overlay mode, drag disabled, window buttons hidden, title bar hidden
[2020.05.31-04.36.35:220][  0]LogSlate: Updating window title bar state: overlay mode, drag disabled, window buttons hidden, title bar hidden
[2020.05.31-04.36.35:546][  0]LogCollectionManager: Loaded 0 collections in 0.002047 seconds
[2020.05.31-04.36.36:018][  0]LogFileCache: Scanning file cache for directory 'D:/adale/Desktop/2DSouls/SideScroller/Saved/Collections/' took 0.00s
[2020.05.31-04.36.36:018][  0]LogFileCache: Scanning file cache for directory 'D:/adale/Desktop/2DSouls/SideScroller/Content/Developers/adale/Collections/' took 0.00s
[2020.05.31-04.36.36:018][  0]LogFileCache: Scanning file cache for directory 'D:/adale/Desktop/2DSouls/SideScroller/Content/Collections/' took 0.00s
[2020.05.31-04.36.36:018][  0]LogContentBrowser: Native class hierarchy populated in 0.0322 seconds. Added 3028 classes and 719 folders.
[2020.05.31-04.36.36:325][  0]LogContentBrowser: Native class hierarchy updated for 'WidgetCarousel' in 0.0007 seconds. Added 0 classes and 0 folders.
[2020.05.31-04.36.38:254][  0]LogContentBrowser: Native class hierarchy updated for 'AddContentDialog' in 0.0008 seconds. Added 0 classes and 0 folders.
[2020.05.31-04.36.38:434][  0]LogContentBrowser: Native class hierarchy updated for 'SceneOutliner' in 0.0006 seconds. Added 2 classes and 3 folders.
[2020.05.31-04.36.39:669][  0]LogSlate: Took 0.030230 seconds to synchronously load lazily loaded font '../../../Engine/Content/Slate/Fonts/Roboto-Regular.ttf' (155K)
[2020.05.31-04.36.39:732][  0]LogSlate: Took 0.032543 seconds to synchronously load lazily loaded font '../../../Engine/Content/Slate/Fonts/Roboto-Bold.ttf' (160K)
[2020.05.31-04.36.39:908][  0]LogSlate: Took 0.114648 seconds to synchronously load lazily loaded font '../../../Engine/Content/Editor/Slate/Fonts/FontAwesome.ttf' (139K)
[2020.05.31-04.36.41:174][  0]LogRenderer: Reallocating scene render targets to support 1028x572 Format 10 NumSamples 1 (Frame:1).
[2020.05.31-04.36.42:860][  0]LogContentBrowser: Native class hierarchy updated for 'HierarchicalLODOutliner' in 0.0007 seconds. Added 0 classes and 0 folders.
[2020.05.31-04.36.42:860][  0]LogLoad: (Engine Initialization) Total time: 190.32 seconds
[2020.05.31-04.36.42:860][  0]LogLoad: (Engine Initialization) Total Blueprint compile time: 0.00 seconds
[2020.05.31-04.36.43:983][  0]LogContentStreaming: Texture pool size now 1000 MB
[2020.05.31-04.36.48:165][ 39]LogSlate: Took 0.026741 seconds to synchronously load lazily loaded font '../../../Engine/Content/Slate/Fonts/Roboto-Light.ttf' (167K)
[2020.05.31-04.36.49:261][ 52]LogAssetRegistry: Asset discovery search completed in 109.1975 seconds
[2020.05.31-04.36.49:304][ 52]LogCollectionManager: Fixed up redirectors for 0 collections in 0.010685 seconds (updated 0 objects)
[2020.05.31-04.47.53:596][423]LogRenderer: Reallocating scene render targets to support 1028x576 Format 10 NumSamples 1 (Frame:14).
[2020.05.31-04.47.53:654][424]LogRenderer: Reallocating scene render targets to support 1028x592 Format 10 NumSamples 1 (Frame:16).
[2020.05.31-04.47.53:700][425]LogRenderer: Reallocating scene render targets to support 1028x616 Format 10 NumSamples 1 (Frame:18).
[2020.05.31-04.47.53:747][426]LogRenderer: Reallocating scene render targets to support 1028x640 Format 10 NumSamples 1 (Frame:20).
[2020.05.31-04.47.53:838][428]LogRenderer: Reallocating scene render targets to support 1028x644 Format 10 NumSamples 1 (Frame:24).
[2020.05.31-04.47.53:891][429]LogRenderer: Reallocating scene render targets to support 1028x652 Format 10 NumSamples 1 (Frame:26).
[2020.05.31-04.47.53:951][430]LogRenderer: Reallocating scene render targets to support 1028x656 Format 10 NumSamples 1 (Frame:28).
[2020.05.31-04.47.55:486][519]LogRenderer: Reallocating scene render targets to support 1032x656 Format 10 NumSamples 1 (Frame:33).
[2020.05.31-04.47.55:535][520]LogRenderer: Reallocating scene render targets to support 1056x656 Format 10 NumSamples 1 (Frame:35).
[2020.05.31-04.47.55:586][521]LogRenderer: Reallocating scene render targets to support 1076x656 Format 10 NumSamples 1 (Frame:37).
[2020.05.31-04.47.55:627][522]LogRenderer: Reallocating scene render targets to support 1080x656 Format 10 NumSamples 1 (Frame:39).
[2020.05.31-04.48.00:259][787]LogTemp: Repeating last play command: New Editor Window (PIE)
[2020.05.31-04.48.00:352][787]LogBlueprintUserMessages: Early PlayInEditor Detection: Level '/Game/Levels/MainMenu.MainMenu:PersistentLevel' has LevelScriptBlueprint '/Game/Levels/MainMenu.MainMenu:PersistentLevel.MainMenu' with GeneratedClass '/Game/Levels/MainMenu.MainMenu_C' with ClassGeneratedBy '/Game/Levels/MainMenu.MainMenu:PersistentLevel.MainMenu'
[2020.05.31-04.48.00:539][787]LogPlayLevel: PlayLevel: No blueprints needed recompiling
[2020.05.31-04.48.00:677][787]PIE: New page: PIE session: MainMenu (May 30, 2020, 8:48:00 p.m.)
[2020.05.31-04.48.00:764][787]LogOnline: OSS: Creating online subsystem instance for: NULL
[2020.05.31-04.48.00:767][787]LogOnline: OSS: TryLoadSubsystemAndSetDefault: Loaded subsystem for module [NULL]
[2020.05.31-04.48.00:815][787]LogPlayLevel: Creating play world package: /Game/Levels/UEDPIE_0_MainMenu
[2020.05.31-04.48.00:878][787]LogPlayLevel: PIE: StaticDuplicateObject took: (0.063172s)
[2020.05.31-04.48.00:930][787]LogAIModule: Creating AISystem for world MainMenu
[2020.05.31-04.48.00:960][787]LogPlayLevel: PIE: World Init took: (0.081476s)
[2020.05.31-04.48.00:978][787]LogPlayLevel: PIE: Created PIE world by copying editor world from /Game/Levels/MainMenu.MainMenu to /Game/Levels/UEDPIE_0_MainMenu.MainMenu (0.163625s)
[2020.05.31-04.48.01:007][787]LogUObjectHash: Compacting FUObjectHashTables data took   1.65ms
[2020.05.31-04.48.01:060][787]LogAudioMixer: Display: Audio Mixer Platform Settings:
[2020.05.31-04.48.01:060][787]LogAudioMixer: Display: 	Sample Rate:						  48000
[2020.05.31-04.48.01:060][787]LogAudioMixer: Display: 	Callback Buffer Frame Size Requested: 1024
[2020.05.31-04.48.01:060][787]LogAudioMixer: Display: 	Callback Buffer Frame Size To Use:	  1024
[2020.05.31-04.48.01:061][787]LogAudioMixer: Display: 	Number of buffers to queue:			  2
[2020.05.31-04.48.01:061][787]LogAudioMixer: Display: 	Max Channels (voices):				  32
[2020.05.31-04.48.01:061][787]LogAudioMixer: Display: 	Number of Async Source Workers:		  0
[2020.05.31-04.48.01:061][787]LogAudio: Display: AudioDevice MaxSources: 32
[2020.05.31-04.48.01:062][787]LogAudio: Display: Using built-in audio occlusion.
[2020.05.31-04.48.01:062][787]LogAudioMixer: Display: Initializing audio mixer.
[2020.05.31-04.48.01:080][787]LogAudioMixer: Display: Audio Device Output Speaker Info:
[2020.05.31-04.48.01:080][787]LogAudioMixer: Display: Name: Speakers / Headphones (Realtek Audio)
[2020.05.31-04.48.01:081][787]LogAudioMixer: Display: Is Default: Yes
[2020.05.31-04.48.01:081][787]LogAudioMixer: Display: Sample Rate: 48000
[2020.05.31-04.48.01:081][787]LogAudioMixer: Display: Channel Count Used: 2
[2020.05.31-04.48.01:081][787]LogAudioMixer: Display: Device Channel Count: 2
[2020.05.31-04.48.01:081][787]LogAudioMixer: Display: Channel Order:
[2020.05.31-04.48.01:081][787]LogAudioMixer: Display: 0: FrontLeft
[2020.05.31-04.48.01:081][787]LogAudioMixer: Display: 1: FrontRight
[2020.05.31-04.48.01:186][787]LogAudioMixer: Display: Using Audio Device Speakers / Headphones (Realtek Audio)
[2020.05.31-04.48.01:203][787]LogInit: FAudioDevice initialized.
[2020.05.31-04.48.01:262][787]LogSlate: Updating window title bar state: overlay mode, drag disabled, window buttons hidden, title bar hidden
[2020.05.31-04.48.04:747][787]LogLoad: Game class is 'BP_SideScrollerGameModeBase_C'
[2020.05.31-04.48.05:279][787]LogWorld: Bringing World /Game/Levels/UEDPIE_0_MainMenu.MainMenu up for play (max tick rate 60) at 2020.05.31-00.48.05
[2020.05.31-04.48.05:327][787]LogWorld: Bringing up level for play took: 0.049559
[2020.05.31-04.48.05:358][787]LogOnline: OSS: Creating online subsystem instance for: :Context_1
[2020.05.31-04.48.05:834][787]LogContentBrowser: Native class hierarchy updated for 'MovieSceneCapture' in 0.0006 seconds. Added 20 classes and 0 folders.
[2020.05.31-04.48.06:403][787]PIE: Play in editor start time for /Game/Levels/UEDPIE_0_MainMenu 6.682
[2020.05.31-04.48.06:404][787]LogBlueprintUserMessages: Late PlayInEditor Detection: Level '/Game/Levels/MainMenu.MainMenu:PersistentLevel' has LevelScriptBlueprint '/Game/Levels/MainMenu.MainMenu:PersistentLevel.MainMenu' with GeneratedClass '/Game/Levels/MainMenu.MainMenu_C' with ClassGeneratedBy '/Game/Levels/MainMenu.MainMenu:PersistentLevel.MainMenu'
[2020.05.31-04.48.06:982][787]LogAudio: Warning: Detected orphaned looping sound 'MenuMusicSoundCue'.
[2020.05.31-04.48.07:653][788]LogRenderer: Reallocating scene render targets to support 1280x720 Format 10 NumSamples 1 (Frame:1).
[2020.05.31-04.48.23:631][669]LogSlate: Window 'SideScroller Game Preview Standalone (64-bit/PCD3D_SM5)' being destroyed
[2020.05.31-04.48.23:721][669]LogBlueprintUserMessages: Early EndPlayMap Detection: Level '/Game/Levels/MainMenu.MainMenu:PersistentLevel' has LevelScriptBlueprint '/Game/Levels/MainMenu.MainMenu:PersistentLevel.MainMenu' with GeneratedClass '/Game/Levels/MainMenu.MainMenu_C' with ClassGeneratedBy '/Game/Levels/MainMenu.MainMenu:PersistentLevel.MainMenu'
[2020.05.31-04.48.23:729][669]LogWorld: BeginTearingDown for /Game/Levels/UEDPIE_0_MainMenu
[2020.05.31-04.48.23:799][669]LogAudioMixer: Display: Flush succeeded in the source manager command queue (1).
[2020.05.31-04.48.23:818][669]LogAudioMixer: Display: Flush succeeded the source manager command queue (2).
[2020.05.31-04.48.23:924][669]LogWorld: UWorld::CleanupWorld for MainMenu, bSessionEnded=true, bCleanupResources=true
[2020.05.31-04.48.23:925][669]LogSlate: InvalidateAllWidgets triggered.  All widgets were invalidated
[2020.05.31-04.48.23:991][669]LogPlayLevel: Display: Shutting down PIE online subsystems
[2020.05.31-04.48.23:992][669]LogBlueprintUserMessages: Late EndPlayMap Detection: Level '/Game/Levels/MainMenu.MainMenu:PersistentLevel' has LevelScriptBlueprint '/Game/Levels/MainMenu.MainMenu:PersistentLevel.MainMenu' with GeneratedClass '/Game/Levels/MainMenu.MainMenu_C' with ClassGeneratedBy '/Game/Levels/MainMenu.MainMenu:PersistentLevel.MainMenu'
[2020.05.31-04.48.24:007][669]LogSlate: InvalidateAllWidgets triggered.  All widgets were invalidated
[2020.05.31-04.48.24:047][669]LogAudioMixer: Display: No commands were queued while flushing the source manager.
[2020.05.31-04.48.24:290][669]LogUObjectHash: Compacting FUObjectHashTables data took   2.58ms
[2020.05.31-04.48.24:324][670]LogPlayLevel: Display: Destroying online subsystem :Context_1
[2020.05.31-04.48.38:858][535]LogSlate: Took 0.000325 seconds to synchronously load lazily loaded font '../../../Engine/Content/Slate/Fonts/Roboto-Light.ttf' (167K)
[2020.05.31-04.49.06:508][ 40]LogTemp: Repeating last play command: New Editor Window (PIE)
[2020.05.31-04.49.06:536][ 40]LogBlueprintUserMessages: Early PlayInEditor Detection: Level '/Game/Levels/MainMenu.MainMenu:PersistentLevel' has LevelScriptBlueprint '/Game/Levels/MainMenu.MainMenu:PersistentLevel.MainMenu' with GeneratedClass '/Game/Levels/MainMenu.MainMenu_C' with ClassGeneratedBy '/Game/Levels/MainMenu.MainMenu:PersistentLevel.MainMenu'
[2020.05.31-04.49.06:536][ 40]LogPlayLevel: PlayLevel: No blueprints needed recompiling
[2020.05.31-04.49.06:537][ 40]PIE: New page: PIE session: MainMenu (May 30, 2020, 8:49:06 p.m.)
[2020.05.31-04.49.06:538][ 40]LogPlayLevel: Creating play world package: /Game/Levels/UEDPIE_0_MainMenu
[2020.05.31-04.49.06:540][ 40]LogPlayLevel: PIE: StaticDuplicateObject took: (0.001963s)
[2020.05.31-04.49.06:541][ 40]LogAIModule: Creating AISystem for world MainMenu
[2020.05.31-04.49.06:596][ 40]LogPlayLevel: PIE: World Init took: (0.055747s)
[2020.05.31-04.49.06:596][ 40]LogPlayLevel: PIE: Created PIE world by copying editor world from /Game/Levels/MainMenu.MainMenu to /Game/Levels/UEDPIE_0_MainMenu.MainMenu (0.058315s)
[2020.05.31-04.49.06:625][ 40]LogUObjectHash: Compacting FUObjectHashTables data took   2.85ms
[2020.05.31-04.49.06:627][ 40]LogAudioMixer: Display: Audio Mixer Platform Settings:
[2020.05.31-04.49.06:627][ 40]LogAudioMixer: Display: 	Sample Rate:						  48000
[2020.05.31-04.49.06:627][ 40]LogAudioMixer: Display: 	Callback Buffer Frame Size Requested: 1024
[2020.05.31-04.49.06:628][ 40]LogAudioMixer: Display: 	Callback Buffer Frame Size To Use:	  1024
[2020.05.31-04.49.06:630][ 40]LogAudioMixer: Display: 	Number of buffers to queue:			  2
[2020.05.31-04.49.06:630][ 40]LogAudioMixer: Display: 	Max Channels (voices):				  32
[2020.05.31-04.49.06:630][ 40]LogAudioMixer: Display: 	Number of Async Source Workers:		  0
[2020.05.31-04.49.06:630][ 40]LogAudio: Display: AudioDevice MaxSources: 32
[2020.05.31-04.49.06:631][ 40]LogAudio: Display: Using built-in audio occlusion.
[2020.05.31-04.49.06:632][ 40]LogAudioMixer: Display: Initializing audio mixer.
[2020.05.31-04.49.06:655][ 40]LogAudioMixer: Display: Audio Device Output Speaker Info:
[2020.05.31-04.49.06:656][ 40]LogAudioMixer: Display: Name: Speakers / Headphones (Realtek Audio)
[2020.05.31-04.49.06:656][ 40]LogAudioMixer: Display: Is Default: Yes
[2020.05.31-04.49.06:656][ 40]LogAudioMixer: Display: Sample Rate: 48000
[2020.05.31-04.49.06:656][ 40]LogAudioMixer: Display: Channel Count Used: 2
[2020.05.31-04.49.06:656][ 40]LogAudioMixer: Display: Device Channel Count: 2
[2020.05.31-04.49.06:656][ 40]LogAudioMixer: Display: Channel Order:
[2020.05.31-04.49.06:656][ 40]LogAudioMixer: Display: 0: FrontLeft
[2020.05.31-04.49.06:656][ 40]LogAudioMixer: Display: 1: FrontRight
[2020.05.31-04.49.06:756][ 40]LogAudioMixer: Display: Using Audio Device Speakers / Headphones (Realtek Audio)
[2020.05.31-04.49.06:761][ 40]LogInit: FAudioDevice initialized.
[2020.05.31-04.49.06:809][ 40]LogSlate: Updating window title bar state: overlay mode, drag disabled, window buttons hidden, title bar hidden
[2020.05.31-04.49.06:809][ 40]LogLoad: Game class is 'BP_SideScrollerGameModeBase_C'
[2020.05.31-04.49.06:811][ 40]LogWorld: Bringing World /Game/Levels/UEDPIE_0_MainMenu.MainMenu up for play (max tick rate 60) at 2020.05.31-00.49.06
[2020.05.31-04.49.06:812][ 40]LogWorld: Bringing up level for play took: 0.000979
[2020.05.31-04.49.06:812][ 40]LogOnline: OSS: Creating online subsystem instance for: :Context_2
[2020.05.31-04.49.06:823][ 40]PIE: Play in editor start time for /Game/Levels/UEDPIE_0_MainMenu 1.102
[2020.05.31-04.49.06:835][ 40]LogBlueprintUserMessages: Late PlayInEditor Detection: Level '/Game/Levels/MainMenu.MainMenu:PersistentLevel' has LevelScriptBlueprint '/Game/Levels/MainMenu.MainMenu:PersistentLevel.MainMenu' with GeneratedClass '/Game/Levels/MainMenu.MainMenu_C' with ClassGeneratedBy '/Game/Levels/MainMenu.MainMenu:PersistentLevel.MainMenu'
[2020.05.31-04.49.06:837][ 40]LogAudio: Warning: Detected orphaned looping sound 'MenuMusicSoundCue'.
[2020.05.31-04.49.09:960][218]Cmd: r.setRes 1920x1080
[2020.05.31-04.49.10:215][218]r.SetRes = "1920x1080"
[2020.05.31-04.49.10:267][218]LogRenderer: Reallocating scene render targets to support 1912x1048 Format 10 NumSamples 1 (Frame:179).
[2020.05.31-04.49.17:366][610]LogNet: Browse: /Game/Levels/TestDungeon
[2020.05.31-04.49.17:378][610]LogLoad: LoadMap: /Game/Levels/TestDungeon
[2020.05.31-04.49.17:379][610]LogWorld: BeginTearingDown for /Game/Levels/UEDPIE_0_MainMenu
[2020.05.31-04.49.17:406][610]LogWorld: UWorld::CleanupWorld for MainMenu, bSessionEnded=true, bCleanupResources=true
[2020.05.31-04.49.17:406][610]LogSlate: InvalidateAllWidgets triggered.  All widgets were invalidated
[2020.05.31-04.49.17:408][610]LogAudioMixer: Display: Flush succeeded in the source manager command queue (1).
[2020.05.31-04.49.17:428][610]LogAudioMixer: Display: Flush succeeded the source manager command queue (2).
[2020.05.31-04.49.17:454][610]LogUObjectHash: Compacting FUObjectHashTables data took   1.80ms
[2020.05.31-04.49.22:507][610]LogAIModule: Creating AISystem for world TestDungeon
[2020.05.31-04.49.22:508][610]LogLoad: Game class is 'BP_SideScrollerGameModeBase_C'
[2020.05.31-04.49.22:616][610]LogWorld: Bringing World /Game/Levels/UEDPIE_0_TestDungeon.TestDungeon up for play (max tick rate 60) at 2020.05.31-00.49.22
[2020.05.31-04.49.22:756][610]LogWorld: Bringing up level for play took: 0.246854
[2020.05.31-04.49.22:821][610]Set new viewmode: Lit
[2020.05.31-04.49.22:871][610]Cmd: r.tonemapperfilm 0
[2020.05.31-04.49.22:871][610]r.TonemapperFilm = "0"
[2020.05.31-04.49.22:908][610]LogLoad: Took 5.528913 seconds to LoadMap(/Game/Levels/TestDungeon)
[2020.05.31-04.50.12:299][213]LogAudioMixer: Display: No commands were queued while flushing the source manager.
[2020.05.31-04.50.12:299][213]LogAudioMixer: Display: No commands were queued while flushing the source manager.
[2020.05.31-04.50.12:300][213]LogBlueprintUserMessages: Early EndPlayMap Detection: Level '/Game/Levels/MainMenu.MainMenu:PersistentLevel' has LevelScriptBlueprint '/Game/Levels/MainMenu.MainMenu:PersistentLevel.MainMenu' with GeneratedClass '/Game/Levels/MainMenu.MainMenu_C' with ClassGeneratedBy '/Game/Levels/MainMenu.MainMenu:PersistentLevel.MainMenu'
[2020.05.31-04.50.12:300][213]LogSlate: Updating window title bar state: overlay mode, drag disabled, window buttons hidden, title bar hidden
[2020.05.31-04.50.12:300][213]LogWorld: BeginTearingDown for /Game/Levels/UEDPIE_0_TestDungeon
[2020.05.31-04.50.12:344][213]LogSlate: Window 'SideScroller Game Preview Standalone (64-bit/PCD3D_SM5)' being destroyed
[2020.05.31-04.50.12:349][213]LogAudioMixer: Display: No commands were queued while flushing the source manager.
[2020.05.31-04.50.12:422][213]LogWorld: UWorld::CleanupWorld for TestDungeon, bSessionEnded=true, bCleanupResources=true
[2020.05.31-04.50.12:426][213]LogSlate: InvalidateAllWidgets triggered.  All widgets were invalidated
[2020.05.31-04.50.12:443][213]LogPlayLevel: Display: Shutting down PIE online subsystems
[2020.05.31-04.50.12:443][213]LogBlueprintUserMessages: Late EndPlayMap Detection: Level '/Game/Levels/MainMenu.MainMenu:PersistentLevel' has LevelScriptBlueprint '/Game/Levels/MainMenu.MainMenu:PersistentLevel.MainMenu' with GeneratedClass '/Game/Levels/MainMenu.MainMenu_C' with ClassGeneratedBy '/Game/Levels/MainMenu.MainMenu:PersistentLevel.MainMenu'
[2020.05.31-04.50.12:449][213]LogSlate: InvalidateAllWidgets triggered.  All widgets were invalidated
[2020.05.31-04.50.12:475][213]LogAudioMixer: Display: No commands were queued while flushing the source manager.
[2020.05.31-04.50.12:529][213]LogUObjectHash: Compacting FUObjectHashTables data took   3.12ms
[2020.05.31-04.50.12:555][214]LogPlayLevel: Display: Destroying online subsystem :Context_2
[2020.05.31-04.50.26:476][320]LogAudioMixer: Display: Audio Buffer Underrun detected.
[2020.05.31-04.50.28:871][401]LogTemp: Repeating last play command: New Editor Window (PIE)
[2020.05.31-04.50.28:910][401]LogBlueprintUserMessages: Early PlayInEditor Detection: Level '/Game/Levels/MainMenu.MainMenu:PersistentLevel' has LevelScriptBlueprint '/Game/Levels/MainMenu.MainMenu:PersistentLevel.MainMenu' with GeneratedClass '/Game/Levels/MainMenu.MainMenu_C' with ClassGeneratedBy '/Game/Levels/MainMenu.MainMenu:PersistentLevel.MainMenu'
[2020.05.31-04.50.28:910][401]LogPlayLevel: PlayLevel: No blueprints needed recompiling
[2020.05.31-04.50.28:911][401]PIE: New page: PIE session: MainMenu (May 30, 2020, 8:50:28 p.m.)
[2020.05.31-04.50.28:912][401]LogPlayLevel: Creating play world package: /Game/Levels/UEDPIE_0_MainMenu
[2020.05.31-04.50.28:915][401]LogPlayLevel: PIE: StaticDuplicateObject took: (0.003179s)
[2020.05.31-04.50.28:916][401]LogAIModule: Creating AISystem for world MainMenu
[2020.05.31-04.50.28:917][401]LogPlayLevel: PIE: World Init took: (0.001820s)
[2020.05.31-04.50.28:917][401]LogPlayLevel: PIE: Created PIE world by copying editor world from /Game/Levels/MainMenu.MainMenu to /Game/Levels/UEDPIE_0_MainMenu.MainMenu (0.005911s)
[2020.05.31-04.50.28:945][401]LogUObjectHash: Compacting FUObjectHashTables data took   1.60ms
[2020.05.31-04.50.28:946][401]LogAudioMixer: Display: Audio Mixer Platform Settings:
[2020.05.31-04.50.28:946][401]LogAudioMixer: Display: 	Sample Rate:						  48000
[2020.05.31-04.50.28:946][401]LogAudioMixer: Display: 	Callback Buffer Frame Size Requested: 1024
[2020.05.31-04.50.28:946][401]LogAudioMixer: Display: 	Callback Buffer Frame Size To Use:	  1024
[2020.05.31-04.50.28:946][401]LogAudioMixer: Display: 	Number of buffers to queue:			  2
[2020.05.31-04.50.28:946][401]LogAudioMixer: Display: 	Max Channels (voices):				  32
[2020.05.31-04.50.28:946][401]LogAudioMixer: Display: 	Number of Async Source Workers:		  0
[2020.05.31-04.50.28:947][401]LogAudio: Display: AudioDevice MaxSources: 32
[2020.05.31-04.50.28:947][401]LogAudio: Display: Using built-in audio occlusion.
[2020.05.31-04.50.28:947][401]LogAudioMixer: Display: Initializing audio mixer.
[2020.05.31-04.50.28:965][401]LogAudioMixer: Display: Audio Device Output Speaker Info:
[2020.05.31-04.50.28:965][401]LogAudioMixer: Display: Name: Speakers / Headphones (Realtek Audio)
[2020.05.31-04.50.28:966][401]LogAudioMixer: Display: Is Default: Yes
[2020.05.31-04.50.28:966][401]LogAudioMixer: Display: Sample Rate: 48000
[2020.05.31-04.50.28:966][401]LogAudioMixer: Display: Channel Count Used: 2
[2020.05.31-04.50.28:966][401]LogAudioMixer: Display: Device Channel Count: 2
[2020.05.31-04.50.28:966][401]LogAudioMixer: Display: Channel Order:
[2020.05.31-04.50.28:966][401]LogAudioMixer: Display: 0: FrontLeft
[2020.05.31-04.50.28:966][401]LogAudioMixer: Display: 1: FrontRight
[2020.05.31-04.50.29:067][401]LogAudioMixer: Display: Using Audio Device Speakers / Headphones (Realtek Audio)
[2020.05.31-04.50.29:071][401]LogInit: FAudioDevice initialized.
[2020.05.31-04.50.29:107][401]LogSlate: Updating window title bar state: overlay mode, drag disabled, window buttons hidden, title bar hidden
[2020.05.31-04.50.29:107][401]LogLoad: Game class is 'BP_SideScrollerGameModeBase_C'
[2020.05.31-04.50.29:109][401]LogWorld: Bringing World /Game/Levels/UEDPIE_0_MainMenu.MainMenu up for play (max tick rate 60) at 2020.05.31-00.50.29
[2020.05.31-04.50.29:109][401]LogWorld: Bringing up level for play took: 0.000851
[2020.05.31-04.50.29:110][401]LogOnline: OSS: Creating online subsystem instance for: :Context_3
[2020.05.31-04.50.29:122][401]PIE: Play in editor start time for /Game/Levels/UEDPIE_0_MainMenu -0.599
[2020.05.31-04.50.29:123][401]LogBlueprintUserMessages: Late PlayInEditor Detection: Level '/Game/Levels/MainMenu.MainMenu:PersistentLevel' has LevelScriptBlueprint '/Game/Levels/MainMenu.MainMenu:PersistentLevel.MainMenu' with GeneratedClass '/Game/Levels/MainMenu.MainMenu_C' with ClassGeneratedBy '/Game/Levels/MainMenu.MainMenu:PersistentLevel.MainMenu'
[2020.05.31-04.50.29:125][401]LogAudio: Warning: Detected orphaned looping sound 'MenuMusicSoundCue'.
[2020.05.31-04.51.02:192][330]Cmd: r.setRes 1920x1080
[2020.05.31-04.51.02:192][330]r.SetRes = "1920x1080"
[2020.05.31-04.51.35:739][ 71]LogNet: Browse: /Game/Levels/TestDungeon
[2020.05.31-04.51.35:740][ 71]LogLoad: LoadMap: /Game/Levels/TestDungeon
[2020.05.31-04.51.35:740][ 71]LogWorld: BeginTearingDown for /Game/Levels/UEDPIE_0_MainMenu
[2020.05.31-04.51.35:743][ 71]LogWorld: UWorld::CleanupWorld for MainMenu, bSessionEnded=true, bCleanupResources=true
[2020.05.31-04.51.35:744][ 71]LogSlate: InvalidateAllWidgets triggered.  All widgets were invalidated
[2020.05.31-04.51.35:758][ 71]LogAudioMixer: Display: Flush succeeded in the source manager command queue (1).
[2020.05.31-04.51.35:778][ 71]LogAudioMixer: Display: Flush succeeded the source manager command queue (2).
[2020.05.31-04.51.35:811][ 71]LogUObjectHash: Compacting FUObjectHashTables data took   2.05ms
[2020.05.31-04.51.35:846][ 71]LogAIModule: Creating AISystem for world TestDungeon
[2020.05.31-04.51.35:847][ 71]LogLoad: Game class is 'BP_SideScrollerGameModeBase_C'
[2020.05.31-04.51.35:852][ 71]LogWorld: Bringing World /Game/Levels/UEDPIE_0_TestDungeon.TestDungeon up for play (max tick rate 60) at 2020.05.31-00.51.35
[2020.05.31-04.51.35:853][ 71]LogWorld: Bringing up level for play took: 0.005339
[2020.05.31-04.51.35:856][ 71]Set new viewmode: Lit
[2020.05.31-04.51.35:857][ 71]Cmd: r.tonemapperfilm 0
[2020.05.31-04.51.35:857][ 71]r.TonemapperFilm = "0"
[2020.05.31-04.51.35:857][ 71]LogLoad: Took 0.118295 seconds to LoadMap(/Game/Levels/TestDungeon)
[2020.05.31-04.55.04:606][980]LogAudioMixer: Display: No commands were queued while flushing the source manager.
[2020.05.31-04.55.04:618][980]LogAudioMixer: Display: Flush succeeded in the source manager command queue (1).
[2020.05.31-04.55.04:638][980]LogAudioMixer: Display: Flush succeeded the source manager command queue (2).
[2020.05.31-04.55.04:638][980]LogBlueprintUserMessages: Early EndPlayMap Detection: Level '/Game/Levels/MainMenu.MainMenu:PersistentLevel' has LevelScriptBlueprint '/Game/Levels/MainMenu.MainMenu:PersistentLevel.MainMenu' with GeneratedClass '/Game/Levels/MainMenu.MainMenu_C' with ClassGeneratedBy '/Game/Levels/MainMenu.MainMenu:PersistentLevel.MainMenu'
[2020.05.31-04.55.04:638][980]LogSlate: Updating window title bar state: overlay mode, drag disabled, window buttons hidden, title bar hidden
[2020.05.31-04.55.04:638][980]LogWorld: BeginTearingDown for /Game/Levels/UEDPIE_0_TestDungeon
[2020.05.31-04.55.04:665][980]LogSlate: Window 'SideScroller Game Preview Standalone (64-bit/PCD3D_SM5)' being destroyed
[2020.05.31-04.55.04:675][980]LogAudioMixer: Display: No commands were queued while flushing the source manager.
[2020.05.31-04.55.04:676][980]LogWorld: UWorld::CleanupWorld for TestDungeon, bSessionEnded=true, bCleanupResources=true
[2020.05.31-04.55.04:729][980]LogSlate: InvalidateAllWidgets triggered.  All widgets were invalidated
[2020.05.31-04.55.04:804][980]LogPlayLevel: Display: Shutting down PIE online subsystems
[2020.05.31-04.55.04:806][980]LogBlueprintUserMessages: Late EndPlayMap Detection: Level '/Game/Levels/MainMenu.MainMenu:PersistentLevel' has LevelScriptBlueprint '/Game/Levels/MainMenu.MainMenu:PersistentLevel.MainMenu' with GeneratedClass '/Game/Levels/MainMenu.MainMenu_C' with ClassGeneratedBy '/Game/Levels/MainMenu.MainMenu:PersistentLevel.MainMenu'
[2020.05.31-04.55.04:813][980]LogSlate: InvalidateAllWidgets triggered.  All widgets were invalidated
[2020.05.31-04.55.04:858][980]LogAudioMixer: Display: No commands were queued while flushing the source manager.
[2020.05.31-04.55.04:876][980]LogUObjectHash: Compacting FUObjectHashTables data took   2.20ms
[2020.05.31-04.55.04:955][981]LogPlayLevel: Display: Destroying online subsystem :Context_3
[2020.05.31-04.55.11:548][156]LogUObjectHash: Compacting FUObjectHashTables data took   0.84ms
[2020.05.31-04.55.15:856][404]LogUObjectHash: Compacting FUObjectHashTables data took   1.68ms
[2020.05.31-04.55.18:216][540]LogUObjectHash: Compacting FUObjectHashTables data took   0.79ms
[2020.05.31-04.55.18:501][540]LogSlate: Window 'SideScroller - Unreal Editor' being destroyed
[2020.05.31-04.55.18:515][540]LogWindowsTextInputMethodSystem: Display: IME system now deactivated.
[2020.05.31-04.55.19:450][541]Cmd: QUIT_EDITOR
[2020.05.31-04.55.19:459][541]LogCore: Engine exit requested (reason: UUnrealEdEngine::CloseEditor())
[2020.05.31-04.55.19:533][541]LogCore: Engine exit requested (reason: EngineExit() was called; note: exit was already requested)
[2020.05.31-04.55.19:578][541]LogAudioMixer: Display: No commands were queued while flushing the source manager.
