Log file open, 05/13/20 15:39:10
LogWindows: Failed to load 'aqProf.dll' (GetLastError=126)
LogWindows: File 'aqProf.dll' does not exist
LogWindows: Failed to load 'VtuneApi.dll' (GetLastError=126)
LogWindows: File 'VtuneApi.dll' does not exist
LogWindows: Failed to load 'VtuneApi32e.dll' (GetLastError=126)
LogWindows: File 'VtuneApi32e.dll' does not exist
LogConsoleResponse: Display: Failed to find resolution value strings in scalability ini. Falling back to default.
LogInit: Display: Running engine for game: SideScroller
LogPlatformFile: Not using cached read wrapper
LogTaskGraph: Started task graph with 5 named threads and 23 total threads with 3 sets of task threads.
LogStats: Stats thread started at 3.038943
LogD3D11RHI: Loaded GFSDK_Aftermath_Lib.x64.dll
LogICUInternationalization: ICU TimeZone Detection - Raw Offset: -5:00, Platform Override: ''
LogPluginManager: Mounting plugin Paper2D
LogPluginManager: Mounting plugin AISupport
LogPluginManager: Mounting plugin LightPropagationVolume
LogPluginManager: Mounting plugin ActorLayerUtilities
LogPluginManager: Mounting plugin AnimationSharing
LogPluginManager: Mounting plugin CLionSourceCodeAccess
LogPluginManager: Mounting plugin CodeLiteSourceCodeAccess
LogPluginManager: Mounting plugin GitSourceControl
LogPluginManager: Mounting plugin KDevelopSourceCodeAccess
LogPluginManager: Mounting plugin NullSourceCodeAccess
LogPluginManager: Mounting plugin PerforceSourceControl
LogPluginManager: Mounting plugin PlasticSourceControl
LogPluginManager: Mounting plugin SubversionSourceControl
LogPluginManager: Mounting plugin UObjectPlugin
LogPluginManager: Mounting plugin VisualStudioCodeSourceCodeAccess
LogPluginManager: Mounting plugin VisualStudioSourceCodeAccess
LogPluginManager: Mounting plugin XCodeSourceCodeAccess
LogPluginManager: Mounting plugin AssetManagerEditor
LogPluginManager: Mounting plugin CryptoKeys
LogPluginManager: Mounting plugin CurveEditorTools
LogPluginManager: Mounting plugin DataValidation
LogPluginManager: Mounting plugin FacialAnimation
LogPluginManager: Mounting plugin GameplayTagsEditor
LogPluginManager: Mounting plugin MacGraphicsSwitching
LogPluginManager: Mounting plugin MaterialAnalyzer
LogPluginManager: Mounting plugin MobileLauncherProfileWizard
LogPluginManager: Mounting plugin PluginBrowser
LogPluginManager: Mounting plugin SpeedTreeImporter
LogPluginManager: Mounting plugin DatasmithContent
LogPluginManager: Mounting plugin VariantManagerContent
LogPluginManager: Mounting plugin AlembicImporter
LogPluginManager: Mounting plugin AutomationUtils
LogPluginManager: Mounting plugin BackChannel
LogPluginManager: Mounting plugin CharacterAI
LogPluginManager: Mounting plugin GeometryCache
LogPluginManager: Mounting plugin PlatformCrypto
LogPluginManager: Mounting plugin ProxyLODPlugin
LogPluginManager: Mounting plugin SkeletalReduction
LogPluginManager: Mounting plugin MagicLeap
LogPluginManager: Mounting plugin MagicLeapMedia
LogPluginManager: Mounting plugin MLSDK
LogPluginManager: Mounting plugin AndroidMedia
LogPluginManager: Mounting plugin AvfMedia
LogPluginManager: Mounting plugin ImgMedia
LogPluginManager: Mounting plugin MediaCompositing
LogPluginManager: Mounting plugin MediaPlayerEditor
LogPluginManager: Mounting plugin WebMMedia
LogPluginManager: Mounting plugin WmfMedia
LogPluginManager: Mounting plugin TcpMessaging
LogPluginManager: Mounting plugin UdpMessaging
LogPluginManager: Mounting plugin ActorSequence
LogPluginManager: Mounting plugin LevelSequenceEditor
LogPluginManager: Mounting plugin MatineeToLevelSequence
LogPluginManager: Mounting plugin NetcodeUnitTest
LogPluginManager: Mounting plugin NUTUnrealEngine4
LogPluginManager: Mounting plugin OnlineSubsystemGooglePlay
LogPluginManager: Mounting plugin OnlineSubsystemIOS
LogPluginManager: Mounting plugin OnlineSubsystem
LogPluginManager: Mounting plugin OnlineSubsystemNull
LogPluginManager: Mounting plugin OnlineSubsystemUtils
LogPluginManager: Mounting plugin LauncherChunkInstaller
LogPluginManager: Mounting plugin AndroidDeviceProfileSelector
LogPluginManager: Mounting plugin AndroidMoviePlayer
LogPluginManager: Mounting plugin AndroidPermission
LogPluginManager: Mounting plugin AppleImageUtils
LogPluginManager: Mounting plugin AppleMoviePlayer
LogPluginManager: Mounting plugin ArchVisCharacter
LogPluginManager: Mounting plugin AssetTags
LogPluginManager: Mounting plugin AudioCapture
LogPluginManager: Mounting plugin CableComponent
LogPluginManager: Mounting plugin CustomMeshComponent
LogPluginManager: Mounting plugin EditableMesh
LogPluginManager: Mounting plugin ExampleDeviceProfileSelector
LogPluginManager: Mounting plugin GoogleCloudMessaging
LogPluginManager: Mounting plugin IOSDeviceProfileSelector
LogPluginManager: Mounting plugin LinuxDeviceProfileSelector
LogPluginManager: Mounting plugin LocationServicesBPLibrary
LogPluginManager: Mounting plugin MobilePatchingUtils
LogPluginManager: Mounting plugin OculusVR
LogPluginManager: Mounting plugin PhysXVehicles
LogPluginManager: Mounting plugin PostSplashScreen
LogPluginManager: Mounting plugin ProceduralMeshComponent
LogPluginManager: Mounting plugin RuntimePhysXCooking
LogPluginManager: Mounting plugin SignificanceManager
LogPluginManager: Mounting plugin SteamVR
LogPluginManager: Mounting plugin WebMMoviePlayer
LogPluginManager: Mounting plugin WindowsMoviePlayer
LogPluginManager: Mounting plugin ScreenshotTools
LogInit: Using libcurl 7.55.1-DEV
LogInit:  - built for x86_64-pc-win32
LogInit:  - supports SSL with OpenSSL/1.1.1
LogInit:  - supports HTTP deflate (compression) using libz 1.2.8
LogInit:  - other features:
LogInit:      CURL_VERSION_SSL
LogInit:      CURL_VERSION_LIBZ
LogInit:      CURL_VERSION_IPV6
LogInit:      CURL_VERSION_ASYNCHDNS
LogInit:      CURL_VERSION_LARGEFILE
LogInit:      CURL_VERSION_IDN
LogInit:  CurlRequestOptions (configurable via config and command line):
LogInit:  - bVerifyPeer = true  - Libcurl will verify peer certificate
LogInit:  - bUseHttpProxy = false  - Libcurl will NOT use HTTP proxy
LogInit:  - bDontReuseConnections = false  - Libcurl will reuse connections
LogInit:  - MaxHostConnections = 16  - Libcurl will limit the number of connections to a host
LogInit:  - LocalHostAddr = Default
LogInit:  - BufferSize = 65536
LogOnline: OSS: Creating online subsystem instance for: NULL
LogInit: WinSock: version 1.1 (2.2), MaxSocks=32767, MaxUdp=65467
LogOnline: OSS: TryLoadSubsystemAndSetDefault: Loaded subsystem for module [NULL]
LogInit: Build: ++UE4+Release-4.24-CL-11590370
LogInit: Engine Version: 4.24.3-11590370+++UE4+Release-4.24
LogInit: Compatible Engine Version: 4.24.0-10570792+++UE4+Release-4.24
LogInit: Net CL: 10570792
LogInit: OS: Windows 10 (Release 1903) (), CPU: Intel(R) Core(TM) i7-7700HQ CPU @ 2.80GHz, GPU: Intel(R) HD Graphics 630
LogInit: Compiled (64-bit): Feb 24 2020 15:39:18
LogInit: Compiled with Visual C++: 19.16.27032.01
LogInit: Build Configuration: Development
LogInit: Branch Name: ++UE4+Release-4.24
LogInit: Command Line:  -skipcompile
LogInit: Base Directory: D:/Program Files (x86)/UE_4.24/Engine/Binaries/Win64/
LogInit: Installed Engine Build: 1
LogDevObjectVersion: Number of dev versions registered: 25
LogDevObjectVersion:   Dev-Blueprints (B0D832E4-1F89-4F0D-ACCF-7EB736FD4AA2): 10
LogDevObjectVersion:   Dev-Build (E1C64328-A22C-4D53-A36C-8E866417BD8C): 0
LogDevObjectVersion:   Dev-Core (375EC13C-06E4-48FB-B500-84F0262A717E): 3
LogDevObjectVersion:   Dev-Editor (E4B068ED-F494-42E9-A231-DA0B2E46BB41): 37
LogDevObjectVersion:   Dev-Framework (CFFC743F-43B0-4480-9391-14DF171D2073): 36
LogDevObjectVersion:   Dev-Mobile (B02B49B5-BB20-44E9-A304-32B752E40360): 2
LogDevObjectVersion:   Dev-Networking (A4E4105C-59A1-49B5-A7C5-40C4547EDFEE): 0
LogDevObjectVersion:   Dev-Online (39C831C9-5AE6-47DC-9A44-9C173E1C8E7C): 0
LogDevObjectVersion:   Dev-Physics (78F01B33-EBEA-4F98-B9B4-84EACCB95AA2): 2
LogDevObjectVersion:   Dev-Platform (6631380F-2D4D-43E0-8009-CF276956A95A): 0
LogDevObjectVersion:   Dev-Rendering (12F88B9F-8875-4AFC-A67C-D90C383ABD29): 36
LogDevObjectVersion:   Dev-Sequencer (7B5AE74C-D270-4C10-A958-57980B212A5A): 11
LogDevObjectVersion:   Dev-VR (D7296918-1DD6-4BDD-9DE2-64A83CC13884): 2
LogDevObjectVersion:   Dev-LoadTimes (C2A15278-BFE7-4AFE-6C17-90FF531DF755): 1
LogDevObjectVersion:   Private-Geometry (6EACA3D4-40EC-4CC1-B786-8BED09428FC5): 3
LogDevObjectVersion:   Dev-AnimPhys (29E575DD-E0A3-4627-9D10-D276232CDCEA): 17
LogDevObjectVersion:   Dev-Anim (AF43A65D-7FD3-4947-9873-3E8ED9C1BB05): 2
LogDevObjectVersion:   Dev-ReflectionCapture (6B266CEC-1EC7-4B8F-A30B-E4D90942FC07): 1
LogDevObjectVersion:   Dev-Automation (0DF73D61-A23F-47EA-B727-89E90C41499A): 1
LogDevObjectVersion:   FortniteMain (601D1886-AC64-4F84-AA16-D3DE0DEAC7D6): 31
LogDevObjectVersion:   Dev-Enterprise (9DFFBCD6-494F-0158-E221-12823C92A888): 8
LogDevObjectVersion:   Dev-Niagara (F2AED0AC-9AFE-416F-8664-AA7FFA26D6FC): 1
LogDevObjectVersion:   Dev-Destruction (174F1F0B-B4C6-45A5-B13F-2EE8D0FB917D): 9
LogDevObjectVersion:   Dev-Physics-Ext (35F94A83-E258-406C-A318-09F59610247C): 8
LogDevObjectVersion:   Dev-CineCamera (B2E18506-4273-CFC2-A54E-F4BB758BBA07): 1
LogInit: Presizing for max 25165824 objects, including 0 objects not considered by GC, pre-allocating 0 bytes for permanent pool.
LogInit: Object subsystem initialized
LogConfig: Setting CVar [[con.DebugEarlyDefault:1]]
LogConfig: Setting CVar [[r.setres:1280x720]]
[2020.05.13-19.39.14:694][  0]LogConfig: Setting CVar [[r.VSync:0]]
[2020.05.13-19.39.14:694][  0]LogConfig: Setting CVar [[r.RHICmdBypass:0]]
[2020.05.13-19.39.14:694][  0]LogConfig: Applying CVar settings from Section [/Script/Engine.RendererSettings] File [D:/adale/Desktop/2DSouls/SideScroller/Saved/Config/Windows/Engine.ini]
[2020.05.13-19.39.14:694][  0]LogConfig: Setting CVar [[r.GPUCrashDebugging:0]]
[2020.05.13-19.39.14:694][  0]LogConfig: Applying CVar settings from Section [/Script/Engine.RendererOverrideSettings] File [D:/adale/Desktop/2DSouls/SideScroller/Saved/Config/Windows/Engine.ini]
[2020.05.13-19.39.14:694][  0]LogConfig: Applying CVar settings from Section [/Script/Engine.StreamingSettings] File [D:/adale/Desktop/2DSouls/SideScroller/Saved/Config/Windows/Engine.ini]
[2020.05.13-19.39.14:694][  0]LogConfig: Setting CVar [[s.MinBulkDataSizeForAsyncLoading:131072]]
[2020.05.13-19.39.14:695][  0]LogConfig: Setting CVar [[s.AsyncLoadingThreadEnabled:0]]
[2020.05.13-19.39.14:695][  0]LogConfig: Setting CVar [[s.EventDrivenLoaderEnabled:1]]
[2020.05.13-19.39.14:695][  0]LogConfig: Setting CVar [[s.WarnIfTimeLimitExceeded:0]]
[2020.05.13-19.39.14:695][  0]LogConfig: Setting CVar [[s.TimeLimitExceededMultiplier:1.5]]
[2020.05.13-19.39.14:695][  0]LogConfig: Setting CVar [[s.TimeLimitExceededMinTime:0.005]]
[2020.05.13-19.39.14:695][  0]LogConfig: Setting CVar [[s.UseBackgroundLevelStreaming:1]]
[2020.05.13-19.39.14:695][  0]LogConfig: Setting CVar [[s.PriorityAsyncLoadingExtraTime:15.0]]
[2020.05.13-19.39.14:695][  0]LogConfig: Setting CVar [[s.LevelStreamingActorsUpdateTimeLimit:5.0]]
[2020.05.13-19.39.14:695][  0]LogConfig: Setting CVar [[s.PriorityLevelStreamingActorsUpdateExtraTime:5.0]]
[2020.05.13-19.39.14:695][  0]LogConfig: Setting CVar [[s.LevelStreamingComponentsRegistrationGranularity:10]]
[2020.05.13-19.39.14:695][  0]LogConfig: Setting CVar [[s.UnregisterComponentsTimeLimit:1.0]]
[2020.05.13-19.39.14:695][  0]LogConfig: Setting CVar [[s.LevelStreamingComponentsUnregistrationGranularity:5]]
[2020.05.13-19.39.14:695][  0]LogConfig: Setting CVar [[s.FlushStreamingOnExit:1]]
[2020.05.13-19.39.14:695][  0]LogConfig: Applying CVar settings from Section [/Script/Engine.GarbageCollectionSettings] File [D:/adale/Desktop/2DSouls/SideScroller/Saved/Config/Windows/Engine.ini]
[2020.05.13-19.39.14:695][  0]LogConfig: Setting CVar [[gc.MaxObjectsNotConsideredByGC:1]]
[2020.05.13-19.39.14:695][  0]LogConfig: Setting CVar [[gc.SizeOfPermanentObjectPool:0]]
[2020.05.13-19.39.14:695][  0]LogConfig: Setting CVar [[gc.FlushStreamingOnGC:0]]
[2020.05.13-19.39.14:696][  0]LogConfig: Setting CVar [[gc.NumRetriesBeforeForcingGC:10]]
[2020.05.13-19.39.14:696][  0]LogConfig: Setting CVar [[gc.AllowParallelGC:1]]
[2020.05.13-19.39.14:696][  0]LogConfig: Setting CVar [[gc.TimeBetweenPurgingPendingKillObjects:61.1]]
[2020.05.13-19.39.14:696][  0]LogConfig: Setting CVar [[gc.MaxObjectsInEditor:25165824]]
[2020.05.13-19.39.14:696][  0]LogConfig: Setting CVar [[gc.IncrementalBeginDestroyEnabled:1]]
[2020.05.13-19.39.14:696][  0]LogConfig: Setting CVar [[gc.CreateGCClusters:1]]
[2020.05.13-19.39.14:696][  0]LogConfig: Setting CVar [[gc.MinGCClusterSize:5]]
[2020.05.13-19.39.14:696][  0]LogConfig: Setting CVar [[gc.ActorClusteringEnabled:0]]
[2020.05.13-19.39.14:696][  0]LogConfig: Setting CVar [[gc.BlueprintClusteringEnabled:0]]
[2020.05.13-19.39.14:696][  0]LogConfig: Setting CVar [[gc.UseDisregardForGCOnDedicatedServers:0]]
[2020.05.13-19.39.14:696][  0]LogConfig: Applying CVar settings from Section [/Script/Engine.NetworkSettings] File [D:/adale/Desktop/2DSouls/SideScroller/Saved/Config/Windows/Engine.ini]
[2020.05.13-19.39.14:696][  0]LogConfig: Applying CVar settings from Section [/Script/UnrealEd.CookerSettings] File [D:/adale/Desktop/2DSouls/SideScroller/Saved/Config/Windows/Engine.ini]
[2020.05.13-19.39.14:706][  0]LogConfig: Applying CVar settings from Section [ViewDistanceQuality@3] File [D:/adale/Desktop/2DSouls/SideScroller/Saved/Config/Windows/Scalability.ini]
[2020.05.13-19.39.14:706][  0]LogConfig: Setting CVar [[r.SkeletalMeshLODBias:0]]
[2020.05.13-19.39.14:706][  0]LogConfig: Setting CVar [[r.ViewDistanceScale:1.0]]
[2020.05.13-19.39.14:706][  0]LogConfig: Applying CVar settings from Section [AntiAliasingQuality@3] File [D:/adale/Desktop/2DSouls/SideScroller/Saved/Config/Windows/Scalability.ini]
[2020.05.13-19.39.14:706][  0]LogConfig: Setting CVar [[r.PostProcessAAQuality:4]]
[2020.05.13-19.39.14:707][  0]LogConfig: Applying CVar settings from Section [ShadowQuality@3] File [D:/adale/Desktop/2DSouls/SideScroller/Saved/Config/Windows/Scalability.ini]
[2020.05.13-19.39.14:707][  0]LogConfig: Setting CVar [[r.LightFunctionQuality:1]]
[2020.05.13-19.39.14:707][  0]LogConfig: Setting CVar [[r.ShadowQuality:5]]
[2020.05.13-19.39.14:707][  0]LogConfig: Setting CVar [[r.Shadow.CSM.MaxCascades:10]]
[2020.05.13-19.39.14:707][  0]LogConfig: Setting CVar [[r.Shadow.MaxResolution:2048]]
[2020.05.13-19.39.14:707][  0]LogConfig: Setting CVar [[r.Shadow.MaxCSMResolution:2048]]
[2020.05.13-19.39.14:707][  0]LogConfig: Setting CVar [[r.Shadow.RadiusThreshold:0.01]]
[2020.05.13-19.39.14:707][  0]LogConfig: Setting CVar [[r.Shadow.DistanceScale:1.0]]
[2020.05.13-19.39.14:707][  0]LogConfig: Setting CVar [[r.Shadow.CSM.TransitionScale:1.0]]
[2020.05.13-19.39.14:708][  0]LogConfig: Setting CVar [[r.Shadow.PreShadowResolutionFactor:1.0]]
[2020.05.13-19.39.14:708][  0]LogConfig: Setting CVar [[r.DistanceFieldShadowing:1]]
[2020.05.13-19.39.14:708][  0]LogConfig: Setting CVar [[r.DistanceFieldAO:1]]
[2020.05.13-19.39.14:708][  0]LogConfig: Setting CVar [[r.AOQuality:2]]
[2020.05.13-19.39.14:708][  0]LogConfig: Setting CVar [[r.VolumetricFog:1]]
[2020.05.13-19.39.14:708][  0]LogConfig: Setting CVar [[r.VolumetricFog.GridPixelSize:8]]
[2020.05.13-19.39.14:708][  0]LogConfig: Setting CVar [[r.VolumetricFog.GridSizeZ:128]]
[2020.05.13-19.39.14:708][  0]LogConfig: Setting CVar [[r.VolumetricFog.HistoryMissSupersampleCount:4]]
[2020.05.13-19.39.14:708][  0]LogConfig: Setting CVar [[r.LightMaxDrawDistanceScale:1]]
[2020.05.13-19.39.14:708][  0]LogConfig: Setting CVar [[r.CapsuleShadows:1]]
[2020.05.13-19.39.14:708][  0]LogConfig: Applying CVar settings from Section [PostProcessQuality@3] File [D:/adale/Desktop/2DSouls/SideScroller/Saved/Config/Windows/Scalability.ini]
[2020.05.13-19.39.14:708][  0]LogConfig: Setting CVar [[r.MotionBlurQuality:4]]
[2020.05.13-19.39.14:708][  0]LogConfig: Setting CVar [[r.AmbientOcclusionMipLevelFactor:0.4]]
[2020.05.13-19.39.14:708][  0]LogConfig: Setting CVar [[r.AmbientOcclusionMaxQuality:100]]
[2020.05.13-19.39.14:709][  0]LogConfig: Setting CVar [[r.AmbientOcclusionLevels:-1]]
[2020.05.13-19.39.14:709][  0]LogConfig: Setting CVar [[r.AmbientOcclusionRadiusScale:1.0]]
[2020.05.13-19.39.14:709][  0]LogConfig: Setting CVar [[r.DepthOfFieldQuality:2]]
[2020.05.13-19.39.14:709][  0]LogConfig: Setting CVar [[r.RenderTargetPoolMin:400]]
[2020.05.13-19.39.14:709][  0]LogConfig: Setting CVar [[r.LensFlareQuality:2]]
[2020.05.13-19.39.14:709][  0]LogConfig: Setting CVar [[r.SceneColorFringeQuality:1]]
[2020.05.13-19.39.14:709][  0]LogConfig: Setting CVar [[r.EyeAdaptationQuality:2]]
[2020.05.13-19.39.14:709][  0]LogConfig: Setting CVar [[r.BloomQuality:5]]
[2020.05.13-19.39.14:709][  0]LogConfig: Setting CVar [[r.FastBlurThreshold:100]]
[2020.05.13-19.39.14:709][  0]LogConfig: Setting CVar [[r.Upscale.Quality:3]]
[2020.05.13-19.39.14:709][  0]LogConfig: Setting CVar [[r.Tonemapper.GrainQuantization:1]]
[2020.05.13-19.39.14:709][  0]LogConfig: Setting CVar [[r.LightShaftQuality:1]]
[2020.05.13-19.39.14:709][  0]LogConfig: Setting CVar [[r.Filter.SizeScale:1]]
[2020.05.13-19.39.14:709][  0]LogConfig: Setting CVar [[r.Tonemapper.Quality:5]]
[2020.05.13-19.39.14:709][  0]LogConfig: Setting CVar [[r.DOF.Gather.AccumulatorQuality:1        ; higher gathering accumulator quality]]
[2020.05.13-19.39.14:710][  0]LogConfig: Setting CVar [[r.DOF.Gather.PostfilterMethod:1          ; Median3x3 postfilering method]]
[2020.05.13-19.39.14:710][  0]LogConfig: Setting CVar [[r.DOF.Gather.EnableBokehSettings:0       ; no bokeh simulation when gathering]]
[2020.05.13-19.39.14:710][  0]LogConfig: Setting CVar [[r.DOF.Gather.RingCount:4                 ; medium number of samples when gathering]]
[2020.05.13-19.39.14:710][  0]LogConfig: Setting CVar [[r.DOF.Scatter.ForegroundCompositing:1    ; additive foreground scattering]]
[2020.05.13-19.39.14:710][  0]LogConfig: Setting CVar [[r.DOF.Scatter.BackgroundCompositing:2    ; additive background scattering]]
[2020.05.13-19.39.14:710][  0]LogConfig: Setting CVar [[r.DOF.Scatter.EnableBokehSettings:1      ; bokeh simulation when scattering]]
[2020.05.13-19.39.14:710][  0]LogConfig: Setting CVar [[r.DOF.Scatter.MaxSpriteRatio:0.1         ; only a maximum of 10% of scattered bokeh]]
[2020.05.13-19.39.14:710][  0]LogConfig: Setting CVar [[r.DOF.Recombine.Quality:1                ; cheap slight out of focus]]
[2020.05.13-19.39.14:710][  0]LogConfig: Setting CVar [[r.DOF.Recombine.EnableBokehSettings:0    ; no bokeh simulation on slight out of focus]]
[2020.05.13-19.39.14:710][  0]LogConfig: Setting CVar [[r.DOF.TemporalAAQuality:1                ; more stable temporal accumulation]]
[2020.05.13-19.39.14:710][  0]LogConfig: Setting CVar [[r.DOF.Kernel.MaxForegroundRadius:0.025]]
[2020.05.13-19.39.14:710][  0]LogConfig: Setting CVar [[r.DOF.Kernel.MaxBackgroundRadius:0.025]]
[2020.05.13-19.39.14:710][  0]LogConfig: Applying CVar settings from Section [TextureQuality@3] File [D:/adale/Desktop/2DSouls/SideScroller/Saved/Config/Windows/Scalability.ini]
[2020.05.13-19.39.14:710][  0]LogConfig: Setting CVar [[r.Streaming.MipBias:0]]
[2020.05.13-19.39.14:711][  0]LogConfig: Setting CVar [[r.Streaming.AmortizeCPUToGPUCopy:0]]
[2020.05.13-19.39.14:711][  0]LogConfig: Setting CVar [[r.Streaming.MaxNumTexturesToStreamPerFrame:0]]
[2020.05.13-19.39.14:711][  0]LogConfig: Setting CVar [[r.Streaming.Boost:1]]
[2020.05.13-19.39.14:711][  0]LogConfig: Setting CVar [[r.MaxAnisotropy:8]]
[2020.05.13-19.39.14:711][  0]LogConfig: Setting CVar [[r.VT.MaxAnisotropy:8]]
[2020.05.13-19.39.14:711][  0]LogConfig: Setting CVar [[r.Streaming.LimitPoolSizeToVRAM:0]]
[2020.05.13-19.39.14:711][  0]LogConfig: Setting CVar [[r.Streaming.PoolSize:1000]]
[2020.05.13-19.39.14:711][  0]LogConfig: Setting CVar [[r.Streaming.MaxEffectiveScreenSize:0]]
[2020.05.13-19.39.14:711][  0]LogConfig: Applying CVar settings from Section [EffectsQuality@3] File [D:/adale/Desktop/2DSouls/SideScroller/Saved/Config/Windows/Scalability.ini]
[2020.05.13-19.39.14:711][  0]LogConfig: Setting CVar [[r.TranslucencyLightingVolumeDim:64]]
[2020.05.13-19.39.14:711][  0]LogConfig: Setting CVar [[r.RefractionQuality:2]]
[2020.05.13-19.39.14:711][  0]LogConfig: Setting CVar [[r.SSR.Quality:3]]
[2020.05.13-19.39.14:711][  0]LogConfig: Setting CVar [[r.SSR.HalfResSceneColor:0]]
[2020.05.13-19.39.14:711][  0]LogConfig: Setting CVar [[r.SceneColorFormat:4]]
[2020.05.13-19.39.14:711][  0]LogConfig: Setting CVar [[r.DetailMode:2]]
[2020.05.13-19.39.14:712][  0]LogConfig: Setting CVar [[r.TranslucencyVolumeBlur:1]]
[2020.05.13-19.39.14:712][  0]LogConfig: Setting CVar [[r.MaterialQualityLevel:1 ; High quality]]
[2020.05.13-19.39.14:712][  0]LogConfig: Setting CVar [[r.SSS.Scale:1]]
[2020.05.13-19.39.14:712][  0]LogConfig: Setting CVar [[r.SSS.SampleSet:2]]
[2020.05.13-19.39.14:712][  0]LogConfig: Setting CVar [[r.SSS.Quality:1]]
[2020.05.13-19.39.14:712][  0]LogConfig: Setting CVar [[r.SSS.HalfRes:1]]
[2020.05.13-19.39.14:712][  0]LogConfig: Setting CVar [[r.SSGI.Quality:3]]
[2020.05.13-19.39.14:712][  0]LogConfig: Setting CVar [[r.EmitterSpawnRateScale:1.0]]
[2020.05.13-19.39.14:712][  0]LogConfig: Setting CVar [[r.ParticleLightQuality:2]]
[2020.05.13-19.39.14:712][  0]LogConfig: Setting CVar [[r.SkyAtmosphere.AerialPerspectiveLUT.FastApplyOnOpaque:1 ; Always have FastSkyLUT 1 in this case to avoid wrong sky]]
[2020.05.13-19.39.14:712][  0]LogConfig: Setting CVar [[r.SkyAtmosphere.AerialPerspectiveLUT.SampleCountPerSlice:1]]
[2020.05.13-19.39.14:712][  0]LogConfig: Setting CVar [[r.SkyAtmosphere.AerialPerspectiveLUT.DepthResolution:16.0]]
[2020.05.13-19.39.14:712][  0]LogConfig: Setting CVar [[r.SkyAtmosphere.FastSkyLUT:1]]
[2020.05.13-19.39.14:713][  0]LogConfig: Setting CVar [[r.SkyAtmosphere.FastSkyLUT.SampleCountMin:4.0]]
[2020.05.13-19.39.14:713][  0]LogConfig: Setting CVar [[r.SkyAtmosphere.FastSkyLUT.SampleCountMax:32.0]]
[2020.05.13-19.39.14:713][  0]LogConfig: Setting CVar [[r.SkyAtmosphere.SampleCountMin:4.0]]
[2020.05.13-19.39.14:713][  0]LogConfig: Setting CVar [[r.SkyAtmosphere.SampleCountMax:32.0]]
[2020.05.13-19.39.14:713][  0]LogConfig: Setting CVar [[r.SkyAtmosphere.TransmittanceLUT.UseSmallFormat:0]]
[2020.05.13-19.39.14:713][  0]LogConfig: Setting CVar [[r.SkyAtmosphere.TransmittanceLUT.SampleCount:10.0]]
[2020.05.13-19.39.14:713][  0]LogConfig: Setting CVar [[r.SkyAtmosphere.MultiScatteringLUT.SampleCount:15.0]]
[2020.05.13-19.39.14:713][  0]LogConfig: Applying CVar settings from Section [FoliageQuality@3] File [D:/adale/Desktop/2DSouls/SideScroller/Saved/Config/Windows/Scalability.ini]
[2020.05.13-19.39.14:713][  0]LogConfig: Setting CVar [[foliage.DensityScale:1.0]]
[2020.05.13-19.39.14:713][  0]LogConfig: Setting CVar [[grass.DensityScale:1.0]]
[2020.05.13-19.39.14:713][  0]LogConfig: Applying CVar settings from Section [ShadingQuality@3] File [D:/adale/Desktop/2DSouls/SideScroller/Saved/Config/Windows/Scalability.ini]
[2020.05.13-19.39.14:713][  0]LogConfig: Setting CVar [[r.HairStrands.SkyLighting.SampleCount:16]]
[2020.05.13-19.39.14:713][  0]LogConfig: Setting CVar [[r.HairStrands.SkyLighting.JitterIntegration:0]]
[2020.05.13-19.39.14:713][  0]LogConfig: Setting CVar [[r.HairStrands.SkyAO.SampleCount:16]]
[2020.05.13-19.39.14:714][  0]LogInit: Selected Device Profile: [Windows]
[2020.05.13-19.39.14:714][  0]LogInit: Applying CVar settings loaded from the selected device profile: [Windows]
[2020.05.13-19.39.14:812][  0]LogHAL: Display: Platform has ~ 16 GB [17039618048 / 17179869184 / 16], which maps to Larger [LargestMinGB=32, LargerMinGB=12, DefaultMinGB=8, SmallerMinGB=6, SmallestMinGB=0)
[2020.05.13-19.39.14:812][  0]LogInit: Going up to parent DeviceProfile []
[2020.05.13-19.39.14:812][  0]LogConfig: Applying CVar settings from Section [ViewDistanceQuality@3] File [D:/adale/Desktop/2DSouls/SideScroller/Saved/Config/Windows/Scalability.ini]
[2020.05.13-19.39.14:813][  0]LogConfig: Setting CVar [[r.SkeletalMeshLODBias:0]]
[2020.05.13-19.39.14:813][  0]LogConfig: Setting CVar [[r.ViewDistanceScale:1.0]]
[2020.05.13-19.39.14:813][  0]LogConfig: Applying CVar settings from Section [AntiAliasingQuality@3] File [D:/adale/Desktop/2DSouls/SideScroller/Saved/Config/Windows/Scalability.ini]
[2020.05.13-19.39.14:813][  0]LogConfig: Setting CVar [[r.PostProcessAAQuality:4]]
[2020.05.13-19.39.14:813][  0]LogConfig: Applying CVar settings from Section [ShadowQuality@3] File [D:/adale/Desktop/2DSouls/SideScroller/Saved/Config/Windows/Scalability.ini]
[2020.05.13-19.39.14:813][  0]LogConfig: Setting CVar [[r.LightFunctionQuality:1]]
[2020.05.13-19.39.14:813][  0]LogConfig: Setting CVar [[r.ShadowQuality:5]]
[2020.05.13-19.39.14:813][  0]LogConfig: Setting CVar [[r.Shadow.CSM.MaxCascades:10]]
[2020.05.13-19.39.14:813][  0]LogConfig: Setting CVar [[r.Shadow.MaxResolution:2048]]
[2020.05.13-19.39.14:813][  0]LogConfig: Setting CVar [[r.Shadow.MaxCSMResolution:2048]]
[2020.05.13-19.39.14:813][  0]LogConfig: Setting CVar [[r.Shadow.RadiusThreshold:0.01]]
[2020.05.13-19.39.14:814][  0]LogConfig: Setting CVar [[r.Shadow.DistanceScale:1.0]]
[2020.05.13-19.39.14:814][  0]LogConfig: Setting CVar [[r.Shadow.CSM.TransitionScale:1.0]]
[2020.05.13-19.39.14:814][  0]LogConfig: Setting CVar [[r.Shadow.PreShadowResolutionFactor:1.0]]
[2020.05.13-19.39.14:814][  0]LogConfig: Setting CVar [[r.DistanceFieldShadowing:1]]
[2020.05.13-19.39.14:814][  0]LogConfig: Setting CVar [[r.DistanceFieldAO:1]]
[2020.05.13-19.39.14:814][  0]LogConfig: Setting CVar [[r.AOQuality:2]]
[2020.05.13-19.39.14:814][  0]LogConfig: Setting CVar [[r.VolumetricFog:1]]
[2020.05.13-19.39.14:814][  0]LogConfig: Setting CVar [[r.VolumetricFog.GridPixelSize:8]]
[2020.05.13-19.39.14:815][  0]LogConfig: Setting CVar [[r.VolumetricFog.GridSizeZ:128]]
[2020.05.13-19.39.14:815][  0]LogConfig: Setting CVar [[r.VolumetricFog.HistoryMissSupersampleCount:4]]
[2020.05.13-19.39.14:815][  0]LogConfig: Setting CVar [[r.LightMaxDrawDistanceScale:1]]
[2020.05.13-19.39.14:815][  0]LogConfig: Setting CVar [[r.CapsuleShadows:1]]
[2020.05.13-19.39.14:815][  0]LogConfig: Applying CVar settings from Section [PostProcessQuality@3] File [D:/adale/Desktop/2DSouls/SideScroller/Saved/Config/Windows/Scalability.ini]
[2020.05.13-19.39.14:815][  0]LogConfig: Setting CVar [[r.MotionBlurQuality:4]]
[2020.05.13-19.39.14:815][  0]LogConfig: Setting CVar [[r.AmbientOcclusionMipLevelFactor:0.4]]
[2020.05.13-19.39.14:815][  0]LogConfig: Setting CVar [[r.AmbientOcclusionMaxQuality:100]]
[2020.05.13-19.39.14:815][  0]LogConfig: Setting CVar [[r.AmbientOcclusionLevels:-1]]
[2020.05.13-19.39.14:815][  0]LogConfig: Setting CVar [[r.AmbientOcclusionRadiusScale:1.0]]
[2020.05.13-19.39.14:815][  0]LogConfig: Setting CVar [[r.DepthOfFieldQuality:2]]
[2020.05.13-19.39.14:815][  0]LogConfig: Setting CVar [[r.RenderTargetPoolMin:400]]
[2020.05.13-19.39.14:816][  0]LogConfig: Setting CVar [[r.LensFlareQuality:2]]
[2020.05.13-19.39.14:816][  0]LogConfig: Setting CVar [[r.SceneColorFringeQuality:1]]
[2020.05.13-19.39.14:816][  0]LogConfig: Setting CVar [[r.EyeAdaptationQuality:2]]
[2020.05.13-19.39.14:816][  0]LogConfig: Setting CVar [[r.BloomQuality:5]]
[2020.05.13-19.39.14:816][  0]LogConfig: Setting CVar [[r.FastBlurThreshold:100]]
[2020.05.13-19.39.14:816][  0]LogConfig: Setting CVar [[r.Upscale.Quality:3]]
[2020.05.13-19.39.14:816][  0]LogConfig: Setting CVar [[r.Tonemapper.GrainQuantization:1]]
[2020.05.13-19.39.14:816][  0]LogConfig: Setting CVar [[r.LightShaftQuality:1]]
[2020.05.13-19.39.14:816][  0]LogConfig: Setting CVar [[r.Filter.SizeScale:1]]
[2020.05.13-19.39.14:816][  0]LogConfig: Setting CVar [[r.Tonemapper.Quality:5]]
[2020.05.13-19.39.14:816][  0]LogConfig: Setting CVar [[r.DOF.Gather.AccumulatorQuality:1        ; higher gathering accumulator quality]]
[2020.05.13-19.39.14:817][  0]LogConfig: Setting CVar [[r.DOF.Gather.PostfilterMethod:1          ; Median3x3 postfilering method]]
[2020.05.13-19.39.14:817][  0]LogConfig: Setting CVar [[r.DOF.Gather.EnableBokehSettings:0       ; no bokeh simulation when gathering]]
[2020.05.13-19.39.14:817][  0]LogConfig: Setting CVar [[r.DOF.Gather.RingCount:4                 ; medium number of samples when gathering]]
[2020.05.13-19.39.14:817][  0]LogConfig: Setting CVar [[r.DOF.Scatter.ForegroundCompositing:1    ; additive foreground scattering]]
[2020.05.13-19.39.14:817][  0]LogConfig: Setting CVar [[r.DOF.Scatter.BackgroundCompositing:2    ; additive background scattering]]
[2020.05.13-19.39.14:817][  0]LogConfig: Setting CVar [[r.DOF.Scatter.EnableBokehSettings:1      ; bokeh simulation when scattering]]
[2020.05.13-19.39.14:817][  0]LogConfig: Setting CVar [[r.DOF.Scatter.MaxSpriteRatio:0.1         ; only a maximum of 10% of scattered bokeh]]
[2020.05.13-19.39.14:817][  0]LogConfig: Setting CVar [[r.DOF.Recombine.Quality:1                ; cheap slight out of focus]]
[2020.05.13-19.39.14:817][  0]LogConfig: Setting CVar [[r.DOF.Recombine.EnableBokehSettings:0    ; no bokeh simulation on slight out of focus]]
[2020.05.13-19.39.14:817][  0]LogConfig: Setting CVar [[r.DOF.TemporalAAQuality:1                ; more stable temporal accumulation]]
[2020.05.13-19.39.14:817][  0]LogConfig: Setting CVar [[r.DOF.Kernel.MaxForegroundRadius:0.025]]
[2020.05.13-19.39.14:817][  0]LogConfig: Setting CVar [[r.DOF.Kernel.MaxBackgroundRadius:0.025]]
[2020.05.13-19.39.14:817][  0]LogConfig: Applying CVar settings from Section [TextureQuality@3] File [D:/adale/Desktop/2DSouls/SideScroller/Saved/Config/Windows/Scalability.ini]
[2020.05.13-19.39.14:817][  0]LogConfig: Setting CVar [[r.Streaming.MipBias:0]]
[2020.05.13-19.39.14:817][  0]LogConfig: Setting CVar [[r.Streaming.AmortizeCPUToGPUCopy:0]]
[2020.05.13-19.39.14:818][  0]LogConfig: Setting CVar [[r.Streaming.MaxNumTexturesToStreamPerFrame:0]]
[2020.05.13-19.39.14:818][  0]LogConfig: Setting CVar [[r.Streaming.Boost:1]]
[2020.05.13-19.39.14:818][  0]LogConfig: Setting CVar [[r.MaxAnisotropy:8]]
[2020.05.13-19.39.14:818][  0]LogConfig: Setting CVar [[r.VT.MaxAnisotropy:8]]
[2020.05.13-19.39.14:818][  0]LogConfig: Setting CVar [[r.Streaming.LimitPoolSizeToVRAM:0]]
[2020.05.13-19.39.14:818][  0]LogConfig: Setting CVar [[r.Streaming.PoolSize:1000]]
[2020.05.13-19.39.14:818][  0]LogConfig: Setting CVar [[r.Streaming.MaxEffectiveScreenSize:0]]
[2020.05.13-19.39.14:818][  0]LogConfig: Applying CVar settings from Section [EffectsQuality@3] File [D:/adale/Desktop/2DSouls/SideScroller/Saved/Config/Windows/Scalability.ini]
[2020.05.13-19.39.14:818][  0]LogConfig: Setting CVar [[r.TranslucencyLightingVolumeDim:64]]
[2020.05.13-19.39.14:818][  0]LogConfig: Setting CVar [[r.RefractionQuality:2]]
[2020.05.13-19.39.14:818][  0]LogConfig: Setting CVar [[r.SSR.Quality:3]]
[2020.05.13-19.39.14:818][  0]LogConfig: Setting CVar [[r.SSR.HalfResSceneColor:0]]
[2020.05.13-19.39.14:819][  0]LogConfig: Setting CVar [[r.SceneColorFormat:4]]
[2020.05.13-19.39.14:819][  0]LogConfig: Setting CVar [[r.DetailMode:2]]
[2020.05.13-19.39.14:819][  0]LogConfig: Setting CVar [[r.TranslucencyVolumeBlur:1]]
[2020.05.13-19.39.14:819][  0]LogConfig: Setting CVar [[r.MaterialQualityLevel:1 ; High quality]]
[2020.05.13-19.39.14:819][  0]LogConfig: Setting CVar [[r.SSS.Scale:1]]
[2020.05.13-19.39.14:819][  0]LogConfig: Setting CVar [[r.SSS.SampleSet:2]]
[2020.05.13-19.39.14:819][  0]LogConfig: Setting CVar [[r.SSS.Quality:1]]
[2020.05.13-19.39.14:819][  0]LogConfig: Setting CVar [[r.SSS.HalfRes:1]]
[2020.05.13-19.39.14:819][  0]LogConfig: Setting CVar [[r.SSGI.Quality:3]]
[2020.05.13-19.39.14:819][  0]LogConfig: Setting CVar [[r.EmitterSpawnRateScale:1.0]]
[2020.05.13-19.39.14:819][  0]LogConfig: Setting CVar [[r.ParticleLightQuality:2]]
[2020.05.13-19.39.14:819][  0]LogConfig: Setting CVar [[r.SkyAtmosphere.AerialPerspectiveLUT.FastApplyOnOpaque:1 ; Always have FastSkyLUT 1 in this case to avoid wrong sky]]
[2020.05.13-19.39.14:819][  0]LogConfig: Setting CVar [[r.SkyAtmosphere.AerialPerspectiveLUT.SampleCountPerSlice:1]]
[2020.05.13-19.39.14:819][  0]LogConfig: Setting CVar [[r.SkyAtmosphere.AerialPerspectiveLUT.DepthResolution:16.0]]
[2020.05.13-19.39.14:819][  0]LogConfig: Setting CVar [[r.SkyAtmosphere.FastSkyLUT:1]]
[2020.05.13-19.39.14:820][  0]LogConfig: Setting CVar [[r.SkyAtmosphere.FastSkyLUT.SampleCountMin:4.0]]
[2020.05.13-19.39.14:820][  0]LogConfig: Setting CVar [[r.SkyAtmosphere.FastSkyLUT.SampleCountMax:32.0]]
[2020.05.13-19.39.14:820][  0]LogConfig: Setting CVar [[r.SkyAtmosphere.SampleCountMin:4.0]]
[2020.05.13-19.39.14:820][  0]LogConfig: Setting CVar [[r.SkyAtmosphere.SampleCountMax:32.0]]
[2020.05.13-19.39.14:820][  0]LogConfig: Setting CVar [[r.SkyAtmosphere.TransmittanceLUT.UseSmallFormat:0]]
[2020.05.13-19.39.14:820][  0]LogConfig: Setting CVar [[r.SkyAtmosphere.TransmittanceLUT.SampleCount:10.0]]
[2020.05.13-19.39.14:820][  0]LogConfig: Setting CVar [[r.SkyAtmosphere.MultiScatteringLUT.SampleCount:15.0]]
[2020.05.13-19.39.14:820][  0]LogConfig: Applying CVar settings from Section [FoliageQuality@3] File [D:/adale/Desktop/2DSouls/SideScroller/Saved/Config/Windows/Scalability.ini]
[2020.05.13-19.39.14:820][  0]LogConfig: Setting CVar [[foliage.DensityScale:1.0]]
[2020.05.13-19.39.14:820][  0]LogConfig: Setting CVar [[grass.DensityScale:1.0]]
[2020.05.13-19.39.14:820][  0]LogConfig: Applying CVar settings from Section [ShadingQuality@3] File [D:/adale/Desktop/2DSouls/SideScroller/Saved/Config/Windows/Scalability.ini]
[2020.05.13-19.39.14:820][  0]LogConfig: Setting CVar [[r.HairStrands.SkyLighting.SampleCount:16]]
[2020.05.13-19.39.14:820][  0]LogConfig: Setting CVar [[r.HairStrands.SkyLighting.JitterIntegration:0]]
[2020.05.13-19.39.14:821][  0]LogConfig: Setting CVar [[r.HairStrands.SkyAO.SampleCount:16]]
[2020.05.13-19.39.14:821][  0]LogConfig: Applying CVar settings from Section [Startup] File [../../../Engine/Config/ConsoleVariables.ini]
[2020.05.13-19.39.14:821][  0]LogConfig: Setting CVar [[net.UseAdaptiveNetUpdateFrequency:0]]
[2020.05.13-19.39.14:821][  0]LogConfig: Setting CVar [[p.chaos.AllowCreatePhysxBodies:1]]
[2020.05.13-19.39.14:821][  0]LogConfig: Applying CVar settings from Section [ConsoleVariables] File [D:/adale/Desktop/2DSouls/SideScroller/Saved/Config/Windows/Engine.ini]
[2020.05.13-19.39.14:821][  0]LogInit: Computer: DESKTOP-J52MBI8
[2020.05.13-19.39.14:821][  0]LogInit: User: adale
[2020.05.13-19.39.14:821][  0]LogInit: CPU Page size=4096, Cores=4
[2020.05.13-19.39.14:821][  0]LogInit: High frequency timer resolution =10.000000 MHz
[2020.05.13-19.39.14:822][  0]LogMemory: Memory total: Physical=15.9GB (16GB approx)
[2020.05.13-19.39.14:822][  0]LogMemory: Platform Memory Stats for Windows
[2020.05.13-19.39.14:822][  0]LogMemory: Process Physical Memory: 105.82 MB used, 105.82 MB peak
[2020.05.13-19.39.14:822][  0]LogMemory: Process Virtual Memory: 100.58 MB used, 100.58 MB peak
[2020.05.13-19.39.14:822][  0]LogMemory: Physical Memory: 6887.50 MB used,  9362.74 MB free, 16250.25 MB total
[2020.05.13-19.39.14:822][  0]LogMemory: Virtual Memory: 5137.55 MB used,  134212592.00 MB free, 134217728.00 MB total
[2020.05.13-19.39.14:839][  0]LogWindows: WindowsPlatformFeatures enabled
[2020.05.13-19.39.15:799][  0]LogInit: Using OS detected language (en-US).
[2020.05.13-19.39.15:799][  0]LogInit: Using OS detected locale (en-CA).
[2020.05.13-19.39.15:801][  0]LogTextLocalizationManager: No specific localization for 'en-US' exists, so the 'en' localization will be used.
[2020.05.13-19.39.16:593][  0]LogInit: Setting process to per monitor DPI aware
[2020.05.13-19.39.17:360][  0]LogSlate: New Slate User Created.  User Index 0, Is Virtual User: 0
[2020.05.13-19.39.17:360][  0]LogSlate: Slate User Registered.  User Index 0, Is Virtual User: 0
[2020.05.13-19.39.24:259][  0]LogHMD: Failed to initialize OpenVR with code 110
[2020.05.13-19.39.24:259][  0]LogD3D11RHI: D3D11 min allowed feature level: 11_0
[2020.05.13-19.39.24:259][  0]LogD3D11RHI: D3D11 max allowed feature level: 11_0
[2020.05.13-19.39.24:259][  0]LogD3D11RHI: D3D11 adapters:
[2020.05.13-19.39.24:404][  0]LogD3D11RHI:    0. 'NVIDIA GeForce GTX 1050 Ti' (Feature Level 11_0)
[2020.05.13-19.39.24:404][  0]LogD3D11RHI:       4018/0/8125 MB DedicatedVideo/DedicatedSystem/SharedSystem, Outputs:2, VendorId:0x10de
[2020.05.13-19.39.24:451][  0]LogD3D11RHI:    1. 'Intel(R) HD Graphics 630' (Feature Level 11_0)
[2020.05.13-19.39.24:451][  0]LogD3D11RHI:       128/0/8125 MB DedicatedVideo/DedicatedSystem/SharedSystem, Outputs:0, VendorId:0x8086
[2020.05.13-19.39.24:461][  0]LogD3D11RHI:    2. 'Microsoft Basic Render Driver' (Feature Level 11_0)
[2020.05.13-19.39.24:461][  0]LogD3D11RHI:       0/0/8125 MB DedicatedVideo/DedicatedSystem/SharedSystem, Outputs:0, VendorId:0x1414
[2020.05.13-19.39.24:461][  0]LogD3D11RHI: Chosen D3D11 Adapter: 0
[2020.05.13-19.39.24:512][  0]LogD3D11RHI: Creating new Direct3DDevice
[2020.05.13-19.39.24:512][  0]LogD3D11RHI:     GPU DeviceId: 0x1c8c (for the marketing name, search the web for "GPU Device Id")
[2020.05.13-19.39.24:512][  0]LogWindows: EnumDisplayDevices:
[2020.05.13-19.39.24:512][  0]LogWindows:    0. 'Intel(R) HD Graphics 630' (P:1 D:1)
[2020.05.13-19.39.24:513][  0]LogWindows:    1. 'Intel(R) HD Graphics 630' (P:0 D:0)
[2020.05.13-19.39.24:514][  0]LogWindows:    2. 'Intel(R) HD Graphics 630' (P:0 D:0)
[2020.05.13-19.39.24:514][  0]LogWindows:    3. 'NVIDIA GeForce GTX 1050 Ti' (P:0 D:1)
[2020.05.13-19.39.24:514][  0]LogWindows: DebugString: PrimaryIsNotTheChoosenAdapter PrimaryIsNotTheChoosenAdapter PrimaryIsNotTheChoosenAdapter 
[2020.05.13-19.39.24:515][  0]LogD3D11RHI:     Adapter Name: NVIDIA GeForce GTX 1050 Ti
[2020.05.13-19.39.24:515][  0]LogD3D11RHI:   Driver Version: 441.08 (internal:26.21.14.4108, unified:441.08)
[2020.05.13-19.39.24:515][  0]LogD3D11RHI:      Driver Date: 10-22-2019
[2020.05.13-19.39.24:515][  0]LogRHI: Texture pool is 2812 MB (70% of 4018 MB)
[2020.05.13-19.39.24:574][  0]LogD3D11RHI: RHI has support for 64 bit atomics
[2020.05.13-19.39.24:575][  0]LogD3D11RHI: Async texture creation enabled
[2020.05.13-19.39.24:630][  0]LogD3D11RHI: GPU Timing Frequency: 1000.000000 (Debug: 2 1)
[2020.05.13-19.39.25:056][  0]LogTargetPlatformManager: Display: Loaded TargetPlatform 'AllDesktop'
[2020.05.13-19.39.25:128][  0]LogTargetPlatformManager: Display: Loaded TargetPlatform 'Android'
[2020.05.13-19.39.25:129][  0]LogTargetPlatformManager: Display: Loaded TargetPlatform 'Android_ASTC'
[2020.05.13-19.39.25:129][  0]LogTargetPlatformManager: Display: Loaded TargetPlatform 'Android_ATC'
[2020.05.13-19.39.25:129][  0]LogTargetPlatformManager: Display: Loaded TargetPlatform 'Android_DXT'
[2020.05.13-19.39.25:129][  0]LogTargetPlatformManager: Display: Loaded TargetPlatform 'Android_ETC1'
[2020.05.13-19.39.25:129][  0]LogTargetPlatformManager: Display: Loaded TargetPlatform 'Android_ETC1a'
[2020.05.13-19.39.25:129][  0]LogTargetPlatformManager: Display: Loaded TargetPlatform 'Android_ETC2'
[2020.05.13-19.39.25:129][  0]LogTargetPlatformManager: Display: Loaded TargetPlatform 'Android_PVRTC'
[2020.05.13-19.39.25:130][  0]LogTargetPlatformManager: Display: Loaded TargetPlatform 'AndroidClient'
[2020.05.13-19.39.25:130][  0]LogTargetPlatformManager: Display: Loaded TargetPlatform 'Android_ASTCClient'
[2020.05.13-19.39.25:130][  0]LogTargetPlatformManager: Display: Loaded TargetPlatform 'Android_ATCClient'
[2020.05.13-19.39.25:130][  0]LogTargetPlatformManager: Display: Loaded TargetPlatform 'Android_DXTClient'
[2020.05.13-19.39.25:130][  0]LogTargetPlatformManager: Display: Loaded TargetPlatform 'Android_ETC1Client'
[2020.05.13-19.39.25:130][  0]LogTargetPlatformManager: Display: Loaded TargetPlatform 'Android_ETC1aClient'
[2020.05.13-19.39.25:130][  0]LogTargetPlatformManager: Display: Loaded TargetPlatform 'Android_ETC2Client'
[2020.05.13-19.39.25:130][  0]LogTargetPlatformManager: Display: Loaded TargetPlatform 'Android_PVRTCClient'
[2020.05.13-19.39.25:130][  0]LogTargetPlatformManager: Display: Loaded TargetPlatform 'Android_Multi'
[2020.05.13-19.39.25:131][  0]LogTargetPlatformManager: Display: Loaded TargetPlatform 'Android_MultiClient'
[2020.05.13-19.39.25:248][  0]LogTargetPlatformManager: Display: Loaded TargetPlatform 'IOSClient'
[2020.05.13-19.39.25:248][  0]LogTargetPlatformManager: Display: Loaded TargetPlatform 'IOS'
[2020.05.13-19.39.25:272][  0]LogTargetPlatformManager: Display: Loaded TargetPlatform 'LinuxNoEditor'
[2020.05.13-19.39.25:294][  0]LogTargetPlatformManager: Display: Loaded TargetPlatform 'LinuxClient'
[2020.05.13-19.39.25:313][  0]LogTargetPlatformManager: Display: Loaded TargetPlatform 'LinuxServer'
[2020.05.13-19.39.25:339][  0]LogTargetPlatformManager: Display: Loaded TargetPlatform 'LinuxAArch64NoEditor'
[2020.05.13-19.39.25:358][  0]LogTargetPlatformManager: Display: Loaded TargetPlatform 'LinuxAArch64Client'
[2020.05.13-19.39.25:457][  0]LogTargetPlatformManager: Display: Loaded TargetPlatform 'LinuxAArch64Server'
[2020.05.13-19.39.25:531][  0]LogTargetPlatformManager: Display: Loaded TargetPlatform 'Lumin'
[2020.05.13-19.39.25:531][  0]LogTargetPlatformManager: Display: Loaded TargetPlatform 'LuminClient'
[2020.05.13-19.39.25:611][  0]LogTargetPlatformManager: Display: Loaded TargetPlatform 'TVOSClient'
[2020.05.13-19.39.25:611][  0]LogTargetPlatformManager: Display: Loaded TargetPlatform 'TVOS'
[2020.05.13-19.39.25:631][  0]LogTargetPlatformManager: Display: Loaded TargetPlatform 'WindowsNoEditor'
[2020.05.13-19.39.25:655][  0]LogTargetPlatformManager: Display: Loaded TargetPlatform 'Windows'
[2020.05.13-19.39.25:713][  0]LogTargetPlatformManager: Display: Loaded TargetPlatform 'WindowsClient'
[2020.05.13-19.39.25:740][  0]LogTargetPlatformManager: Display: Loaded TargetPlatform 'WindowsServer'
[2020.05.13-19.39.25:740][  0]LogTargetPlatformManager: Display: Building Assets For Windows
[2020.05.13-19.39.25:818][  0]LogAudioDebug: Display: Lib vorbis DLL was dynamically loaded.
[2020.05.13-19.39.26:636][  0]LogShaderCompilers: Guid format shader working directory is -3 characters bigger than the processId version (../../../../../adale/Desktop/2DSouls/SideScroller/Intermediate/Shaders/WorkingDirectory/9816/).
[2020.05.13-19.39.26:637][  0]LogShaderCompilers: Cleaned the shader compiler working directory 'C:/Users/adale/AppData/Local/Temp/UnrealShaderWorkingDir/48716E914512B470A025A694B5321A87/'.
[2020.05.13-19.39.26:649][  0]LogXGEController: Cleaning working directory: C:/Users/adale/AppData/Local/Temp/UnrealXGEWorkingDir/
[2020.05.13-19.39.26:649][  0]LogXGEController: Cannot use XGE Controller as Incredibuild is not installed on this machine.
[2020.05.13-19.39.26:649][  0]LogShaderCompilers: Cannot use XGE Shader Compiler as Incredibuild is not installed on this machine.
[2020.05.13-19.39.26:649][  0]LogShaderCompilers: Display: Using Local Shader Compiler.
[2020.05.13-19.39.27:634][  0]LogDerivedDataCache: Display: Max Cache Size: 512 MB
[2020.05.13-19.39.27:860][  0]LogDerivedDataCache: Loaded boot cache 0.23s 78MB C:/Users/adale/AppData/Local/UnrealEngine/4.24/DerivedDataCache/Boot.ddc.
[2020.05.13-19.39.27:860][  0]LogDerivedDataCache: Display: Loaded Boot cache: C:/Users/adale/AppData/Local/UnrealEngine/4.24/DerivedDataCache/Boot.ddc
[2020.05.13-19.39.27:860][  0]LogDerivedDataCache: FDerivedDataBackendGraph:  Pak pak cache file ../../../../../adale/Desktop/2DSouls/SideScroller/DerivedDataCache/DDC.ddp not found, will not use a pak cache.
[2020.05.13-19.39.27:860][  0]LogDerivedDataCache: Unable to find inner node Pak for hierarchical cache Hierarchy.
[2020.05.13-19.39.27:861][  0]LogDerivedDataCache: FDerivedDataBackendGraph:  CompressedPak pak cache file ../../../../../adale/Desktop/2DSouls/SideScroller/DerivedDataCache/Compressed.ddp not found, will not use a pak cache.
[2020.05.13-19.39.27:861][  0]LogDerivedDataCache: Unable to find inner node CompressedPak for hierarchical cache Hierarchy.
[2020.05.13-19.39.27:924][  0]LogDerivedDataCache: Display: Pak cache opened for reading ../../../Engine/DerivedDataCache/Compressed.ddp.
[2020.05.13-19.39.27:924][  0]LogDerivedDataCache: FDerivedDataBackendGraph:  EnterprisePak pak cache file ../../../Enterprise/DerivedDataCache/Compressed.ddp not found, will not use a pak cache.
[2020.05.13-19.39.27:925][  0]LogDerivedDataCache: Unable to find inner node EnterprisePak for hierarchical cache Hierarchy.
[2020.05.13-19.39.27:928][  0]LogDerivedDataCache: Using Local data cache path C:/Users/adale/AppData/Local/UnrealEngine/Common/DerivedDataCache: Writable
[2020.05.13-19.39.27:928][  0]LogDerivedDataCache: Shared data cache path not found in *engine.ini, will not use an Shared cache.
[2020.05.13-19.39.27:928][  0]LogDerivedDataCache: Unable to find inner node Shared for hierarchical cache Hierarchy.
[2020.05.13-19.39.27:959][  0]LogMaterial: Verifying Global Shaders for PCD3D_SM5
[2020.05.13-19.39.27:963][  0]LogSlate: Using FreeType 2.10.0
[2020.05.13-19.39.28:017][  0]LogSlate: SlateFontServices - WITH_FREETYPE: 1, WITH_HARFBUZZ: 1
[2020.05.13-19.39.29:584][  0]LogAssetRegistry: FAssetRegistry took 0.0062 seconds to start up
[2020.05.13-19.39.30:006][  0]LogInit: Selected Device Profile: [Windows]
[2020.05.13-19.39.31:279][  0]LogMeshReduction: Using QuadricMeshReduction for automatic static mesh reduction
[2020.05.13-19.39.31:279][  0]LogMeshReduction: Using SimplygonMeshReduction for automatic skeletal mesh reduction
[2020.05.13-19.39.31:279][  0]LogMeshReduction: Using ProxyLODMeshReduction for automatic mesh merging
[2020.05.13-19.39.31:279][  0]LogMeshReduction: No distributed automatic mesh merging module available
[2020.05.13-19.39.31:279][  0]LogMeshMerging: No distributed automatic mesh merging module available
[2020.05.13-19.39.31:329][  0]LogNetVersion: SideScroller 1.0.0, NetCL: 10570792, EngineNetVer: 13, GameNetVer: 0 (Checksum: 2260462969)
[2020.05.13-19.39.51:427][  0]LogPackageLocalizationCache: Processed 10 localized package path(s) for 1 prioritized culture(s) in 0.064705 seconds
[2020.05.13-19.39.51:440][  0]LogUObjectArray: 46750 objects as part of root set at end of initial load.
[2020.05.13-19.39.51:440][  0]LogUObjectAllocator: 8137160 out of 0 bytes used by permanent object pool.
[2020.05.13-19.39.51:440][  0]LogUObjectArray: CloseDisregardForGC: 0/0 objects in disregard for GC pool
[2020.05.13-19.39.54:789][  0]LogTcpMessaging: Initializing TcpMessaging bridge
[2020.05.13-19.39.54:957][  0]LogUdpMessaging: Initializing bridge on interface 0.0.0.0:0 to multicast group 230.0.0.1:6666.
[2020.05.13-19.39.55:800][  0]SourceControl: Source control is disabled
[2020.05.13-19.39.55:800][  0]SourceControl: Source control is disabled
[2020.05.13-19.39.55:920][  0]SourceControl: Source control is disabled
[2020.05.13-19.39.55:941][  0]SourceControl: Source control is disabled
[2020.05.13-19.39.55:964][  0]SourceControl: Source control is disabled
[2020.05.13-19.39.57:313][  0]LogAndroidPermission: UAndroidPermissionCallbackProxy::GetInstance
[2020.05.13-19.39.57:580][  0]LogAudioCaptureCore: Display: No Audio Capture implementations found. Audio input will be silent.
[2020.05.13-19.39.57:580][  0]LogAudioCaptureCore: Display: No Audio Capture implementations found. Audio input will be silent.
[2020.05.13-19.39.58:115][  0]LogOcInput: OculusInput pre-init called
[2020.05.13-19.39.58:214][  0]LogWindows: Failed to load 'OVRPlugin.dll' (GetLastError=126)
[2020.05.13-19.39.58:214][  0]LogWindows: File 'OVRPlugin.dll' does not exist
[2020.05.13-19.39.58:465][  0]LogEngine: Initializing Engine...
[2020.05.13-19.39.58:467][  0]LogHMD: Failed to initialize OpenVR with code 110
[2020.05.13-19.39.58:468][  0]LogStats: UGameplayTagsManager::InitializeManager -  0.000 s
[2020.05.13-19.39.58:957][  0]LogInit: Initializing FReadOnlyCVARCache
[2020.05.13-19.39.59:176][  0]LogAIModule: Creating AISystem for world Untitled
[2020.05.13-19.39.59:189][  0]LogAudioMixer: Display: Audio Mixer Platform Settings:
[2020.05.13-19.39.59:190][  0]LogAudioMixer: Display: 	Sample Rate:						  48000
[2020.05.13-19.39.59:190][  0]LogAudioMixer: Display: 	Callback Buffer Frame Size Requested: 1024
[2020.05.13-19.39.59:190][  0]LogAudioMixer: Display: 	Callback Buffer Frame Size To Use:	  1024
[2020.05.13-19.39.59:190][  0]LogAudioMixer: Display: 	Number of buffers to queue:			  2
[2020.05.13-19.39.59:190][  0]LogAudioMixer: Display: 	Max Channels (voices):				  32
[2020.05.13-19.39.59:190][  0]LogAudioMixer: Display: 	Number of Async Source Workers:		  0
[2020.05.13-19.39.59:190][  0]LogAudio: Display: AudioDevice MaxSources: 32
[2020.05.13-19.39.59:191][  0]LogAudio: Display: Using built-in audio occlusion.
[2020.05.13-19.39.59:191][  0]LogAudioMixer: Display: Initializing audio mixer.
[2020.05.13-19.39.59:226][  0]LogAudioMixer: Display: Audio Device Output Speaker Info:
[2020.05.13-19.39.59:226][  0]LogAudioMixer: Display: Name: Speakers / Headphones (Realtek Audio)
[2020.05.13-19.39.59:226][  0]LogAudioMixer: Display: Is Default: Yes
[2020.05.13-19.39.59:226][  0]LogAudioMixer: Display: Sample Rate: 48000
[2020.05.13-19.39.59:227][  0]LogAudioMixer: Display: Channel Count Used: 2
[2020.05.13-19.39.59:227][  0]LogAudioMixer: Display: Device Channel Count: 2
[2020.05.13-19.39.59:227][  0]LogAudioMixer: Display: Channel Order:
[2020.05.13-19.39.59:227][  0]LogAudioMixer: Display: 0: FrontLeft
[2020.05.13-19.39.59:227][  0]LogAudioMixer: Display: 1: FrontRight
[2020.05.13-19.40.00:356][  0]LogAudioMixer: Display: Using Audio Device Speakers / Headphones (Realtek Audio)
[2020.05.13-19.40.00:366][  0]LogInit: FAudioDevice initialized.
[2020.05.13-19.40.00:366][  0]LogNetVersion: Set ProjectVersion to 1.0.0.0. Version Checksum will be recalculated on next use.
[2020.05.13-19.40.00:462][  0]LogDerivedDataCache: Saved boot cache 0.10s 78MB C:/Users/adale/AppData/Local/UnrealEngine/4.24/DerivedDataCache/Boot.ddc.
[2020.05.13-19.40.00:468][  0]LogInit: Texture streaming: Enabled
[2020.05.13-19.40.00:753][  0]LogEngineSessionManager: EngineSessionManager initialized
[2020.05.13-19.40.00:754][  0]LogEditorSessionSummary: Verbose: Initializing EditorSessionSummaryWriter for editor session tracking
[2020.05.13-19.40.00:756][  0]LogEditorSessionSummary: EditorSessionSummaryWriter initialized
[2020.05.13-19.40.01:105][  0]LogInit: Transaction tracking system initialized
[2020.05.13-19.40.01:400][  0]BlueprintLog: New page: Editor Load
[2020.05.13-19.40.02:412][  0]LocalizationService: Localization service is disabled
[2020.05.13-19.40.04:032][  0]LogFileCache: Scanning file cache for directory 'D:/adale/Desktop/2DSouls/SideScroller/Content/' took 0.01s
[2020.05.13-19.40.04:032][  0]LogCook: Display: Max memory allowance for cook 16384mb min free memory 0mb
[2020.05.13-19.40.04:033][  0]LogCook: Display: Mobile HDR setting 1
[2020.05.13-19.40.06:792][  0]SourceControl: Source control is disabled
[2020.05.13-19.40.06:792][  0]Cmd: MAP LOAD FILE="../../../../../adale/Desktop/2DSouls/SideScroller/Content/Levels/World.umap" TEMPLATE=0 SHOWPROGRESS=1 FEATURELEVEL=3
[2020.05.13-19.40.06:793][  0]LightingResults: New page: Lighting Build
[2020.05.13-19.40.06:809][  0]LogWorld: UWorld::CleanupWorld for Untitled, bSessionEnded=true, bCleanupResources=true
[2020.05.13-19.40.06:809][  0]LogSlate: InvalidateAllWidgets triggered.  All widgets were invalidated
[2020.05.13-19.40.06:810][  0]MapCheck: New page: Map Check
[2020.05.13-19.40.06:810][  0]LightingResults: New page: Lighting Build
[2020.05.13-19.40.06:840][  0]LogUObjectHash: Compacting FUObjectHashTables data took   2.97ms
[2020.05.13-19.40.07:176][  0]LogAIModule: Creating AISystem for world World
[2020.05.13-19.40.07:183][  0]LogEditorServer: Finished looking for orphan Actors (0.000 secs)
[2020.05.13-19.40.07:219][  0]LogUObjectHash: Compacting FUObjectHashTables data took   3.57ms
[2020.05.13-19.40.07:220][  0]Cmd: MAP CHECKDEP NOCLEARLOG
[2020.05.13-19.40.07:221][  0]MapCheck: Map check complete: 0 Error(s), 0 Warning(s), took 0.296ms to complete.
[2020.05.13-19.40.07:221][  0]LogFileHelpers: Loading map 'World' took 0.428
[2020.05.13-19.40.07:573][  0]LogSlate: Updating window title bar state: overlay mode, drag disabled, window buttons hidden, title bar hidden
[2020.05.13-19.40.07:581][  0]LogSlate: Updating window title bar state: overlay mode, drag disabled, window buttons hidden, title bar hidden
[2020.05.13-19.40.07:589][  0]LogSlate: Updating window title bar state: overlay mode, drag disabled, window buttons hidden, title bar hidden
[2020.05.13-19.40.07:599][  0]LogSlate: Updating window title bar state: overlay mode, drag disabled, window buttons hidden, title bar hidden
[2020.05.13-19.40.07:617][  0]LogCollectionManager: Loaded 0 collections in 0.001856 seconds
[2020.05.13-19.40.07:661][  0]LogFileCache: Scanning file cache for directory 'D:/adale/Desktop/2DSouls/SideScroller/Saved/Collections/' took 0.00s
[2020.05.13-19.40.07:662][  0]LogFileCache: Scanning file cache for directory 'D:/adale/Desktop/2DSouls/SideScroller/Content/Developers/adale/Collections/' took 0.01s
[2020.05.13-19.40.07:662][  0]LogFileCache: Scanning file cache for directory 'D:/adale/Desktop/2DSouls/SideScroller/Content/Collections/' took 0.01s
[2020.05.13-19.40.07:662][  0]LogContentBrowser: Native class hierarchy populated in 0.0095 seconds. Added 3026 classes and 719 folders.
[2020.05.13-19.40.07:705][  0]LogContentBrowser: Native class hierarchy updated for 'WidgetCarousel' in 0.0005 seconds. Added 0 classes and 0 folders.
[2020.05.13-19.40.09:534][  0]LogContentBrowser: Native class hierarchy updated for 'AddContentDialog' in 0.0004 seconds. Added 0 classes and 0 folders.
[2020.05.13-19.40.09:557][  0]LogContentBrowser: Native class hierarchy updated for 'SceneOutliner' in 0.0007 seconds. Added 2 classes and 3 folders.
[2020.05.13-19.40.09:677][  0]LogSlate: Took 0.077255 seconds to synchronously load lazily loaded font '../../../Engine/Content/Slate/Fonts/Roboto-Regular.ttf' (155K)
[2020.05.13-19.40.09:754][  0]LogSlate: Took 0.075390 seconds to synchronously load lazily loaded font '../../../Engine/Content/Slate/Fonts/Roboto-Bold.ttf' (160K)
[2020.05.13-19.40.09:810][  0]LogSlate: Took 0.050556 seconds to synchronously load lazily loaded font '../../../Engine/Content/Editor/Slate/Fonts/FontAwesome.ttf' (139K)
[2020.05.13-19.40.09:949][  0]LogRenderer: Reallocating scene render targets to support 1120x572 Format 10 NumSamples 1 (Frame:1).
[2020.05.13-19.40.10:106][  0]LogContentBrowser: Native class hierarchy updated for 'HierarchicalLODOutliner' in 0.0005 seconds. Added 0 classes and 0 folders.
[2020.05.13-19.40.10:107][  0]LogLoad: (Engine Initialization) Total time: 69.61 seconds
[2020.05.13-19.40.10:107][  0]LogLoad: (Engine Initialization) Total Blueprint compile time: 0.00 seconds
[2020.05.13-19.40.10:186][  0]LogContentStreaming: Texture pool size now 1000 MB
[2020.05.13-19.40.10:222][  0]LogSlate: Took 0.000872 seconds to synchronously load lazily loaded font '../../../Engine/Content/Slate/Fonts/Roboto-Light.ttf' (167K)
[2020.05.13-19.40.12:484][ 31]LogAssetRegistry: Asset discovery search completed in 42.9048 seconds
[2020.05.13-19.40.12:488][ 31]LogCollectionManager: Fixed up redirectors for 0 collections in 0.000009 seconds (updated 0 objects)
[2020.05.13-19.44.05:149][977]LogTemp: Repeating last play command: Selected Viewport
[2020.05.13-19.44.05:174][977]LogPlayLevel: PlayLevel: No blueprints needed recompiling
[2020.05.13-19.44.05:176][977]PIE: New page: PIE session: World (May 13, 2020, 11:44:05 a.m.)
[2020.05.13-19.44.05:179][977]LogOnline: OSS: Creating online subsystem instance for: NULL
[2020.05.13-19.44.05:182][977]LogOnline: OSS: TryLoadSubsystemAndSetDefault: Loaded subsystem for module [NULL]
[2020.05.13-19.44.05:183][977]LogPlayLevel: Creating play world package: /Game/Levels/UEDPIE_0_World
[2020.05.13-19.44.05:187][977]LogPlayLevel: PIE: StaticDuplicateObject took: (0.004304s)
[2020.05.13-19.44.05:190][977]LogAIModule: Creating AISystem for world World
[2020.05.13-19.44.05:191][977]LogPlayLevel: PIE: World Init took: (0.003107s)
[2020.05.13-19.44.05:191][977]LogPlayLevel: PIE: Created PIE world by copying editor world from /Game/Levels/World.World to /Game/Levels/UEDPIE_0_World.World (0.008392s)
[2020.05.13-19.44.05:219][977]LogUObjectHash: Compacting FUObjectHashTables data took   1.83ms
[2020.05.13-19.44.05:225][977]LogAudioMixer: Display: Audio Mixer Platform Settings:
[2020.05.13-19.44.05:225][977]LogAudioMixer: Display: 	Sample Rate:						  48000
[2020.05.13-19.44.05:225][977]LogAudioMixer: Display: 	Callback Buffer Frame Size Requested: 1024
[2020.05.13-19.44.05:225][977]LogAudioMixer: Display: 	Callback Buffer Frame Size To Use:	  1024
[2020.05.13-19.44.05:225][977]LogAudioMixer: Display: 	Number of buffers to queue:			  2
[2020.05.13-19.44.05:225][977]LogAudioMixer: Display: 	Max Channels (voices):				  32
[2020.05.13-19.44.05:225][977]LogAudioMixer: Display: 	Number of Async Source Workers:		  0
[2020.05.13-19.44.05:226][977]LogAudio: Display: AudioDevice MaxSources: 32
[2020.05.13-19.44.05:227][977]LogAudio: Display: Using built-in audio occlusion.
[2020.05.13-19.44.05:227][977]LogAudioMixer: Display: Initializing audio mixer.
[2020.05.13-19.44.05:250][977]LogAudioMixer: Display: Audio Device Output Speaker Info:
[2020.05.13-19.44.05:250][977]LogAudioMixer: Display: Name: Speakers / Headphones (Realtek Audio)
[2020.05.13-19.44.05:250][977]LogAudioMixer: Display: Is Default: Yes
[2020.05.13-19.44.05:250][977]LogAudioMixer: Display: Sample Rate: 48000
[2020.05.13-19.44.05:251][977]LogAudioMixer: Display: Channel Count Used: 2
[2020.05.13-19.44.05:251][977]LogAudioMixer: Display: Device Channel Count: 2
[2020.05.13-19.44.05:251][977]LogAudioMixer: Display: Channel Order:
[2020.05.13-19.44.05:251][977]LogAudioMixer: Display: 0: FrontLeft
[2020.05.13-19.44.05:251][977]LogAudioMixer: Display: 1: FrontRight
[2020.05.13-19.44.05:361][977]LogAudioMixer: Display: Using Audio Device Speakers / Headphones (Realtek Audio)
[2020.05.13-19.44.05:366][977]LogInit: FAudioDevice initialized.
[2020.05.13-19.44.05:550][977]LogLoad: Game class is 'BP_SideScrollerGameModeBase_C'
[2020.05.13-19.44.05:553][977]LogWorld: Bringing World /Game/Levels/UEDPIE_0_World.World up for play (max tick rate 60) at 2020.05.13-15.44.05
[2020.05.13-19.44.05:554][977]LogWorld: Bringing up level for play took: 0.001533
[2020.05.13-19.44.05:554][977]LogOnline: OSS: Creating online subsystem instance for: :Context_1
[2020.05.13-19.44.05:560][977]LogContentBrowser: Native class hierarchy updated for 'MovieSceneCapture' in 0.0006 seconds. Added 20 classes and 0 folders.
[2020.05.13-19.44.05:563][977]PIE: Play in editor start time for /Game/Levels/UEDPIE_0_World 0.931
[2020.05.13-19.44.22:949][938]LogAudioMixer: Display: No commands were queued while flushing the source manager.
[2020.05.13-19.44.22:949][938]LogAudioMixer: Display: No commands were queued while flushing the source manager.
[2020.05.13-19.44.22:950][938]LogSlate: Updating window title bar state: overlay mode, drag disabled, window buttons hidden, title bar hidden
[2020.05.13-19.44.22:950][938]LogWorld: BeginTearingDown for /Game/Levels/UEDPIE_0_World
[2020.05.13-19.44.22:950][938]LogAudioMixer: Display: No commands were queued while flushing the source manager.
[2020.05.13-19.44.22:951][938]LogWorld: UWorld::CleanupWorld for World, bSessionEnded=true, bCleanupResources=true
[2020.05.13-19.44.22:958][938]LogSlate: InvalidateAllWidgets triggered.  All widgets were invalidated
[2020.05.13-19.44.23:028][938]LogPlayLevel: Display: Shutting down PIE online subsystems
[2020.05.13-19.44.23:034][938]LogSlate: InvalidateAllWidgets triggered.  All widgets were invalidated
[2020.05.13-19.44.23:062][938]LogAudioMixer: Display: No commands were queued while flushing the source manager.
[2020.05.13-19.44.23:072][938]LogSlate: Updating window title bar state: overlay mode, drag disabled, window buttons hidden, title bar hidden
[2020.05.13-19.44.23:088][938]LogUObjectHash: Compacting FUObjectHashTables data took   2.72ms
[2020.05.13-19.44.23:104][939]LogPlayLevel: Display: Destroying online subsystem :Context_1
[2020.05.13-19.48.11:518][537]LogSlate: Took 0.000436 seconds to synchronously load lazily loaded font '../../../Engine/Content/Slate/Fonts/Roboto-Light.ttf' (167K)
[2020.05.13-19.48.11:565][537]LogAssetEditorSubsystem: Opening Asset editor for ParticleSystem /Game/Blueprint/GameBlueprints/ParticleSystem/PS_EXP.PS_EXP
[2020.05.13-19.48.11:626][537]LogContentBrowser: Native class hierarchy updated for 'Cascade' in 0.0008 seconds. Added 2 classes and 2 folders.
[2020.05.13-19.48.40:635][149]LogCascade: Non-seeded module ParticleModuleSourceMovement
[2020.05.13-19.49.11:744][957]LogSlate: Window 'PS_EXP' being destroyed
[2020.05.13-19.49.11:752][957]LogSlate: Window 'PS_EXP' being destroyed
[2020.05.13-19.49.11:753][957]LogCascade: Quitting Cascade. FXSystem=0x0000012BD5C44F40
[2020.05.13-19.49.11:784][957]LogWorld: UWorld::CleanupWorld for World_0, bSessionEnded=true, bCleanupResources=true
[2020.05.13-19.49.11:784][957]LogSlate: InvalidateAllWidgets triggered.  All widgets were invalidated
[2020.05.13-19.50.28:099][375]LogUObjectHash: Compacting FUObjectHashTables data took   1.87ms
[2020.05.13-19.50.28:102][375]LogFileHelpers: Editor autosave (incl. sublevels) for '/Game/Levels/World' took 0.033
[2020.05.13-19.50.28:103][375]OBJ SavePackage: Generating thumbnails for [1] asset(s) in package [/Game/Blueprint/GameBlueprints/ParticleSystem/PS_EXP] ([1] browsable assets)...
[2020.05.13-19.50.28:109][375]OBJ SavePackage:     Rendered thumbnail for [ParticleSystem /Game/Blueprint/GameBlueprints/ParticleSystem/PS_EXP.PS_EXP]
[2020.05.13-19.50.28:110][375]OBJ SavePackage: Finished generating thumbnails for package [/Game/Blueprint/GameBlueprints/ParticleSystem/PS_EXP]
[2020.05.13-19.50.28:168][375]LogSavePackage: Moving '../../../../../adale/Desktop/2DSouls/SideScroller/Saved/PS_EXP_Auto14208B7D94AB006AFDBAD36BB978E9F83.tmp' to '../../../../../adale/Desktop/2DSouls/SideScroller/Saved/Autosaves/Game/Blueprint/GameBlueprints/ParticleSystem/PS_EXP_Auto1.uasset'
[2020.05.13-19.50.28:170][375]LogFileHelpers: Auto-saving content packages took 0.067
[2020.05.13-19.51.03:536][482]LogAssetEditorSubsystem: Opening Asset editor for ParticleSystem /Game/Blueprint/GameBlueprints/ParticleSystem/PS_EXP.PS_EXP
[2020.05.13-19.51.44:478][840]LogCascade: Non-seeded module ParticleModuleAttractorPoint
[2020.05.13-19.53.24:921][634]LogSavePackage: Moving '../../../../../adale/Desktop/2DSouls/SideScroller/Saved/PS_EXP37E390CD4220FA42621DC29A5885AAA8.tmp' to '../../../../../adale/Desktop/2DSouls/SideScroller/Content/Blueprint/GameBlueprints/ParticleSystem/PS_EXP.uasset'
[2020.05.13-19.53.24:943][634]AssetCheck: New page: Asset Save: PS_EXP
[2020.05.13-19.53.24:943][634]LogContentValidation: Display: Validating ParticleSystem /Game/Blueprint/GameBlueprints/ParticleSystem/PS_EXP.PS_EXP
[2020.05.13-19.53.37:785][385]LogAssetEditorSubsystem: Opening Asset editor for Blueprint /Game/Blueprint/GameBlueprints/PickUps/BP_EXPActor.BP_EXPActor
[2020.05.13-19.53.38:671][385]LogContentBrowser: Native class hierarchy updated for 'BlueprintGraph' in 0.0008 seconds. Added 121 classes and 0 folders.
[2020.05.13-19.53.47:912][836]LogWorld: UWorld::CleanupWorld for World_4, bSessionEnded=true, bCleanupResources=true
[2020.05.13-19.53.47:912][836]LogSlate: InvalidateAllWidgets triggered.  All widgets were invalidated
[2020.05.13-19.53.47:983][836]LogAssetEditorSubsystem: Opening Asset editor for Blueprint /Game/Blueprint/GameBlueprints/PickUps/BP_EXPActor.BP_EXPActor
[2020.05.13-19.53.48:417][836]LogSlate: Took 0.041165 seconds to synchronously load lazily loaded font '../../../Engine/Content/Slate/Fonts/Roboto-BoldCondensed.ttf' (158K)
[2020.05.13-19.55.13:084][245]LogSlate: Took 0.042393 seconds to synchronously load lazily loaded font '../../../Engine/Content/Slate/Fonts/Roboto-Italic.ttf' (157K)
[2020.05.13-19.56.32:045][907]LogSlate: Window 'BP_EXPActor' being destroyed
[2020.05.13-19.56.32:052][907]LogSlate: Window 'BP_EXPActor' being destroyed
[2020.05.13-19.56.32:052][907]LogCascade: Quitting Cascade. FXSystem=0x0000012BC59B2BC0
[2020.05.13-19.56.32:079][907]LogWorld: UWorld::CleanupWorld for World_2, bSessionEnded=true, bCleanupResources=true
[2020.05.13-19.56.32:080][907]LogSlate: InvalidateAllWidgets triggered.  All widgets were invalidated
[2020.05.13-19.56.32:161][907]LogWorld: UWorld::CleanupWorld for World_6, bSessionEnded=true, bCleanupResources=true
[2020.05.13-19.56.32:161][907]LogSlate: InvalidateAllWidgets triggered.  All widgets were invalidated
[2020.05.13-19.57.55:624][882]LogAssetEditorSubsystem: Opening Asset editor for Blueprint /Game/Blueprint/GameBlueprints/PickUps/BP_EXPActor.BP_EXPActor
[2020.05.13-19.58.03:688][314]LogRenderer: Reallocating scene render targets to support 1120x712 Format 10 NumSamples 1 (Frame:1).
[2020.05.13-20.01.55:301][912]LogAssetEditorSubsystem: Opening Asset editor for StaticMesh /Engine/BasicShapes/Sphere.Sphere
[2020.05.13-20.01.58:820][913]LogRenderer: Reallocating scene render targets to support 1432x920 Format 10 NumSamples 1 (Frame:1).
[2020.05.13-20.02.13:339][733]LogStaticMesh: Building static mesh Sphere...
[2020.05.13-20.02.13:868][733]LogStaticMesh: Built static mesh [0.52s] /Engine/BasicShapes/Sphere.Sphere
[2020.05.13-20.02.41:735][297]Cmd: OBJ SAVEPACKAGE PACKAGE="/Engine/BasicShapes/Sphere" FILE="../../../Engine/Content/BasicShapes/Sphere.uasset" SILENT=true
[2020.05.13-20.02.41:866][297]LogSavePackage: Moving '../../../../../adale/Desktop/2DSouls/SideScroller/Saved/Sphere942345B143B1AD7E862417AAD386841E.tmp' to '../../../Engine/Content/BasicShapes/Sphere.uasset'
[2020.05.13-20.02.41:913][297]AssetCheck: New page: Asset Save: Sphere
[2020.05.13-20.02.41:914][297]LogContentValidation: Display: Validating StaticMesh /Engine/BasicShapes/Sphere.Sphere
[2020.05.13-20.02.48:714][698]LogSlate: Window 'Sphere' being destroyed
[2020.05.13-20.02.48:720][698]LogSlate: Window 'Sphere' being destroyed
[2020.05.13-20.02.48:754][698]LogWorld: UWorld::CleanupWorld for World_7, bSessionEnded=true, bCleanupResources=true
[2020.05.13-20.02.48:754][698]LogSlate: InvalidateAllWidgets triggered.  All widgets were invalidated
[2020.05.13-20.02.48:855][698]LogWorld: UWorld::CleanupWorld for World_8, bSessionEnded=true, bCleanupResources=true
[2020.05.13-20.02.48:855][698]LogSlate: InvalidateAllWidgets triggered.  All widgets were invalidated
[2020.05.13-20.02.51:320][809]LogAssetEditorSubsystem: Opening Asset editor for StaticMesh /Engine/BasicShapes/Sphere.Sphere
[2020.05.13-20.03.11:732][986]Cmd: OBJ SAVEPACKAGE PACKAGE="/Engine/BasicShapes/Sphere" FILE="../../../Engine/Content/BasicShapes/Sphere.uasset" SILENT=true
[2020.05.13-20.03.11:797][986]LogSavePackage: Moving '../../../../../adale/Desktop/2DSouls/SideScroller/Saved/Sphere6232C053418CBC4CA8730E9F7CC112A8.tmp' to '../../../Engine/Content/BasicShapes/Sphere.uasset'
[2020.05.13-20.03.11:819][986]AssetCheck: New page: Asset Save: Sphere
[2020.05.13-20.03.11:820][986]LogContentValidation: Display: Validating StaticMesh /Engine/BasicShapes/Sphere.Sphere
[2020.05.13-20.03.14:310][133]LogSlate: Window 'Sphere' being destroyed
[2020.05.13-20.03.14:317][133]LogSlate: Window 'Sphere' being destroyed
[2020.05.13-20.03.14:318][133]LogWorld: UWorld::CleanupWorld for World_9, bSessionEnded=true, bCleanupResources=true
[2020.05.13-20.03.14:319][133]LogSlate: InvalidateAllWidgets triggered.  All widgets were invalidated
[2020.05.13-20.03.16:856][248]LogEditorViewport: Clicking on Actor (context menu): BP_Floor_C (BP_Floor)
[2020.05.13-20.03.18:351][248]LogEditorViewport: Clicking on Actor (context menu): BP_Floor_C (BP_Floor)
[2020.05.13-20.03.19:378][291]LogEditorViewport: Clicking on Actor (LMB): BP_Floor_C (BP_Floor)
[2020.05.13-20.08.11:894][751]LogAssetEditorSubsystem: Opening Asset editor for ParticleSystem /Game/Blueprint/GameBlueprints/ParticleSystem/PS_EXP.PS_EXP
[2020.05.13-20.09.50:017][203]LogUObjectHash: Compacting FUObjectHashTables data took   5.98ms
[2020.05.13-20.09.50:026][203]LogFileHelpers: Editor autosave (incl. sublevels) for '/Game/Levels/World' took 0.368
[2020.05.13-20.09.50:029][203]OBJ SavePackage: Generating thumbnails for [1] asset(s) in package [/Game/Blueprint/GameBlueprints/ParticleSystem/PS_EXP] ([1] browsable assets)...
[2020.05.13-20.09.50:034][203]OBJ SavePackage:     Rendered thumbnail for [ParticleSystem /Game/Blueprint/GameBlueprints/ParticleSystem/PS_EXP.PS_EXP]
[2020.05.13-20.09.50:034][203]OBJ SavePackage: Finished generating thumbnails for package [/Game/Blueprint/GameBlueprints/ParticleSystem/PS_EXP]
[2020.05.13-20.09.50:082][203]LogSavePackage: Moving '../../../../../adale/Desktop/2DSouls/SideScroller/Saved/PS_EXP_Auto2AC605D44437537081CE9539798ED7EBF.tmp' to '../../../../../adale/Desktop/2DSouls/SideScroller/Saved/Autosaves/Game/Blueprint/GameBlueprints/ParticleSystem/PS_EXP_Auto2.uasset'
[2020.05.13-20.09.50:084][203]LogFileHelpers: Auto-saving content packages took 0.055
[2020.05.13-20.11.42:242][400]LogSavePackage: Moving '../../../../../adale/Desktop/2DSouls/SideScroller/Saved/PS_EXP81A7D815476128EF46E69FB2B4BB136E.tmp' to '../../../../../adale/Desktop/2DSouls/SideScroller/Content/Blueprint/GameBlueprints/ParticleSystem/PS_EXP.uasset'
[2020.05.13-20.11.42:264][400]AssetCheck: New page: Asset Save: PS_EXP
[2020.05.13-20.11.42:264][400]LogContentValidation: Display: Validating ParticleSystem /Game/Blueprint/GameBlueprints/ParticleSystem/PS_EXP.PS_EXP
[2020.05.13-20.13.25:201][987]LogSavePackage: Moving '../../../../../adale/Desktop/2DSouls/SideScroller/Saved/PS_EXP2CB5943047C54A29369792AE39B9BC8A.tmp' to '../../../../../adale/Desktop/2DSouls/SideScroller/Content/Blueprint/GameBlueprints/ParticleSystem/PS_EXP.uasset'
[2020.05.13-20.13.25:224][987]AssetCheck: New page: Asset Save: PS_EXP
[2020.05.13-20.13.25:224][987]LogContentValidation: Display: Validating ParticleSystem /Game/Blueprint/GameBlueprints/ParticleSystem/PS_EXP.PS_EXP
[2020.05.13-20.13.26:338][ 45]LogSlate: Window 'PS_EXP' being destroyed
[2020.05.13-20.13.26:347][ 45]LogSlate: Window 'PS_EXP' being destroyed
[2020.05.13-20.13.26:347][ 45]LogCascade: Quitting Cascade. FXSystem=0x0000012C230628C0
[2020.05.13-20.13.26:350][ 45]LogWorld: UWorld::CleanupWorld for World_10, bSessionEnded=true, bCleanupResources=true
[2020.05.13-20.13.26:350][ 45]LogSlate: InvalidateAllWidgets triggered.  All widgets were invalidated
[2020.05.13-20.13.27:184][ 92]LogTemp: Repeating last play command: Selected Viewport
[2020.05.13-20.13.27:249][ 92]LogPlayLevel: PlayLevel: No blueprints needed recompiling
[2020.05.13-20.13.27:272][ 92]PIE: New page: PIE session: World (May 13, 2020, 12:13:27 p.m.)
[2020.05.13-20.13.27:272][ 92]LogPlayLevel: Creating play world package: /Game/Levels/UEDPIE_0_World
[2020.05.13-20.13.27:403][ 92]LogPlayLevel: PIE: StaticDuplicateObject took: (0.130786s)
[2020.05.13-20.13.27:405][ 92]LogAIModule: Creating AISystem for world World
[2020.05.13-20.13.27:405][ 92]LogPlayLevel: PIE: World Init took: (0.001864s)
[2020.05.13-20.13.27:405][ 92]LogPlayLevel: PIE: Created PIE world by copying editor world from /Game/Levels/World.World to /Game/Levels/UEDPIE_0_World.World (0.133245s)
[2020.05.13-20.13.27:704][ 92]LogUObjectHash: Compacting FUObjectHashTables data took   4.64ms
[2020.05.13-20.13.27:775][ 92]LogAudioMixer: Display: Audio Mixer Platform Settings:
[2020.05.13-20.13.27:775][ 92]LogAudioMixer: Display: 	Sample Rate:						  48000
[2020.05.13-20.13.27:775][ 92]LogAudioMixer: Display: 	Callback Buffer Frame Size Requested: 1024
[2020.05.13-20.13.27:776][ 92]LogAudioMixer: Display: 	Callback Buffer Frame Size To Use:	  1024
[2020.05.13-20.13.27:776][ 92]LogAudioMixer: Display: 	Number of buffers to queue:			  2
[2020.05.13-20.13.27:776][ 92]LogAudioMixer: Display: 	Max Channels (voices):				  32
[2020.05.13-20.13.27:776][ 92]LogAudioMixer: Display: 	Number of Async Source Workers:		  0
[2020.05.13-20.13.27:776][ 92]LogAudio: Display: AudioDevice MaxSources: 32
[2020.05.13-20.13.27:777][ 92]LogAudio: Display: Using built-in audio occlusion.
[2020.05.13-20.13.27:777][ 92]LogAudioMixer: Display: Initializing audio mixer.
[2020.05.13-20.13.27:804][ 92]LogAudioMixer: Display: Audio Device Output Speaker Info:
[2020.05.13-20.13.27:804][ 92]LogAudioMixer: Display: Name: Speakers / Headphones (Realtek Audio)
[2020.05.13-20.13.27:804][ 92]LogAudioMixer: Display: Is Default: Yes
[2020.05.13-20.13.27:804][ 92]LogAudioMixer: Display: Sample Rate: 48000
[2020.05.13-20.13.27:804][ 92]LogAudioMixer: Display: Channel Count Used: 2
[2020.05.13-20.13.27:804][ 92]LogAudioMixer: Display: Device Channel Count: 2
[2020.05.13-20.13.27:804][ 92]LogAudioMixer: Display: Channel Order:
[2020.05.13-20.13.27:805][ 92]LogAudioMixer: Display: 0: FrontLeft
[2020.05.13-20.13.27:805][ 92]LogAudioMixer: Display: 1: FrontRight
[2020.05.13-20.13.27:921][ 92]LogAudioMixer: Display: Using Audio Device Speakers / Headphones (Realtek Audio)
[2020.05.13-20.13.27:949][ 92]LogInit: FAudioDevice initialized.
[2020.05.13-20.13.28:003][ 92]LogLoad: Game class is 'BP_SideScrollerGameModeBase_C'
[2020.05.13-20.13.28:067][ 92]LogWorld: Bringing World /Game/Levels/UEDPIE_0_World.World up for play (max tick rate 60) at 2020.05.13-16.13.28
[2020.05.13-20.13.28:124][ 92]LogWorld: Bringing up level for play took: 0.112524
[2020.05.13-20.13.28:214][ 92]LogOnline: OSS: Creating online subsystem instance for: :Context_13
[2020.05.13-20.13.28:669][ 92]PIE: Play in editor start time for /Game/Levels/UEDPIE_0_World 2.036
[2020.05.13-20.13.45:144][994]LogAudioMixer: Display: No commands were queued while flushing the source manager.
[2020.05.13-20.13.45:144][994]LogAudioMixer: Display: No commands were queued while flushing the source manager.
[2020.05.13-20.13.45:145][994]LogSlate: Updating window title bar state: overlay mode, drag disabled, window buttons hidden, title bar hidden
[2020.05.13-20.13.45:145][994]LogWorld: BeginTearingDown for /Game/Levels/UEDPIE_0_World
[2020.05.13-20.13.45:183][994]LogAudioMixer: Display: No commands were queued while flushing the source manager.
[2020.05.13-20.13.45:184][994]LogWorld: UWorld::CleanupWorld for World, bSessionEnded=true, bCleanupResources=true
[2020.05.13-20.13.45:195][994]LogSlate: InvalidateAllWidgets triggered.  All widgets were invalidated
[2020.05.13-20.13.45:212][994]LogPlayLevel: Display: Shutting down PIE online subsystems
[2020.05.13-20.13.45:275][994]LogSlate: InvalidateAllWidgets triggered.  All widgets were invalidated
[2020.05.13-20.13.45:341][994]LogAudioMixer: Display: No commands were queued while flushing the source manager.
[2020.05.13-20.13.45:349][994]LogSlate: Updating window title bar state: overlay mode, drag disabled, window buttons hidden, title bar hidden
[2020.05.13-20.13.45:385][994]LogUObjectHash: Compacting FUObjectHashTables data took   3.19ms
[2020.05.13-20.13.45:407][995]LogPlayLevel: Display: Destroying online subsystem :Context_13
[2020.05.13-20.14.02:668][440]LogUObjectHash: Compacting FUObjectHashTables data took   1.77ms
