Log file open, 05/12/20 13:16:22
LogWindows: Failed to load 'aqProf.dll' (GetLastError=126)
LogWindows: File 'aqProf.dll' does not exist
LogWindows: Failed to load 'VtuneApi.dll' (GetLastError=126)
LogWindows: File 'VtuneApi.dll' does not exist
LogWindows: Failed to load 'VtuneApi32e.dll' (GetLastError=126)
LogWindows: File 'VtuneApi32e.dll' does not exist
LogConsoleResponse: Display: Failed to find resolution value strings in scalability ini. Falling back to default.
LogInit: Display: Running engine for game: SideScroller
LogPlatformFile: Not using cached read wrapper
LogTaskGraph: Started task graph with 5 named threads and 23 total threads with 3 sets of task threads.
LogStats: Stats thread started at 0.177970
LogD3D11RHI: Loaded GFSDK_Aftermath_Lib.x64.dll
LogICUInternationalization: ICU TimeZone Detection - Raw Offset: -5:00, Platform Override: ''
LogPluginManager: Mounting plugin Paper2D
LogPluginManager: Mounting plugin AISupport
LogPluginManager: Mounting plugin LightPropagationVolume
LogPluginManager: Mounting plugin ActorLayerUtilities
LogPluginManager: Mounting plugin AnimationSharing
LogPluginManager: Mounting plugin CLionSourceCodeAccess
LogPluginManager: Mounting plugin CodeLiteSourceCodeAccess
LogPluginManager: Mounting plugin GitSourceControl
LogPluginManager: Mounting plugin KDevelopSourceCodeAccess
LogPluginManager: Mounting plugin NullSourceCodeAccess
LogPluginManager: Mounting plugin PerforceSourceControl
LogPluginManager: Mounting plugin PlasticSourceControl
LogPluginManager: Mounting plugin SubversionSourceControl
LogPluginManager: Mounting plugin UObjectPlugin
LogPluginManager: Mounting plugin VisualStudioCodeSourceCodeAccess
LogPluginManager: Mounting plugin VisualStudioSourceCodeAccess
LogPluginManager: Mounting plugin XCodeSourceCodeAccess
LogPluginManager: Mounting plugin AssetManagerEditor
LogPluginManager: Mounting plugin CryptoKeys
LogPluginManager: Mounting plugin CurveEditorTools
LogPluginManager: Mounting plugin DataValidation
LogPluginManager: Mounting plugin FacialAnimation
LogPluginManager: Mounting plugin GameplayTagsEditor
LogPluginManager: Mounting plugin MacGraphicsSwitching
LogPluginManager: Mounting plugin MaterialAnalyzer
LogPluginManager: Mounting plugin MobileLauncherProfileWizard
LogPluginManager: Mounting plugin PluginBrowser
LogPluginManager: Mounting plugin SpeedTreeImporter
LogPluginManager: Mounting plugin DatasmithContent
LogPluginManager: Mounting plugin VariantManagerContent
LogPluginManager: Mounting plugin AlembicImporter
LogPluginManager: Mounting plugin AutomationUtils
LogPluginManager: Mounting plugin BackChannel
LogPluginManager: Mounting plugin CharacterAI
LogPluginManager: Mounting plugin GeometryCache
LogPluginManager: Mounting plugin PlatformCrypto
LogPluginManager: Mounting plugin ProxyLODPlugin
LogPluginManager: Mounting plugin SkeletalReduction
LogPluginManager: Mounting plugin MagicLeap
LogPluginManager: Mounting plugin MagicLeapMedia
LogPluginManager: Mounting plugin MLSDK
LogPluginManager: Mounting plugin AndroidMedia
LogPluginManager: Mounting plugin AvfMedia
LogPluginManager: Mounting plugin ImgMedia
LogPluginManager: Mounting plugin MediaCompositing
LogPluginManager: Mounting plugin MediaPlayerEditor
LogPluginManager: Mounting plugin WebMMedia
LogPluginManager: Mounting plugin WmfMedia
LogPluginManager: Mounting plugin TcpMessaging
LogPluginManager: Mounting plugin UdpMessaging
LogPluginManager: Mounting plugin ActorSequence
LogPluginManager: Mounting plugin LevelSequenceEditor
LogPluginManager: Mounting plugin MatineeToLevelSequence
LogPluginManager: Mounting plugin NetcodeUnitTest
LogPluginManager: Mounting plugin NUTUnrealEngine4
LogPluginManager: Mounting plugin OnlineSubsystemGooglePlay
LogPluginManager: Mounting plugin OnlineSubsystemIOS
LogPluginManager: Mounting plugin OnlineSubsystem
LogPluginManager: Mounting plugin OnlineSubsystemNull
LogPluginManager: Mounting plugin OnlineSubsystemUtils
LogPluginManager: Mounting plugin LauncherChunkInstaller
LogPluginManager: Mounting plugin AndroidDeviceProfileSelector
LogPluginManager: Mounting plugin AndroidMoviePlayer
LogPluginManager: Mounting plugin AndroidPermission
LogPluginManager: Mounting plugin AppleImageUtils
LogPluginManager: Mounting plugin AppleMoviePlayer
LogPluginManager: Mounting plugin ArchVisCharacter
LogPluginManager: Mounting plugin AssetTags
LogPluginManager: Mounting plugin AudioCapture
LogPluginManager: Mounting plugin CableComponent
LogPluginManager: Mounting plugin CustomMeshComponent
LogPluginManager: Mounting plugin EditableMesh
LogPluginManager: Mounting plugin ExampleDeviceProfileSelector
LogPluginManager: Mounting plugin GoogleCloudMessaging
LogPluginManager: Mounting plugin IOSDeviceProfileSelector
LogPluginManager: Mounting plugin LinuxDeviceProfileSelector
LogPluginManager: Mounting plugin LocationServicesBPLibrary
LogPluginManager: Mounting plugin MobilePatchingUtils
LogPluginManager: Mounting plugin OculusVR
LogPluginManager: Mounting plugin PhysXVehicles
LogPluginManager: Mounting plugin PostSplashScreen
LogPluginManager: Mounting plugin ProceduralMeshComponent
LogPluginManager: Mounting plugin RuntimePhysXCooking
LogPluginManager: Mounting plugin SignificanceManager
LogPluginManager: Mounting plugin SteamVR
LogPluginManager: Mounting plugin WebMMoviePlayer
LogPluginManager: Mounting plugin WindowsMoviePlayer
LogPluginManager: Mounting plugin ScreenshotTools
LogInit: Using libcurl 7.55.1-DEV
LogInit:  - built for x86_64-pc-win32
LogInit:  - supports SSL with OpenSSL/1.1.1
LogInit:  - supports HTTP deflate (compression) using libz 1.2.8
LogInit:  - other features:
LogInit:      CURL_VERSION_SSL
LogInit:      CURL_VERSION_LIBZ
LogInit:      CURL_VERSION_IPV6
LogInit:      CURL_VERSION_ASYNCHDNS
LogInit:      CURL_VERSION_LARGEFILE
LogInit:      CURL_VERSION_IDN
LogInit:  CurlRequestOptions (configurable via config and command line):
LogInit:  - bVerifyPeer = true  - Libcurl will verify peer certificate
LogInit:  - bUseHttpProxy = false  - Libcurl will NOT use HTTP proxy
LogInit:  - bDontReuseConnections = false  - Libcurl will reuse connections
LogInit:  - MaxHostConnections = 16  - Libcurl will limit the number of connections to a host
LogInit:  - LocalHostAddr = Default
LogInit:  - BufferSize = 65536
LogOnline: OSS: Creating online subsystem instance for: NULL
LogInit: WinSock: version 1.1 (2.2), MaxSocks=32767, MaxUdp=65467
LogOnline: OSS: TryLoadSubsystemAndSetDefault: Loaded subsystem for module [NULL]
LogInit: Build: ++UE4+Release-4.24-CL-11590370
LogInit: Engine Version: 4.24.3-11590370+++UE4+Release-4.24
LogInit: Compatible Engine Version: 4.24.0-10570792+++UE4+Release-4.24
LogInit: Net CL: 10570792
LogInit: OS: Windows 10 (Release 1903) (), CPU: Intel(R) Core(TM) i7-7700HQ CPU @ 2.80GHz, GPU: Intel(R) HD Graphics 630
LogInit: Compiled (64-bit): Feb 24 2020 15:39:18
LogInit: Compiled with Visual C++: 19.16.27032.01
LogInit: Build Configuration: Development
LogInit: Branch Name: ++UE4+Release-4.24
LogInit: Command Line:  -skipcompile
LogInit: Base Directory: D:/Program Files (x86)/UE_4.24/Engine/Binaries/Win64/
LogInit: Installed Engine Build: 1
LogDevObjectVersion: Number of dev versions registered: 25
LogDevObjectVersion:   Dev-Blueprints (B0D832E4-1F89-4F0D-ACCF-7EB736FD4AA2): 10
LogDevObjectVersion:   Dev-Build (E1C64328-A22C-4D53-A36C-8E866417BD8C): 0
LogDevObjectVersion:   Dev-Core (375EC13C-06E4-48FB-B500-84F0262A717E): 3
LogDevObjectVersion:   Dev-Editor (E4B068ED-F494-42E9-A231-DA0B2E46BB41): 37
LogDevObjectVersion:   Dev-Framework (CFFC743F-43B0-4480-9391-14DF171D2073): 36
LogDevObjectVersion:   Dev-Mobile (B02B49B5-BB20-44E9-A304-32B752E40360): 2
LogDevObjectVersion:   Dev-Networking (A4E4105C-59A1-49B5-A7C5-40C4547EDFEE): 0
LogDevObjectVersion:   Dev-Online (39C831C9-5AE6-47DC-9A44-9C173E1C8E7C): 0
LogDevObjectVersion:   Dev-Physics (78F01B33-EBEA-4F98-B9B4-84EACCB95AA2): 2
LogDevObjectVersion:   Dev-Platform (6631380F-2D4D-43E0-8009-CF276956A95A): 0
LogDevObjectVersion:   Dev-Rendering (12F88B9F-8875-4AFC-A67C-D90C383ABD29): 36
LogDevObjectVersion:   Dev-Sequencer (7B5AE74C-D270-4C10-A958-57980B212A5A): 11
LogDevObjectVersion:   Dev-VR (D7296918-1DD6-4BDD-9DE2-64A83CC13884): 2
LogDevObjectVersion:   Dev-LoadTimes (C2A15278-BFE7-4AFE-6C17-90FF531DF755): 1
LogDevObjectVersion:   Private-Geometry (6EACA3D4-40EC-4CC1-B786-8BED09428FC5): 3
LogDevObjectVersion:   Dev-AnimPhys (29E575DD-E0A3-4627-9D10-D276232CDCEA): 17
LogDevObjectVersion:   Dev-Anim (AF43A65D-7FD3-4947-9873-3E8ED9C1BB05): 2
LogDevObjectVersion:   Dev-ReflectionCapture (6B266CEC-1EC7-4B8F-A30B-E4D90942FC07): 1
LogDevObjectVersion:   Dev-Automation (0DF73D61-A23F-47EA-B727-89E90C41499A): 1
LogDevObjectVersion:   FortniteMain (601D1886-AC64-4F84-AA16-D3DE0DEAC7D6): 31
LogDevObjectVersion:   Dev-Enterprise (9DFFBCD6-494F-0158-E221-12823C92A888): 8
LogDevObjectVersion:   Dev-Niagara (F2AED0AC-9AFE-416F-8664-AA7FFA26D6FC): 1
LogDevObjectVersion:   Dev-Destruction (174F1F0B-B4C6-45A5-B13F-2EE8D0FB917D): 9
LogDevObjectVersion:   Dev-Physics-Ext (35F94A83-E258-406C-A318-09F59610247C): 8
LogDevObjectVersion:   Dev-CineCamera (B2E18506-4273-CFC2-A54E-F4BB758BBA07): 1
LogInit: Presizing for max 25165824 objects, including 0 objects not considered by GC, pre-allocating 0 bytes for permanent pool.
LogInit: Object subsystem initialized
LogConfig: Setting CVar [[con.DebugEarlyDefault:1]]
LogConfig: Setting CVar [[r.setres:1280x720]]
[2020.05.12-17.16.23:557][  0]LogConfig: Setting CVar [[r.VSync:0]]
[2020.05.12-17.16.23:558][  0]LogConfig: Setting CVar [[r.RHICmdBypass:0]]
[2020.05.12-17.16.23:558][  0]LogConfig: Applying CVar settings from Section [/Script/Engine.RendererSettings] File [D:/adale/Desktop/2DSouls/SideScroller/Saved/Config/Windows/Engine.ini]
[2020.05.12-17.16.23:559][  0]LogConfig: Setting CVar [[r.GPUCrashDebugging:0]]
[2020.05.12-17.16.23:560][  0]LogConfig: Applying CVar settings from Section [/Script/Engine.RendererOverrideSettings] File [D:/adale/Desktop/2DSouls/SideScroller/Saved/Config/Windows/Engine.ini]
[2020.05.12-17.16.23:561][  0]LogConfig: Applying CVar settings from Section [/Script/Engine.StreamingSettings] File [D:/adale/Desktop/2DSouls/SideScroller/Saved/Config/Windows/Engine.ini]
[2020.05.12-17.16.23:561][  0]LogConfig: Setting CVar [[s.MinBulkDataSizeForAsyncLoading:131072]]
[2020.05.12-17.16.23:562][  0]LogConfig: Setting CVar [[s.AsyncLoadingThreadEnabled:0]]
[2020.05.12-17.16.23:562][  0]LogConfig: Setting CVar [[s.EventDrivenLoaderEnabled:1]]
[2020.05.12-17.16.23:563][  0]LogConfig: Setting CVar [[s.WarnIfTimeLimitExceeded:0]]
[2020.05.12-17.16.23:563][  0]LogConfig: Setting CVar [[s.TimeLimitExceededMultiplier:1.5]]
[2020.05.12-17.16.23:563][  0]LogConfig: Setting CVar [[s.TimeLimitExceededMinTime:0.005]]
[2020.05.12-17.16.23:563][  0]LogConfig: Setting CVar [[s.UseBackgroundLevelStreaming:1]]
[2020.05.12-17.16.23:563][  0]LogConfig: Setting CVar [[s.PriorityAsyncLoadingExtraTime:15.0]]
[2020.05.12-17.16.23:563][  0]LogConfig: Setting CVar [[s.LevelStreamingActorsUpdateTimeLimit:5.0]]
[2020.05.12-17.16.23:563][  0]LogConfig: Setting CVar [[s.PriorityLevelStreamingActorsUpdateExtraTime:5.0]]
[2020.05.12-17.16.23:563][  0]LogConfig: Setting CVar [[s.LevelStreamingComponentsRegistrationGranularity:10]]
[2020.05.12-17.16.23:563][  0]LogConfig: Setting CVar [[s.UnregisterComponentsTimeLimit:1.0]]
[2020.05.12-17.16.23:563][  0]LogConfig: Setting CVar [[s.LevelStreamingComponentsUnregistrationGranularity:5]]
[2020.05.12-17.16.23:563][  0]LogConfig: Setting CVar [[s.FlushStreamingOnExit:1]]
[2020.05.12-17.16.23:563][  0]LogConfig: Applying CVar settings from Section [/Script/Engine.GarbageCollectionSettings] File [D:/adale/Desktop/2DSouls/SideScroller/Saved/Config/Windows/Engine.ini]
[2020.05.12-17.16.23:563][  0]LogConfig: Setting CVar [[gc.MaxObjectsNotConsideredByGC:1]]
[2020.05.12-17.16.23:563][  0]LogConfig: Setting CVar [[gc.SizeOfPermanentObjectPool:0]]
[2020.05.12-17.16.23:563][  0]LogConfig: Setting CVar [[gc.FlushStreamingOnGC:0]]
[2020.05.12-17.16.23:564][  0]LogConfig: Setting CVar [[gc.NumRetriesBeforeForcingGC:10]]
[2020.05.12-17.16.23:564][  0]LogConfig: Setting CVar [[gc.AllowParallelGC:1]]
[2020.05.12-17.16.23:564][  0]LogConfig: Setting CVar [[gc.TimeBetweenPurgingPendingKillObjects:61.1]]
[2020.05.12-17.16.23:564][  0]LogConfig: Setting CVar [[gc.MaxObjectsInEditor:25165824]]
[2020.05.12-17.16.23:564][  0]LogConfig: Setting CVar [[gc.IncrementalBeginDestroyEnabled:1]]
[2020.05.12-17.16.23:564][  0]LogConfig: Setting CVar [[gc.CreateGCClusters:1]]
[2020.05.12-17.16.23:564][  0]LogConfig: Setting CVar [[gc.MinGCClusterSize:5]]
[2020.05.12-17.16.23:564][  0]LogConfig: Setting CVar [[gc.ActorClusteringEnabled:0]]
[2020.05.12-17.16.23:564][  0]LogConfig: Setting CVar [[gc.BlueprintClusteringEnabled:0]]
[2020.05.12-17.16.23:564][  0]LogConfig: Setting CVar [[gc.UseDisregardForGCOnDedicatedServers:0]]
[2020.05.12-17.16.23:564][  0]LogConfig: Applying CVar settings from Section [/Script/Engine.NetworkSettings] File [D:/adale/Desktop/2DSouls/SideScroller/Saved/Config/Windows/Engine.ini]
[2020.05.12-17.16.23:564][  0]LogConfig: Applying CVar settings from Section [/Script/UnrealEd.CookerSettings] File [D:/adale/Desktop/2DSouls/SideScroller/Saved/Config/Windows/Engine.ini]
[2020.05.12-17.16.23:576][  0]LogConfig: Applying CVar settings from Section [ViewDistanceQuality@3] File [D:/adale/Desktop/2DSouls/SideScroller/Saved/Config/Windows/Scalability.ini]
[2020.05.12-17.16.23:577][  0]LogConfig: Setting CVar [[r.SkeletalMeshLODBias:0]]
[2020.05.12-17.16.23:577][  0]LogConfig: Setting CVar [[r.ViewDistanceScale:1.0]]
[2020.05.12-17.16.23:577][  0]LogConfig: Applying CVar settings from Section [AntiAliasingQuality@3] File [D:/adale/Desktop/2DSouls/SideScroller/Saved/Config/Windows/Scalability.ini]
[2020.05.12-17.16.23:578][  0]LogConfig: Setting CVar [[r.PostProcessAAQuality:4]]
[2020.05.12-17.16.23:580][  0]LogConfig: Applying CVar settings from Section [ShadowQuality@3] File [D:/adale/Desktop/2DSouls/SideScroller/Saved/Config/Windows/Scalability.ini]
[2020.05.12-17.16.23:581][  0]LogConfig: Setting CVar [[r.LightFunctionQuality:1]]
[2020.05.12-17.16.23:581][  0]LogConfig: Setting CVar [[r.ShadowQuality:5]]
[2020.05.12-17.16.23:581][  0]LogConfig: Setting CVar [[r.Shadow.CSM.MaxCascades:10]]
[2020.05.12-17.16.23:581][  0]LogConfig: Setting CVar [[r.Shadow.MaxResolution:2048]]
[2020.05.12-17.16.23:582][  0]LogConfig: Setting CVar [[r.Shadow.MaxCSMResolution:2048]]
[2020.05.12-17.16.23:582][  0]LogConfig: Setting CVar [[r.Shadow.RadiusThreshold:0.01]]
[2020.05.12-17.16.23:582][  0]LogConfig: Setting CVar [[r.Shadow.DistanceScale:1.0]]
[2020.05.12-17.16.23:582][  0]LogConfig: Setting CVar [[r.Shadow.CSM.TransitionScale:1.0]]
[2020.05.12-17.16.23:582][  0]LogConfig: Setting CVar [[r.Shadow.PreShadowResolutionFactor:1.0]]
[2020.05.12-17.16.23:582][  0]LogConfig: Setting CVar [[r.DistanceFieldShadowing:1]]
[2020.05.12-17.16.23:582][  0]LogConfig: Setting CVar [[r.DistanceFieldAO:1]]
[2020.05.12-17.16.23:582][  0]LogConfig: Setting CVar [[r.AOQuality:2]]
[2020.05.12-17.16.23:582][  0]LogConfig: Setting CVar [[r.VolumetricFog:1]]
[2020.05.12-17.16.23:582][  0]LogConfig: Setting CVar [[r.VolumetricFog.GridPixelSize:8]]
[2020.05.12-17.16.23:582][  0]LogConfig: Setting CVar [[r.VolumetricFog.GridSizeZ:128]]
[2020.05.12-17.16.23:582][  0]LogConfig: Setting CVar [[r.VolumetricFog.HistoryMissSupersampleCount:4]]
[2020.05.12-17.16.23:583][  0]LogConfig: Setting CVar [[r.LightMaxDrawDistanceScale:1]]
[2020.05.12-17.16.23:583][  0]LogConfig: Setting CVar [[r.CapsuleShadows:1]]
[2020.05.12-17.16.23:583][  0]LogConfig: Applying CVar settings from Section [PostProcessQuality@3] File [D:/adale/Desktop/2DSouls/SideScroller/Saved/Config/Windows/Scalability.ini]
[2020.05.12-17.16.23:583][  0]LogConfig: Setting CVar [[r.MotionBlurQuality:4]]
[2020.05.12-17.16.23:583][  0]LogConfig: Setting CVar [[r.AmbientOcclusionMipLevelFactor:0.4]]
[2020.05.12-17.16.23:583][  0]LogConfig: Setting CVar [[r.AmbientOcclusionMaxQuality:100]]
[2020.05.12-17.16.23:583][  0]LogConfig: Setting CVar [[r.AmbientOcclusionLevels:-1]]
[2020.05.12-17.16.23:583][  0]LogConfig: Setting CVar [[r.AmbientOcclusionRadiusScale:1.0]]
[2020.05.12-17.16.23:583][  0]LogConfig: Setting CVar [[r.DepthOfFieldQuality:2]]
[2020.05.12-17.16.23:583][  0]LogConfig: Setting CVar [[r.RenderTargetPoolMin:400]]
[2020.05.12-17.16.23:583][  0]LogConfig: Setting CVar [[r.LensFlareQuality:2]]
[2020.05.12-17.16.23:583][  0]LogConfig: Setting CVar [[r.SceneColorFringeQuality:1]]
[2020.05.12-17.16.23:583][  0]LogConfig: Setting CVar [[r.EyeAdaptationQuality:2]]
[2020.05.12-17.16.23:583][  0]LogConfig: Setting CVar [[r.BloomQuality:5]]
[2020.05.12-17.16.23:584][  0]LogConfig: Setting CVar [[r.FastBlurThreshold:100]]
[2020.05.12-17.16.23:584][  0]LogConfig: Setting CVar [[r.Upscale.Quality:3]]
[2020.05.12-17.16.23:584][  0]LogConfig: Setting CVar [[r.Tonemapper.GrainQuantization:1]]
[2020.05.12-17.16.23:584][  0]LogConfig: Setting CVar [[r.LightShaftQuality:1]]
[2020.05.12-17.16.23:584][  0]LogConfig: Setting CVar [[r.Filter.SizeScale:1]]
[2020.05.12-17.16.23:584][  0]LogConfig: Setting CVar [[r.Tonemapper.Quality:5]]
[2020.05.12-17.16.23:584][  0]LogConfig: Setting CVar [[r.DOF.Gather.AccumulatorQuality:1        ; higher gathering accumulator quality]]
[2020.05.12-17.16.23:584][  0]LogConfig: Setting CVar [[r.DOF.Gather.PostfilterMethod:1          ; Median3x3 postfilering method]]
[2020.05.12-17.16.23:584][  0]LogConfig: Setting CVar [[r.DOF.Gather.EnableBokehSettings:0       ; no bokeh simulation when gathering]]
[2020.05.12-17.16.23:584][  0]LogConfig: Setting CVar [[r.DOF.Gather.RingCount:4                 ; medium number of samples when gathering]]
[2020.05.12-17.16.23:584][  0]LogConfig: Setting CVar [[r.DOF.Scatter.ForegroundCompositing:1    ; additive foreground scattering]]
[2020.05.12-17.16.23:584][  0]LogConfig: Setting CVar [[r.DOF.Scatter.BackgroundCompositing:2    ; additive background scattering]]
[2020.05.12-17.16.23:584][  0]LogConfig: Setting CVar [[r.DOF.Scatter.EnableBokehSettings:1      ; bokeh simulation when scattering]]
[2020.05.12-17.16.23:585][  0]LogConfig: Setting CVar [[r.DOF.Scatter.MaxSpriteRatio:0.1         ; only a maximum of 10% of scattered bokeh]]
[2020.05.12-17.16.23:585][  0]LogConfig: Setting CVar [[r.DOF.Recombine.Quality:1                ; cheap slight out of focus]]
[2020.05.12-17.16.23:585][  0]LogConfig: Setting CVar [[r.DOF.Recombine.EnableBokehSettings:0    ; no bokeh simulation on slight out of focus]]
[2020.05.12-17.16.23:585][  0]LogConfig: Setting CVar [[r.DOF.TemporalAAQuality:1                ; more stable temporal accumulation]]
[2020.05.12-17.16.23:585][  0]LogConfig: Setting CVar [[r.DOF.Kernel.MaxForegroundRadius:0.025]]
[2020.05.12-17.16.23:585][  0]LogConfig: Setting CVar [[r.DOF.Kernel.MaxBackgroundRadius:0.025]]
[2020.05.12-17.16.23:585][  0]LogConfig: Applying CVar settings from Section [TextureQuality@3] File [D:/adale/Desktop/2DSouls/SideScroller/Saved/Config/Windows/Scalability.ini]
[2020.05.12-17.16.23:585][  0]LogConfig: Setting CVar [[r.Streaming.MipBias:0]]
[2020.05.12-17.16.23:585][  0]LogConfig: Setting CVar [[r.Streaming.AmortizeCPUToGPUCopy:0]]
[2020.05.12-17.16.23:585][  0]LogConfig: Setting CVar [[r.Streaming.MaxNumTexturesToStreamPerFrame:0]]
[2020.05.12-17.16.23:585][  0]LogConfig: Setting CVar [[r.Streaming.Boost:1]]
[2020.05.12-17.16.23:585][  0]LogConfig: Setting CVar [[r.MaxAnisotropy:8]]
[2020.05.12-17.16.23:585][  0]LogConfig: Setting CVar [[r.VT.MaxAnisotropy:8]]
[2020.05.12-17.16.23:586][  0]LogConfig: Setting CVar [[r.Streaming.LimitPoolSizeToVRAM:0]]
[2020.05.12-17.16.23:586][  0]LogConfig: Setting CVar [[r.Streaming.PoolSize:1000]]
[2020.05.12-17.16.23:586][  0]LogConfig: Setting CVar [[r.Streaming.MaxEffectiveScreenSize:0]]
[2020.05.12-17.16.23:586][  0]LogConfig: Applying CVar settings from Section [EffectsQuality@3] File [D:/adale/Desktop/2DSouls/SideScroller/Saved/Config/Windows/Scalability.ini]
[2020.05.12-17.16.23:586][  0]LogConfig: Setting CVar [[r.TranslucencyLightingVolumeDim:64]]
[2020.05.12-17.16.23:586][  0]LogConfig: Setting CVar [[r.RefractionQuality:2]]
[2020.05.12-17.16.23:586][  0]LogConfig: Setting CVar [[r.SSR.Quality:3]]
[2020.05.12-17.16.23:586][  0]LogConfig: Setting CVar [[r.SSR.HalfResSceneColor:0]]
[2020.05.12-17.16.23:586][  0]LogConfig: Setting CVar [[r.SceneColorFormat:4]]
[2020.05.12-17.16.23:586][  0]LogConfig: Setting CVar [[r.DetailMode:2]]
[2020.05.12-17.16.23:586][  0]LogConfig: Setting CVar [[r.TranslucencyVolumeBlur:1]]
[2020.05.12-17.16.23:586][  0]LogConfig: Setting CVar [[r.MaterialQualityLevel:1 ; High quality]]
[2020.05.12-17.16.23:586][  0]LogConfig: Setting CVar [[r.SSS.Scale:1]]
[2020.05.12-17.16.23:587][  0]LogConfig: Setting CVar [[r.SSS.SampleSet:2]]
[2020.05.12-17.16.23:587][  0]LogConfig: Setting CVar [[r.SSS.Quality:1]]
[2020.05.12-17.16.23:587][  0]LogConfig: Setting CVar [[r.SSS.HalfRes:1]]
[2020.05.12-17.16.23:587][  0]LogConfig: Setting CVar [[r.SSGI.Quality:3]]
[2020.05.12-17.16.23:587][  0]LogConfig: Setting CVar [[r.EmitterSpawnRateScale:1.0]]
[2020.05.12-17.16.23:587][  0]LogConfig: Setting CVar [[r.ParticleLightQuality:2]]
[2020.05.12-17.16.23:587][  0]LogConfig: Setting CVar [[r.SkyAtmosphere.AerialPerspectiveLUT.FastApplyOnOpaque:1 ; Always have FastSkyLUT 1 in this case to avoid wrong sky]]
[2020.05.12-17.16.23:587][  0]LogConfig: Setting CVar [[r.SkyAtmosphere.AerialPerspectiveLUT.SampleCountPerSlice:1]]
[2020.05.12-17.16.23:587][  0]LogConfig: Setting CVar [[r.SkyAtmosphere.AerialPerspectiveLUT.DepthResolution:16.0]]
[2020.05.12-17.16.23:587][  0]LogConfig: Setting CVar [[r.SkyAtmosphere.FastSkyLUT:1]]
[2020.05.12-17.16.23:587][  0]LogConfig: Setting CVar [[r.SkyAtmosphere.FastSkyLUT.SampleCountMin:4.0]]
[2020.05.12-17.16.23:587][  0]LogConfig: Setting CVar [[r.SkyAtmosphere.FastSkyLUT.SampleCountMax:32.0]]
[2020.05.12-17.16.23:587][  0]LogConfig: Setting CVar [[r.SkyAtmosphere.SampleCountMin:4.0]]
[2020.05.12-17.16.23:588][  0]LogConfig: Setting CVar [[r.SkyAtmosphere.SampleCountMax:32.0]]
[2020.05.12-17.16.23:588][  0]LogConfig: Setting CVar [[r.SkyAtmosphere.TransmittanceLUT.UseSmallFormat:0]]
[2020.05.12-17.16.23:588][  0]LogConfig: Setting CVar [[r.SkyAtmosphere.TransmittanceLUT.SampleCount:10.0]]
[2020.05.12-17.16.23:588][  0]LogConfig: Setting CVar [[r.SkyAtmosphere.MultiScatteringLUT.SampleCount:15.0]]
[2020.05.12-17.16.23:588][  0]LogConfig: Applying CVar settings from Section [FoliageQuality@3] File [D:/adale/Desktop/2DSouls/SideScroller/Saved/Config/Windows/Scalability.ini]
[2020.05.12-17.16.23:588][  0]LogConfig: Setting CVar [[foliage.DensityScale:1.0]]
[2020.05.12-17.16.23:588][  0]LogConfig: Setting CVar [[grass.DensityScale:1.0]]
[2020.05.12-17.16.23:588][  0]LogConfig: Applying CVar settings from Section [ShadingQuality@3] File [D:/adale/Desktop/2DSouls/SideScroller/Saved/Config/Windows/Scalability.ini]
[2020.05.12-17.16.23:588][  0]LogConfig: Setting CVar [[r.HairStrands.SkyLighting.SampleCount:16]]
[2020.05.12-17.16.23:588][  0]LogConfig: Setting CVar [[r.HairStrands.SkyLighting.JitterIntegration:0]]
[2020.05.12-17.16.23:588][  0]LogConfig: Setting CVar [[r.HairStrands.SkyAO.SampleCount:16]]
[2020.05.12-17.16.23:588][  0]LogInit: Selected Device Profile: [Windows]
[2020.05.12-17.16.23:589][  0]LogInit: Applying CVar settings loaded from the selected device profile: [Windows]
[2020.05.12-17.16.23:600][  0]LogHAL: Display: Platform has ~ 16 GB [17039618048 / 17179869184 / 16], which maps to Larger [LargestMinGB=32, LargerMinGB=12, DefaultMinGB=8, SmallerMinGB=6, SmallestMinGB=0)
[2020.05.12-17.16.23:600][  0]LogInit: Going up to parent DeviceProfile []
[2020.05.12-17.16.23:600][  0]LogConfig: Applying CVar settings from Section [ViewDistanceQuality@3] File [D:/adale/Desktop/2DSouls/SideScroller/Saved/Config/Windows/Scalability.ini]
[2020.05.12-17.16.23:600][  0]LogConfig: Setting CVar [[r.SkeletalMeshLODBias:0]]
[2020.05.12-17.16.23:600][  0]LogConfig: Setting CVar [[r.ViewDistanceScale:1.0]]
[2020.05.12-17.16.23:600][  0]LogConfig: Applying CVar settings from Section [AntiAliasingQuality@3] File [D:/adale/Desktop/2DSouls/SideScroller/Saved/Config/Windows/Scalability.ini]
[2020.05.12-17.16.23:600][  0]LogConfig: Setting CVar [[r.PostProcessAAQuality:4]]
[2020.05.12-17.16.23:600][  0]LogConfig: Applying CVar settings from Section [ShadowQuality@3] File [D:/adale/Desktop/2DSouls/SideScroller/Saved/Config/Windows/Scalability.ini]
[2020.05.12-17.16.23:600][  0]LogConfig: Setting CVar [[r.LightFunctionQuality:1]]
[2020.05.12-17.16.23:600][  0]LogConfig: Setting CVar [[r.ShadowQuality:5]]
[2020.05.12-17.16.23:601][  0]LogConfig: Setting CVar [[r.Shadow.CSM.MaxCascades:10]]
[2020.05.12-17.16.23:601][  0]LogConfig: Setting CVar [[r.Shadow.MaxResolution:2048]]
[2020.05.12-17.16.23:601][  0]LogConfig: Setting CVar [[r.Shadow.MaxCSMResolution:2048]]
[2020.05.12-17.16.23:601][  0]LogConfig: Setting CVar [[r.Shadow.RadiusThreshold:0.01]]
[2020.05.12-17.16.23:601][  0]LogConfig: Setting CVar [[r.Shadow.DistanceScale:1.0]]
[2020.05.12-17.16.23:601][  0]LogConfig: Setting CVar [[r.Shadow.CSM.TransitionScale:1.0]]
[2020.05.12-17.16.23:601][  0]LogConfig: Setting CVar [[r.Shadow.PreShadowResolutionFactor:1.0]]
[2020.05.12-17.16.23:601][  0]LogConfig: Setting CVar [[r.DistanceFieldShadowing:1]]
[2020.05.12-17.16.23:601][  0]LogConfig: Setting CVar [[r.DistanceFieldAO:1]]
[2020.05.12-17.16.23:601][  0]LogConfig: Setting CVar [[r.AOQuality:2]]
[2020.05.12-17.16.23:601][  0]LogConfig: Setting CVar [[r.VolumetricFog:1]]
[2020.05.12-17.16.23:601][  0]LogConfig: Setting CVar [[r.VolumetricFog.GridPixelSize:8]]
[2020.05.12-17.16.23:601][  0]LogConfig: Setting CVar [[r.VolumetricFog.GridSizeZ:128]]
[2020.05.12-17.16.23:601][  0]LogConfig: Setting CVar [[r.VolumetricFog.HistoryMissSupersampleCount:4]]
[2020.05.12-17.16.23:602][  0]LogConfig: Setting CVar [[r.LightMaxDrawDistanceScale:1]]
[2020.05.12-17.16.23:602][  0]LogConfig: Setting CVar [[r.CapsuleShadows:1]]
[2020.05.12-17.16.23:602][  0]LogConfig: Applying CVar settings from Section [PostProcessQuality@3] File [D:/adale/Desktop/2DSouls/SideScroller/Saved/Config/Windows/Scalability.ini]
[2020.05.12-17.16.23:602][  0]LogConfig: Setting CVar [[r.MotionBlurQuality:4]]
[2020.05.12-17.16.23:602][  0]LogConfig: Setting CVar [[r.AmbientOcclusionMipLevelFactor:0.4]]
[2020.05.12-17.16.23:602][  0]LogConfig: Setting CVar [[r.AmbientOcclusionMaxQuality:100]]
[2020.05.12-17.16.23:602][  0]LogConfig: Setting CVar [[r.AmbientOcclusionLevels:-1]]
[2020.05.12-17.16.23:602][  0]LogConfig: Setting CVar [[r.AmbientOcclusionRadiusScale:1.0]]
[2020.05.12-17.16.23:602][  0]LogConfig: Setting CVar [[r.DepthOfFieldQuality:2]]
[2020.05.12-17.16.23:602][  0]LogConfig: Setting CVar [[r.RenderTargetPoolMin:400]]
[2020.05.12-17.16.23:602][  0]LogConfig: Setting CVar [[r.LensFlareQuality:2]]
[2020.05.12-17.16.23:602][  0]LogConfig: Setting CVar [[r.SceneColorFringeQuality:1]]
[2020.05.12-17.16.23:602][  0]LogConfig: Setting CVar [[r.EyeAdaptationQuality:2]]
[2020.05.12-17.16.23:603][  0]LogConfig: Setting CVar [[r.BloomQuality:5]]
[2020.05.12-17.16.23:603][  0]LogConfig: Setting CVar [[r.FastBlurThreshold:100]]
[2020.05.12-17.16.23:603][  0]LogConfig: Setting CVar [[r.Upscale.Quality:3]]
[2020.05.12-17.16.23:603][  0]LogConfig: Setting CVar [[r.Tonemapper.GrainQuantization:1]]
[2020.05.12-17.16.23:603][  0]LogConfig: Setting CVar [[r.LightShaftQuality:1]]
[2020.05.12-17.16.23:603][  0]LogConfig: Setting CVar [[r.Filter.SizeScale:1]]
[2020.05.12-17.16.23:603][  0]LogConfig: Setting CVar [[r.Tonemapper.Quality:5]]
[2020.05.12-17.16.23:603][  0]LogConfig: Setting CVar [[r.DOF.Gather.AccumulatorQuality:1        ; higher gathering accumulator quality]]
[2020.05.12-17.16.23:603][  0]LogConfig: Setting CVar [[r.DOF.Gather.PostfilterMethod:1          ; Median3x3 postfilering method]]
[2020.05.12-17.16.23:603][  0]LogConfig: Setting CVar [[r.DOF.Gather.EnableBokehSettings:0       ; no bokeh simulation when gathering]]
[2020.05.12-17.16.23:603][  0]LogConfig: Setting CVar [[r.DOF.Gather.RingCount:4                 ; medium number of samples when gathering]]
[2020.05.12-17.16.23:603][  0]LogConfig: Setting CVar [[r.DOF.Scatter.ForegroundCompositing:1    ; additive foreground scattering]]
[2020.05.12-17.16.23:603][  0]LogConfig: Setting CVar [[r.DOF.Scatter.BackgroundCompositing:2    ; additive background scattering]]
[2020.05.12-17.16.23:603][  0]LogConfig: Setting CVar [[r.DOF.Scatter.EnableBokehSettings:1      ; bokeh simulation when scattering]]
[2020.05.12-17.16.23:604][  0]LogConfig: Setting CVar [[r.DOF.Scatter.MaxSpriteRatio:0.1         ; only a maximum of 10% of scattered bokeh]]
[2020.05.12-17.16.23:604][  0]LogConfig: Setting CVar [[r.DOF.Recombine.Quality:1                ; cheap slight out of focus]]
[2020.05.12-17.16.23:604][  0]LogConfig: Setting CVar [[r.DOF.Recombine.EnableBokehSettings:0    ; no bokeh simulation on slight out of focus]]
[2020.05.12-17.16.23:604][  0]LogConfig: Setting CVar [[r.DOF.TemporalAAQuality:1                ; more stable temporal accumulation]]
[2020.05.12-17.16.23:604][  0]LogConfig: Setting CVar [[r.DOF.Kernel.MaxForegroundRadius:0.025]]
[2020.05.12-17.16.23:604][  0]LogConfig: Setting CVar [[r.DOF.Kernel.MaxBackgroundRadius:0.025]]
[2020.05.12-17.16.23:604][  0]LogConfig: Applying CVar settings from Section [TextureQuality@3] File [D:/adale/Desktop/2DSouls/SideScroller/Saved/Config/Windows/Scalability.ini]
[2020.05.12-17.16.23:604][  0]LogConfig: Setting CVar [[r.Streaming.MipBias:0]]
[2020.05.12-17.16.23:604][  0]LogConfig: Setting CVar [[r.Streaming.AmortizeCPUToGPUCopy:0]]
[2020.05.12-17.16.23:604][  0]LogConfig: Setting CVar [[r.Streaming.MaxNumTexturesToStreamPerFrame:0]]
[2020.05.12-17.16.23:604][  0]LogConfig: Setting CVar [[r.Streaming.Boost:1]]
[2020.05.12-17.16.23:604][  0]LogConfig: Setting CVar [[r.MaxAnisotropy:8]]
[2020.05.12-17.16.23:604][  0]LogConfig: Setting CVar [[r.VT.MaxAnisotropy:8]]
[2020.05.12-17.16.23:604][  0]LogConfig: Setting CVar [[r.Streaming.LimitPoolSizeToVRAM:0]]
[2020.05.12-17.16.23:605][  0]LogConfig: Setting CVar [[r.Streaming.PoolSize:1000]]
[2020.05.12-17.16.23:605][  0]LogConfig: Setting CVar [[r.Streaming.MaxEffectiveScreenSize:0]]
[2020.05.12-17.16.23:605][  0]LogConfig: Applying CVar settings from Section [EffectsQuality@3] File [D:/adale/Desktop/2DSouls/SideScroller/Saved/Config/Windows/Scalability.ini]
[2020.05.12-17.16.23:605][  0]LogConfig: Setting CVar [[r.TranslucencyLightingVolumeDim:64]]
[2020.05.12-17.16.23:605][  0]LogConfig: Setting CVar [[r.RefractionQuality:2]]
[2020.05.12-17.16.23:605][  0]LogConfig: Setting CVar [[r.SSR.Quality:3]]
[2020.05.12-17.16.23:605][  0]LogConfig: Setting CVar [[r.SSR.HalfResSceneColor:0]]
[2020.05.12-17.16.23:605][  0]LogConfig: Setting CVar [[r.SceneColorFormat:4]]
[2020.05.12-17.16.23:605][  0]LogConfig: Setting CVar [[r.DetailMode:2]]
[2020.05.12-17.16.23:605][  0]LogConfig: Setting CVar [[r.TranslucencyVolumeBlur:1]]
[2020.05.12-17.16.23:605][  0]LogConfig: Setting CVar [[r.MaterialQualityLevel:1 ; High quality]]
[2020.05.12-17.16.23:605][  0]LogConfig: Setting CVar [[r.SSS.Scale:1]]
[2020.05.12-17.16.23:605][  0]LogConfig: Setting CVar [[r.SSS.SampleSet:2]]
[2020.05.12-17.16.23:606][  0]LogConfig: Setting CVar [[r.SSS.Quality:1]]
[2020.05.12-17.16.23:606][  0]LogConfig: Setting CVar [[r.SSS.HalfRes:1]]
[2020.05.12-17.16.23:606][  0]LogConfig: Setting CVar [[r.SSGI.Quality:3]]
[2020.05.12-17.16.23:606][  0]LogConfig: Setting CVar [[r.EmitterSpawnRateScale:1.0]]
[2020.05.12-17.16.23:606][  0]LogConfig: Setting CVar [[r.ParticleLightQuality:2]]
[2020.05.12-17.16.23:606][  0]LogConfig: Setting CVar [[r.SkyAtmosphere.AerialPerspectiveLUT.FastApplyOnOpaque:1 ; Always have FastSkyLUT 1 in this case to avoid wrong sky]]
[2020.05.12-17.16.23:606][  0]LogConfig: Setting CVar [[r.SkyAtmosphere.AerialPerspectiveLUT.SampleCountPerSlice:1]]
[2020.05.12-17.16.23:606][  0]LogConfig: Setting CVar [[r.SkyAtmosphere.AerialPerspectiveLUT.DepthResolution:16.0]]
[2020.05.12-17.16.23:606][  0]LogConfig: Setting CVar [[r.SkyAtmosphere.FastSkyLUT:1]]
[2020.05.12-17.16.23:606][  0]LogConfig: Setting CVar [[r.SkyAtmosphere.FastSkyLUT.SampleCountMin:4.0]]
[2020.05.12-17.16.23:607][  0]LogConfig: Setting CVar [[r.SkyAtmosphere.FastSkyLUT.SampleCountMax:32.0]]
[2020.05.12-17.16.23:607][  0]LogConfig: Setting CVar [[r.SkyAtmosphere.SampleCountMin:4.0]]
[2020.05.12-17.16.23:607][  0]LogConfig: Setting CVar [[r.SkyAtmosphere.SampleCountMax:32.0]]
[2020.05.12-17.16.23:607][  0]LogConfig: Setting CVar [[r.SkyAtmosphere.TransmittanceLUT.UseSmallFormat:0]]
[2020.05.12-17.16.23:607][  0]LogConfig: Setting CVar [[r.SkyAtmosphere.TransmittanceLUT.SampleCount:10.0]]
[2020.05.12-17.16.23:608][  0]LogConfig: Setting CVar [[r.SkyAtmosphere.MultiScatteringLUT.SampleCount:15.0]]
[2020.05.12-17.16.23:608][  0]LogConfig: Applying CVar settings from Section [FoliageQuality@3] File [D:/adale/Desktop/2DSouls/SideScroller/Saved/Config/Windows/Scalability.ini]
[2020.05.12-17.16.23:608][  0]LogConfig: Setting CVar [[foliage.DensityScale:1.0]]
[2020.05.12-17.16.23:608][  0]LogConfig: Setting CVar [[grass.DensityScale:1.0]]
[2020.05.12-17.16.23:608][  0]LogConfig: Applying CVar settings from Section [ShadingQuality@3] File [D:/adale/Desktop/2DSouls/SideScroller/Saved/Config/Windows/Scalability.ini]
[2020.05.12-17.16.23:608][  0]LogConfig: Setting CVar [[r.HairStrands.SkyLighting.SampleCount:16]]
[2020.05.12-17.16.23:608][  0]LogConfig: Setting CVar [[r.HairStrands.SkyLighting.JitterIntegration:0]]
[2020.05.12-17.16.23:608][  0]LogConfig: Setting CVar [[r.HairStrands.SkyAO.SampleCount:16]]
[2020.05.12-17.16.23:608][  0]LogConfig: Applying CVar settings from Section [Startup] File [../../../Engine/Config/ConsoleVariables.ini]
[2020.05.12-17.16.23:611][  0]LogConfig: Setting CVar [[net.UseAdaptiveNetUpdateFrequency:0]]
[2020.05.12-17.16.23:611][  0]LogConfig: Setting CVar [[p.chaos.AllowCreatePhysxBodies:1]]
[2020.05.12-17.16.23:612][  0]LogConfig: Applying CVar settings from Section [ConsoleVariables] File [D:/adale/Desktop/2DSouls/SideScroller/Saved/Config/Windows/Engine.ini]
[2020.05.12-17.16.23:613][  0]LogInit: Computer: DESKTOP-J52MBI8
[2020.05.12-17.16.23:613][  0]LogInit: User: adale
[2020.05.12-17.16.23:613][  0]LogInit: CPU Page size=4096, Cores=4
[2020.05.12-17.16.23:613][  0]LogInit: High frequency timer resolution =10.000000 MHz
[2020.05.12-17.16.23:613][  0]LogMemory: Memory total: Physical=15.9GB (16GB approx)
[2020.05.12-17.16.23:613][  0]LogMemory: Platform Memory Stats for Windows
[2020.05.12-17.16.23:613][  0]LogMemory: Process Physical Memory: 105.77 MB used, 105.77 MB peak
[2020.05.12-17.16.23:613][  0]LogMemory: Process Virtual Memory: 101.02 MB used, 101.02 MB peak
[2020.05.12-17.16.23:613][  0]LogMemory: Physical Memory: 7638.70 MB used,  8611.55 MB free, 16250.25 MB total
[2020.05.12-17.16.23:613][  0]LogMemory: Virtual Memory: 5137.55 MB used,  134212592.00 MB free, 134217728.00 MB total
[2020.05.12-17.16.23:626][  0]LogWindows: WindowsPlatformFeatures enabled
[2020.05.12-17.16.23:868][  0]LogInit: Using OS detected language (en-US).
[2020.05.12-17.16.23:869][  0]LogInit: Using OS detected locale (en-CA).
[2020.05.12-17.16.23:870][  0]LogTextLocalizationManager: No specific localization for 'en-US' exists, so the 'en' localization will be used.
[2020.05.12-17.16.24:128][  0]LogInit: Setting process to per monitor DPI aware
[2020.05.12-17.16.24:250][  0]LogSlate: New Slate User Created.  User Index 0, Is Virtual User: 0
[2020.05.12-17.16.24:250][  0]LogSlate: Slate User Registered.  User Index 0, Is Virtual User: 0
[2020.05.12-17.16.24:586][  0]LogHMD: Failed to initialize OpenVR with code 110
[2020.05.12-17.16.24:586][  0]LogD3D11RHI: D3D11 min allowed feature level: 11_0
[2020.05.12-17.16.24:586][  0]LogD3D11RHI: D3D11 max allowed feature level: 11_0
[2020.05.12-17.16.24:586][  0]LogD3D11RHI: D3D11 adapters:
[2020.05.12-17.16.24:694][  0]LogD3D11RHI:    0. 'NVIDIA GeForce GTX 1050 Ti' (Feature Level 11_0)
[2020.05.12-17.16.24:694][  0]LogD3D11RHI:       4018/0/8125 MB DedicatedVideo/DedicatedSystem/SharedSystem, Outputs:2, VendorId:0x10de
[2020.05.12-17.16.24:741][  0]LogD3D11RHI:    1. 'Intel(R) HD Graphics 630' (Feature Level 11_0)
[2020.05.12-17.16.24:741][  0]LogD3D11RHI:       128/0/8125 MB DedicatedVideo/DedicatedSystem/SharedSystem, Outputs:0, VendorId:0x8086
[2020.05.12-17.16.24:748][  0]LogD3D11RHI:    2. 'Microsoft Basic Render Driver' (Feature Level 11_0)
[2020.05.12-17.16.24:748][  0]LogD3D11RHI:       0/0/8125 MB DedicatedVideo/DedicatedSystem/SharedSystem, Outputs:0, VendorId:0x1414
[2020.05.12-17.16.24:748][  0]LogD3D11RHI: Chosen D3D11 Adapter: 0
[2020.05.12-17.16.24:797][  0]LogD3D11RHI: Creating new Direct3DDevice
[2020.05.12-17.16.24:797][  0]LogD3D11RHI:     GPU DeviceId: 0x1c8c (for the marketing name, search the web for "GPU Device Id")
[2020.05.12-17.16.24:797][  0]LogWindows: EnumDisplayDevices:
[2020.05.12-17.16.24:798][  0]LogWindows:    0. 'Intel(R) HD Graphics 630' (P:1 D:1)
[2020.05.12-17.16.24:798][  0]LogWindows:    1. 'Intel(R) HD Graphics 630' (P:0 D:0)
[2020.05.12-17.16.24:799][  0]LogWindows:    2. 'Intel(R) HD Graphics 630' (P:0 D:0)
[2020.05.12-17.16.24:799][  0]LogWindows:    3. 'NVIDIA GeForce GTX 1050 Ti' (P:0 D:1)
[2020.05.12-17.16.24:800][  0]LogWindows: DebugString: PrimaryIsNotTheChoosenAdapter PrimaryIsNotTheChoosenAdapter PrimaryIsNotTheChoosenAdapter 
[2020.05.12-17.16.24:800][  0]LogD3D11RHI:     Adapter Name: NVIDIA GeForce GTX 1050 Ti
[2020.05.12-17.16.24:800][  0]LogD3D11RHI:   Driver Version: 441.08 (internal:26.21.14.4108, unified:441.08)
[2020.05.12-17.16.24:800][  0]LogD3D11RHI:      Driver Date: 10-22-2019
[2020.05.12-17.16.24:800][  0]LogRHI: Texture pool is 2812 MB (70% of 4018 MB)
[2020.05.12-17.16.24:867][  0]LogD3D11RHI: RHI has support for 64 bit atomics
[2020.05.12-17.16.24:867][  0]LogD3D11RHI: Async texture creation enabled
[2020.05.12-17.16.24:897][  0]LogD3D11RHI: GPU Timing Frequency: 1000.000000 (Debug: 2 1)
[2020.05.12-17.16.25:247][  0]LogTargetPlatformManager: Display: Loaded TargetPlatform 'AllDesktop'
[2020.05.12-17.16.25:291][  0]LogTargetPlatformManager: Display: Loaded TargetPlatform 'Android'
[2020.05.12-17.16.25:292][  0]LogTargetPlatformManager: Display: Loaded TargetPlatform 'Android_ASTC'
[2020.05.12-17.16.25:292][  0]LogTargetPlatformManager: Display: Loaded TargetPlatform 'Android_ATC'
[2020.05.12-17.16.25:292][  0]LogTargetPlatformManager: Display: Loaded TargetPlatform 'Android_DXT'
[2020.05.12-17.16.25:292][  0]LogTargetPlatformManager: Display: Loaded TargetPlatform 'Android_ETC1'
[2020.05.12-17.16.25:292][  0]LogTargetPlatformManager: Display: Loaded TargetPlatform 'Android_ETC1a'
[2020.05.12-17.16.25:292][  0]LogTargetPlatformManager: Display: Loaded TargetPlatform 'Android_ETC2'
[2020.05.12-17.16.25:292][  0]LogTargetPlatformManager: Display: Loaded TargetPlatform 'Android_PVRTC'
[2020.05.12-17.16.25:292][  0]LogTargetPlatformManager: Display: Loaded TargetPlatform 'AndroidClient'
[2020.05.12-17.16.25:292][  0]LogTargetPlatformManager: Display: Loaded TargetPlatform 'Android_ASTCClient'
[2020.05.12-17.16.25:293][  0]LogTargetPlatformManager: Display: Loaded TargetPlatform 'Android_ATCClient'
[2020.05.12-17.16.25:293][  0]LogTargetPlatformManager: Display: Loaded TargetPlatform 'Android_DXTClient'
[2020.05.12-17.16.25:293][  0]LogTargetPlatformManager: Display: Loaded TargetPlatform 'Android_ETC1Client'
[2020.05.12-17.16.25:293][  0]LogTargetPlatformManager: Display: Loaded TargetPlatform 'Android_ETC1aClient'
[2020.05.12-17.16.25:293][  0]LogTargetPlatformManager: Display: Loaded TargetPlatform 'Android_ETC2Client'
[2020.05.12-17.16.25:293][  0]LogTargetPlatformManager: Display: Loaded TargetPlatform 'Android_PVRTCClient'
[2020.05.12-17.16.25:293][  0]LogTargetPlatformManager: Display: Loaded TargetPlatform 'Android_Multi'
[2020.05.12-17.16.25:293][  0]LogTargetPlatformManager: Display: Loaded TargetPlatform 'Android_MultiClient'
[2020.05.12-17.16.25:339][  0]LogTargetPlatformManager: Display: Loaded TargetPlatform 'IOSClient'
[2020.05.12-17.16.25:339][  0]LogTargetPlatformManager: Display: Loaded TargetPlatform 'IOS'
[2020.05.12-17.16.25:355][  0]LogTargetPlatformManager: Display: Loaded TargetPlatform 'LinuxNoEditor'
[2020.05.12-17.16.25:372][  0]LogTargetPlatformManager: Display: Loaded TargetPlatform 'LinuxClient'
[2020.05.12-17.16.25:389][  0]LogTargetPlatformManager: Display: Loaded TargetPlatform 'LinuxServer'
[2020.05.12-17.16.25:414][  0]LogTargetPlatformManager: Display: Loaded TargetPlatform 'LinuxAArch64NoEditor'
[2020.05.12-17.16.25:432][  0]LogTargetPlatformManager: Display: Loaded TargetPlatform 'LinuxAArch64Client'
[2020.05.12-17.16.25:448][  0]LogTargetPlatformManager: Display: Loaded TargetPlatform 'LinuxAArch64Server'
[2020.05.12-17.16.25:505][  0]LogTargetPlatformManager: Display: Loaded TargetPlatform 'Lumin'
[2020.05.12-17.16.25:505][  0]LogTargetPlatformManager: Display: Loaded TargetPlatform 'LuminClient'
[2020.05.12-17.16.25:544][  0]LogTargetPlatformManager: Display: Loaded TargetPlatform 'TVOSClient'
[2020.05.12-17.16.25:546][  0]LogTargetPlatformManager: Display: Loaded TargetPlatform 'TVOS'
[2020.05.12-17.16.25:564][  0]LogTargetPlatformManager: Display: Loaded TargetPlatform 'WindowsNoEditor'
[2020.05.12-17.16.25:583][  0]LogTargetPlatformManager: Display: Loaded TargetPlatform 'Windows'
[2020.05.12-17.16.25:603][  0]LogTargetPlatformManager: Display: Loaded TargetPlatform 'WindowsClient'
[2020.05.12-17.16.25:629][  0]LogTargetPlatformManager: Display: Loaded TargetPlatform 'WindowsServer'
[2020.05.12-17.16.25:629][  0]LogTargetPlatformManager: Display: Building Assets For Windows
[2020.05.12-17.16.25:663][  0]LogAudioDebug: Display: Lib vorbis DLL was dynamically loaded.
[2020.05.12-17.16.25:787][  0]LogShaderCompilers: Guid format shader working directory is -4 characters bigger than the processId version (../../../../../adale/Desktop/2DSouls/SideScroller/Intermediate/Shaders/WorkingDirectory/17296/).
[2020.05.12-17.16.25:787][  0]LogShaderCompilers: Cleaned the shader compiler working directory 'C:/Users/adale/AppData/Local/Temp/UnrealShaderWorkingDir/3CBEB246458C067141EF90A8D85A286F/'.
[2020.05.12-17.16.25:788][  0]LogXGEController: Cleaning working directory: C:/Users/adale/AppData/Local/Temp/UnrealXGEWorkingDir/
[2020.05.12-17.16.25:789][  0]LogXGEController: Cannot use XGE Controller as Incredibuild is not installed on this machine.
[2020.05.12-17.16.25:789][  0]LogShaderCompilers: Cannot use XGE Shader Compiler as Incredibuild is not installed on this machine.
[2020.05.12-17.16.25:789][  0]LogShaderCompilers: Display: Using Local Shader Compiler.
[2020.05.12-17.16.26:665][  0]LogDerivedDataCache: Display: Max Cache Size: 512 MB
[2020.05.12-17.16.26:765][  0]LogDerivedDataCache: Loaded boot cache 0.10s 78MB C:/Users/adale/AppData/Local/UnrealEngine/4.24/DerivedDataCache/Boot.ddc.
[2020.05.12-17.16.26:765][  0]LogDerivedDataCache: Display: Loaded Boot cache: C:/Users/adale/AppData/Local/UnrealEngine/4.24/DerivedDataCache/Boot.ddc
[2020.05.12-17.16.26:766][  0]LogDerivedDataCache: FDerivedDataBackendGraph:  Pak pak cache file ../../../../../adale/Desktop/2DSouls/SideScroller/DerivedDataCache/DDC.ddp not found, will not use a pak cache.
[2020.05.12-17.16.26:766][  0]LogDerivedDataCache: Unable to find inner node Pak for hierarchical cache Hierarchy.
[2020.05.12-17.16.26:766][  0]LogDerivedDataCache: FDerivedDataBackendGraph:  CompressedPak pak cache file ../../../../../adale/Desktop/2DSouls/SideScroller/DerivedDataCache/Compressed.ddp not found, will not use a pak cache.
[2020.05.12-17.16.26:766][  0]LogDerivedDataCache: Unable to find inner node CompressedPak for hierarchical cache Hierarchy.
[2020.05.12-17.16.26:783][  0]LogDerivedDataCache: Display: Pak cache opened for reading ../../../Engine/DerivedDataCache/Compressed.ddp.
[2020.05.12-17.16.26:784][  0]LogDerivedDataCache: FDerivedDataBackendGraph:  EnterprisePak pak cache file ../../../Enterprise/DerivedDataCache/Compressed.ddp not found, will not use a pak cache.
[2020.05.12-17.16.26:784][  0]LogDerivedDataCache: Unable to find inner node EnterprisePak for hierarchical cache Hierarchy.
[2020.05.12-17.16.26:787][  0]LogDerivedDataCache: Using Local data cache path C:/Users/adale/AppData/Local/UnrealEngine/Common/DerivedDataCache: Writable
[2020.05.12-17.16.26:787][  0]LogDerivedDataCache: Shared data cache path not found in *engine.ini, will not use an Shared cache.
[2020.05.12-17.16.26:787][  0]LogDerivedDataCache: Unable to find inner node Shared for hierarchical cache Hierarchy.
[2020.05.12-17.16.26:843][  0]LogMaterial: Verifying Global Shaders for PCD3D_SM5
[2020.05.12-17.16.26:848][  0]LogSlate: Using FreeType 2.10.0
[2020.05.12-17.16.26:849][  0]LogSlate: SlateFontServices - WITH_FREETYPE: 1, WITH_HARFBUZZ: 1
[2020.05.12-17.16.26:968][  0]LogAssetRegistry: FAssetRegistry took 0.0101 seconds to start up
[2020.05.12-17.16.27:361][  0]LogInit: Selected Device Profile: [Windows]
[2020.05.12-17.16.27:610][  0]LogMeshReduction: Using QuadricMeshReduction for automatic static mesh reduction
[2020.05.12-17.16.27:610][  0]LogMeshReduction: Using SimplygonMeshReduction for automatic skeletal mesh reduction
[2020.05.12-17.16.27:610][  0]LogMeshReduction: Using ProxyLODMeshReduction for automatic mesh merging
[2020.05.12-17.16.27:610][  0]LogMeshReduction: No distributed automatic mesh merging module available
[2020.05.12-17.16.27:610][  0]LogMeshMerging: No distributed automatic mesh merging module available
[2020.05.12-17.16.27:626][  0]LogNetVersion: SideScroller 1.0.0, NetCL: 10570792, EngineNetVer: 13, GameNetVer: 0 (Checksum: 2260462969)
[2020.05.12-17.16.29:067][  0]LogPackageLocalizationCache: Processed 10 localized package path(s) for 1 prioritized culture(s) in 0.058285 seconds
[2020.05.12-17.16.29:081][  0]LogUObjectArray: 46750 objects as part of root set at end of initial load.
[2020.05.12-17.16.29:081][  0]LogUObjectAllocator: 8137160 out of 0 bytes used by permanent object pool.
[2020.05.12-17.16.29:081][  0]LogUObjectArray: CloseDisregardForGC: 0/0 objects in disregard for GC pool
[2020.05.12-17.16.29:796][  0]LogTcpMessaging: Initializing TcpMessaging bridge
[2020.05.12-17.16.29:804][  0]LogUdpMessaging: Initializing bridge on interface 0.0.0.0:0 to multicast group 230.0.0.1:6666.
[2020.05.12-17.16.29:974][  0]SourceControl: Source control is disabled
[2020.05.12-17.16.29:974][  0]SourceControl: Source control is disabled
[2020.05.12-17.16.29:979][  0]SourceControl: Source control is disabled
[2020.05.12-17.16.29:983][  0]SourceControl: Source control is disabled
[2020.05.12-17.16.29:988][  0]SourceControl: Source control is disabled
[2020.05.12-17.16.30:194][  0]LogAndroidPermission: UAndroidPermissionCallbackProxy::GetInstance
[2020.05.12-17.16.30:224][  0]LogAudioCaptureCore: Display: No Audio Capture implementations found. Audio input will be silent.
[2020.05.12-17.16.30:224][  0]LogAudioCaptureCore: Display: No Audio Capture implementations found. Audio input will be silent.
[2020.05.12-17.16.30:342][  0]LogOcInput: OculusInput pre-init called
[2020.05.12-17.16.30:360][  0]LogWindows: Failed to load 'OVRPlugin.dll' (GetLastError=126)
[2020.05.12-17.16.30:361][  0]LogWindows: File 'OVRPlugin.dll' does not exist
[2020.05.12-17.16.30:461][  0]LogEngine: Initializing Engine...
[2020.05.12-17.16.30:462][  0]LogHMD: Failed to initialize OpenVR with code 110
[2020.05.12-17.16.30:464][  0]LogStats: UGameplayTagsManager::InitializeManager -  0.000 s
[2020.05.12-17.16.30:881][  0]LogInit: Initializing FReadOnlyCVARCache
[2020.05.12-17.16.30:897][  0]LogAIModule: Creating AISystem for world Untitled
[2020.05.12-17.16.30:902][  0]LogAudioMixer: Display: Audio Mixer Platform Settings:
[2020.05.12-17.16.30:903][  0]LogAudioMixer: Display: 	Sample Rate:						  48000
[2020.05.12-17.16.30:903][  0]LogAudioMixer: Display: 	Callback Buffer Frame Size Requested: 1024
[2020.05.12-17.16.30:903][  0]LogAudioMixer: Display: 	Callback Buffer Frame Size To Use:	  1024
[2020.05.12-17.16.30:903][  0]LogAudioMixer: Display: 	Number of buffers to queue:			  2
[2020.05.12-17.16.30:903][  0]LogAudioMixer: Display: 	Max Channels (voices):				  32
[2020.05.12-17.16.30:903][  0]LogAudioMixer: Display: 	Number of Async Source Workers:		  0
[2020.05.12-17.16.30:903][  0]LogAudio: Display: AudioDevice MaxSources: 32
[2020.05.12-17.16.30:904][  0]LogAudio: Display: Using built-in audio occlusion.
[2020.05.12-17.16.30:904][  0]LogAudioMixer: Display: Initializing audio mixer.
[2020.05.12-17.16.30:946][  0]LogAudioMixer: Display: Audio Device Output Speaker Info:
[2020.05.12-17.16.30:946][  0]LogAudioMixer: Display: Name: Speakers / Headphones (Realtek Audio)
[2020.05.12-17.16.30:946][  0]LogAudioMixer: Display: Is Default: Yes
[2020.05.12-17.16.30:946][  0]LogAudioMixer: Display: Sample Rate: 48000
[2020.05.12-17.16.30:946][  0]LogAudioMixer: Display: Channel Count Used: 2
[2020.05.12-17.16.30:946][  0]LogAudioMixer: Display: Device Channel Count: 2
[2020.05.12-17.16.30:946][  0]LogAudioMixer: Display: Channel Order:
[2020.05.12-17.16.30:947][  0]LogAudioMixer: Display: 0: FrontLeft
[2020.05.12-17.16.30:947][  0]LogAudioMixer: Display: 1: FrontRight
[2020.05.12-17.16.32:057][  0]LogAudioMixer: Display: Using Audio Device Speakers / Headphones (Realtek Audio)
[2020.05.12-17.16.32:062][  0]LogInit: FAudioDevice initialized.
[2020.05.12-17.16.32:063][  0]LogNetVersion: Set ProjectVersion to 1.0.0.0. Version Checksum will be recalculated on next use.
[2020.05.12-17.16.32:165][  0]LogDerivedDataCache: Saved boot cache 0.10s 78MB C:/Users/adale/AppData/Local/UnrealEngine/4.24/DerivedDataCache/Boot.ddc.
[2020.05.12-17.16.32:170][  0]LogInit: Texture streaming: Enabled
[2020.05.12-17.16.32:197][  0]LogEngineSessionManager: EngineSessionManager initialized
[2020.05.12-17.16.32:197][  0]LogEditorSessionSummary: Verbose: Initializing EditorSessionSummaryWriter for editor session tracking
[2020.05.12-17.16.32:200][  0]LogEditorSessionSummary: EditorSessionSummaryWriter initialized
[2020.05.12-17.16.32:259][  0]LogInit: Transaction tracking system initialized
[2020.05.12-17.16.32:298][  0]BlueprintLog: New page: Editor Load
[2020.05.12-17.16.32:410][  0]LocalizationService: Localization service is disabled
[2020.05.12-17.16.32:909][  0]LogFileCache: Scanning file cache for directory 'D:/adale/Desktop/2DSouls/SideScroller/Content/' took 0.01s
[2020.05.12-17.16.32:909][  0]LogCook: Display: Max memory allowance for cook 16384mb min free memory 0mb
[2020.05.12-17.16.32:910][  0]LogCook: Display: Mobile HDR setting 1
[2020.05.12-17.16.34:137][  0]SourceControl: Source control is disabled
[2020.05.12-17.16.34:138][  0]Cmd: MAP LOAD FILE="../../../../../adale/Desktop/2DSouls/SideScroller/Content/Levels/World.umap" TEMPLATE=0 SHOWPROGRESS=1 FEATURELEVEL=3
[2020.05.12-17.16.34:138][  0]LightingResults: New page: Lighting Build
[2020.05.12-17.16.34:140][  0]LogWorld: UWorld::CleanupWorld for Untitled, bSessionEnded=true, bCleanupResources=true
[2020.05.12-17.16.34:140][  0]LogSlate: InvalidateAllWidgets triggered.  All widgets were invalidated
[2020.05.12-17.16.34:140][  0]MapCheck: New page: Map Check
[2020.05.12-17.16.34:140][  0]LightingResults: New page: Lighting Build
[2020.05.12-17.16.34:169][  0]LogUObjectHash: Compacting FUObjectHashTables data took   2.00ms
[2020.05.12-17.16.34:430][  0]LogAIModule: Creating AISystem for world World
[2020.05.12-17.16.34:439][  0]LogEditorServer: Finished looking for orphan Actors (0.000 secs)
[2020.05.12-17.16.34:477][  0]LogUObjectHash: Compacting FUObjectHashTables data took   2.15ms
[2020.05.12-17.16.34:478][  0]Cmd: MAP CHECKDEP NOCLEARLOG
[2020.05.12-17.16.34:479][  0]MapCheck: Map check complete: 0 Error(s), 0 Warning(s), took 0.393ms to complete.
[2020.05.12-17.16.34:479][  0]LogFileHelpers: Loading map 'World' took 0.341
[2020.05.12-17.16.34:696][  0]LogSlate: Updating window title bar state: overlay mode, drag disabled, window buttons hidden, title bar hidden
[2020.05.12-17.16.34:704][  0]LogSlate: Updating window title bar state: overlay mode, drag disabled, window buttons hidden, title bar hidden
[2020.05.12-17.16.34:714][  0]LogSlate: Updating window title bar state: overlay mode, drag disabled, window buttons hidden, title bar hidden
[2020.05.12-17.16.34:726][  0]LogSlate: Updating window title bar state: overlay mode, drag disabled, window buttons hidden, title bar hidden
[2020.05.12-17.16.34:734][  0]LogCollectionManager: Loaded 0 collections in 0.001444 seconds
[2020.05.12-17.16.34:775][  0]LogFileCache: Scanning file cache for directory 'D:/adale/Desktop/2DSouls/SideScroller/Saved/Collections/' took 0.00s
[2020.05.12-17.16.34:776][  0]LogFileCache: Scanning file cache for directory 'D:/adale/Desktop/2DSouls/SideScroller/Content/Developers/adale/Collections/' took 0.01s
[2020.05.12-17.16.34:776][  0]LogFileCache: Scanning file cache for directory 'D:/adale/Desktop/2DSouls/SideScroller/Content/Collections/' took 0.00s
[2020.05.12-17.16.34:776][  0]LogContentBrowser: Native class hierarchy populated in 0.0192 seconds. Added 3026 classes and 719 folders.
[2020.05.12-17.16.34:781][  0]LogContentBrowser: Native class hierarchy updated for 'WidgetCarousel' in 0.0004 seconds. Added 0 classes and 0 folders.
[2020.05.12-17.16.34:903][  0]LogContentBrowser: Native class hierarchy updated for 'AddContentDialog' in 0.0006 seconds. Added 0 classes and 0 folders.
[2020.05.12-17.16.34:916][  0]LogContentBrowser: Native class hierarchy updated for 'SceneOutliner' in 0.0008 seconds. Added 2 classes and 3 folders.
[2020.05.12-17.16.35:053][  0]LogSlate: Took 0.000495 seconds to synchronously load lazily loaded font '../../../Engine/Content/Slate/Fonts/Roboto-Regular.ttf' (155K)
[2020.05.12-17.16.35:062][  0]LogSlate: Took 0.000275 seconds to synchronously load lazily loaded font '../../../Engine/Content/Slate/Fonts/Roboto-Bold.ttf' (160K)
[2020.05.12-17.16.35:070][  0]LogSlate: Took 0.000365 seconds to synchronously load lazily loaded font '../../../Engine/Content/Editor/Slate/Fonts/FontAwesome.ttf' (139K)
[2020.05.12-17.16.35:183][  0]LogRenderer: Reallocating scene render targets to support 1120x572 Format 10 NumSamples 1 (Frame:1).
[2020.05.12-17.16.35:347][  0]LogContentBrowser: Native class hierarchy updated for 'HierarchicalLODOutliner' in 0.0005 seconds. Added 0 classes and 0 folders.
[2020.05.12-17.16.35:347][  0]LogLoad: (Engine Initialization) Total time: 14.71 seconds
[2020.05.12-17.16.35:347][  0]LogLoad: (Engine Initialization) Total Blueprint compile time: 0.00 seconds
[2020.05.12-17.16.35:415][  0]LogContentStreaming: Texture pool size now 1000 MB
[2020.05.12-17.16.35:495][  1]LogAssetRegistry: Asset discovery search completed in 8.5303 seconds
[2020.05.12-17.16.35:498][  1]LogCollectionManager: Fixed up redirectors for 0 collections in 0.000008 seconds (updated 0 objects)
[2020.05.12-17.16.39:645][190]LogSlate: Took 0.000174 seconds to synchronously load lazily loaded font '../../../Engine/Content/Slate/Fonts/Roboto-Light.ttf' (167K)
[2020.05.12-17.16.55:388][292]LogTemp: Repeating last play command: Selected Viewport
[2020.05.12-17.16.55:409][292]LogPlayLevel: PlayLevel: No blueprints needed recompiling
[2020.05.12-17.16.55:411][292]PIE: New page: PIE session: World (May 12, 2020, 9:16:55 a.m.)
[2020.05.12-17.16.55:413][292]LogOnline: OSS: Creating online subsystem instance for: NULL
[2020.05.12-17.16.55:416][292]LogOnline: OSS: TryLoadSubsystemAndSetDefault: Loaded subsystem for module [NULL]
[2020.05.12-17.16.55:416][292]LogPlayLevel: Creating play world package: /Game/Levels/UEDPIE_0_World
[2020.05.12-17.16.55:422][292]LogPlayLevel: PIE: StaticDuplicateObject took: (0.004957s)
[2020.05.12-17.16.55:424][292]LogAIModule: Creating AISystem for world World
[2020.05.12-17.16.55:425][292]LogPlayLevel: PIE: World Init took: (0.002507s)
[2020.05.12-17.16.55:425][292]LogPlayLevel: PIE: Created PIE world by copying editor world from /Game/Levels/World.World to /Game/Levels/UEDPIE_0_World.World (0.008587s)
[2020.05.12-17.16.55:454][292]LogUObjectHash: Compacting FUObjectHashTables data took   1.92ms
[2020.05.12-17.16.55:459][292]LogAudioMixer: Display: Audio Mixer Platform Settings:
[2020.05.12-17.16.55:459][292]LogAudioMixer: Display: 	Sample Rate:						  48000
[2020.05.12-17.16.55:459][292]LogAudioMixer: Display: 	Callback Buffer Frame Size Requested: 1024
[2020.05.12-17.16.55:459][292]LogAudioMixer: Display: 	Callback Buffer Frame Size To Use:	  1024
[2020.05.12-17.16.55:459][292]LogAudioMixer: Display: 	Number of buffers to queue:			  2
[2020.05.12-17.16.55:460][292]LogAudioMixer: Display: 	Max Channels (voices):				  32
[2020.05.12-17.16.55:460][292]LogAudioMixer: Display: 	Number of Async Source Workers:		  0
[2020.05.12-17.16.55:460][292]LogAudio: Display: AudioDevice MaxSources: 32
[2020.05.12-17.16.55:461][292]LogAudio: Display: Using built-in audio occlusion.
[2020.05.12-17.16.55:461][292]LogAudioMixer: Display: Initializing audio mixer.
[2020.05.12-17.16.55:481][292]LogAudioMixer: Display: Audio Device Output Speaker Info:
[2020.05.12-17.16.55:482][292]LogAudioMixer: Display: Name: Speakers / Headphones (Realtek Audio)
[2020.05.12-17.16.55:482][292]LogAudioMixer: Display: Is Default: Yes
[2020.05.12-17.16.55:482][292]LogAudioMixer: Display: Sample Rate: 48000
[2020.05.12-17.16.55:482][292]LogAudioMixer: Display: Channel Count Used: 2
[2020.05.12-17.16.55:482][292]LogAudioMixer: Display: Device Channel Count: 2
[2020.05.12-17.16.55:482][292]LogAudioMixer: Display: Channel Order:
[2020.05.12-17.16.55:482][292]LogAudioMixer: Display: 0: FrontLeft
[2020.05.12-17.16.55:482][292]LogAudioMixer: Display: 1: FrontRight
[2020.05.12-17.16.55:575][292]LogAudioMixer: Display: Using Audio Device Speakers / Headphones (Realtek Audio)
[2020.05.12-17.16.55:580][292]LogInit: FAudioDevice initialized.
[2020.05.12-17.16.55:797][292]LogLoad: Game class is 'BP_SideScrollerGameModeBase_C'
[2020.05.12-17.16.55:801][292]LogWorld: Bringing World /Game/Levels/UEDPIE_0_World.World up for play (max tick rate 60) at 2020.05.12-13.16.55
[2020.05.12-17.16.55:801][292]LogWorld: Bringing up level for play took: 0.001256
[2020.05.12-17.16.55:801][292]LogOnline: OSS: Creating online subsystem instance for: :Context_1
[2020.05.12-17.16.55:807][292]LogContentBrowser: Native class hierarchy updated for 'MovieSceneCapture' in 0.0005 seconds. Added 20 classes and 0 folders.
[2020.05.12-17.16.55:809][292]PIE: Play in editor start time for /Game/Levels/UEDPIE_0_World -0.212
[2020.05.12-17.17.12:584][297]LogAudioMixer: Display: No commands were queued while flushing the source manager.
[2020.05.12-17.17.12:584][297]LogAudioMixer: Display: No commands were queued while flushing the source manager.
[2020.05.12-17.17.12:585][297]LogSlate: Updating window title bar state: overlay mode, drag disabled, window buttons hidden, title bar hidden
[2020.05.12-17.17.12:585][297]LogWorld: BeginTearingDown for /Game/Levels/UEDPIE_0_World
[2020.05.12-17.17.12:585][297]LogAudioMixer: Display: No commands were queued while flushing the source manager.
[2020.05.12-17.17.12:585][297]LogWorld: UWorld::CleanupWorld for World, bSessionEnded=true, bCleanupResources=true
[2020.05.12-17.17.12:586][297]LogSlate: InvalidateAllWidgets triggered.  All widgets were invalidated
[2020.05.12-17.17.12:601][297]LogPlayLevel: Display: Shutting down PIE online subsystems
[2020.05.12-17.17.12:604][297]LogSlate: InvalidateAllWidgets triggered.  All widgets were invalidated
[2020.05.12-17.17.12:629][297]LogAudioMixer: Display: No commands were queued while flushing the source manager.
[2020.05.12-17.17.12:638][297]LogSlate: Updating window title bar state: overlay mode, drag disabled, window buttons hidden, title bar hidden
[2020.05.12-17.17.12:645][297]LogUObjectHash: Compacting FUObjectHashTables data took   3.54ms
[2020.05.12-17.17.12:697][299]LogPlayLevel: Display: Destroying online subsystem :Context_1
[2020.05.12-17.17.13:547][349]LogTemp: Repeating last play command: Selected Viewport
[2020.05.12-17.17.13:565][349]LogPlayLevel: PlayLevel: No blueprints needed recompiling
[2020.05.12-17.17.13:566][349]PIE: New page: PIE session: World (May 12, 2020, 9:17:13 a.m.)
[2020.05.12-17.17.13:566][349]LogPlayLevel: Creating play world package: /Game/Levels/UEDPIE_0_World
[2020.05.12-17.17.13:569][349]LogPlayLevel: PIE: StaticDuplicateObject took: (0.003149s)
[2020.05.12-17.17.13:571][349]LogAIModule: Creating AISystem for world World
[2020.05.12-17.17.13:571][349]LogPlayLevel: PIE: World Init took: (0.001758s)
[2020.05.12-17.17.13:571][349]LogPlayLevel: PIE: Created PIE world by copying editor world from /Game/Levels/World.World to /Game/Levels/UEDPIE_0_World.World (0.005438s)
[2020.05.12-17.17.13:597][349]LogUObjectHash: Compacting FUObjectHashTables data took   1.53ms
[2020.05.12-17.17.13:598][349]LogAudioMixer: Display: Audio Mixer Platform Settings:
[2020.05.12-17.17.13:599][349]LogAudioMixer: Display: 	Sample Rate:						  48000
[2020.05.12-17.17.13:599][349]LogAudioMixer: Display: 	Callback Buffer Frame Size Requested: 1024
[2020.05.12-17.17.13:599][349]LogAudioMixer: Display: 	Callback Buffer Frame Size To Use:	  1024
[2020.05.12-17.17.13:599][349]LogAudioMixer: Display: 	Number of buffers to queue:			  2
[2020.05.12-17.17.13:599][349]LogAudioMixer: Display: 	Max Channels (voices):				  32
[2020.05.12-17.17.13:599][349]LogAudioMixer: Display: 	Number of Async Source Workers:		  0
[2020.05.12-17.17.13:600][349]LogAudio: Display: AudioDevice MaxSources: 32
[2020.05.12-17.17.13:600][349]LogAudio: Display: Using built-in audio occlusion.
[2020.05.12-17.17.13:601][349]LogAudioMixer: Display: Initializing audio mixer.
[2020.05.12-17.17.13:616][349]LogAudioMixer: Display: Audio Device Output Speaker Info:
[2020.05.12-17.17.13:617][349]LogAudioMixer: Display: Name: Speakers / Headphones (Realtek Audio)
[2020.05.12-17.17.13:617][349]LogAudioMixer: Display: Is Default: Yes
[2020.05.12-17.17.13:617][349]LogAudioMixer: Display: Sample Rate: 48000
[2020.05.12-17.17.13:617][349]LogAudioMixer: Display: Channel Count Used: 2
[2020.05.12-17.17.13:617][349]LogAudioMixer: Display: Device Channel Count: 2
[2020.05.12-17.17.13:617][349]LogAudioMixer: Display: Channel Order:
[2020.05.12-17.17.13:617][349]LogAudioMixer: Display: 0: FrontLeft
[2020.05.12-17.17.13:618][349]LogAudioMixer: Display: 1: FrontRight
[2020.05.12-17.17.13:707][349]LogAudioMixer: Display: Using Audio Device Speakers / Headphones (Realtek Audio)
[2020.05.12-17.17.13:710][349]LogInit: FAudioDevice initialized.
[2020.05.12-17.17.13:726][349]LogLoad: Game class is 'BP_SideScrollerGameModeBase_C'
[2020.05.12-17.17.13:728][349]LogWorld: Bringing World /Game/Levels/UEDPIE_0_World.World up for play (max tick rate 60) at 2020.05.12-13.17.13
[2020.05.12-17.17.13:729][349]LogWorld: Bringing up level for play took: 0.001069
[2020.05.12-17.17.13:729][349]LogOnline: OSS: Creating online subsystem instance for: :Context_2
[2020.05.12-17.17.13:734][349]PIE: Play in editor start time for /Game/Levels/UEDPIE_0_World -0.288
[2020.05.12-17.17.24:622][  1]LogAudioMixer: Display: No commands were queued while flushing the source manager.
[2020.05.12-17.17.24:633][  1]LogAudioMixer: Display: Flush succeeded in the source manager command queue (1).
[2020.05.12-17.17.24:653][  1]LogAudioMixer: Display: Flush succeeded the source manager command queue (2).
[2020.05.12-17.17.24:653][  1]LogSlate: Updating window title bar state: overlay mode, drag disabled, window buttons hidden, title bar hidden
[2020.05.12-17.17.24:654][  1]LogWorld: BeginTearingDown for /Game/Levels/UEDPIE_0_World
[2020.05.12-17.17.24:654][  1]LogAudioMixer: Display: No commands were queued while flushing the source manager.
[2020.05.12-17.17.24:654][  1]LogWorld: UWorld::CleanupWorld for World, bSessionEnded=true, bCleanupResources=true
[2020.05.12-17.17.24:654][  1]LogSlate: InvalidateAllWidgets triggered.  All widgets were invalidated
[2020.05.12-17.17.24:671][  1]LogPlayLevel: Display: Shutting down PIE online subsystems
[2020.05.12-17.17.24:675][  1]LogSlate: InvalidateAllWidgets triggered.  All widgets were invalidated
[2020.05.12-17.17.24:700][  1]LogAudioMixer: Display: No commands were queued while flushing the source manager.
[2020.05.12-17.17.24:708][  1]LogSlate: Updating window title bar state: overlay mode, drag disabled, window buttons hidden, title bar hidden
[2020.05.12-17.17.24:711][  1]LogUObjectHash: Compacting FUObjectHashTables data took   1.68ms
[2020.05.12-17.17.24:727][  2]LogPlayLevel: Display: Destroying online subsystem :Context_2
[2020.05.12-17.17.25:495][ 46]LogTemp: Repeating last play command: Selected Viewport
[2020.05.12-17.17.25:512][ 46]LogPlayLevel: PlayLevel: No blueprints needed recompiling
[2020.05.12-17.17.25:513][ 46]PIE: New page: PIE session: World (May 12, 2020, 9:17:25 a.m.)
[2020.05.12-17.17.25:513][ 46]LogPlayLevel: Creating play world package: /Game/Levels/UEDPIE_0_World
[2020.05.12-17.17.25:517][ 46]LogPlayLevel: PIE: StaticDuplicateObject took: (0.003372s)
[2020.05.12-17.17.25:518][ 46]LogAIModule: Creating AISystem for world World
[2020.05.12-17.17.25:519][ 46]LogPlayLevel: PIE: World Init took: (0.001803s)
[2020.05.12-17.17.25:519][ 46]LogPlayLevel: PIE: Created PIE world by copying editor world from /Game/Levels/World.World to /Game/Levels/UEDPIE_0_World.World (0.005916s)
[2020.05.12-17.17.25:548][ 46]LogUObjectHash: Compacting FUObjectHashTables data took   2.05ms
[2020.05.12-17.17.25:549][ 46]LogAudioMixer: Display: Audio Mixer Platform Settings:
[2020.05.12-17.17.25:549][ 46]LogAudioMixer: Display: 	Sample Rate:						  48000
[2020.05.12-17.17.25:550][ 46]LogAudioMixer: Display: 	Callback Buffer Frame Size Requested: 1024
[2020.05.12-17.17.25:550][ 46]LogAudioMixer: Display: 	Callback Buffer Frame Size To Use:	  1024
[2020.05.12-17.17.25:550][ 46]LogAudioMixer: Display: 	Number of buffers to queue:			  2
[2020.05.12-17.17.25:550][ 46]LogAudioMixer: Display: 	Max Channels (voices):				  32
[2020.05.12-17.17.25:550][ 46]LogAudioMixer: Display: 	Number of Async Source Workers:		  0
[2020.05.12-17.17.25:551][ 46]LogAudio: Display: AudioDevice MaxSources: 32
[2020.05.12-17.17.25:551][ 46]LogAudio: Display: Using built-in audio occlusion.
[2020.05.12-17.17.25:552][ 46]LogAudioMixer: Display: Initializing audio mixer.
[2020.05.12-17.17.25:569][ 46]LogAudioMixer: Display: Audio Device Output Speaker Info:
[2020.05.12-17.17.25:570][ 46]LogAudioMixer: Display: Name: Speakers / Headphones (Realtek Audio)
[2020.05.12-17.17.25:570][ 46]LogAudioMixer: Display: Is Default: Yes
[2020.05.12-17.17.25:570][ 46]LogAudioMixer: Display: Sample Rate: 48000
[2020.05.12-17.17.25:570][ 46]LogAudioMixer: Display: Channel Count Used: 2
[2020.05.12-17.17.25:570][ 46]LogAudioMixer: Display: Device Channel Count: 2
[2020.05.12-17.17.25:570][ 46]LogAudioMixer: Display: Channel Order:
[2020.05.12-17.17.25:570][ 46]LogAudioMixer: Display: 0: FrontLeft
[2020.05.12-17.17.25:570][ 46]LogAudioMixer: Display: 1: FrontRight
[2020.05.12-17.17.25:661][ 46]LogAudioMixer: Display: Using Audio Device Speakers / Headphones (Realtek Audio)
[2020.05.12-17.17.25:667][ 46]LogInit: FAudioDevice initialized.
[2020.05.12-17.17.25:685][ 46]LogLoad: Game class is 'BP_SideScrollerGameModeBase_C'
[2020.05.12-17.17.25:686][ 46]LogWorld: Bringing World /Game/Levels/UEDPIE_0_World.World up for play (max tick rate 60) at 2020.05.12-13.17.25
[2020.05.12-17.17.25:686][ 46]LogWorld: Bringing up level for play took: 0.000966
[2020.05.12-17.17.25:687][ 46]LogOnline: OSS: Creating online subsystem instance for: :Context_3
[2020.05.12-17.17.25:692][ 46]PIE: Play in editor start time for /Game/Levels/UEDPIE_0_World -0.33
[2020.05.12-17.17.34:264][559]LogAudioMixer: Display: No commands were queued while flushing the source manager.
[2020.05.12-17.17.34:283][559]LogAudioMixer: Display: Flush succeeded in the source manager command queue (1).
[2020.05.12-17.17.34:304][559]LogAudioMixer: Display: Flush succeeded the source manager command queue (2).
[2020.05.12-17.17.34:305][559]LogSlate: Updating window title bar state: overlay mode, drag disabled, window buttons hidden, title bar hidden
[2020.05.12-17.17.34:305][559]LogWorld: BeginTearingDown for /Game/Levels/UEDPIE_0_World
[2020.05.12-17.17.34:305][559]LogAudioMixer: Display: No commands were queued while flushing the source manager.
[2020.05.12-17.17.34:306][559]LogWorld: UWorld::CleanupWorld for World, bSessionEnded=true, bCleanupResources=true
[2020.05.12-17.17.34:306][559]LogSlate: InvalidateAllWidgets triggered.  All widgets were invalidated
[2020.05.12-17.17.34:320][559]LogPlayLevel: Display: Shutting down PIE online subsystems
[2020.05.12-17.17.34:323][559]LogSlate: InvalidateAllWidgets triggered.  All widgets were invalidated
[2020.05.12-17.17.34:347][559]LogAudioMixer: Display: No commands were queued while flushing the source manager.
[2020.05.12-17.17.34:358][559]LogSlate: Updating window title bar state: overlay mode, drag disabled, window buttons hidden, title bar hidden
[2020.05.12-17.17.34:362][559]LogUObjectHash: Compacting FUObjectHashTables data took   1.88ms
[2020.05.12-17.17.34:380][560]LogPlayLevel: Display: Destroying online subsystem :Context_3
[2020.05.12-17.17.35:310][614]LogTemp: Repeating last play command: Selected Viewport
[2020.05.12-17.17.35:327][614]LogPlayLevel: PlayLevel: No blueprints needed recompiling
[2020.05.12-17.17.35:327][614]PIE: New page: PIE session: World (May 12, 2020, 9:17:35 a.m.)
[2020.05.12-17.17.35:327][614]LogPlayLevel: Creating play world package: /Game/Levels/UEDPIE_0_World
[2020.05.12-17.17.35:330][614]LogPlayLevel: PIE: StaticDuplicateObject took: (0.003191s)
[2020.05.12-17.17.35:332][614]LogAIModule: Creating AISystem for world World
[2020.05.12-17.17.35:332][614]LogPlayLevel: PIE: World Init took: (0.001334s)
[2020.05.12-17.17.35:332][614]LogPlayLevel: PIE: Created PIE world by copying editor world from /Game/Levels/World.World to /Game/Levels/UEDPIE_0_World.World (0.005011s)
[2020.05.12-17.17.35:358][614]LogUObjectHash: Compacting FUObjectHashTables data took   1.52ms
[2020.05.12-17.17.35:360][614]LogAudioMixer: Display: Audio Mixer Platform Settings:
[2020.05.12-17.17.35:360][614]LogAudioMixer: Display: 	Sample Rate:						  48000
[2020.05.12-17.17.35:360][614]LogAudioMixer: Display: 	Callback Buffer Frame Size Requested: 1024
[2020.05.12-17.17.35:360][614]LogAudioMixer: Display: 	Callback Buffer Frame Size To Use:	  1024
[2020.05.12-17.17.35:360][614]LogAudioMixer: Display: 	Number of buffers to queue:			  2
[2020.05.12-17.17.35:361][614]LogAudioMixer: Display: 	Max Channels (voices):				  32
[2020.05.12-17.17.35:361][614]LogAudioMixer: Display: 	Number of Async Source Workers:		  0
[2020.05.12-17.17.35:361][614]LogAudio: Display: AudioDevice MaxSources: 32
[2020.05.12-17.17.35:362][614]LogAudio: Display: Using built-in audio occlusion.
[2020.05.12-17.17.35:362][614]LogAudioMixer: Display: Initializing audio mixer.
[2020.05.12-17.17.35:378][614]LogAudioMixer: Display: Audio Device Output Speaker Info:
[2020.05.12-17.17.35:378][614]LogAudioMixer: Display: Name: Speakers / Headphones (Realtek Audio)
[2020.05.12-17.17.35:378][614]LogAudioMixer: Display: Is Default: Yes
[2020.05.12-17.17.35:379][614]LogAudioMixer: Display: Sample Rate: 48000
[2020.05.12-17.17.35:379][614]LogAudioMixer: Display: Channel Count Used: 2
[2020.05.12-17.17.35:379][614]LogAudioMixer: Display: Device Channel Count: 2
[2020.05.12-17.17.35:379][614]LogAudioMixer: Display: Channel Order:
[2020.05.12-17.17.35:379][614]LogAudioMixer: Display: 0: FrontLeft
[2020.05.12-17.17.35:379][614]LogAudioMixer: Display: 1: FrontRight
[2020.05.12-17.17.35:469][614]LogAudioMixer: Display: Using Audio Device Speakers / Headphones (Realtek Audio)
[2020.05.12-17.17.35:474][614]LogInit: FAudioDevice initialized.
[2020.05.12-17.17.35:490][614]LogLoad: Game class is 'BP_SideScrollerGameModeBase_C'
[2020.05.12-17.17.35:492][614]LogWorld: Bringing World /Game/Levels/UEDPIE_0_World.World up for play (max tick rate 60) at 2020.05.12-13.17.35
[2020.05.12-17.17.35:493][614]LogWorld: Bringing up level for play took: 0.001383
[2020.05.12-17.17.35:493][614]LogOnline: OSS: Creating online subsystem instance for: :Context_4
[2020.05.12-17.17.35:497][614]PIE: Play in editor start time for /Game/Levels/UEDPIE_0_World -0.525
[2020.05.12-17.17.43:409][ 87]LogAudioMixer: Display: No commands were queued while flushing the source manager.
[2020.05.12-17.17.43:413][ 87]LogAudioMixer: Display: Flush succeeded in the source manager command queue (1).
[2020.05.12-17.17.43:434][ 87]LogAudioMixer: Display: Flush succeeded the source manager command queue (2).
[2020.05.12-17.17.43:434][ 87]LogSlate: Updating window title bar state: overlay mode, drag disabled, window buttons hidden, title bar hidden
[2020.05.12-17.17.43:434][ 87]LogWorld: BeginTearingDown for /Game/Levels/UEDPIE_0_World
[2020.05.12-17.17.43:434][ 87]LogAudioMixer: Display: No commands were queued while flushing the source manager.
[2020.05.12-17.17.43:435][ 87]LogWorld: UWorld::CleanupWorld for World, bSessionEnded=true, bCleanupResources=true
[2020.05.12-17.17.43:435][ 87]LogSlate: InvalidateAllWidgets triggered.  All widgets were invalidated
[2020.05.12-17.17.43:446][ 87]LogPlayLevel: Display: Shutting down PIE online subsystems
[2020.05.12-17.17.43:449][ 87]LogSlate: InvalidateAllWidgets triggered.  All widgets were invalidated
[2020.05.12-17.17.43:475][ 87]LogAudioMixer: Display: No commands were queued while flushing the source manager.
[2020.05.12-17.17.43:483][ 87]LogSlate: Updating window title bar state: overlay mode, drag disabled, window buttons hidden, title bar hidden
[2020.05.12-17.17.43:486][ 87]LogUObjectHash: Compacting FUObjectHashTables data took   1.57ms
[2020.05.12-17.17.43:538][ 89]LogPlayLevel: Display: Destroying online subsystem :Context_4
[2020.05.12-17.17.44:234][130]LogTemp: Repeating last play command: Selected Viewport
[2020.05.12-17.17.44:252][130]LogPlayLevel: PlayLevel: No blueprints needed recompiling
[2020.05.12-17.17.44:252][130]PIE: New page: PIE session: World (May 12, 2020, 9:17:44 a.m.)
[2020.05.12-17.17.44:252][130]LogPlayLevel: Creating play world package: /Game/Levels/UEDPIE_0_World
[2020.05.12-17.17.44:256][130]LogPlayLevel: PIE: StaticDuplicateObject took: (0.003357s)
[2020.05.12-17.17.44:258][130]LogAIModule: Creating AISystem for world World
[2020.05.12-17.17.44:258][130]LogPlayLevel: PIE: World Init took: (0.001872s)
[2020.05.12-17.17.44:258][130]LogPlayLevel: PIE: Created PIE world by copying editor world from /Game/Levels/World.World to /Game/Levels/UEDPIE_0_World.World (0.005839s)
[2020.05.12-17.17.44:286][130]LogUObjectHash: Compacting FUObjectHashTables data took   1.41ms
[2020.05.12-17.17.44:286][130]LogAudioMixer: Display: Audio Mixer Platform Settings:
[2020.05.12-17.17.44:287][130]LogAudioMixer: Display: 	Sample Rate:						  48000
[2020.05.12-17.17.44:287][130]LogAudioMixer: Display: 	Callback Buffer Frame Size Requested: 1024
[2020.05.12-17.17.44:287][130]LogAudioMixer: Display: 	Callback Buffer Frame Size To Use:	  1024
[2020.05.12-17.17.44:287][130]LogAudioMixer: Display: 	Number of buffers to queue:			  2
[2020.05.12-17.17.44:287][130]LogAudioMixer: Display: 	Max Channels (voices):				  32
[2020.05.12-17.17.44:288][130]LogAudioMixer: Display: 	Number of Async Source Workers:		  0
[2020.05.12-17.17.44:288][130]LogAudio: Display: AudioDevice MaxSources: 32
[2020.05.12-17.17.44:289][130]LogAudio: Display: Using built-in audio occlusion.
[2020.05.12-17.17.44:289][130]LogAudioMixer: Display: Initializing audio mixer.
[2020.05.12-17.17.44:303][130]LogAudioMixer: Display: Audio Device Output Speaker Info:
[2020.05.12-17.17.44:304][130]LogAudioMixer: Display: Name: Speakers / Headphones (Realtek Audio)
[2020.05.12-17.17.44:304][130]LogAudioMixer: Display: Is Default: Yes
[2020.05.12-17.17.44:304][130]LogAudioMixer: Display: Sample Rate: 48000
[2020.05.12-17.17.44:304][130]LogAudioMixer: Display: Channel Count Used: 2
[2020.05.12-17.17.44:304][130]LogAudioMixer: Display: Device Channel Count: 2
[2020.05.12-17.17.44:304][130]LogAudioMixer: Display: Channel Order:
[2020.05.12-17.17.44:304][130]LogAudioMixer: Display: 0: FrontLeft
[2020.05.12-17.17.44:305][130]LogAudioMixer: Display: 1: FrontRight
[2020.05.12-17.17.44:395][130]LogAudioMixer: Display: Using Audio Device Speakers / Headphones (Realtek Audio)
[2020.05.12-17.17.44:399][130]LogInit: FAudioDevice initialized.
[2020.05.12-17.17.44:409][130]LogLoad: Game class is 'BP_SideScrollerGameModeBase_C'
[2020.05.12-17.17.44:411][130]LogWorld: Bringing World /Game/Levels/UEDPIE_0_World.World up for play (max tick rate 60) at 2020.05.12-13.17.44
[2020.05.12-17.17.44:412][130]LogWorld: Bringing up level for play took: 0.001050
[2020.05.12-17.17.44:413][130]LogOnline: OSS: Creating online subsystem instance for: :Context_5
[2020.05.12-17.17.44:417][130]PIE: Play in editor start time for /Game/Levels/UEDPIE_0_World 0.395
[2020.05.12-17.17.54:507][734]LogAudioMixer: Display: No commands were queued while flushing the source manager.
[2020.05.12-17.17.54:514][734]LogAudioMixer: Display: Flush succeeded in the source manager command queue (1).
[2020.05.12-17.17.54:533][734]LogAudioMixer: Display: Flush succeeded the source manager command queue (2).
[2020.05.12-17.17.54:534][734]LogSlate: Updating window title bar state: overlay mode, drag disabled, window buttons hidden, title bar hidden
[2020.05.12-17.17.54:534][734]LogWorld: BeginTearingDown for /Game/Levels/UEDPIE_0_World
[2020.05.12-17.17.54:534][734]LogAudioMixer: Display: No commands were queued while flushing the source manager.
[2020.05.12-17.17.54:534][734]LogWorld: UWorld::CleanupWorld for World, bSessionEnded=true, bCleanupResources=true
[2020.05.12-17.17.54:535][734]LogSlate: InvalidateAllWidgets triggered.  All widgets were invalidated
[2020.05.12-17.17.54:549][734]LogPlayLevel: Display: Shutting down PIE online subsystems
[2020.05.12-17.17.54:553][734]LogSlate: InvalidateAllWidgets triggered.  All widgets were invalidated
[2020.05.12-17.17.54:581][734]LogAudioMixer: Display: No commands were queued while flushing the source manager.
[2020.05.12-17.17.54:590][734]LogSlate: Updating window title bar state: overlay mode, drag disabled, window buttons hidden, title bar hidden
[2020.05.12-17.17.54:595][734]LogUObjectHash: Compacting FUObjectHashTables data took   3.02ms
[2020.05.12-17.17.54:614][735]LogPlayLevel: Display: Destroying online subsystem :Context_5
[2020.05.12-17.17.55:472][785]LogTemp: Repeating last play command: Selected Viewport
[2020.05.12-17.17.55:490][785]LogPlayLevel: PlayLevel: No blueprints needed recompiling
[2020.05.12-17.17.55:490][785]PIE: New page: PIE session: World (May 12, 2020, 9:17:55 a.m.)
[2020.05.12-17.17.55:491][785]LogPlayLevel: Creating play world package: /Game/Levels/UEDPIE_0_World
[2020.05.12-17.17.55:495][785]LogPlayLevel: PIE: StaticDuplicateObject took: (0.003766s)
[2020.05.12-17.17.55:496][785]LogAIModule: Creating AISystem for world World
[2020.05.12-17.17.55:497][785]LogPlayLevel: PIE: World Init took: (0.002012s)
[2020.05.12-17.17.55:497][785]LogPlayLevel: PIE: Created PIE world by copying editor world from /Game/Levels/World.World to /Game/Levels/UEDPIE_0_World.World (0.006327s)
[2020.05.12-17.17.55:523][785]LogUObjectHash: Compacting FUObjectHashTables data took   1.64ms
[2020.05.12-17.17.55:523][785]LogAudioMixer: Display: Audio Mixer Platform Settings:
[2020.05.12-17.17.55:523][785]LogAudioMixer: Display: 	Sample Rate:						  48000
[2020.05.12-17.17.55:523][785]LogAudioMixer: Display: 	Callback Buffer Frame Size Requested: 1024
[2020.05.12-17.17.55:523][785]LogAudioMixer: Display: 	Callback Buffer Frame Size To Use:	  1024
[2020.05.12-17.17.55:523][785]LogAudioMixer: Display: 	Number of buffers to queue:			  2
[2020.05.12-17.17.55:523][785]LogAudioMixer: Display: 	Max Channels (voices):				  32
[2020.05.12-17.17.55:523][785]LogAudioMixer: Display: 	Number of Async Source Workers:		  0
[2020.05.12-17.17.55:524][785]LogAudio: Display: AudioDevice MaxSources: 32
[2020.05.12-17.17.55:524][785]LogAudio: Display: Using built-in audio occlusion.
[2020.05.12-17.17.55:525][785]LogAudioMixer: Display: Initializing audio mixer.
[2020.05.12-17.17.55:539][785]LogAudioMixer: Display: Audio Device Output Speaker Info:
[2020.05.12-17.17.55:540][785]LogAudioMixer: Display: Name: Speakers / Headphones (Realtek Audio)
[2020.05.12-17.17.55:540][785]LogAudioMixer: Display: Is Default: Yes
[2020.05.12-17.17.55:540][785]LogAudioMixer: Display: Sample Rate: 48000
[2020.05.12-17.17.55:540][785]LogAudioMixer: Display: Channel Count Used: 2
[2020.05.12-17.17.55:540][785]LogAudioMixer: Display: Device Channel Count: 2
[2020.05.12-17.17.55:540][785]LogAudioMixer: Display: Channel Order:
[2020.05.12-17.17.55:541][785]LogAudioMixer: Display: 0: FrontLeft
[2020.05.12-17.17.55:541][785]LogAudioMixer: Display: 1: FrontRight
[2020.05.12-17.17.55:631][785]LogAudioMixer: Display: Using Audio Device Speakers / Headphones (Realtek Audio)
[2020.05.12-17.17.55:636][785]LogInit: FAudioDevice initialized.
[2020.05.12-17.17.55:648][785]LogLoad: Game class is 'BP_SideScrollerGameModeBase_C'
[2020.05.12-17.17.55:650][785]LogWorld: Bringing World /Game/Levels/UEDPIE_0_World.World up for play (max tick rate 60) at 2020.05.12-13.17.55
[2020.05.12-17.17.55:651][785]LogWorld: Bringing up level for play took: 0.000936
[2020.05.12-17.17.55:651][785]LogOnline: OSS: Creating online subsystem instance for: :Context_6
[2020.05.12-17.17.55:655][785]PIE: Play in editor start time for /Game/Levels/UEDPIE_0_World -0.367
[2020.05.12-17.18.03:039][226]LogAudioMixer: Display: No commands were queued while flushing the source manager.
[2020.05.12-17.18.03:044][226]LogAudioMixer: Display: Flush succeeded in the source manager command queue (1).
[2020.05.12-17.18.03:063][226]LogAudioMixer: Display: Flush succeeded the source manager command queue (2).
[2020.05.12-17.18.03:064][226]LogSlate: Updating window title bar state: overlay mode, drag disabled, window buttons hidden, title bar hidden
[2020.05.12-17.18.03:064][226]LogWorld: BeginTearingDown for /Game/Levels/UEDPIE_0_World
[2020.05.12-17.18.03:064][226]LogAudioMixer: Display: No commands were queued while flushing the source manager.
[2020.05.12-17.18.03:065][226]LogWorld: UWorld::CleanupWorld for World, bSessionEnded=true, bCleanupResources=true
[2020.05.12-17.18.03:065][226]LogSlate: InvalidateAllWidgets triggered.  All widgets were invalidated
[2020.05.12-17.18.03:078][226]LogPlayLevel: Display: Shutting down PIE online subsystems
[2020.05.12-17.18.03:081][226]LogSlate: InvalidateAllWidgets triggered.  All widgets were invalidated
[2020.05.12-17.18.03:106][226]LogAudioMixer: Display: No commands were queued while flushing the source manager.
[2020.05.12-17.18.03:119][226]LogSlate: Updating window title bar state: overlay mode, drag disabled, window buttons hidden, title bar hidden
[2020.05.12-17.18.03:124][226]LogUObjectHash: Compacting FUObjectHashTables data took   2.57ms
[2020.05.12-17.18.03:146][227]LogPlayLevel: Display: Destroying online subsystem :Context_6
[2020.05.12-17.18.04:020][277]LogTemp: Repeating last play command: Selected Viewport
[2020.05.12-17.18.04:035][277]LogPlayLevel: PlayLevel: No blueprints needed recompiling
[2020.05.12-17.18.04:035][277]PIE: New page: PIE session: World (May 12, 2020, 9:18:04 a.m.)
[2020.05.12-17.18.04:036][277]LogPlayLevel: Creating play world package: /Game/Levels/UEDPIE_0_World
[2020.05.12-17.18.04:039][277]LogPlayLevel: PIE: StaticDuplicateObject took: (0.003516s)
[2020.05.12-17.18.04:041][277]LogAIModule: Creating AISystem for world World
[2020.05.12-17.18.04:041][277]LogPlayLevel: PIE: World Init took: (0.001346s)
[2020.05.12-17.18.04:041][277]LogPlayLevel: PIE: Created PIE world by copying editor world from /Game/Levels/World.World to /Game/Levels/UEDPIE_0_World.World (0.005395s)
[2020.05.12-17.18.04:066][277]LogUObjectHash: Compacting FUObjectHashTables data took   1.49ms
[2020.05.12-17.18.04:066][277]LogAudioMixer: Display: Audio Mixer Platform Settings:
[2020.05.12-17.18.04:066][277]LogAudioMixer: Display: 	Sample Rate:						  48000
[2020.05.12-17.18.04:067][277]LogAudioMixer: Display: 	Callback Buffer Frame Size Requested: 1024
[2020.05.12-17.18.04:067][277]LogAudioMixer: Display: 	Callback Buffer Frame Size To Use:	  1024
[2020.05.12-17.18.04:067][277]LogAudioMixer: Display: 	Number of buffers to queue:			  2
[2020.05.12-17.18.04:067][277]LogAudioMixer: Display: 	Max Channels (voices):				  32
[2020.05.12-17.18.04:067][277]LogAudioMixer: Display: 	Number of Async Source Workers:		  0
[2020.05.12-17.18.04:068][277]LogAudio: Display: AudioDevice MaxSources: 32
[2020.05.12-17.18.04:068][277]LogAudio: Display: Using built-in audio occlusion.
[2020.05.12-17.18.04:069][277]LogAudioMixer: Display: Initializing audio mixer.
[2020.05.12-17.18.04:083][277]LogAudioMixer: Display: Audio Device Output Speaker Info:
[2020.05.12-17.18.04:084][277]LogAudioMixer: Display: Name: Speakers / Headphones (Realtek Audio)
[2020.05.12-17.18.04:084][277]LogAudioMixer: Display: Is Default: Yes
[2020.05.12-17.18.04:084][277]LogAudioMixer: Display: Sample Rate: 48000
[2020.05.12-17.18.04:084][277]LogAudioMixer: Display: Channel Count Used: 2
[2020.05.12-17.18.04:084][277]LogAudioMixer: Display: Device Channel Count: 2
[2020.05.12-17.18.04:084][277]LogAudioMixer: Display: Channel Order:
[2020.05.12-17.18.04:085][277]LogAudioMixer: Display: 0: FrontLeft
[2020.05.12-17.18.04:085][277]LogAudioMixer: Display: 1: FrontRight
[2020.05.12-17.18.04:174][277]LogAudioMixer: Display: Using Audio Device Speakers / Headphones (Realtek Audio)
[2020.05.12-17.18.04:177][277]LogInit: FAudioDevice initialized.
[2020.05.12-17.18.04:193][277]LogLoad: Game class is 'BP_SideScrollerGameModeBase_C'
[2020.05.12-17.18.04:195][277]LogWorld: Bringing World /Game/Levels/UEDPIE_0_World.World up for play (max tick rate 60) at 2020.05.12-13.18.04
[2020.05.12-17.18.04:196][277]LogWorld: Bringing up level for play took: 0.001100
[2020.05.12-17.18.04:196][277]LogOnline: OSS: Creating online subsystem instance for: :Context_7
[2020.05.12-17.18.04:201][277]PIE: Play in editor start time for /Game/Levels/UEDPIE_0_World 0.179
[2020.05.12-17.18.11:688][725]LogAudioMixer: Display: No commands were queued while flushing the source manager.
[2020.05.12-17.18.11:714][725]LogAudioMixer: Display: Flush succeeded in the source manager command queue (1).
[2020.05.12-17.18.11:733][725]LogAudioMixer: Display: Flush succeeded the source manager command queue (2).
[2020.05.12-17.18.11:734][725]LogSlate: Updating window title bar state: overlay mode, drag disabled, window buttons hidden, title bar hidden
[2020.05.12-17.18.11:734][725]LogWorld: BeginTearingDown for /Game/Levels/UEDPIE_0_World
[2020.05.12-17.18.11:734][725]LogAudioMixer: Display: No commands were queued while flushing the source manager.
[2020.05.12-17.18.11:734][725]LogWorld: UWorld::CleanupWorld for World, bSessionEnded=true, bCleanupResources=true
[2020.05.12-17.18.11:735][725]LogSlate: InvalidateAllWidgets triggered.  All widgets were invalidated
[2020.05.12-17.18.11:747][725]LogPlayLevel: Display: Shutting down PIE online subsystems
[2020.05.12-17.18.11:750][725]LogSlate: InvalidateAllWidgets triggered.  All widgets were invalidated
[2020.05.12-17.18.11:775][725]LogAudioMixer: Display: No commands were queued while flushing the source manager.
[2020.05.12-17.18.11:782][725]LogSlate: Updating window title bar state: overlay mode, drag disabled, window buttons hidden, title bar hidden
[2020.05.12-17.18.11:785][725]LogUObjectHash: Compacting FUObjectHashTables data took   1.46ms
[2020.05.12-17.18.11:799][726]LogPlayLevel: Display: Destroying online subsystem :Context_7
[2020.05.12-17.18.12:619][770]LogTemp: Repeating last play command: Selected Viewport
[2020.05.12-17.18.12:636][770]LogPlayLevel: PlayLevel: No blueprints needed recompiling
[2020.05.12-17.18.12:636][770]PIE: New page: PIE session: World (May 12, 2020, 9:18:12 a.m.)
[2020.05.12-17.18.12:636][770]LogPlayLevel: Creating play world package: /Game/Levels/UEDPIE_0_World
[2020.05.12-17.18.12:640][770]LogPlayLevel: PIE: StaticDuplicateObject took: (0.003727s)
[2020.05.12-17.18.12:642][770]LogAIModule: Creating AISystem for world World
[2020.05.12-17.18.12:643][770]LogPlayLevel: PIE: World Init took: (0.001948s)
[2020.05.12-17.18.12:643][770]LogPlayLevel: PIE: Created PIE world by copying editor world from /Game/Levels/World.World to /Game/Levels/UEDPIE_0_World.World (0.006298s)
[2020.05.12-17.18.12:670][770]LogUObjectHash: Compacting FUObjectHashTables data took   2.32ms
[2020.05.12-17.18.12:672][770]LogAudioMixer: Display: Audio Mixer Platform Settings:
[2020.05.12-17.18.12:672][770]LogAudioMixer: Display: 	Sample Rate:						  48000
[2020.05.12-17.18.12:672][770]LogAudioMixer: Display: 	Callback Buffer Frame Size Requested: 1024
[2020.05.12-17.18.12:672][770]LogAudioMixer: Display: 	Callback Buffer Frame Size To Use:	  1024
[2020.05.12-17.18.12:672][770]LogAudioMixer: Display: 	Number of buffers to queue:			  2
[2020.05.12-17.18.12:672][770]LogAudioMixer: Display: 	Max Channels (voices):				  32
[2020.05.12-17.18.12:672][770]LogAudioMixer: Display: 	Number of Async Source Workers:		  0
[2020.05.12-17.18.12:673][770]LogAudio: Display: AudioDevice MaxSources: 32
[2020.05.12-17.18.12:673][770]LogAudio: Display: Using built-in audio occlusion.
[2020.05.12-17.18.12:674][770]LogAudioMixer: Display: Initializing audio mixer.
[2020.05.12-17.18.12:691][770]LogAudioMixer: Display: Audio Device Output Speaker Info:
[2020.05.12-17.18.12:691][770]LogAudioMixer: Display: Name: Speakers / Headphones (Realtek Audio)
[2020.05.12-17.18.12:691][770]LogAudioMixer: Display: Is Default: Yes
[2020.05.12-17.18.12:691][770]LogAudioMixer: Display: Sample Rate: 48000
[2020.05.12-17.18.12:692][770]LogAudioMixer: Display: Channel Count Used: 2
[2020.05.12-17.18.12:692][770]LogAudioMixer: Display: Device Channel Count: 2
[2020.05.12-17.18.12:692][770]LogAudioMixer: Display: Channel Order:
[2020.05.12-17.18.12:692][770]LogAudioMixer: Display: 0: FrontLeft
[2020.05.12-17.18.12:692][770]LogAudioMixer: Display: 1: FrontRight
[2020.05.12-17.18.12:782][770]LogAudioMixer: Display: Using Audio Device Speakers / Headphones (Realtek Audio)
[2020.05.12-17.18.12:786][770]LogInit: FAudioDevice initialized.
[2020.05.12-17.18.12:799][770]LogLoad: Game class is 'BP_SideScrollerGameModeBase_C'
[2020.05.12-17.18.12:801][770]LogWorld: Bringing World /Game/Levels/UEDPIE_0_World.World up for play (max tick rate 60) at 2020.05.12-13.18.12
[2020.05.12-17.18.12:802][770]LogWorld: Bringing up level for play took: 0.001088
[2020.05.12-17.18.12:802][770]LogOnline: OSS: Creating online subsystem instance for: :Context_8
[2020.05.12-17.18.12:807][770]PIE: Play in editor start time for /Game/Levels/UEDPIE_0_World 0.785
