Log file open, 05/07/20 15:14:33
LogWindows: Failed to load 'aqProf.dll' (GetLastError=126)
LogWindows: File 'aqProf.dll' does not exist
LogWindows: Failed to load 'VtuneApi.dll' (GetLastError=126)
LogWindows: File 'VtuneApi.dll' does not exist
LogWindows: Failed to load 'VtuneApi32e.dll' (GetLastError=126)
LogWindows: File 'VtuneApi32e.dll' does not exist
LogConsoleResponse: Display: Failed to find resolution value strings in scalability ini. Falling back to default.
LogInit: Display: Running engine for game: SideScroller
LogPlatformFile: Not using cached read wrapper
LogTaskGraph: Started task graph with 5 named threads and 23 total threads with 3 sets of task threads.
LogStats: Stats thread started at 0.168731
LogD3D11RHI: Loaded GFSDK_Aftermath_Lib.x64.dll
LogICUInternationalization: ICU TimeZone Detection - Raw Offset: -5:00, Platform Override: ''
LogPluginManager: Mounting plugin Paper2D
LogPluginManager: Mounting plugin AISupport
LogPluginManager: Mounting plugin LightPropagationVolume
LogPluginManager: Mounting plugin ActorLayerUtilities
LogPluginManager: Mounting plugin AnimationSharing
LogPluginManager: Mounting plugin CLionSourceCodeAccess
LogPluginManager: Mounting plugin CodeLiteSourceCodeAccess
LogPluginManager: Mounting plugin GitSourceControl
LogPluginManager: Mounting plugin KDevelopSourceCodeAccess
LogPluginManager: Mounting plugin NullSourceCodeAccess
LogPluginManager: Mounting plugin PerforceSourceControl
LogPluginManager: Mounting plugin PlasticSourceControl
LogPluginManager: Mounting plugin SubversionSourceControl
LogPluginManager: Mounting plugin UObjectPlugin
LogPluginManager: Mounting plugin VisualStudioCodeSourceCodeAccess
LogPluginManager: Mounting plugin VisualStudioSourceCodeAccess
LogPluginManager: Mounting plugin XCodeSourceCodeAccess
LogPluginManager: Mounting plugin AssetManagerEditor
LogPluginManager: Mounting plugin CryptoKeys
LogPluginManager: Mounting plugin CurveEditorTools
LogPluginManager: Mounting plugin DataValidation
LogPluginManager: Mounting plugin FacialAnimation
LogPluginManager: Mounting plugin GameplayTagsEditor
LogPluginManager: Mounting plugin MacGraphicsSwitching
LogPluginManager: Mounting plugin MaterialAnalyzer
LogPluginManager: Mounting plugin MobileLauncherProfileWizard
LogPluginManager: Mounting plugin PluginBrowser
LogPluginManager: Mounting plugin SpeedTreeImporter
LogPluginManager: Mounting plugin DatasmithContent
LogPluginManager: Mounting plugin VariantManagerContent
LogPluginManager: Mounting plugin AlembicImporter
LogPluginManager: Mounting plugin AutomationUtils
LogPluginManager: Mounting plugin BackChannel
LogPluginManager: Mounting plugin CharacterAI
LogPluginManager: Mounting plugin GeometryCache
LogPluginManager: Mounting plugin PlatformCrypto
LogPluginManager: Mounting plugin ProxyLODPlugin
LogPluginManager: Mounting plugin SkeletalReduction
LogPluginManager: Mounting plugin MagicLeap
LogPluginManager: Mounting plugin MagicLeapMedia
LogPluginManager: Mounting plugin MLSDK
LogPluginManager: Mounting plugin AndroidMedia
LogPluginManager: Mounting plugin AvfMedia
LogPluginManager: Mounting plugin ImgMedia
LogPluginManager: Mounting plugin MediaCompositing
LogPluginManager: Mounting plugin MediaPlayerEditor
LogPluginManager: Mounting plugin WebMMedia
LogPluginManager: Mounting plugin WmfMedia
LogPluginManager: Mounting plugin TcpMessaging
LogPluginManager: Mounting plugin UdpMessaging
LogPluginManager: Mounting plugin ActorSequence
LogPluginManager: Mounting plugin LevelSequenceEditor
LogPluginManager: Mounting plugin MatineeToLevelSequence
LogPluginManager: Mounting plugin NetcodeUnitTest
LogPluginManager: Mounting plugin NUTUnrealEngine4
LogPluginManager: Mounting plugin OnlineSubsystemGooglePlay
LogPluginManager: Mounting plugin OnlineSubsystemIOS
LogPluginManager: Mounting plugin OnlineSubsystem
LogPluginManager: Mounting plugin OnlineSubsystemNull
LogPluginManager: Mounting plugin OnlineSubsystemUtils
LogPluginManager: Mounting plugin LauncherChunkInstaller
LogPluginManager: Mounting plugin AndroidDeviceProfileSelector
LogPluginManager: Mounting plugin AndroidMoviePlayer
LogPluginManager: Mounting plugin AndroidPermission
LogPluginManager: Mounting plugin AppleImageUtils
LogPluginManager: Mounting plugin AppleMoviePlayer
LogPluginManager: Mounting plugin ArchVisCharacter
LogPluginManager: Mounting plugin AssetTags
LogPluginManager: Mounting plugin AudioCapture
LogPluginManager: Mounting plugin CableComponent
LogPluginManager: Mounting plugin CustomMeshComponent
LogPluginManager: Mounting plugin EditableMesh
LogPluginManager: Mounting plugin ExampleDeviceProfileSelector
LogPluginManager: Mounting plugin GoogleCloudMessaging
LogPluginManager: Mounting plugin IOSDeviceProfileSelector
LogPluginManager: Mounting plugin LinuxDeviceProfileSelector
LogPluginManager: Mounting plugin LocationServicesBPLibrary
LogPluginManager: Mounting plugin MobilePatchingUtils
LogPluginManager: Mounting plugin OculusVR
LogPluginManager: Mounting plugin PhysXVehicles
LogPluginManager: Mounting plugin PostSplashScreen
LogPluginManager: Mounting plugin ProceduralMeshComponent
LogPluginManager: Mounting plugin RuntimePhysXCooking
LogPluginManager: Mounting plugin SignificanceManager
LogPluginManager: Mounting plugin SteamVR
LogPluginManager: Mounting plugin WebMMoviePlayer
LogPluginManager: Mounting plugin WindowsMoviePlayer
LogPluginManager: Mounting plugin ScreenshotTools
LogInit: Using libcurl 7.55.1-DEV
LogInit:  - built for x86_64-pc-win32
LogInit:  - supports SSL with OpenSSL/1.1.1
LogInit:  - supports HTTP deflate (compression) using libz 1.2.8
LogInit:  - other features:
LogInit:      CURL_VERSION_SSL
LogInit:      CURL_VERSION_LIBZ
LogInit:      CURL_VERSION_IPV6
LogInit:      CURL_VERSION_ASYNCHDNS
LogInit:      CURL_VERSION_LARGEFILE
LogInit:      CURL_VERSION_IDN
LogInit:  CurlRequestOptions (configurable via config and command line):
LogInit:  - bVerifyPeer = true  - Libcurl will verify peer certificate
LogInit:  - bUseHttpProxy = false  - Libcurl will NOT use HTTP proxy
LogInit:  - bDontReuseConnections = false  - Libcurl will reuse connections
LogInit:  - MaxHostConnections = 16  - Libcurl will limit the number of connections to a host
LogInit:  - LocalHostAddr = Default
LogInit:  - BufferSize = 65536
LogOnline: OSS: Creating online subsystem instance for: NULL
LogInit: WinSock: version 1.1 (2.2), MaxSocks=32767, MaxUdp=65467
LogOnline: OSS: TryLoadSubsystemAndSetDefault: Loaded subsystem for module [NULL]
LogInit: Build: ++UE4+Release-4.24-CL-11590370
LogInit: Engine Version: 4.24.3-11590370+++UE4+Release-4.24
LogInit: Compatible Engine Version: 4.24.0-10570792+++UE4+Release-4.24
LogInit: Net CL: 10570792
LogInit: OS: Windows 10 (Release 1903) (), CPU: Intel(R) Core(TM) i7-7700HQ CPU @ 2.80GHz, GPU: Intel(R) HD Graphics 630
LogInit: Compiled (64-bit): Feb 24 2020 15:39:18
LogInit: Compiled with Visual C++: 19.16.27032.01
LogInit: Build Configuration: Development
LogInit: Branch Name: ++UE4+Release-4.24
LogInit: Command Line:  -skipcompile
LogInit: Base Directory: D:/Program Files (x86)/UE_4.24/Engine/Binaries/Win64/
LogInit: Installed Engine Build: 1
LogDevObjectVersion: Number of dev versions registered: 25
LogDevObjectVersion:   Dev-Blueprints (B0D832E4-1F89-4F0D-ACCF-7EB736FD4AA2): 10
LogDevObjectVersion:   Dev-Build (E1C64328-A22C-4D53-A36C-8E866417BD8C): 0
LogDevObjectVersion:   Dev-Core (375EC13C-06E4-48FB-B500-84F0262A717E): 3
LogDevObjectVersion:   Dev-Editor (E4B068ED-F494-42E9-A231-DA0B2E46BB41): 37
LogDevObjectVersion:   Dev-Framework (CFFC743F-43B0-4480-9391-14DF171D2073): 36
LogDevObjectVersion:   Dev-Mobile (B02B49B5-BB20-44E9-A304-32B752E40360): 2
LogDevObjectVersion:   Dev-Networking (A4E4105C-59A1-49B5-A7C5-40C4547EDFEE): 0
LogDevObjectVersion:   Dev-Online (39C831C9-5AE6-47DC-9A44-9C173E1C8E7C): 0
LogDevObjectVersion:   Dev-Physics (78F01B33-EBEA-4F98-B9B4-84EACCB95AA2): 2
LogDevObjectVersion:   Dev-Platform (6631380F-2D4D-43E0-8009-CF276956A95A): 0
LogDevObjectVersion:   Dev-Rendering (12F88B9F-8875-4AFC-A67C-D90C383ABD29): 36
LogDevObjectVersion:   Dev-Sequencer (7B5AE74C-D270-4C10-A958-57980B212A5A): 11
LogDevObjectVersion:   Dev-VR (D7296918-1DD6-4BDD-9DE2-64A83CC13884): 2
LogDevObjectVersion:   Dev-LoadTimes (C2A15278-BFE7-4AFE-6C17-90FF531DF755): 1
LogDevObjectVersion:   Private-Geometry (6EACA3D4-40EC-4CC1-B786-8BED09428FC5): 3
LogDevObjectVersion:   Dev-AnimPhys (29E575DD-E0A3-4627-9D10-D276232CDCEA): 17
LogDevObjectVersion:   Dev-Anim (AF43A65D-7FD3-4947-9873-3E8ED9C1BB05): 2
LogDevObjectVersion:   Dev-ReflectionCapture (6B266CEC-1EC7-4B8F-A30B-E4D90942FC07): 1
LogDevObjectVersion:   Dev-Automation (0DF73D61-A23F-47EA-B727-89E90C41499A): 1
LogDevObjectVersion:   FortniteMain (601D1886-AC64-4F84-AA16-D3DE0DEAC7D6): 31
LogDevObjectVersion:   Dev-Enterprise (9DFFBCD6-494F-0158-E221-12823C92A888): 8
LogDevObjectVersion:   Dev-Niagara (F2AED0AC-9AFE-416F-8664-AA7FFA26D6FC): 1
LogDevObjectVersion:   Dev-Destruction (174F1F0B-B4C6-45A5-B13F-2EE8D0FB917D): 9
LogDevObjectVersion:   Dev-Physics-Ext (35F94A83-E258-406C-A318-09F59610247C): 8
LogDevObjectVersion:   Dev-CineCamera (B2E18506-4273-CFC2-A54E-F4BB758BBA07): 1
LogInit: Presizing for max 25165824 objects, including 0 objects not considered by GC, pre-allocating 0 bytes for permanent pool.
LogInit: Object subsystem initialized
LogConfig: Setting CVar [[con.DebugEarlyDefault:1]]
LogConfig: Setting CVar [[r.setres:1280x720]]
[2020.05.07-19.14.33:561][  0]LogConfig: Setting CVar [[r.VSync:0]]
[2020.05.07-19.14.33:561][  0]LogConfig: Setting CVar [[r.RHICmdBypass:0]]
[2020.05.07-19.14.33:561][  0]LogConfig: Applying CVar settings from Section [/Script/Engine.RendererSettings] File [D:/adale/Desktop/2DSouls/SideScroller/Saved/Config/Windows/Engine.ini]
[2020.05.07-19.14.33:561][  0]LogConfig: Setting CVar [[r.GPUCrashDebugging:0]]
[2020.05.07-19.14.33:561][  0]LogConfig: Applying CVar settings from Section [/Script/Engine.RendererOverrideSettings] File [D:/adale/Desktop/2DSouls/SideScroller/Saved/Config/Windows/Engine.ini]
[2020.05.07-19.14.33:561][  0]LogConfig: Applying CVar settings from Section [/Script/Engine.StreamingSettings] File [D:/adale/Desktop/2DSouls/SideScroller/Saved/Config/Windows/Engine.ini]
[2020.05.07-19.14.33:561][  0]LogConfig: Setting CVar [[s.MinBulkDataSizeForAsyncLoading:131072]]
[2020.05.07-19.14.33:561][  0]LogConfig: Setting CVar [[s.AsyncLoadingThreadEnabled:0]]
[2020.05.07-19.14.33:561][  0]LogConfig: Setting CVar [[s.EventDrivenLoaderEnabled:1]]
[2020.05.07-19.14.33:561][  0]LogConfig: Setting CVar [[s.WarnIfTimeLimitExceeded:0]]
[2020.05.07-19.14.33:561][  0]LogConfig: Setting CVar [[s.TimeLimitExceededMultiplier:1.5]]
[2020.05.07-19.14.33:562][  0]LogConfig: Setting CVar [[s.TimeLimitExceededMinTime:0.005]]
[2020.05.07-19.14.33:562][  0]LogConfig: Setting CVar [[s.UseBackgroundLevelStreaming:1]]
[2020.05.07-19.14.33:562][  0]LogConfig: Setting CVar [[s.PriorityAsyncLoadingExtraTime:15.0]]
[2020.05.07-19.14.33:562][  0]LogConfig: Setting CVar [[s.LevelStreamingActorsUpdateTimeLimit:5.0]]
[2020.05.07-19.14.33:562][  0]LogConfig: Setting CVar [[s.PriorityLevelStreamingActorsUpdateExtraTime:5.0]]
[2020.05.07-19.14.33:562][  0]LogConfig: Setting CVar [[s.LevelStreamingComponentsRegistrationGranularity:10]]
[2020.05.07-19.14.33:562][  0]LogConfig: Setting CVar [[s.UnregisterComponentsTimeLimit:1.0]]
[2020.05.07-19.14.33:562][  0]LogConfig: Setting CVar [[s.LevelStreamingComponentsUnregistrationGranularity:5]]
[2020.05.07-19.14.33:562][  0]LogConfig: Setting CVar [[s.FlushStreamingOnExit:1]]
[2020.05.07-19.14.33:562][  0]LogConfig: Applying CVar settings from Section [/Script/Engine.GarbageCollectionSettings] File [D:/adale/Desktop/2DSouls/SideScroller/Saved/Config/Windows/Engine.ini]
[2020.05.07-19.14.33:562][  0]LogConfig: Setting CVar [[gc.MaxObjectsNotConsideredByGC:1]]
[2020.05.07-19.14.33:562][  0]LogConfig: Setting CVar [[gc.SizeOfPermanentObjectPool:0]]
[2020.05.07-19.14.33:562][  0]LogConfig: Setting CVar [[gc.FlushStreamingOnGC:0]]
[2020.05.07-19.14.33:562][  0]LogConfig: Setting CVar [[gc.NumRetriesBeforeForcingGC:10]]
[2020.05.07-19.14.33:563][  0]LogConfig: Setting CVar [[gc.AllowParallelGC:1]]
[2020.05.07-19.14.33:563][  0]LogConfig: Setting CVar [[gc.TimeBetweenPurgingPendingKillObjects:61.1]]
[2020.05.07-19.14.33:563][  0]LogConfig: Setting CVar [[gc.MaxObjectsInEditor:25165824]]
[2020.05.07-19.14.33:563][  0]LogConfig: Setting CVar [[gc.IncrementalBeginDestroyEnabled:1]]
[2020.05.07-19.14.33:563][  0]LogConfig: Setting CVar [[gc.CreateGCClusters:1]]
[2020.05.07-19.14.33:563][  0]LogConfig: Setting CVar [[gc.MinGCClusterSize:5]]
[2020.05.07-19.14.33:563][  0]LogConfig: Setting CVar [[gc.ActorClusteringEnabled:0]]
[2020.05.07-19.14.33:563][  0]LogConfig: Setting CVar [[gc.BlueprintClusteringEnabled:0]]
[2020.05.07-19.14.33:563][  0]LogConfig: Setting CVar [[gc.UseDisregardForGCOnDedicatedServers:0]]
[2020.05.07-19.14.33:563][  0]LogConfig: Applying CVar settings from Section [/Script/Engine.NetworkSettings] File [D:/adale/Desktop/2DSouls/SideScroller/Saved/Config/Windows/Engine.ini]
[2020.05.07-19.14.33:563][  0]LogConfig: Applying CVar settings from Section [/Script/UnrealEd.CookerSettings] File [D:/adale/Desktop/2DSouls/SideScroller/Saved/Config/Windows/Engine.ini]
[2020.05.07-19.14.33:574][  0]LogConfig: Applying CVar settings from Section [ViewDistanceQuality@3] File [D:/adale/Desktop/2DSouls/SideScroller/Saved/Config/Windows/Scalability.ini]
[2020.05.07-19.14.33:574][  0]LogConfig: Setting CVar [[r.SkeletalMeshLODBias:0]]
[2020.05.07-19.14.33:574][  0]LogConfig: Setting CVar [[r.ViewDistanceScale:1.0]]
[2020.05.07-19.14.33:574][  0]LogConfig: Applying CVar settings from Section [AntiAliasingQuality@3] File [D:/adale/Desktop/2DSouls/SideScroller/Saved/Config/Windows/Scalability.ini]
[2020.05.07-19.14.33:574][  0]LogConfig: Setting CVar [[r.PostProcessAAQuality:4]]
[2020.05.07-19.14.33:574][  0]LogConfig: Applying CVar settings from Section [ShadowQuality@3] File [D:/adale/Desktop/2DSouls/SideScroller/Saved/Config/Windows/Scalability.ini]
[2020.05.07-19.14.33:574][  0]LogConfig: Setting CVar [[r.LightFunctionQuality:1]]
[2020.05.07-19.14.33:574][  0]LogConfig: Setting CVar [[r.ShadowQuality:5]]
[2020.05.07-19.14.33:575][  0]LogConfig: Setting CVar [[r.Shadow.CSM.MaxCascades:10]]
[2020.05.07-19.14.33:575][  0]LogConfig: Setting CVar [[r.Shadow.MaxResolution:2048]]
[2020.05.07-19.14.33:575][  0]LogConfig: Setting CVar [[r.Shadow.MaxCSMResolution:2048]]
[2020.05.07-19.14.33:575][  0]LogConfig: Setting CVar [[r.Shadow.RadiusThreshold:0.01]]
[2020.05.07-19.14.33:575][  0]LogConfig: Setting CVar [[r.Shadow.DistanceScale:1.0]]
[2020.05.07-19.14.33:575][  0]LogConfig: Setting CVar [[r.Shadow.CSM.TransitionScale:1.0]]
[2020.05.07-19.14.33:575][  0]LogConfig: Setting CVar [[r.Shadow.PreShadowResolutionFactor:1.0]]
[2020.05.07-19.14.33:575][  0]LogConfig: Setting CVar [[r.DistanceFieldShadowing:1]]
[2020.05.07-19.14.33:575][  0]LogConfig: Setting CVar [[r.DistanceFieldAO:1]]
[2020.05.07-19.14.33:575][  0]LogConfig: Setting CVar [[r.AOQuality:2]]
[2020.05.07-19.14.33:575][  0]LogConfig: Setting CVar [[r.VolumetricFog:1]]
[2020.05.07-19.14.33:575][  0]LogConfig: Setting CVar [[r.VolumetricFog.GridPixelSize:8]]
[2020.05.07-19.14.33:575][  0]LogConfig: Setting CVar [[r.VolumetricFog.GridSizeZ:128]]
[2020.05.07-19.14.33:575][  0]LogConfig: Setting CVar [[r.VolumetricFog.HistoryMissSupersampleCount:4]]
[2020.05.07-19.14.33:575][  0]LogConfig: Setting CVar [[r.LightMaxDrawDistanceScale:1]]
[2020.05.07-19.14.33:576][  0]LogConfig: Setting CVar [[r.CapsuleShadows:1]]
[2020.05.07-19.14.33:576][  0]LogConfig: Applying CVar settings from Section [PostProcessQuality@3] File [D:/adale/Desktop/2DSouls/SideScroller/Saved/Config/Windows/Scalability.ini]
[2020.05.07-19.14.33:576][  0]LogConfig: Setting CVar [[r.MotionBlurQuality:4]]
[2020.05.07-19.14.33:576][  0]LogConfig: Setting CVar [[r.AmbientOcclusionMipLevelFactor:0.4]]
[2020.05.07-19.14.33:576][  0]LogConfig: Setting CVar [[r.AmbientOcclusionMaxQuality:100]]
[2020.05.07-19.14.33:576][  0]LogConfig: Setting CVar [[r.AmbientOcclusionLevels:-1]]
[2020.05.07-19.14.33:576][  0]LogConfig: Setting CVar [[r.AmbientOcclusionRadiusScale:1.0]]
[2020.05.07-19.14.33:576][  0]LogConfig: Setting CVar [[r.DepthOfFieldQuality:2]]
[2020.05.07-19.14.33:576][  0]LogConfig: Setting CVar [[r.RenderTargetPoolMin:400]]
[2020.05.07-19.14.33:576][  0]LogConfig: Setting CVar [[r.LensFlareQuality:2]]
[2020.05.07-19.14.33:576][  0]LogConfig: Setting CVar [[r.SceneColorFringeQuality:1]]
[2020.05.07-19.14.33:577][  0]LogConfig: Setting CVar [[r.EyeAdaptationQuality:2]]
[2020.05.07-19.14.33:577][  0]LogConfig: Setting CVar [[r.BloomQuality:5]]
[2020.05.07-19.14.33:577][  0]LogConfig: Setting CVar [[r.FastBlurThreshold:100]]
[2020.05.07-19.14.33:577][  0]LogConfig: Setting CVar [[r.Upscale.Quality:3]]
[2020.05.07-19.14.33:577][  0]LogConfig: Setting CVar [[r.Tonemapper.GrainQuantization:1]]
[2020.05.07-19.14.33:577][  0]LogConfig: Setting CVar [[r.LightShaftQuality:1]]
[2020.05.07-19.14.33:577][  0]LogConfig: Setting CVar [[r.Filter.SizeScale:1]]
[2020.05.07-19.14.33:577][  0]LogConfig: Setting CVar [[r.Tonemapper.Quality:5]]
[2020.05.07-19.14.33:577][  0]LogConfig: Setting CVar [[r.DOF.Gather.AccumulatorQuality:1        ; higher gathering accumulator quality]]
[2020.05.07-19.14.33:577][  0]LogConfig: Setting CVar [[r.DOF.Gather.PostfilterMethod:1          ; Median3x3 postfilering method]]
[2020.05.07-19.14.33:577][  0]LogConfig: Setting CVar [[r.DOF.Gather.EnableBokehSettings:0       ; no bokeh simulation when gathering]]
[2020.05.07-19.14.33:577][  0]LogConfig: Setting CVar [[r.DOF.Gather.RingCount:4                 ; medium number of samples when gathering]]
[2020.05.07-19.14.33:577][  0]LogConfig: Setting CVar [[r.DOF.Scatter.ForegroundCompositing:1    ; additive foreground scattering]]
[2020.05.07-19.14.33:577][  0]LogConfig: Setting CVar [[r.DOF.Scatter.BackgroundCompositing:2    ; additive background scattering]]
[2020.05.07-19.14.33:577][  0]LogConfig: Setting CVar [[r.DOF.Scatter.EnableBokehSettings:1      ; bokeh simulation when scattering]]
[2020.05.07-19.14.33:577][  0]LogConfig: Setting CVar [[r.DOF.Scatter.MaxSpriteRatio:0.1         ; only a maximum of 10% of scattered bokeh]]
[2020.05.07-19.14.33:578][  0]LogConfig: Setting CVar [[r.DOF.Recombine.Quality:1                ; cheap slight out of focus]]
[2020.05.07-19.14.33:578][  0]LogConfig: Setting CVar [[r.DOF.Recombine.EnableBokehSettings:0    ; no bokeh simulation on slight out of focus]]
[2020.05.07-19.14.33:578][  0]LogConfig: Setting CVar [[r.DOF.TemporalAAQuality:1                ; more stable temporal accumulation]]
[2020.05.07-19.14.33:578][  0]LogConfig: Setting CVar [[r.DOF.Kernel.MaxForegroundRadius:0.025]]
[2020.05.07-19.14.33:578][  0]LogConfig: Setting CVar [[r.DOF.Kernel.MaxBackgroundRadius:0.025]]
[2020.05.07-19.14.33:578][  0]LogConfig: Applying CVar settings from Section [TextureQuality@3] File [D:/adale/Desktop/2DSouls/SideScroller/Saved/Config/Windows/Scalability.ini]
[2020.05.07-19.14.33:578][  0]LogConfig: Setting CVar [[r.Streaming.MipBias:0]]
[2020.05.07-19.14.33:578][  0]LogConfig: Setting CVar [[r.Streaming.AmortizeCPUToGPUCopy:0]]
[2020.05.07-19.14.33:578][  0]LogConfig: Setting CVar [[r.Streaming.MaxNumTexturesToStreamPerFrame:0]]
[2020.05.07-19.14.33:578][  0]LogConfig: Setting CVar [[r.Streaming.Boost:1]]
[2020.05.07-19.14.33:578][  0]LogConfig: Setting CVar [[r.MaxAnisotropy:8]]
[2020.05.07-19.14.33:578][  0]LogConfig: Setting CVar [[r.VT.MaxAnisotropy:8]]
[2020.05.07-19.14.33:578][  0]LogConfig: Setting CVar [[r.Streaming.LimitPoolSizeToVRAM:0]]
[2020.05.07-19.14.33:578][  0]LogConfig: Setting CVar [[r.Streaming.PoolSize:1000]]
[2020.05.07-19.14.33:579][  0]LogConfig: Setting CVar [[r.Streaming.MaxEffectiveScreenSize:0]]
[2020.05.07-19.14.33:579][  0]LogConfig: Applying CVar settings from Section [EffectsQuality@3] File [D:/adale/Desktop/2DSouls/SideScroller/Saved/Config/Windows/Scalability.ini]
[2020.05.07-19.14.33:579][  0]LogConfig: Setting CVar [[r.TranslucencyLightingVolumeDim:64]]
[2020.05.07-19.14.33:579][  0]LogConfig: Setting CVar [[r.RefractionQuality:2]]
[2020.05.07-19.14.33:579][  0]LogConfig: Setting CVar [[r.SSR.Quality:3]]
[2020.05.07-19.14.33:579][  0]LogConfig: Setting CVar [[r.SSR.HalfResSceneColor:0]]
[2020.05.07-19.14.33:579][  0]LogConfig: Setting CVar [[r.SceneColorFormat:4]]
[2020.05.07-19.14.33:579][  0]LogConfig: Setting CVar [[r.DetailMode:2]]
[2020.05.07-19.14.33:579][  0]LogConfig: Setting CVar [[r.TranslucencyVolumeBlur:1]]
[2020.05.07-19.14.33:579][  0]LogConfig: Setting CVar [[r.MaterialQualityLevel:1 ; High quality]]
[2020.05.07-19.14.33:579][  0]LogConfig: Setting CVar [[r.SSS.Scale:1]]
[2020.05.07-19.14.33:579][  0]LogConfig: Setting CVar [[r.SSS.SampleSet:2]]
[2020.05.07-19.14.33:579][  0]LogConfig: Setting CVar [[r.SSS.Quality:1]]
[2020.05.07-19.14.33:580][  0]LogConfig: Setting CVar [[r.SSS.HalfRes:1]]
[2020.05.07-19.14.33:580][  0]LogConfig: Setting CVar [[r.SSGI.Quality:3]]
[2020.05.07-19.14.33:580][  0]LogConfig: Setting CVar [[r.EmitterSpawnRateScale:1.0]]
[2020.05.07-19.14.33:580][  0]LogConfig: Setting CVar [[r.ParticleLightQuality:2]]
[2020.05.07-19.14.33:580][  0]LogConfig: Setting CVar [[r.SkyAtmosphere.AerialPerspectiveLUT.FastApplyOnOpaque:1 ; Always have FastSkyLUT 1 in this case to avoid wrong sky]]
[2020.05.07-19.14.33:580][  0]LogConfig: Setting CVar [[r.SkyAtmosphere.AerialPerspectiveLUT.SampleCountPerSlice:1]]
[2020.05.07-19.14.33:580][  0]LogConfig: Setting CVar [[r.SkyAtmosphere.AerialPerspectiveLUT.DepthResolution:16.0]]
[2020.05.07-19.14.33:580][  0]LogConfig: Setting CVar [[r.SkyAtmosphere.FastSkyLUT:1]]
[2020.05.07-19.14.33:580][  0]LogConfig: Setting CVar [[r.SkyAtmosphere.FastSkyLUT.SampleCountMin:4.0]]
[2020.05.07-19.14.33:580][  0]LogConfig: Setting CVar [[r.SkyAtmosphere.FastSkyLUT.SampleCountMax:32.0]]
[2020.05.07-19.14.33:580][  0]LogConfig: Setting CVar [[r.SkyAtmosphere.SampleCountMin:4.0]]
[2020.05.07-19.14.33:581][  0]LogConfig: Setting CVar [[r.SkyAtmosphere.SampleCountMax:32.0]]
[2020.05.07-19.14.33:581][  0]LogConfig: Setting CVar [[r.SkyAtmosphere.TransmittanceLUT.UseSmallFormat:0]]
[2020.05.07-19.14.33:581][  0]LogConfig: Setting CVar [[r.SkyAtmosphere.TransmittanceLUT.SampleCount:10.0]]
[2020.05.07-19.14.33:581][  0]LogConfig: Setting CVar [[r.SkyAtmosphere.MultiScatteringLUT.SampleCount:15.0]]
[2020.05.07-19.14.33:581][  0]LogConfig: Applying CVar settings from Section [FoliageQuality@3] File [D:/adale/Desktop/2DSouls/SideScroller/Saved/Config/Windows/Scalability.ini]
[2020.05.07-19.14.33:581][  0]LogConfig: Setting CVar [[foliage.DensityScale:1.0]]
[2020.05.07-19.14.33:581][  0]LogConfig: Setting CVar [[grass.DensityScale:1.0]]
[2020.05.07-19.14.33:581][  0]LogConfig: Applying CVar settings from Section [ShadingQuality@3] File [D:/adale/Desktop/2DSouls/SideScroller/Saved/Config/Windows/Scalability.ini]
[2020.05.07-19.14.33:581][  0]LogConfig: Setting CVar [[r.HairStrands.SkyLighting.SampleCount:16]]
[2020.05.07-19.14.33:581][  0]LogConfig: Setting CVar [[r.HairStrands.SkyLighting.JitterIntegration:0]]
[2020.05.07-19.14.33:581][  0]LogConfig: Setting CVar [[r.HairStrands.SkyAO.SampleCount:16]]
[2020.05.07-19.14.33:581][  0]LogInit: Selected Device Profile: [Windows]
[2020.05.07-19.14.33:582][  0]LogInit: Applying CVar settings loaded from the selected device profile: [Windows]
[2020.05.07-19.14.33:588][  0]LogHAL: Display: Platform has ~ 16 GB [17039618048 / 17179869184 / 16], which maps to Larger [LargestMinGB=32, LargerMinGB=12, DefaultMinGB=8, SmallerMinGB=6, SmallestMinGB=0)
[2020.05.07-19.14.33:588][  0]LogInit: Going up to parent DeviceProfile []
[2020.05.07-19.14.33:588][  0]LogConfig: Applying CVar settings from Section [ViewDistanceQuality@3] File [D:/adale/Desktop/2DSouls/SideScroller/Saved/Config/Windows/Scalability.ini]
[2020.05.07-19.14.33:588][  0]LogConfig: Setting CVar [[r.SkeletalMeshLODBias:0]]
[2020.05.07-19.14.33:588][  0]LogConfig: Setting CVar [[r.ViewDistanceScale:1.0]]
[2020.05.07-19.14.33:588][  0]LogConfig: Applying CVar settings from Section [AntiAliasingQuality@3] File [D:/adale/Desktop/2DSouls/SideScroller/Saved/Config/Windows/Scalability.ini]
[2020.05.07-19.14.33:589][  0]LogConfig: Setting CVar [[r.PostProcessAAQuality:4]]
[2020.05.07-19.14.33:589][  0]LogConfig: Applying CVar settings from Section [ShadowQuality@3] File [D:/adale/Desktop/2DSouls/SideScroller/Saved/Config/Windows/Scalability.ini]
[2020.05.07-19.14.33:589][  0]LogConfig: Setting CVar [[r.LightFunctionQuality:1]]
[2020.05.07-19.14.33:589][  0]LogConfig: Setting CVar [[r.ShadowQuality:5]]
[2020.05.07-19.14.33:589][  0]LogConfig: Setting CVar [[r.Shadow.CSM.MaxCascades:10]]
[2020.05.07-19.14.33:589][  0]LogConfig: Setting CVar [[r.Shadow.MaxResolution:2048]]
[2020.05.07-19.14.33:589][  0]LogConfig: Setting CVar [[r.Shadow.MaxCSMResolution:2048]]
[2020.05.07-19.14.33:589][  0]LogConfig: Setting CVar [[r.Shadow.RadiusThreshold:0.01]]
[2020.05.07-19.14.33:589][  0]LogConfig: Setting CVar [[r.Shadow.DistanceScale:1.0]]
[2020.05.07-19.14.33:589][  0]LogConfig: Setting CVar [[r.Shadow.CSM.TransitionScale:1.0]]
[2020.05.07-19.14.33:589][  0]LogConfig: Setting CVar [[r.Shadow.PreShadowResolutionFactor:1.0]]
[2020.05.07-19.14.33:589][  0]LogConfig: Setting CVar [[r.DistanceFieldShadowing:1]]
[2020.05.07-19.14.33:590][  0]LogConfig: Setting CVar [[r.DistanceFieldAO:1]]
[2020.05.07-19.14.33:590][  0]LogConfig: Setting CVar [[r.AOQuality:2]]
[2020.05.07-19.14.33:590][  0]LogConfig: Setting CVar [[r.VolumetricFog:1]]
[2020.05.07-19.14.33:590][  0]LogConfig: Setting CVar [[r.VolumetricFog.GridPixelSize:8]]
[2020.05.07-19.14.33:590][  0]LogConfig: Setting CVar [[r.VolumetricFog.GridSizeZ:128]]
[2020.05.07-19.14.33:590][  0]LogConfig: Setting CVar [[r.VolumetricFog.HistoryMissSupersampleCount:4]]
[2020.05.07-19.14.33:590][  0]LogConfig: Setting CVar [[r.LightMaxDrawDistanceScale:1]]
[2020.05.07-19.14.33:590][  0]LogConfig: Setting CVar [[r.CapsuleShadows:1]]
[2020.05.07-19.14.33:590][  0]LogConfig: Applying CVar settings from Section [PostProcessQuality@3] File [D:/adale/Desktop/2DSouls/SideScroller/Saved/Config/Windows/Scalability.ini]
[2020.05.07-19.14.33:590][  0]LogConfig: Setting CVar [[r.MotionBlurQuality:4]]
[2020.05.07-19.14.33:590][  0]LogConfig: Setting CVar [[r.AmbientOcclusionMipLevelFactor:0.4]]
[2020.05.07-19.14.33:590][  0]LogConfig: Setting CVar [[r.AmbientOcclusionMaxQuality:100]]
[2020.05.07-19.14.33:590][  0]LogConfig: Setting CVar [[r.AmbientOcclusionLevels:-1]]
[2020.05.07-19.14.33:591][  0]LogConfig: Setting CVar [[r.AmbientOcclusionRadiusScale:1.0]]
[2020.05.07-19.14.33:591][  0]LogConfig: Setting CVar [[r.DepthOfFieldQuality:2]]
[2020.05.07-19.14.33:591][  0]LogConfig: Setting CVar [[r.RenderTargetPoolMin:400]]
[2020.05.07-19.14.33:591][  0]LogConfig: Setting CVar [[r.LensFlareQuality:2]]
[2020.05.07-19.14.33:591][  0]LogConfig: Setting CVar [[r.SceneColorFringeQuality:1]]
[2020.05.07-19.14.33:591][  0]LogConfig: Setting CVar [[r.EyeAdaptationQuality:2]]
[2020.05.07-19.14.33:591][  0]LogConfig: Setting CVar [[r.BloomQuality:5]]
[2020.05.07-19.14.33:591][  0]LogConfig: Setting CVar [[r.FastBlurThreshold:100]]
[2020.05.07-19.14.33:591][  0]LogConfig: Setting CVar [[r.Upscale.Quality:3]]
[2020.05.07-19.14.33:591][  0]LogConfig: Setting CVar [[r.Tonemapper.GrainQuantization:1]]
[2020.05.07-19.14.33:591][  0]LogConfig: Setting CVar [[r.LightShaftQuality:1]]
[2020.05.07-19.14.33:591][  0]LogConfig: Setting CVar [[r.Filter.SizeScale:1]]
[2020.05.07-19.14.33:591][  0]LogConfig: Setting CVar [[r.Tonemapper.Quality:5]]
[2020.05.07-19.14.33:592][  0]LogConfig: Setting CVar [[r.DOF.Gather.AccumulatorQuality:1        ; higher gathering accumulator quality]]
[2020.05.07-19.14.33:592][  0]LogConfig: Setting CVar [[r.DOF.Gather.PostfilterMethod:1          ; Median3x3 postfilering method]]
[2020.05.07-19.14.33:592][  0]LogConfig: Setting CVar [[r.DOF.Gather.EnableBokehSettings:0       ; no bokeh simulation when gathering]]
[2020.05.07-19.14.33:592][  0]LogConfig: Setting CVar [[r.DOF.Gather.RingCount:4                 ; medium number of samples when gathering]]
[2020.05.07-19.14.33:592][  0]LogConfig: Setting CVar [[r.DOF.Scatter.ForegroundCompositing:1    ; additive foreground scattering]]
[2020.05.07-19.14.33:592][  0]LogConfig: Setting CVar [[r.DOF.Scatter.BackgroundCompositing:2    ; additive background scattering]]
[2020.05.07-19.14.33:592][  0]LogConfig: Setting CVar [[r.DOF.Scatter.EnableBokehSettings:1      ; bokeh simulation when scattering]]
[2020.05.07-19.14.33:592][  0]LogConfig: Setting CVar [[r.DOF.Scatter.MaxSpriteRatio:0.1         ; only a maximum of 10% of scattered bokeh]]
[2020.05.07-19.14.33:592][  0]LogConfig: Setting CVar [[r.DOF.Recombine.Quality:1                ; cheap slight out of focus]]
[2020.05.07-19.14.33:592][  0]LogConfig: Setting CVar [[r.DOF.Recombine.EnableBokehSettings:0    ; no bokeh simulation on slight out of focus]]
[2020.05.07-19.14.33:592][  0]LogConfig: Setting CVar [[r.DOF.TemporalAAQuality:1                ; more stable temporal accumulation]]
[2020.05.07-19.14.33:592][  0]LogConfig: Setting CVar [[r.DOF.Kernel.MaxForegroundRadius:0.025]]
[2020.05.07-19.14.33:592][  0]LogConfig: Setting CVar [[r.DOF.Kernel.MaxBackgroundRadius:0.025]]
[2020.05.07-19.14.33:593][  0]LogConfig: Applying CVar settings from Section [TextureQuality@3] File [D:/adale/Desktop/2DSouls/SideScroller/Saved/Config/Windows/Scalability.ini]
[2020.05.07-19.14.33:593][  0]LogConfig: Setting CVar [[r.Streaming.MipBias:0]]
[2020.05.07-19.14.33:593][  0]LogConfig: Setting CVar [[r.Streaming.AmortizeCPUToGPUCopy:0]]
[2020.05.07-19.14.33:593][  0]LogConfig: Setting CVar [[r.Streaming.MaxNumTexturesToStreamPerFrame:0]]
[2020.05.07-19.14.33:593][  0]LogConfig: Setting CVar [[r.Streaming.Boost:1]]
[2020.05.07-19.14.33:593][  0]LogConfig: Setting CVar [[r.MaxAnisotropy:8]]
[2020.05.07-19.14.33:593][  0]LogConfig: Setting CVar [[r.VT.MaxAnisotropy:8]]
[2020.05.07-19.14.33:593][  0]LogConfig: Setting CVar [[r.Streaming.LimitPoolSizeToVRAM:0]]
[2020.05.07-19.14.33:593][  0]LogConfig: Setting CVar [[r.Streaming.PoolSize:1000]]
[2020.05.07-19.14.33:593][  0]LogConfig: Setting CVar [[r.Streaming.MaxEffectiveScreenSize:0]]
[2020.05.07-19.14.33:593][  0]LogConfig: Applying CVar settings from Section [EffectsQuality@3] File [D:/adale/Desktop/2DSouls/SideScroller/Saved/Config/Windows/Scalability.ini]
[2020.05.07-19.14.33:593][  0]LogConfig: Setting CVar [[r.TranslucencyLightingVolumeDim:64]]
[2020.05.07-19.14.33:594][  0]LogConfig: Setting CVar [[r.RefractionQuality:2]]
[2020.05.07-19.14.33:594][  0]LogConfig: Setting CVar [[r.SSR.Quality:3]]
[2020.05.07-19.14.33:594][  0]LogConfig: Setting CVar [[r.SSR.HalfResSceneColor:0]]
[2020.05.07-19.14.33:594][  0]LogConfig: Setting CVar [[r.SceneColorFormat:4]]
[2020.05.07-19.14.33:594][  0]LogConfig: Setting CVar [[r.DetailMode:2]]
[2020.05.07-19.14.33:594][  0]LogConfig: Setting CVar [[r.TranslucencyVolumeBlur:1]]
[2020.05.07-19.14.33:594][  0]LogConfig: Setting CVar [[r.MaterialQualityLevel:1 ; High quality]]
[2020.05.07-19.14.33:594][  0]LogConfig: Setting CVar [[r.SSS.Scale:1]]
[2020.05.07-19.14.33:594][  0]LogConfig: Setting CVar [[r.SSS.SampleSet:2]]
[2020.05.07-19.14.33:595][  0]LogConfig: Setting CVar [[r.SSS.Quality:1]]
[2020.05.07-19.14.33:595][  0]LogConfig: Setting CVar [[r.SSS.HalfRes:1]]
[2020.05.07-19.14.33:595][  0]LogConfig: Setting CVar [[r.SSGI.Quality:3]]
[2020.05.07-19.14.33:595][  0]LogConfig: Setting CVar [[r.EmitterSpawnRateScale:1.0]]
[2020.05.07-19.14.33:595][  0]LogConfig: Setting CVar [[r.ParticleLightQuality:2]]
[2020.05.07-19.14.33:595][  0]LogConfig: Setting CVar [[r.SkyAtmosphere.AerialPerspectiveLUT.FastApplyOnOpaque:1 ; Always have FastSkyLUT 1 in this case to avoid wrong sky]]
[2020.05.07-19.14.33:595][  0]LogConfig: Setting CVar [[r.SkyAtmosphere.AerialPerspectiveLUT.SampleCountPerSlice:1]]
[2020.05.07-19.14.33:595][  0]LogConfig: Setting CVar [[r.SkyAtmosphere.AerialPerspectiveLUT.DepthResolution:16.0]]
[2020.05.07-19.14.33:595][  0]LogConfig: Setting CVar [[r.SkyAtmosphere.FastSkyLUT:1]]
[2020.05.07-19.14.33:595][  0]LogConfig: Setting CVar [[r.SkyAtmosphere.FastSkyLUT.SampleCountMin:4.0]]
[2020.05.07-19.14.33:595][  0]LogConfig: Setting CVar [[r.SkyAtmosphere.FastSkyLUT.SampleCountMax:32.0]]
[2020.05.07-19.14.33:596][  0]LogConfig: Setting CVar [[r.SkyAtmosphere.SampleCountMin:4.0]]
[2020.05.07-19.14.33:596][  0]LogConfig: Setting CVar [[r.SkyAtmosphere.SampleCountMax:32.0]]
[2020.05.07-19.14.33:596][  0]LogConfig: Setting CVar [[r.SkyAtmosphere.TransmittanceLUT.UseSmallFormat:0]]
[2020.05.07-19.14.33:596][  0]LogConfig: Setting CVar [[r.SkyAtmosphere.TransmittanceLUT.SampleCount:10.0]]
[2020.05.07-19.14.33:596][  0]LogConfig: Setting CVar [[r.SkyAtmosphere.MultiScatteringLUT.SampleCount:15.0]]
[2020.05.07-19.14.33:596][  0]LogConfig: Applying CVar settings from Section [FoliageQuality@3] File [D:/adale/Desktop/2DSouls/SideScroller/Saved/Config/Windows/Scalability.ini]
[2020.05.07-19.14.33:596][  0]LogConfig: Setting CVar [[foliage.DensityScale:1.0]]
[2020.05.07-19.14.33:596][  0]LogConfig: Setting CVar [[grass.DensityScale:1.0]]
[2020.05.07-19.14.33:596][  0]LogConfig: Applying CVar settings from Section [ShadingQuality@3] File [D:/adale/Desktop/2DSouls/SideScroller/Saved/Config/Windows/Scalability.ini]
[2020.05.07-19.14.33:596][  0]LogConfig: Setting CVar [[r.HairStrands.SkyLighting.SampleCount:16]]
[2020.05.07-19.14.33:596][  0]LogConfig: Setting CVar [[r.HairStrands.SkyLighting.JitterIntegration:0]]
[2020.05.07-19.14.33:597][  0]LogConfig: Setting CVar [[r.HairStrands.SkyAO.SampleCount:16]]
[2020.05.07-19.14.33:597][  0]LogConfig: Applying CVar settings from Section [Startup] File [../../../Engine/Config/ConsoleVariables.ini]
[2020.05.07-19.14.33:597][  0]LogConfig: Setting CVar [[net.UseAdaptiveNetUpdateFrequency:0]]
[2020.05.07-19.14.33:597][  0]LogConfig: Setting CVar [[p.chaos.AllowCreatePhysxBodies:1]]
[2020.05.07-19.14.33:597][  0]LogConfig: Applying CVar settings from Section [ConsoleVariables] File [D:/adale/Desktop/2DSouls/SideScroller/Saved/Config/Windows/Engine.ini]
[2020.05.07-19.14.33:598][  0]LogInit: Computer: DESKTOP-J52MBI8
[2020.05.07-19.14.33:598][  0]LogInit: User: adale
[2020.05.07-19.14.33:598][  0]LogInit: CPU Page size=4096, Cores=4
[2020.05.07-19.14.33:598][  0]LogInit: High frequency timer resolution =10.000000 MHz
[2020.05.07-19.14.33:598][  0]LogMemory: Memory total: Physical=15.9GB (16GB approx)
[2020.05.07-19.14.33:598][  0]LogMemory: Platform Memory Stats for Windows
[2020.05.07-19.14.33:598][  0]LogMemory: Process Physical Memory: 105.68 MB used, 105.68 MB peak
[2020.05.07-19.14.33:598][  0]LogMemory: Process Virtual Memory: 100.82 MB used, 100.82 MB peak
[2020.05.07-19.14.33:598][  0]LogMemory: Physical Memory: 8684.53 MB used,  7565.72 MB free, 16250.25 MB total
[2020.05.07-19.14.33:599][  0]LogMemory: Virtual Memory: 5137.55 MB used,  134212592.00 MB free, 134217728.00 MB total
[2020.05.07-19.14.33:612][  0]LogWindows: WindowsPlatformFeatures enabled
[2020.05.07-19.14.33:855][  0]LogInit: Using OS detected language (en-US).
[2020.05.07-19.14.33:855][  0]LogInit: Using OS detected locale (en-CA).
[2020.05.07-19.14.33:857][  0]LogTextLocalizationManager: No specific localization for 'en-US' exists, so the 'en' localization will be used.
[2020.05.07-19.14.34:056][  0]LogInit: Setting process to per monitor DPI aware
[2020.05.07-19.14.34:130][  0]LogSlate: New Slate User Created.  User Index 0, Is Virtual User: 0
[2020.05.07-19.14.34:130][  0]LogSlate: Slate User Registered.  User Index 0, Is Virtual User: 0
[2020.05.07-19.14.34:480][  0]LogHMD: Failed to initialize OpenVR with code 110
[2020.05.07-19.14.34:480][  0]LogD3D11RHI: D3D11 min allowed feature level: 11_0
[2020.05.07-19.14.34:481][  0]LogD3D11RHI: D3D11 max allowed feature level: 11_0
[2020.05.07-19.14.34:481][  0]LogD3D11RHI: D3D11 adapters:
[2020.05.07-19.14.34:596][  0]LogD3D11RHI:    0. 'NVIDIA GeForce GTX 1050 Ti' (Feature Level 11_0)
[2020.05.07-19.14.34:596][  0]LogD3D11RHI:       4018/0/8125 MB DedicatedVideo/DedicatedSystem/SharedSystem, Outputs:2, VendorId:0x10de
[2020.05.07-19.14.34:644][  0]LogD3D11RHI:    1. 'Intel(R) HD Graphics 630' (Feature Level 11_0)
[2020.05.07-19.14.34:645][  0]LogD3D11RHI:       128/0/8125 MB DedicatedVideo/DedicatedSystem/SharedSystem, Outputs:0, VendorId:0x8086
[2020.05.07-19.14.34:652][  0]LogD3D11RHI:    2. 'Microsoft Basic Render Driver' (Feature Level 11_0)
[2020.05.07-19.14.34:652][  0]LogD3D11RHI:       0/0/8125 MB DedicatedVideo/DedicatedSystem/SharedSystem, Outputs:0, VendorId:0x1414
[2020.05.07-19.14.34:652][  0]LogD3D11RHI: Chosen D3D11 Adapter: 0
[2020.05.07-19.14.34:699][  0]LogD3D11RHI: Creating new Direct3DDevice
[2020.05.07-19.14.34:699][  0]LogD3D11RHI:     GPU DeviceId: 0x1c8c (for the marketing name, search the web for "GPU Device Id")
[2020.05.07-19.14.34:700][  0]LogWindows: EnumDisplayDevices:
[2020.05.07-19.14.34:700][  0]LogWindows:    0. 'Intel(R) HD Graphics 630' (P:1 D:1)
[2020.05.07-19.14.34:701][  0]LogWindows:    1. 'Intel(R) HD Graphics 630' (P:0 D:0)
[2020.05.07-19.14.34:701][  0]LogWindows:    2. 'Intel(R) HD Graphics 630' (P:0 D:0)
[2020.05.07-19.14.34:702][  0]LogWindows:    3. 'NVIDIA GeForce GTX 1050 Ti' (P:0 D:1)
[2020.05.07-19.14.34:702][  0]LogWindows: DebugString: PrimaryIsNotTheChoosenAdapter PrimaryIsNotTheChoosenAdapter PrimaryIsNotTheChoosenAdapter 
[2020.05.07-19.14.34:703][  0]LogD3D11RHI:     Adapter Name: NVIDIA GeForce GTX 1050 Ti
[2020.05.07-19.14.34:703][  0]LogD3D11RHI:   Driver Version: 441.08 (internal:26.21.14.4108, unified:441.08)
[2020.05.07-19.14.34:703][  0]LogD3D11RHI:      Driver Date: 10-22-2019
[2020.05.07-19.14.34:703][  0]LogRHI: Texture pool is 2812 MB (70% of 4018 MB)
[2020.05.07-19.14.34:769][  0]LogD3D11RHI: RHI has support for 64 bit atomics
[2020.05.07-19.14.34:769][  0]LogD3D11RHI: Async texture creation enabled
[2020.05.07-19.14.34:802][  0]LogD3D11RHI: GPU Timing Frequency: 1000.000000 (Debug: 2 1)
[2020.05.07-19.14.35:159][  0]LogTargetPlatformManager: Display: Loaded TargetPlatform 'AllDesktop'
[2020.05.07-19.14.35:212][  0]LogTargetPlatformManager: Display: Loaded TargetPlatform 'Android'
[2020.05.07-19.14.35:212][  0]LogTargetPlatformManager: Display: Loaded TargetPlatform 'Android_ASTC'
[2020.05.07-19.14.35:213][  0]LogTargetPlatformManager: Display: Loaded TargetPlatform 'Android_ATC'
[2020.05.07-19.14.35:213][  0]LogTargetPlatformManager: Display: Loaded TargetPlatform 'Android_DXT'
[2020.05.07-19.14.35:213][  0]LogTargetPlatformManager: Display: Loaded TargetPlatform 'Android_ETC1'
[2020.05.07-19.14.35:213][  0]LogTargetPlatformManager: Display: Loaded TargetPlatform 'Android_ETC1a'
[2020.05.07-19.14.35:213][  0]LogTargetPlatformManager: Display: Loaded TargetPlatform 'Android_ETC2'
[2020.05.07-19.14.35:213][  0]LogTargetPlatformManager: Display: Loaded TargetPlatform 'Android_PVRTC'
[2020.05.07-19.14.35:213][  0]LogTargetPlatformManager: Display: Loaded TargetPlatform 'AndroidClient'
[2020.05.07-19.14.35:213][  0]LogTargetPlatformManager: Display: Loaded TargetPlatform 'Android_ASTCClient'
[2020.05.07-19.14.35:213][  0]LogTargetPlatformManager: Display: Loaded TargetPlatform 'Android_ATCClient'
[2020.05.07-19.14.35:213][  0]LogTargetPlatformManager: Display: Loaded TargetPlatform 'Android_DXTClient'
[2020.05.07-19.14.35:213][  0]LogTargetPlatformManager: Display: Loaded TargetPlatform 'Android_ETC1Client'
[2020.05.07-19.14.35:214][  0]LogTargetPlatformManager: Display: Loaded TargetPlatform 'Android_ETC1aClient'
[2020.05.07-19.14.35:214][  0]LogTargetPlatformManager: Display: Loaded TargetPlatform 'Android_ETC2Client'
[2020.05.07-19.14.35:214][  0]LogTargetPlatformManager: Display: Loaded TargetPlatform 'Android_PVRTCClient'
[2020.05.07-19.14.35:214][  0]LogTargetPlatformManager: Display: Loaded TargetPlatform 'Android_Multi'
[2020.05.07-19.14.35:214][  0]LogTargetPlatformManager: Display: Loaded TargetPlatform 'Android_MultiClient'
[2020.05.07-19.14.35:247][  0]LogTargetPlatformManager: Display: Loaded TargetPlatform 'IOSClient'
[2020.05.07-19.14.35:247][  0]LogTargetPlatformManager: Display: Loaded TargetPlatform 'IOS'
[2020.05.07-19.14.35:259][  0]LogTargetPlatformManager: Display: Loaded TargetPlatform 'LinuxNoEditor'
[2020.05.07-19.14.35:271][  0]LogTargetPlatformManager: Display: Loaded TargetPlatform 'LinuxClient'
[2020.05.07-19.14.35:282][  0]LogTargetPlatformManager: Display: Loaded TargetPlatform 'LinuxServer'
[2020.05.07-19.14.35:294][  0]LogTargetPlatformManager: Display: Loaded TargetPlatform 'LinuxAArch64NoEditor'
[2020.05.07-19.14.35:305][  0]LogTargetPlatformManager: Display: Loaded TargetPlatform 'LinuxAArch64Client'
[2020.05.07-19.14.35:316][  0]LogTargetPlatformManager: Display: Loaded TargetPlatform 'LinuxAArch64Server'
[2020.05.07-19.14.35:350][  0]LogTargetPlatformManager: Display: Loaded TargetPlatform 'Lumin'
[2020.05.07-19.14.35:350][  0]LogTargetPlatformManager: Display: Loaded TargetPlatform 'LuminClient'
[2020.05.07-19.14.35:374][  0]LogTargetPlatformManager: Display: Loaded TargetPlatform 'TVOSClient'
[2020.05.07-19.14.35:374][  0]LogTargetPlatformManager: Display: Loaded TargetPlatform 'TVOS'
[2020.05.07-19.14.35:390][  0]LogTargetPlatformManager: Display: Loaded TargetPlatform 'WindowsNoEditor'
[2020.05.07-19.14.35:405][  0]LogTargetPlatformManager: Display: Loaded TargetPlatform 'Windows'
[2020.05.07-19.14.35:419][  0]LogTargetPlatformManager: Display: Loaded TargetPlatform 'WindowsClient'
[2020.05.07-19.14.35:431][  0]LogTargetPlatformManager: Display: Loaded TargetPlatform 'WindowsServer'
[2020.05.07-19.14.35:431][  0]LogTargetPlatformManager: Display: Building Assets For Windows
[2020.05.07-19.14.35:448][  0]LogAudioDebug: Display: Lib vorbis DLL was dynamically loaded.
[2020.05.07-19.14.35:580][  0]LogShaderCompilers: Guid format shader working directory is -3 characters bigger than the processId version (../../../../../adale/Desktop/2DSouls/SideScroller/Intermediate/Shaders/WorkingDirectory/5528/).
[2020.05.07-19.14.35:580][  0]LogShaderCompilers: Cleaned the shader compiler working directory 'C:/Users/adale/AppData/Local/Temp/UnrealShaderWorkingDir/AD6D33334C703D04566C4CA52DBD4991/'.
[2020.05.07-19.14.35:581][  0]LogXGEController: Cleaning working directory: C:/Users/adale/AppData/Local/Temp/UnrealXGEWorkingDir/
[2020.05.07-19.14.35:582][  0]LogXGEController: Cannot use XGE Controller as Incredibuild is not installed on this machine.
[2020.05.07-19.14.35:582][  0]LogShaderCompilers: Cannot use XGE Shader Compiler as Incredibuild is not installed on this machine.
[2020.05.07-19.14.35:582][  0]LogShaderCompilers: Display: Using Local Shader Compiler.
[2020.05.07-19.14.36:465][  0]LogDerivedDataCache: Display: Max Cache Size: 512 MB
[2020.05.07-19.14.36:530][  0]LogDerivedDataCache: Loaded boot cache 0.06s 78MB C:/Users/adale/AppData/Local/UnrealEngine/4.24/DerivedDataCache/Boot.ddc.
[2020.05.07-19.14.36:530][  0]LogDerivedDataCache: Display: Loaded Boot cache: C:/Users/adale/AppData/Local/UnrealEngine/4.24/DerivedDataCache/Boot.ddc
[2020.05.07-19.14.36:531][  0]LogDerivedDataCache: FDerivedDataBackendGraph:  Pak pak cache file ../../../../../adale/Desktop/2DSouls/SideScroller/DerivedDataCache/DDC.ddp not found, will not use a pak cache.
[2020.05.07-19.14.36:531][  0]LogDerivedDataCache: Unable to find inner node Pak for hierarchical cache Hierarchy.
[2020.05.07-19.14.36:531][  0]LogDerivedDataCache: FDerivedDataBackendGraph:  CompressedPak pak cache file ../../../../../adale/Desktop/2DSouls/SideScroller/DerivedDataCache/Compressed.ddp not found, will not use a pak cache.
[2020.05.07-19.14.36:531][  0]LogDerivedDataCache: Unable to find inner node CompressedPak for hierarchical cache Hierarchy.
[2020.05.07-19.14.36:543][  0]LogDerivedDataCache: Display: Pak cache opened for reading ../../../Engine/DerivedDataCache/Compressed.ddp.
[2020.05.07-19.14.36:543][  0]LogDerivedDataCache: FDerivedDataBackendGraph:  EnterprisePak pak cache file ../../../Enterprise/DerivedDataCache/Compressed.ddp not found, will not use a pak cache.
[2020.05.07-19.14.36:543][  0]LogDerivedDataCache: Unable to find inner node EnterprisePak for hierarchical cache Hierarchy.
[2020.05.07-19.14.36:547][  0]LogDerivedDataCache: Using Local data cache path C:/Users/adale/AppData/Local/UnrealEngine/Common/DerivedDataCache: Writable
[2020.05.07-19.14.36:547][  0]LogDerivedDataCache: Shared data cache path not found in *engine.ini, will not use an Shared cache.
[2020.05.07-19.14.36:547][  0]LogDerivedDataCache: Unable to find inner node Shared for hierarchical cache Hierarchy.
[2020.05.07-19.14.36:575][  0]LogMaterial: Verifying Global Shaders for PCD3D_SM5
[2020.05.07-19.14.36:578][  0]LogSlate: Using FreeType 2.10.0
[2020.05.07-19.14.36:579][  0]LogSlate: SlateFontServices - WITH_FREETYPE: 1, WITH_HARFBUZZ: 1
[2020.05.07-19.14.36:701][  0]LogAssetRegistry: FAssetRegistry took 0.0063 seconds to start up
[2020.05.07-19.14.37:127][  0]LogInit: Selected Device Profile: [Windows]
[2020.05.07-19.14.37:337][  0]LogMeshReduction: Using QuadricMeshReduction for automatic static mesh reduction
[2020.05.07-19.14.37:337][  0]LogMeshReduction: Using SimplygonMeshReduction for automatic skeletal mesh reduction
[2020.05.07-19.14.37:337][  0]LogMeshReduction: Using ProxyLODMeshReduction for automatic mesh merging
[2020.05.07-19.14.37:337][  0]LogMeshReduction: No distributed automatic mesh merging module available
[2020.05.07-19.14.37:337][  0]LogMeshMerging: No distributed automatic mesh merging module available
[2020.05.07-19.14.37:351][  0]LogNetVersion: SideScroller 1.0.0, NetCL: 10570792, EngineNetVer: 13, GameNetVer: 0 (Checksum: 2260462969)
[2020.05.07-19.14.38:645][  0]LogPackageLocalizationCache: Processed 10 localized package path(s) for 1 prioritized culture(s) in 0.056061 seconds
[2020.05.07-19.14.38:654][  0]LogUObjectArray: 46750 objects as part of root set at end of initial load.
[2020.05.07-19.14.38:654][  0]LogUObjectAllocator: 8137160 out of 0 bytes used by permanent object pool.
[2020.05.07-19.14.38:654][  0]LogUObjectArray: CloseDisregardForGC: 0/0 objects in disregard for GC pool
[2020.05.07-19.14.39:406][  0]LogTcpMessaging: Initializing TcpMessaging bridge
[2020.05.07-19.14.39:413][  0]LogUdpMessaging: Initializing bridge on interface 0.0.0.0:0 to multicast group 230.0.0.1:6666.
[2020.05.07-19.14.39:570][  0]SourceControl: Source control is disabled
[2020.05.07-19.14.39:570][  0]SourceControl: Source control is disabled
[2020.05.07-19.14.39:574][  0]SourceControl: Source control is disabled
[2020.05.07-19.14.39:578][  0]SourceControl: Source control is disabled
[2020.05.07-19.14.39:582][  0]SourceControl: Source control is disabled
[2020.05.07-19.14.39:803][  0]LogAndroidPermission: UAndroidPermissionCallbackProxy::GetInstance
[2020.05.07-19.14.39:834][  0]LogAudioCaptureCore: Display: No Audio Capture implementations found. Audio input will be silent.
[2020.05.07-19.14.39:834][  0]LogAudioCaptureCore: Display: No Audio Capture implementations found. Audio input will be silent.
[2020.05.07-19.14.39:957][  0]LogOcInput: OculusInput pre-init called
[2020.05.07-19.14.39:975][  0]LogWindows: Failed to load 'OVRPlugin.dll' (GetLastError=126)
[2020.05.07-19.14.39:976][  0]LogWindows: File 'OVRPlugin.dll' does not exist
[2020.05.07-19.14.40:067][  0]LogEngine: Initializing Engine...
[2020.05.07-19.14.40:068][  0]LogHMD: Failed to initialize OpenVR with code 110
[2020.05.07-19.14.40:070][  0]LogStats: UGameplayTagsManager::InitializeManager -  0.000 s
[2020.05.07-19.14.40:445][  0]LogInit: Initializing FReadOnlyCVARCache
[2020.05.07-19.14.40:456][  0]LogAIModule: Creating AISystem for world Untitled
[2020.05.07-19.14.40:483][  0]LogAudioMixer: Display: Audio Mixer Platform Settings:
[2020.05.07-19.14.40:483][  0]LogAudioMixer: Display: 	Sample Rate:						  48000
[2020.05.07-19.14.40:483][  0]LogAudioMixer: Display: 	Callback Buffer Frame Size Requested: 1024
[2020.05.07-19.14.40:483][  0]LogAudioMixer: Display: 	Callback Buffer Frame Size To Use:	  1024
[2020.05.07-19.14.40:484][  0]LogAudioMixer: Display: 	Number of buffers to queue:			  2
[2020.05.07-19.14.40:484][  0]LogAudioMixer: Display: 	Max Channels (voices):				  32
[2020.05.07-19.14.40:484][  0]LogAudioMixer: Display: 	Number of Async Source Workers:		  0
[2020.05.07-19.14.40:484][  0]LogAudio: Display: AudioDevice MaxSources: 32
[2020.05.07-19.14.40:485][  0]LogAudio: Display: Using built-in audio occlusion.
[2020.05.07-19.14.40:485][  0]LogAudioMixer: Display: Initializing audio mixer.
[2020.05.07-19.14.40:510][  0]LogAudioMixer: Display: Audio Device Output Speaker Info:
[2020.05.07-19.14.40:510][  0]LogAudioMixer: Display: Name: Speakers / Headphones (Realtek Audio)
[2020.05.07-19.14.40:510][  0]LogAudioMixer: Display: Is Default: Yes
[2020.05.07-19.14.40:510][  0]LogAudioMixer: Display: Sample Rate: 48000
[2020.05.07-19.14.40:510][  0]LogAudioMixer: Display: Channel Count Used: 2
[2020.05.07-19.14.40:510][  0]LogAudioMixer: Display: Device Channel Count: 2
[2020.05.07-19.14.40:510][  0]LogAudioMixer: Display: Channel Order:
[2020.05.07-19.14.40:510][  0]LogAudioMixer: Display: 0: FrontLeft
[2020.05.07-19.14.40:510][  0]LogAudioMixer: Display: 1: FrontRight
[2020.05.07-19.14.41:513][  0]LogAudioMixer: Display: Using Audio Device Speakers / Headphones (Realtek Audio)
[2020.05.07-19.14.41:523][  0]LogInit: FAudioDevice initialized.
[2020.05.07-19.14.41:524][  0]LogNetVersion: Set ProjectVersion to 1.0.0.0. Version Checksum will be recalculated on next use.
[2020.05.07-19.14.41:619][  0]LogDerivedDataCache: Saved boot cache 0.09s 78MB C:/Users/adale/AppData/Local/UnrealEngine/4.24/DerivedDataCache/Boot.ddc.
[2020.05.07-19.14.41:625][  0]LogInit: Texture streaming: Enabled
[2020.05.07-19.14.41:650][  0]LogEngineSessionManager: EngineSessionManager initialized
[2020.05.07-19.14.41:650][  0]LogEditorSessionSummary: Verbose: Initializing EditorSessionSummaryWriter for editor session tracking
[2020.05.07-19.14.41:653][  0]LogEditorSessionSummary: EditorSessionSummaryWriter initialized
[2020.05.07-19.14.41:716][  0]LogInit: Transaction tracking system initialized
[2020.05.07-19.14.41:749][  0]BlueprintLog: New page: Editor Load
[2020.05.07-19.14.41:846][  0]LocalizationService: Localization service is disabled
[2020.05.07-19.14.42:548][  0]LogFileCache: Scanning file cache for directory 'D:/adale/Desktop/2DSouls/SideScroller/Content/' took 0.01s
[2020.05.07-19.14.42:548][  0]LogCook: Display: Max memory allowance for cook 16384mb min free memory 0mb
[2020.05.07-19.14.42:549][  0]LogCook: Display: Mobile HDR setting 1
[2020.05.07-19.14.43:575][  0]SourceControl: Source control is disabled
[2020.05.07-19.14.43:576][  0]Cmd: MAP LOAD FILE="../../../../../adale/Desktop/2DSouls/SideScroller/Content/Levels/World.umap" TEMPLATE=0 SHOWPROGRESS=1 FEATURELEVEL=3
[2020.05.07-19.14.43:576][  0]LightingResults: New page: Lighting Build
[2020.05.07-19.14.43:578][  0]LogWorld: UWorld::CleanupWorld for Untitled, bSessionEnded=true, bCleanupResources=true
[2020.05.07-19.14.43:578][  0]LogSlate: InvalidateAllWidgets triggered.  All widgets were invalidated
[2020.05.07-19.14.43:578][  0]MapCheck: New page: Map Check
[2020.05.07-19.14.43:578][  0]LightingResults: New page: Lighting Build
[2020.05.07-19.14.43:605][  0]LogUObjectHash: Compacting FUObjectHashTables data took   1.76ms
[2020.05.07-19.14.43:834][  0]LogAIModule: Creating AISystem for world World
[2020.05.07-19.14.43:848][  0]LogEditorServer: Finished looking for orphan Actors (0.000 secs)
[2020.05.07-19.14.43:878][  0]LogUObjectHash: Compacting FUObjectHashTables data took   2.36ms
[2020.05.07-19.14.43:878][  0]Cmd: MAP CHECKDEP NOCLEARLOG
[2020.05.07-19.14.43:879][  0]MapCheck: Map check complete: 0 Error(s), 0 Warning(s), took 0.617ms to complete.
[2020.05.07-19.14.43:879][  0]LogFileHelpers: Loading map 'World' took 0.304
[2020.05.07-19.14.44:084][  0]LogSlate: Updating window title bar state: overlay mode, drag disabled, window buttons hidden, title bar hidden
[2020.05.07-19.14.44:094][  0]LogSlate: Updating window title bar state: overlay mode, drag disabled, window buttons hidden, title bar hidden
[2020.05.07-19.14.44:106][  0]LogSlate: Updating window title bar state: overlay mode, drag disabled, window buttons hidden, title bar hidden
[2020.05.07-19.14.44:117][  0]LogSlate: Updating window title bar state: overlay mode, drag disabled, window buttons hidden, title bar hidden
[2020.05.07-19.14.44:125][  0]LogCollectionManager: Loaded 0 collections in 0.001548 seconds
[2020.05.07-19.14.44:148][  0]LogFileCache: Scanning file cache for directory 'D:/adale/Desktop/2DSouls/SideScroller/Saved/Collections/' took 0.00s
[2020.05.07-19.14.44:148][  0]LogFileCache: Scanning file cache for directory 'D:/adale/Desktop/2DSouls/SideScroller/Content/Developers/adale/Collections/' took 0.00s
[2020.05.07-19.14.44:149][  0]LogFileCache: Scanning file cache for directory 'D:/adale/Desktop/2DSouls/SideScroller/Content/Collections/' took 0.00s
[2020.05.07-19.14.44:149][  0]LogContentBrowser: Native class hierarchy populated in 0.0090 seconds. Added 3025 classes and 719 folders.
[2020.05.07-19.14.44:152][  0]LogContentBrowser: Native class hierarchy updated for 'WidgetCarousel' in 0.0005 seconds. Added 0 classes and 0 folders.
[2020.05.07-19.14.44:258][  0]LogContentBrowser: Native class hierarchy updated for 'AddContentDialog' in 0.0005 seconds. Added 0 classes and 0 folders.
[2020.05.07-19.14.44:270][  0]LogContentBrowser: Native class hierarchy updated for 'SceneOutliner' in 0.0009 seconds. Added 2 classes and 3 folders.
[2020.05.07-19.14.44:370][  0]LogSlate: Took 0.000351 seconds to synchronously load lazily loaded font '../../../Engine/Content/Slate/Fonts/Roboto-Regular.ttf' (155K)
[2020.05.07-19.14.44:373][  0]LogSlate: Took 0.000254 seconds to synchronously load lazily loaded font '../../../Engine/Content/Slate/Fonts/Roboto-Bold.ttf' (160K)
[2020.05.07-19.14.44:378][  0]LogSlate: Took 0.000280 seconds to synchronously load lazily loaded font '../../../Engine/Content/Editor/Slate/Fonts/FontAwesome.ttf' (139K)
[2020.05.07-19.14.44:467][  0]LogRenderer: Reallocating scene render targets to support 1108x572 Format 10 NumSamples 1 (Frame:1).
[2020.05.07-19.14.44:602][  0]LogContentBrowser: Native class hierarchy updated for 'HierarchicalLODOutliner' in 0.0006 seconds. Added 0 classes and 0 folders.
[2020.05.07-19.14.44:603][  0]LogLoad: (Engine Initialization) Total time: 13.80 seconds
[2020.05.07-19.14.44:603][  0]LogLoad: (Engine Initialization) Total Blueprint compile time: 0.00 seconds
[2020.05.07-19.14.44:669][  0]LogContentStreaming: Texture pool size now 1000 MB
[2020.05.07-19.14.44:714][  0]LogSlate: Took 0.000274 seconds to synchronously load lazily loaded font '../../../Engine/Content/Slate/Fonts/Roboto-Light.ttf' (167K)
[2020.05.07-19.14.44:740][  1]LogAssetRegistry: Asset discovery search completed in 8.0434 seconds
[2020.05.07-19.14.44:744][  1]LogCollectionManager: Fixed up redirectors for 0 collections in 0.000010 seconds (updated 0 objects)
[2020.05.07-19.15.54:153][149]LogSlate: Took 0.000271 seconds to synchronously load lazily loaded font '../../../Engine/Content/Slate/Fonts/Roboto-Light.ttf' (167K)
[2020.05.07-19.15.54:199][149]LogAssetEditorSubsystem: Opening Asset editor for WidgetBlueprint /Game/Blueprint/GameBlueprints/UI/PlayerHUDWidget.PlayerHUDWidget
[2020.05.07-19.15.54:452][149]LogContentBrowser: Native class hierarchy updated for 'BlueprintGraph' in 0.0011 seconds. Added 121 classes and 0 folders.
[2020.05.07-19.15.55:350][149]LogSlate: Took 0.000242 seconds to synchronously load lazily loaded font '../../../Engine/Content/Slate/Fonts/Roboto-BoldCondensed.ttf' (158K)
[2020.05.07-19.17.29:430][713]LogSlate: Window 'Color Picker' being destroyed
[2020.05.07-19.18.49:072][403]LogSlate: Took 0.000406 seconds to synchronously load lazily loaded font '../../../Engine/Content/Slate/Fonts/Roboto-Italic.ttf' (157K)
[2020.05.07-19.19.11:780][751]BlueprintLog: New page: Compile PlayerHUDWidget
[2020.05.07-19.19.11:850][751]LogUObjectHash: Compacting FUObjectHashTables data took   5.09ms
[2020.05.07-19.19.13:021][809]LogSavePackage: Moving '../../../../../adale/Desktop/2DSouls/SideScroller/Saved/PlayerHUDWidgetC5154BCF4A7EC8FB71DDE8A11C6D8A49.tmp' to '../../../../../adale/Desktop/2DSouls/SideScroller/Content/Blueprint/GameBlueprints/UI/PlayerHUDWidget.uasset'
[2020.05.07-19.19.13:053][809]AssetCheck: New page: Asset Save: PlayerHUDWidget
[2020.05.07-19.19.13:053][809]LogContentValidation: Display: Validating WidgetBlueprint /Game/Blueprint/GameBlueprints/UI/PlayerHUDWidget.PlayerHUDWidget
[2020.05.07-19.19.19:161][168]LogSlate: Window 'PlayerHUDWidget' being destroyed
[2020.05.07-19.19.19:167][168]LogSlate: Window 'PlayerHUDWidget' being destroyed
[2020.05.07-19.19.19:172][168]LogWorld: UWorld::CleanupWorld for World_1, bSessionEnded=true, bCleanupResources=true
[2020.05.07-19.19.19:172][168]LogSlate: InvalidateAllWidgets triggered.  All widgets were invalidated
[2020.05.07-19.19.19:198][168]LogWorld: UWorld::CleanupWorld for World_0, bSessionEnded=true, bCleanupResources=true
[2020.05.07-19.19.19:198][168]LogSlate: InvalidateAllWidgets triggered.  All widgets were invalidated
[2020.05.07-19.19.20:792][261]LogTemp: Repeating last play command: Selected Viewport
[2020.05.07-19.19.20:808][261]LogPlayLevel: PlayLevel: No blueprints needed recompiling
[2020.05.07-19.19.20:809][261]PIE: New page: PIE session: World (May 7, 2020, 11:19:20 a.m.)
[2020.05.07-19.19.20:811][261]LogOnline: OSS: Creating online subsystem instance for: NULL
[2020.05.07-19.19.20:814][261]LogOnline: OSS: TryLoadSubsystemAndSetDefault: Loaded subsystem for module [NULL]
[2020.05.07-19.19.20:814][261]LogPlayLevel: Creating play world package: /Game/Levels/UEDPIE_0_World
[2020.05.07-19.19.20:818][261]LogPlayLevel: PIE: StaticDuplicateObject took: (0.003622s)
[2020.05.07-19.19.20:820][261]LogAIModule: Creating AISystem for world World
[2020.05.07-19.19.20:821][261]LogPlayLevel: PIE: World Init took: (0.002424s)
[2020.05.07-19.19.20:821][261]LogPlayLevel: PIE: Created PIE world by copying editor world from /Game/Levels/World.World to /Game/Levels/UEDPIE_0_World.World (0.007073s)
[2020.05.07-19.19.20:886][261]LogUObjectHash: Compacting FUObjectHashTables data took   6.37ms
[2020.05.07-19.19.20:888][261]LogAudioMixer: Display: Audio Mixer Platform Settings:
[2020.05.07-19.19.20:888][261]LogAudioMixer: Display: 	Sample Rate:						  48000
[2020.05.07-19.19.20:889][261]LogAudioMixer: Display: 	Callback Buffer Frame Size Requested: 1024
[2020.05.07-19.19.20:889][261]LogAudioMixer: Display: 	Callback Buffer Frame Size To Use:	  1024
[2020.05.07-19.19.20:889][261]LogAudioMixer: Display: 	Number of buffers to queue:			  2
[2020.05.07-19.19.20:889][261]LogAudioMixer: Display: 	Max Channels (voices):				  32
[2020.05.07-19.19.20:889][261]LogAudioMixer: Display: 	Number of Async Source Workers:		  0
[2020.05.07-19.19.20:889][261]LogAudio: Display: AudioDevice MaxSources: 32
[2020.05.07-19.19.20:890][261]LogAudio: Display: Using built-in audio occlusion.
[2020.05.07-19.19.20:890][261]LogAudioMixer: Display: Initializing audio mixer.
[2020.05.07-19.19.20:907][261]LogAudioMixer: Display: Audio Device Output Speaker Info:
[2020.05.07-19.19.20:907][261]LogAudioMixer: Display: Name: Speakers / Headphones (Realtek Audio)
[2020.05.07-19.19.20:907][261]LogAudioMixer: Display: Is Default: Yes
[2020.05.07-19.19.20:907][261]LogAudioMixer: Display: Sample Rate: 48000
[2020.05.07-19.19.20:908][261]LogAudioMixer: Display: Channel Count Used: 2
[2020.05.07-19.19.20:908][261]LogAudioMixer: Display: Device Channel Count: 2
[2020.05.07-19.19.20:908][261]LogAudioMixer: Display: Channel Order:
[2020.05.07-19.19.20:908][261]LogAudioMixer: Display: 0: FrontLeft
[2020.05.07-19.19.20:908][261]LogAudioMixer: Display: 1: FrontRight
[2020.05.07-19.19.20:997][261]LogAudioMixer: Display: Using Audio Device Speakers / Headphones (Realtek Audio)
[2020.05.07-19.19.21:001][261]LogInit: FAudioDevice initialized.
[2020.05.07-19.19.21:168][261]LogBlueprint: Warning: [Compiler BonfireMenuWidget] Input pin  Stat Increase  specifying non-default value no longer exists on node  Increase Max Health . Please refresh node or reset pin to default value to remove pin.
[2020.05.07-19.19.21:237][261]LogLoad: Game class is 'BP_SideScrollerGameModeBase_C'
[2020.05.07-19.19.21:239][261]LogWorld: Bringing World /Game/Levels/UEDPIE_0_World.World up for play (max tick rate 60) at 2020.05.07-15.19.21
[2020.05.07-19.19.21:239][261]LogWorld: Bringing up level for play took: 0.001399
[2020.05.07-19.19.21:240][261]LogOnline: OSS: Creating online subsystem instance for: :Context_3
[2020.05.07-19.19.21:249][261]LogContentBrowser: Native class hierarchy updated for 'MovieSceneCapture' in 0.0005 seconds. Added 20 classes and 0 folders.
[2020.05.07-19.19.21:251][261]PIE: Play in editor start time for /Game/Levels/UEDPIE_0_World 0.086
[2020.05.07-19.19.23:728][391]LogAudioMixer: Display: No commands were queued while flushing the source manager.
[2020.05.07-19.19.23:731][391]LogAudioMixer: Display: Flush succeeded in the source manager command queue (1).
[2020.05.07-19.19.23:751][391]LogAudioMixer: Display: Flush succeeded the source manager command queue (2).
[2020.05.07-19.19.23:752][391]LogSlate: Updating window title bar state: overlay mode, drag disabled, window buttons hidden, title bar hidden
[2020.05.07-19.19.23:752][391]LogWorld: BeginTearingDown for /Game/Levels/UEDPIE_0_World
[2020.05.07-19.19.23:752][391]LogAudioMixer: Display: No commands were queued while flushing the source manager.
[2020.05.07-19.19.23:753][391]LogWorld: UWorld::CleanupWorld for World, bSessionEnded=true, bCleanupResources=true
[2020.05.07-19.19.23:753][391]LogSlate: InvalidateAllWidgets triggered.  All widgets were invalidated
[2020.05.07-19.19.23:770][391]LogPlayLevel: Display: Shutting down PIE online subsystems
[2020.05.07-19.19.23:778][391]LogSlate: InvalidateAllWidgets triggered.  All widgets were invalidated
[2020.05.07-19.19.23:811][391]LogAudioMixer: Display: No commands were queued while flushing the source manager.
[2020.05.07-19.19.23:820][391]LogSlate: Updating window title bar state: overlay mode, drag disabled, window buttons hidden, title bar hidden
[2020.05.07-19.19.23:887][391]LogUObjectHash: Compacting FUObjectHashTables data took   7.72ms
[2020.05.07-19.19.23:907][392]LogPlayLevel: Display: Destroying online subsystem :Context_3
[2020.05.07-19.19.37:155][ 76]LogSlate: Prevented a slow task dialog from being summoned while a context menu was open
[2020.05.07-19.19.38:703][166]LogSlate: Window 'Project Settings' being destroyed
[2020.05.07-19.19.38:709][166]LogSlate: Window 'Project Settings' being destroyed
[2020.05.07-19.19.40:514][263]LogAssetEditorSubsystem: Opening Asset editor for Blueprint /Game/Blueprint/GameBlueprints/UI/BP_PlayerHUD.BP_PlayerHUD
[2020.05.07-19.19.43:990][430]LogSlate: Window 'BP_PlayerHUD' being destroyed
[2020.05.07-19.19.43:996][430]LogSlate: Window 'BP_PlayerHUD' being destroyed
[2020.05.07-19.19.43:997][430]LogWorld: UWorld::CleanupWorld for World_3, bSessionEnded=true, bCleanupResources=true
[2020.05.07-19.19.43:997][430]LogSlate: InvalidateAllWidgets triggered.  All widgets were invalidated
[2020.05.07-19.19.44:970][484]LogTemp: Repeating last play command: Selected Viewport
[2020.05.07-19.19.44:988][484]LogPlayLevel: PlayLevel: No blueprints needed recompiling
[2020.05.07-19.19.44:989][484]PIE: New page: PIE session: World (May 7, 2020, 11:19:44 a.m.)
[2020.05.07-19.19.44:989][484]LogPlayLevel: Creating play world package: /Game/Levels/UEDPIE_0_World
[2020.05.07-19.19.44:993][484]LogPlayLevel: PIE: StaticDuplicateObject took: (0.004002s)
[2020.05.07-19.19.44:995][484]LogAIModule: Creating AISystem for world World
[2020.05.07-19.19.44:996][484]LogPlayLevel: PIE: World Init took: (0.002634s)
[2020.05.07-19.19.44:996][484]LogPlayLevel: PIE: Created PIE world by copying editor world from /Game/Levels/World.World to /Game/Levels/UEDPIE_0_World.World (0.007258s)
[2020.05.07-19.19.45:108][484]LogUObjectHash: Compacting FUObjectHashTables data took   4.66ms
[2020.05.07-19.19.45:110][484]LogAudioMixer: Display: Audio Mixer Platform Settings:
[2020.05.07-19.19.45:110][484]LogAudioMixer: Display: 	Sample Rate:						  48000
[2020.05.07-19.19.45:110][484]LogAudioMixer: Display: 	Callback Buffer Frame Size Requested: 1024
[2020.05.07-19.19.45:110][484]LogAudioMixer: Display: 	Callback Buffer Frame Size To Use:	  1024
[2020.05.07-19.19.45:111][484]LogAudioMixer: Display: 	Number of buffers to queue:			  2
[2020.05.07-19.19.45:111][484]LogAudioMixer: Display: 	Max Channels (voices):				  32
[2020.05.07-19.19.45:111][484]LogAudioMixer: Display: 	Number of Async Source Workers:		  0
[2020.05.07-19.19.45:111][484]LogAudio: Display: AudioDevice MaxSources: 32
[2020.05.07-19.19.45:112][484]LogAudio: Display: Using built-in audio occlusion.
[2020.05.07-19.19.45:112][484]LogAudioMixer: Display: Initializing audio mixer.
[2020.05.07-19.19.45:128][484]LogAudioMixer: Display: Audio Device Output Speaker Info:
[2020.05.07-19.19.45:129][484]LogAudioMixer: Display: Name: Speakers / Headphones (Realtek Audio)
[2020.05.07-19.19.45:129][484]LogAudioMixer: Display: Is Default: Yes
[2020.05.07-19.19.45:129][484]LogAudioMixer: Display: Sample Rate: 48000
[2020.05.07-19.19.45:129][484]LogAudioMixer: Display: Channel Count Used: 2
[2020.05.07-19.19.45:129][484]LogAudioMixer: Display: Device Channel Count: 2
[2020.05.07-19.19.45:129][484]LogAudioMixer: Display: Channel Order:
[2020.05.07-19.19.45:130][484]LogAudioMixer: Display: 0: FrontLeft
[2020.05.07-19.19.45:130][484]LogAudioMixer: Display: 1: FrontRight
[2020.05.07-19.19.45:220][484]LogAudioMixer: Display: Using Audio Device Speakers / Headphones (Realtek Audio)
[2020.05.07-19.19.45:225][484]LogInit: FAudioDevice initialized.
[2020.05.07-19.19.45:239][484]LogLoad: Game class is 'BP_SideScrollerGameModeBase_C'
[2020.05.07-19.19.45:241][484]LogWorld: Bringing World /Game/Levels/UEDPIE_0_World.World up for play (max tick rate 60) at 2020.05.07-15.19.45
[2020.05.07-19.19.45:242][484]LogWorld: Bringing up level for play took: 0.001990
[2020.05.07-19.19.45:243][484]LogOnline: OSS: Creating online subsystem instance for: :Context_6
[2020.05.07-19.19.45:248][484]PIE: Play in editor start time for /Game/Levels/UEDPIE_0_World 0.084
[2020.05.07-19.20.03:178][559]LogAudioMixer: Display: No commands were queued while flushing the source manager.
[2020.05.07-19.20.03:178][559]LogAudioMixer: Display: No commands were queued while flushing the source manager.
[2020.05.07-19.20.03:179][559]LogSlate: Updating window title bar state: overlay mode, drag disabled, window buttons hidden, title bar hidden
[2020.05.07-19.20.03:179][559]LogWorld: BeginTearingDown for /Game/Levels/UEDPIE_0_World
[2020.05.07-19.20.03:179][559]LogAudioMixer: Display: No commands were queued while flushing the source manager.
[2020.05.07-19.20.03:179][559]LogWorld: UWorld::CleanupWorld for World, bSessionEnded=true, bCleanupResources=true
[2020.05.07-19.20.03:180][559]LogSlate: InvalidateAllWidgets triggered.  All widgets were invalidated
[2020.05.07-19.20.03:192][559]LogPlayLevel: Display: Shutting down PIE online subsystems
[2020.05.07-19.20.03:197][559]LogSlate: InvalidateAllWidgets triggered.  All widgets were invalidated
[2020.05.07-19.20.03:230][559]LogAudioMixer: Display: No commands were queued while flushing the source manager.
[2020.05.07-19.20.03:237][559]LogSlate: Updating window title bar state: overlay mode, drag disabled, window buttons hidden, title bar hidden
[2020.05.07-19.20.03:247][559]LogUObjectHash: Compacting FUObjectHashTables data took   3.63ms
[2020.05.07-19.20.03:303][561]LogPlayLevel: Display: Destroying online subsystem :Context_6
[2020.05.07-19.20.04:631][640]LogTemp: Repeating last play command: Selected Viewport
[2020.05.07-19.20.04:649][640]LogPlayLevel: PlayLevel: No blueprints needed recompiling
[2020.05.07-19.20.04:649][640]PIE: New page: PIE session: World (May 7, 2020, 11:20:04 a.m.)
[2020.05.07-19.20.04:650][640]LogPlayLevel: Creating play world package: /Game/Levels/UEDPIE_0_World
[2020.05.07-19.20.04:654][640]LogPlayLevel: PIE: StaticDuplicateObject took: (0.003892s)
[2020.05.07-19.20.04:655][640]LogAIModule: Creating AISystem for world World
[2020.05.07-19.20.04:656][640]LogPlayLevel: PIE: World Init took: (0.001890s)
[2020.05.07-19.20.04:656][640]LogPlayLevel: PIE: Created PIE world by copying editor world from /Game/Levels/World.World to /Game/Levels/UEDPIE_0_World.World (0.006335s)
[2020.05.07-19.20.04:687][640]LogUObjectHash: Compacting FUObjectHashTables data took   2.77ms
[2020.05.07-19.20.04:688][640]LogAudioMixer: Display: Audio Mixer Platform Settings:
[2020.05.07-19.20.04:688][640]LogAudioMixer: Display: 	Sample Rate:						  48000
[2020.05.07-19.20.04:688][640]LogAudioMixer: Display: 	Callback Buffer Frame Size Requested: 1024
[2020.05.07-19.20.04:688][640]LogAudioMixer: Display: 	Callback Buffer Frame Size To Use:	  1024
[2020.05.07-19.20.04:688][640]LogAudioMixer: Display: 	Number of buffers to queue:			  2
[2020.05.07-19.20.04:688][640]LogAudioMixer: Display: 	Max Channels (voices):				  32
[2020.05.07-19.20.04:688][640]LogAudioMixer: Display: 	Number of Async Source Workers:		  0
[2020.05.07-19.20.04:689][640]LogAudio: Display: AudioDevice MaxSources: 32
[2020.05.07-19.20.04:689][640]LogAudio: Display: Using built-in audio occlusion.
[2020.05.07-19.20.04:690][640]LogAudioMixer: Display: Initializing audio mixer.
[2020.05.07-19.20.04:705][640]LogAudioMixer: Display: Audio Device Output Speaker Info:
[2020.05.07-19.20.04:705][640]LogAudioMixer: Display: Name: Speakers / Headphones (Realtek Audio)
[2020.05.07-19.20.04:705][640]LogAudioMixer: Display: Is Default: Yes
[2020.05.07-19.20.04:706][640]LogAudioMixer: Display: Sample Rate: 48000
[2020.05.07-19.20.04:706][640]LogAudioMixer: Display: Channel Count Used: 2
[2020.05.07-19.20.04:706][640]LogAudioMixer: Display: Device Channel Count: 2
[2020.05.07-19.20.04:706][640]LogAudioMixer: Display: Channel Order:
[2020.05.07-19.20.04:706][640]LogAudioMixer: Display: 0: FrontLeft
[2020.05.07-19.20.04:706][640]LogAudioMixer: Display: 1: FrontRight
[2020.05.07-19.20.04:802][640]LogAudioMixer: Display: Using Audio Device Speakers / Headphones (Realtek Audio)
[2020.05.07-19.20.04:806][640]LogInit: FAudioDevice initialized.
[2020.05.07-19.20.04:820][640]LogLoad: Game class is 'BP_SideScrollerGameModeBase_C'
[2020.05.07-19.20.04:822][640]LogWorld: Bringing World /Game/Levels/UEDPIE_0_World.World up for play (max tick rate 60) at 2020.05.07-15.20.04
[2020.05.07-19.20.04:822][640]LogWorld: Bringing up level for play took: 0.001141
[2020.05.07-19.20.04:823][640]LogOnline: OSS: Creating online subsystem instance for: :Context_7
[2020.05.07-19.20.04:827][640]PIE: Play in editor start time for /Game/Levels/UEDPIE_0_World -0.337
[2020.05.07-19.20.54:354][609]LogAudioMixer: Display: No commands were queued while flushing the source manager.
[2020.05.07-19.20.54:354][609]LogAudioMixer: Display: No commands were queued while flushing the source manager.
[2020.05.07-19.20.54:354][609]LogSlate: Updating window title bar state: overlay mode, drag disabled, window buttons hidden, title bar hidden
[2020.05.07-19.20.54:355][609]LogWorld: BeginTearingDown for /Game/Levels/UEDPIE_0_World
[2020.05.07-19.20.54:355][609]LogAudioMixer: Display: No commands were queued while flushing the source manager.
[2020.05.07-19.20.54:355][609]LogWorld: UWorld::CleanupWorld for World, bSessionEnded=true, bCleanupResources=true
[2020.05.07-19.20.54:356][609]LogSlate: InvalidateAllWidgets triggered.  All widgets were invalidated
[2020.05.07-19.20.54:371][609]LogPlayLevel: Display: Shutting down PIE online subsystems
[2020.05.07-19.20.54:375][609]LogSlate: InvalidateAllWidgets triggered.  All widgets were invalidated
[2020.05.07-19.20.54:410][609]LogAudioMixer: Display: No commands were queued while flushing the source manager.
[2020.05.07-19.20.54:419][609]LogSlate: Updating window title bar state: overlay mode, drag disabled, window buttons hidden, title bar hidden
[2020.05.07-19.20.54:424][609]LogUObjectHash: Compacting FUObjectHashTables data took   2.92ms
[2020.05.07-19.20.54:459][611]LogPlayLevel: Display: Destroying online subsystem :Context_7
[2020.05.07-19.25.55:924][594]LogUObjectHash: Compacting FUObjectHashTables data took   1.17ms
[2020.05.07-19.25.55:928][594]LogFileHelpers: Editor autosave (incl. sublevels) for '/Game/Levels/World' took 0.041
[2020.05.07-19.25.55:928][594]OBJ SavePackage: Generating thumbnails for [0] asset(s) in package [/Game/Blueprint/BP_SideScrollerGameModeBase] ([1] browsable assets)...
[2020.05.07-19.25.55:929][594]OBJ SavePackage: Finished generating thumbnails for package [/Game/Blueprint/BP_SideScrollerGameModeBase]
[2020.05.07-19.25.56:066][594]LogSavePackage: Moving '../../../../../adale/Desktop/2DSouls/SideScroller/Saved/BP_SideScrollerGameModeBase_Auto37DA474B4DB6B4C192CD1EA5A81DA881.tmp' to '../../../../../adale/Desktop/2DSouls/SideScroller/Saved/Autosaves/Game/Blueprint/BP_SideScrollerGameModeBase_Auto1.uasset'
[2020.05.07-19.25.56:069][594]LogFileHelpers: Auto-saving content packages took 0.141
[2020.05.07-19.28.49:289][153]Candidate modules for hot reload:
[2020.05.07-19.28.49:289][153]  SideScroller
[2020.05.07-19.28.49:289][153]Launching UnrealBuildTool... [D:/Program Files (x86)/UE_4.24/Engine/Binaries/DotNET/UnrealBuildTool.exe  -ModuleWithSuffix=SideScroller,5376 Win64 Development -TargetType=Editor -Project="D:/adale/Desktop/2DSouls/SideScroller/SideScroller.uproject" "D:/adale/Desktop/2DSouls/SideScroller/SideScroller.uproject"  -IgnoreJunk]
[2020.05.07-19.28.49:293][153]Warning: Starting HotReload took  0.4s.
[2020.05.07-19.28.54:468][448]CompilerResultsLog: New page: Compilation - May 7, 2020, 11:28:54 a.m.
[2020.05.07-19.28.54:468][448]CompilerResultsLog: Using 'git status' to determine working set for adaptive non-unity build (D:\adale\Desktop\2DSouls).
[2020.05.07-19.28.54:468][448]CompilerResultsLog: Building SideScrollerEditor...
[2020.05.07-19.28.54:468][448]CompilerResultsLog: Using Visual Studio 2019 14.24.28316 toolchain (C:\Program Files (x86)\Microsoft Visual Studio\2019\Community\VC\Tools\MSVC\14.24.28314) and Windows 10.0.18362.0 SDK (D:\Windows Kits\10).
[2020.05.07-19.28.54:468][448]CompilerResultsLog: Building 4 actions with 8 processes...
[2020.05.07-19.28.54:468][448]CompilerResultsLog:   [1/4] MyPawn.cpp
[2020.05.07-19.28.54:468][448]CompilerResultsLog:   D:\Program Files (x86)\UE_4.24\Engine\Source\Runtime\Core\Public\Containers/EnumAsByte.h(19): warning C4996: 'TEnumAsByte_EnumClass<true>': TEnumAsByte is not intended for use with enum classes - please derive your enum class from uint8 instead. Please update your code to the new API before upgrading to the next release, otherwise your project will no longer compile.
[2020.05.07-19.28.54:468][448]CompilerResultsLog:   D:\Program Files (x86)\UE_4.24\Engine\Source\Runtime\Core\Public\Containers/EnumAsByte.h(10): note: see declaration of 'TEnumAsByte_EnumClass<true>'
[2020.05.07-19.28.54:469][448]CompilerResultsLog:   D:\adale\Desktop\2DSouls\SideScroller\Source\SideScroller\MyPawn.h(132): note: see reference to class template instantiation 'TEnumAsByte<UPlayerState>' being compiled
[2020.05.07-19.28.54:469][448]CompilerResultsLog:   [2/4] UE4Editor-SideScroller-5376.lib
[2020.05.07-19.28.54:469][448]CompilerResultsLog:      Creating library D:\adale\Desktop\2DSouls\SideScroller\Intermediate\Build\Win64\UE4Editor\Development\SideScroller\UE4Editor-SideScroller-5376.lib and object D:\adale\Desktop\2DSouls\SideScroller\Intermediate\Build\Win64\UE4Editor\Development\SideScroller\UE4Editor-SideScroller-5376.exp
[2020.05.07-19.28.54:469][448]CompilerResultsLog:   [3/4] UE4Editor-SideScroller-5376.dll
[2020.05.07-19.28.54:469][448]CompilerResultsLog:      Creating library D:\adale\Desktop\2DSouls\SideScroller\Intermediate\Build\Win64\UE4Editor\Development\SideScroller\UE4Editor-SideScroller-5376.suppressed.lib and object D:\adale\Desktop\2DSouls\SideScroller\Intermediate\Build\Win64\UE4Editor\Development\SideScroller\UE4Editor-SideScroller-5376.suppressed.exp
[2020.05.07-19.28.54:469][448]CompilerResultsLog:   [4/4] SideScrollerEditor.target
[2020.05.07-19.28.54:469][448]CompilerResultsLog: Total time in Parallel executor: 3.38 seconds
[2020.05.07-19.28.54:469][448]CompilerResultsLog: Total execution time: 5.05 seconds
[2020.05.07-19.28.54:469][448]LogMainFrame: MainFrame: Module compiling took 5.186 seconds
[2020.05.07-19.28.54:503][448]LogUObjectHash: Compacting FUObjectHashTables data took   1.64ms
[2020.05.07-19.28.54:582][448]LogClass: UBeastState HotReload.
[2020.05.07-19.28.54:582][448]LogClass: UEnemyCharacterState HotReload.
[2020.05.07-19.28.54:582][448]LogClass: UEnemyState HotReload.
[2020.05.07-19.28.54:582][448]LogClass: UPlayerState HotReload.
[2020.05.07-19.28.54:595][448]LogContentBrowser: Native class hierarchy updated for 'SideScroller' in 0.0006 seconds. Added 10 classes and 2 folders.
[2020.05.07-19.28.54:600][448]Display: HotReload successful (14 functions remapped  0 scriptstructs remapped)
[2020.05.07-19.28.54:740][448]LogUObjectHash: Compacting FUObjectHashTables data took   2.85ms
[2020.05.07-19.28.54:758][448]LogContentBrowser: Native class hierarchy populated in 0.0087 seconds. Added 3027 classes and 722 folders.
[2020.05.07-19.28.54:758][448]Display: HotReload took  5.8s.
[2020.05.07-19.28.56:087][507]LogTemp: Repeating last play command: Selected Viewport
[2020.05.07-19.28.56:108][507]LogPlayLevel: PlayLevel: No blueprints needed recompiling
[2020.05.07-19.28.56:109][507]PIE: New page: PIE session: World (May 7, 2020, 11:28:56 a.m.)
[2020.05.07-19.28.56:109][507]LogPlayLevel: Creating play world package: /Game/Levels/UEDPIE_0_World
[2020.05.07-19.28.56:113][507]LogPlayLevel: PIE: StaticDuplicateObject took: (0.003681s)
[2020.05.07-19.28.56:115][507]LogAIModule: Creating AISystem for world World
[2020.05.07-19.28.56:115][507]LogPlayLevel: PIE: World Init took: (0.002173s)
[2020.05.07-19.28.56:116][507]LogPlayLevel: PIE: Created PIE world by copying editor world from /Game/Levels/World.World to /Game/Levels/UEDPIE_0_World.World (0.006636s)
[2020.05.07-19.28.56:192][507]LogUObjectHash: Compacting FUObjectHashTables data took   4.54ms
[2020.05.07-19.28.56:194][507]LogAudioMixer: Display: Audio Mixer Platform Settings:
[2020.05.07-19.28.56:194][507]LogAudioMixer: Display: 	Sample Rate:						  48000
[2020.05.07-19.28.56:194][507]LogAudioMixer: Display: 	Callback Buffer Frame Size Requested: 1024
[2020.05.07-19.28.56:194][507]LogAudioMixer: Display: 	Callback Buffer Frame Size To Use:	  1024
[2020.05.07-19.28.56:194][507]LogAudioMixer: Display: 	Number of buffers to queue:			  2
[2020.05.07-19.28.56:194][507]LogAudioMixer: Display: 	Max Channels (voices):				  32
[2020.05.07-19.28.56:195][507]LogAudioMixer: Display: 	Number of Async Source Workers:		  0
[2020.05.07-19.28.56:195][507]LogAudio: Display: AudioDevice MaxSources: 32
[2020.05.07-19.28.56:195][507]LogAudio: Display: Using built-in audio occlusion.
[2020.05.07-19.28.56:196][507]LogAudioMixer: Display: Initializing audio mixer.
[2020.05.07-19.28.56:213][507]LogAudioMixer: Display: Audio Device Output Speaker Info:
[2020.05.07-19.28.56:213][507]LogAudioMixer: Display: Name: Speakers / Headphones (Realtek Audio)
[2020.05.07-19.28.56:213][507]LogAudioMixer: Display: Is Default: Yes
[2020.05.07-19.28.56:214][507]LogAudioMixer: Display: Sample Rate: 48000
[2020.05.07-19.28.56:214][507]LogAudioMixer: Display: Channel Count Used: 2
[2020.05.07-19.28.56:214][507]LogAudioMixer: Display: Device Channel Count: 2
[2020.05.07-19.28.56:214][507]LogAudioMixer: Display: Channel Order:
[2020.05.07-19.28.56:214][507]LogAudioMixer: Display: 0: FrontLeft
[2020.05.07-19.28.56:214][507]LogAudioMixer: Display: 1: FrontRight
[2020.05.07-19.28.56:308][507]LogAudioMixer: Display: Using Audio Device Speakers / Headphones (Realtek Audio)
[2020.05.07-19.28.56:313][507]LogInit: FAudioDevice initialized.
[2020.05.07-19.28.56:329][507]LogLoad: Game class is 'BP_SideScrollerGameModeBase_C'
[2020.05.07-19.28.56:331][507]LogWorld: Bringing World /Game/Levels/UEDPIE_0_World.World up for play (max tick rate 60) at 2020.05.07-15.28.56
[2020.05.07-19.28.56:332][507]LogWorld: Bringing up level for play took: 0.001690
[2020.05.07-19.28.56:333][507]LogOnline: OSS: Creating online subsystem instance for: :Context_8
[2020.05.07-19.28.56:338][507]PIE: Play in editor start time for /Game/Levels/UEDPIE_0_World 1.174
[2020.05.07-19.29.16:516][717]LogAudioMixer: Display: No commands were queued while flushing the source manager.
[2020.05.07-19.29.16:517][717]LogAudioMixer: Display: No commands were queued while flushing the source manager.
[2020.05.07-19.29.16:517][717]LogSlate: Updating window title bar state: overlay mode, drag disabled, window buttons hidden, title bar hidden
[2020.05.07-19.29.16:517][717]LogWorld: BeginTearingDown for /Game/Levels/UEDPIE_0_World
[2020.05.07-19.29.16:518][717]LogAudioMixer: Display: No commands were queued while flushing the source manager.
[2020.05.07-19.29.16:518][717]LogWorld: UWorld::CleanupWorld for World, bSessionEnded=true, bCleanupResources=true
[2020.05.07-19.29.16:519][717]LogSlate: InvalidateAllWidgets triggered.  All widgets were invalidated
[2020.05.07-19.29.16:535][717]LogPlayLevel: Display: Shutting down PIE online subsystems
[2020.05.07-19.29.16:540][717]LogSlate: InvalidateAllWidgets triggered.  All widgets were invalidated
[2020.05.07-19.29.16:565][717]LogAudioMixer: Display: No commands were queued while flushing the source manager.
[2020.05.07-19.29.16:574][717]LogSlate: Updating window title bar state: overlay mode, drag disabled, window buttons hidden, title bar hidden
[2020.05.07-19.29.16:604][717]LogUObjectHash: Compacting FUObjectHashTables data took   4.16ms
[2020.05.07-19.29.16:619][718]LogPlayLevel: Display: Destroying online subsystem :Context_8
[2020.05.07-19.29.18:714][841]LogTemp: Repeating last play command: Selected Viewport
[2020.05.07-19.29.18:733][841]LogPlayLevel: PlayLevel: No blueprints needed recompiling
[2020.05.07-19.29.18:733][841]PIE: New page: PIE session: World (May 7, 2020, 11:29:18 a.m.)
[2020.05.07-19.29.18:734][841]LogPlayLevel: Creating play world package: /Game/Levels/UEDPIE_0_World
[2020.05.07-19.29.18:739][841]LogPlayLevel: PIE: StaticDuplicateObject took: (0.004440s)
[2020.05.07-19.29.18:741][841]LogAIModule: Creating AISystem for world World
[2020.05.07-19.29.18:741][841]LogPlayLevel: PIE: World Init took: (0.002182s)
[2020.05.07-19.29.18:742][841]LogPlayLevel: PIE: Created PIE world by copying editor world from /Game/Levels/World.World to /Game/Levels/UEDPIE_0_World.World (0.007405s)
[2020.05.07-19.29.18:774][841]LogUObjectHash: Compacting FUObjectHashTables data took   2.66ms
[2020.05.07-19.29.18:775][841]LogAudioMixer: Display: Audio Mixer Platform Settings:
[2020.05.07-19.29.18:776][841]LogAudioMixer: Display: 	Sample Rate:						  48000
[2020.05.07-19.29.18:776][841]LogAudioMixer: Display: 	Callback Buffer Frame Size Requested: 1024
[2020.05.07-19.29.18:776][841]LogAudioMixer: Display: 	Callback Buffer Frame Size To Use:	  1024
[2020.05.07-19.29.18:776][841]LogAudioMixer: Display: 	Number of buffers to queue:			  2
[2020.05.07-19.29.18:776][841]LogAudioMixer: Display: 	Max Channels (voices):				  32
[2020.05.07-19.29.18:776][841]LogAudioMixer: Display: 	Number of Async Source Workers:		  0
[2020.05.07-19.29.18:777][841]LogAudio: Display: AudioDevice MaxSources: 32
[2020.05.07-19.29.18:777][841]LogAudio: Display: Using built-in audio occlusion.
[2020.05.07-19.29.18:778][841]LogAudioMixer: Display: Initializing audio mixer.
[2020.05.07-19.29.18:801][841]LogAudioMixer: Display: Audio Device Output Speaker Info:
[2020.05.07-19.29.18:801][841]LogAudioMixer: Display: Name: Speakers / Headphones (Realtek Audio)
[2020.05.07-19.29.18:801][841]LogAudioMixer: Display: Is Default: Yes
[2020.05.07-19.29.18:802][841]LogAudioMixer: Display: Sample Rate: 48000
[2020.05.07-19.29.18:802][841]LogAudioMixer: Display: Channel Count Used: 2
[2020.05.07-19.29.18:802][841]LogAudioMixer: Display: Device Channel Count: 2
[2020.05.07-19.29.18:802][841]LogAudioMixer: Display: Channel Order:
[2020.05.07-19.29.18:802][841]LogAudioMixer: Display: 0: FrontLeft
[2020.05.07-19.29.18:802][841]LogAudioMixer: Display: 1: FrontRight
[2020.05.07-19.29.18:902][841]LogAudioMixer: Display: Using Audio Device Speakers / Headphones (Realtek Audio)
[2020.05.07-19.29.18:906][841]LogInit: FAudioDevice initialized.
[2020.05.07-19.29.18:917][841]LogLoad: Game class is 'BP_SideScrollerGameModeBase_C'
[2020.05.07-19.29.18:919][841]LogWorld: Bringing World /Game/Levels/UEDPIE_0_World.World up for play (max tick rate 60) at 2020.05.07-15.29.18
[2020.05.07-19.29.18:920][841]LogWorld: Bringing up level for play took: 0.001154
[2020.05.07-19.29.18:920][841]LogOnline: OSS: Creating online subsystem instance for: :Context_9
[2020.05.07-19.29.18:925][841]PIE: Play in editor start time for /Game/Levels/UEDPIE_0_World -0.239
[2020.05.07-19.29.21:881][ 17]LogAudioMixer: Display: No commands were queued while flushing the source manager.
[2020.05.07-19.29.21:881][ 17]LogAudioMixer: Display: No commands were queued while flushing the source manager.
[2020.05.07-19.29.21:881][ 17]LogSlate: Updating window title bar state: overlay mode, drag disabled, window buttons hidden, title bar hidden
[2020.05.07-19.29.21:881][ 17]LogWorld: BeginTearingDown for /Game/Levels/UEDPIE_0_World
[2020.05.07-19.29.21:882][ 17]LogAudioMixer: Display: No commands were queued while flushing the source manager.
[2020.05.07-19.29.21:882][ 17]LogWorld: UWorld::CleanupWorld for World, bSessionEnded=true, bCleanupResources=true
[2020.05.07-19.29.21:882][ 17]LogSlate: InvalidateAllWidgets triggered.  All widgets were invalidated
[2020.05.07-19.29.21:895][ 17]LogPlayLevel: Display: Shutting down PIE online subsystems
[2020.05.07-19.29.21:901][ 17]LogSlate: InvalidateAllWidgets triggered.  All widgets were invalidated
[2020.05.07-19.29.21:936][ 17]LogAudioMixer: Display: No commands were queued while flushing the source manager.
[2020.05.07-19.29.21:944][ 17]LogSlate: Updating window title bar state: overlay mode, drag disabled, window buttons hidden, title bar hidden
[2020.05.07-19.29.21:949][ 17]LogUObjectHash: Compacting FUObjectHashTables data took   3.39ms
[2020.05.07-19.29.22:001][ 19]LogPlayLevel: Display: Destroying online subsystem :Context_9
