Log file open, 05/15/20 16:46:56
LogWindows: Failed to load 'aqProf.dll' (GetLastError=126)
LogWindows: File 'aqProf.dll' does not exist
LogWindows: Failed to load 'VtuneApi.dll' (GetLastError=126)
LogWindows: File 'VtuneApi.dll' does not exist
LogWindows: Failed to load 'VtuneApi32e.dll' (GetLastError=126)
LogWindows: File 'VtuneApi32e.dll' does not exist
LogConsoleResponse: Display: Failed to find resolution value strings in scalability ini. Falling back to default.
LogInit: Display: Running engine for game: SideScroller
LogPlatformFile: Not using cached read wrapper
LogTaskGraph: Started task graph with 5 named threads and 23 total threads with 3 sets of task threads.
LogStats: Stats thread started at 0.195243
LogD3D11RHI: Loaded GFSDK_Aftermath_Lib.x64.dll
LogICUInternationalization: ICU TimeZone Detection - Raw Offset: -5:00, Platform Override: ''
LogPluginManager: Mounting plugin Paper2D
LogPluginManager: Mounting plugin AISupport
LogPluginManager: Mounting plugin LightPropagationVolume
LogPluginManager: Mounting plugin ActorLayerUtilities
LogPluginManager: Mounting plugin AnimationSharing
LogPluginManager: Mounting plugin CLionSourceCodeAccess
LogPluginManager: Mounting plugin CodeLiteSourceCodeAccess
LogPluginManager: Mounting plugin GitSourceControl
LogPluginManager: Mounting plugin KDevelopSourceCodeAccess
LogPluginManager: Mounting plugin NullSourceCodeAccess
LogPluginManager: Mounting plugin PerforceSourceControl
LogPluginManager: Mounting plugin PlasticSourceControl
LogPluginManager: Mounting plugin SubversionSourceControl
LogPluginManager: Mounting plugin UObjectPlugin
LogPluginManager: Mounting plugin VisualStudioCodeSourceCodeAccess
LogPluginManager: Mounting plugin VisualStudioSourceCodeAccess
LogPluginManager: Mounting plugin XCodeSourceCodeAccess
LogPluginManager: Mounting plugin AssetManagerEditor
LogPluginManager: Mounting plugin CryptoKeys
LogPluginManager: Mounting plugin CurveEditorTools
LogPluginManager: Mounting plugin DataValidation
LogPluginManager: Mounting plugin FacialAnimation
LogPluginManager: Mounting plugin GameplayTagsEditor
LogPluginManager: Mounting plugin MacGraphicsSwitching
LogPluginManager: Mounting plugin MaterialAnalyzer
LogPluginManager: Mounting plugin MobileLauncherProfileWizard
LogPluginManager: Mounting plugin PluginBrowser
LogPluginManager: Mounting plugin SpeedTreeImporter
LogPluginManager: Mounting plugin DatasmithContent
LogPluginManager: Mounting plugin VariantManagerContent
LogPluginManager: Mounting plugin AlembicImporter
LogPluginManager: Mounting plugin AutomationUtils
LogPluginManager: Mounting plugin BackChannel
LogPluginManager: Mounting plugin CharacterAI
LogPluginManager: Mounting plugin GeometryCache
LogPluginManager: Mounting plugin PlatformCrypto
LogPluginManager: Mounting plugin ProxyLODPlugin
LogPluginManager: Mounting plugin SkeletalReduction
LogPluginManager: Mounting plugin MagicLeap
LogPluginManager: Mounting plugin MagicLeapMedia
LogPluginManager: Mounting plugin MLSDK
LogPluginManager: Mounting plugin AndroidMedia
LogPluginManager: Mounting plugin AvfMedia
LogPluginManager: Mounting plugin ImgMedia
LogPluginManager: Mounting plugin MediaCompositing
LogPluginManager: Mounting plugin MediaPlayerEditor
LogPluginManager: Mounting plugin WebMMedia
LogPluginManager: Mounting plugin WmfMedia
LogPluginManager: Mounting plugin TcpMessaging
LogPluginManager: Mounting plugin UdpMessaging
LogPluginManager: Mounting plugin ActorSequence
LogPluginManager: Mounting plugin LevelSequenceEditor
LogPluginManager: Mounting plugin MatineeToLevelSequence
LogPluginManager: Mounting plugin NetcodeUnitTest
LogPluginManager: Mounting plugin NUTUnrealEngine4
LogPluginManager: Mounting plugin OnlineSubsystemGooglePlay
LogPluginManager: Mounting plugin OnlineSubsystemIOS
LogPluginManager: Mounting plugin OnlineSubsystem
LogPluginManager: Mounting plugin OnlineSubsystemNull
LogPluginManager: Mounting plugin OnlineSubsystemUtils
LogPluginManager: Mounting plugin LauncherChunkInstaller
LogPluginManager: Mounting plugin AndroidDeviceProfileSelector
LogPluginManager: Mounting plugin AndroidMoviePlayer
LogPluginManager: Mounting plugin AndroidPermission
LogPluginManager: Mounting plugin AppleImageUtils
LogPluginManager: Mounting plugin AppleMoviePlayer
LogPluginManager: Mounting plugin ArchVisCharacter
LogPluginManager: Mounting plugin AssetTags
LogPluginManager: Mounting plugin AudioCapture
LogPluginManager: Mounting plugin CableComponent
LogPluginManager: Mounting plugin CustomMeshComponent
LogPluginManager: Mounting plugin EditableMesh
LogPluginManager: Mounting plugin ExampleDeviceProfileSelector
LogPluginManager: Mounting plugin GoogleCloudMessaging
LogPluginManager: Mounting plugin IOSDeviceProfileSelector
LogPluginManager: Mounting plugin LinuxDeviceProfileSelector
LogPluginManager: Mounting plugin LocationServicesBPLibrary
LogPluginManager: Mounting plugin MobilePatchingUtils
LogPluginManager: Mounting plugin OculusVR
LogPluginManager: Mounting plugin PhysXVehicles
LogPluginManager: Mounting plugin PostSplashScreen
LogPluginManager: Mounting plugin ProceduralMeshComponent
LogPluginManager: Mounting plugin RuntimePhysXCooking
LogPluginManager: Mounting plugin SignificanceManager
LogPluginManager: Mounting plugin SteamVR
LogPluginManager: Mounting plugin WebMMoviePlayer
LogPluginManager: Mounting plugin WindowsMoviePlayer
LogPluginManager: Mounting plugin ScreenshotTools
LogInit: Using libcurl 7.55.1-DEV
LogInit:  - built for x86_64-pc-win32
LogInit:  - supports SSL with OpenSSL/1.1.1
LogInit:  - supports HTTP deflate (compression) using libz 1.2.8
LogInit:  - other features:
LogInit:      CURL_VERSION_SSL
LogInit:      CURL_VERSION_LIBZ
LogInit:      CURL_VERSION_IPV6
LogInit:      CURL_VERSION_ASYNCHDNS
LogInit:      CURL_VERSION_LARGEFILE
LogInit:      CURL_VERSION_IDN
LogInit:  CurlRequestOptions (configurable via config and command line):
LogInit:  - bVerifyPeer = true  - Libcurl will verify peer certificate
LogInit:  - bUseHttpProxy = false  - Libcurl will NOT use HTTP proxy
LogInit:  - bDontReuseConnections = false  - Libcurl will reuse connections
LogInit:  - MaxHostConnections = 16  - Libcurl will limit the number of connections to a host
LogInit:  - LocalHostAddr = Default
LogInit:  - BufferSize = 65536
LogOnline: OSS: Creating online subsystem instance for: NULL
LogInit: WinSock: version 1.1 (2.2), MaxSocks=32767, MaxUdp=65467
LogOnline: OSS: TryLoadSubsystemAndSetDefault: Loaded subsystem for module [NULL]
LogInit: Build: ++UE4+Release-4.24-CL-11590370
LogInit: Engine Version: 4.24.3-11590370+++UE4+Release-4.24
LogInit: Compatible Engine Version: 4.24.0-10570792+++UE4+Release-4.24
LogInit: Net CL: 10570792
LogInit: OS: Windows 10 (Release 1903) (), CPU: Intel(R) Core(TM) i7-7700HQ CPU @ 2.80GHz, GPU: Intel(R) HD Graphics 630
LogInit: Compiled (64-bit): Feb 24 2020 15:39:18
LogInit: Compiled with Visual C++: 19.16.27032.01
LogInit: Build Configuration: Development
LogInit: Branch Name: ++UE4+Release-4.24
LogInit: Command Line:  -skipcompile
LogInit: Base Directory: D:/Program Files (x86)/UE_4.24/Engine/Binaries/Win64/
LogInit: Installed Engine Build: 1
LogDevObjectVersion: Number of dev versions registered: 25
LogDevObjectVersion:   Dev-Blueprints (B0D832E4-1F89-4F0D-ACCF-7EB736FD4AA2): 10
LogDevObjectVersion:   Dev-Build (E1C64328-A22C-4D53-A36C-8E866417BD8C): 0
LogDevObjectVersion:   Dev-Core (375EC13C-06E4-48FB-B500-84F0262A717E): 3
LogDevObjectVersion:   Dev-Editor (E4B068ED-F494-42E9-A231-DA0B2E46BB41): 37
LogDevObjectVersion:   Dev-Framework (CFFC743F-43B0-4480-9391-14DF171D2073): 36
LogDevObjectVersion:   Dev-Mobile (B02B49B5-BB20-44E9-A304-32B752E40360): 2
LogDevObjectVersion:   Dev-Networking (A4E4105C-59A1-49B5-A7C5-40C4547EDFEE): 0
LogDevObjectVersion:   Dev-Online (39C831C9-5AE6-47DC-9A44-9C173E1C8E7C): 0
LogDevObjectVersion:   Dev-Physics (78F01B33-EBEA-4F98-B9B4-84EACCB95AA2): 2
LogDevObjectVersion:   Dev-Platform (6631380F-2D4D-43E0-8009-CF276956A95A): 0
LogDevObjectVersion:   Dev-Rendering (12F88B9F-8875-4AFC-A67C-D90C383ABD29): 36
LogDevObjectVersion:   Dev-Sequencer (7B5AE74C-D270-4C10-A958-57980B212A5A): 11
LogDevObjectVersion:   Dev-VR (D7296918-1DD6-4BDD-9DE2-64A83CC13884): 2
LogDevObjectVersion:   Dev-LoadTimes (C2A15278-BFE7-4AFE-6C17-90FF531DF755): 1
LogDevObjectVersion:   Private-Geometry (6EACA3D4-40EC-4CC1-B786-8BED09428FC5): 3
LogDevObjectVersion:   Dev-AnimPhys (29E575DD-E0A3-4627-9D10-D276232CDCEA): 17
LogDevObjectVersion:   Dev-Anim (AF43A65D-7FD3-4947-9873-3E8ED9C1BB05): 2
LogDevObjectVersion:   Dev-ReflectionCapture (6B266CEC-1EC7-4B8F-A30B-E4D90942FC07): 1
LogDevObjectVersion:   Dev-Automation (0DF73D61-A23F-47EA-B727-89E90C41499A): 1
LogDevObjectVersion:   FortniteMain (601D1886-AC64-4F84-AA16-D3DE0DEAC7D6): 31
LogDevObjectVersion:   Dev-Enterprise (9DFFBCD6-494F-0158-E221-12823C92A888): 8
LogDevObjectVersion:   Dev-Niagara (F2AED0AC-9AFE-416F-8664-AA7FFA26D6FC): 1
LogDevObjectVersion:   Dev-Destruction (174F1F0B-B4C6-45A5-B13F-2EE8D0FB917D): 9
LogDevObjectVersion:   Dev-Physics-Ext (35F94A83-E258-406C-A318-09F59610247C): 8
LogDevObjectVersion:   Dev-CineCamera (B2E18506-4273-CFC2-A54E-F4BB758BBA07): 1
LogInit: Presizing for max 25165824 objects, including 0 objects not considered by GC, pre-allocating 0 bytes for permanent pool.
LogInit: Object subsystem initialized
LogConfig: Setting CVar [[con.DebugEarlyDefault:1]]
LogConfig: Setting CVar [[r.setres:1280x720]]
[2020.05.15-20.46.56:640][  0]LogConfig: Setting CVar [[r.VSync:0]]
[2020.05.15-20.46.56:640][  0]LogConfig: Setting CVar [[r.RHICmdBypass:0]]
[2020.05.15-20.46.56:640][  0]LogConfig: Applying CVar settings from Section [/Script/Engine.RendererSettings] File [D:/adale/Desktop/2DSouls/SideScroller/Saved/Config/Windows/Engine.ini]
[2020.05.15-20.46.56:641][  0]LogConfig: Setting CVar [[r.GPUCrashDebugging:0]]
[2020.05.15-20.46.56:641][  0]LogConfig: Applying CVar settings from Section [/Script/Engine.RendererOverrideSettings] File [D:/adale/Desktop/2DSouls/SideScroller/Saved/Config/Windows/Engine.ini]
[2020.05.15-20.46.56:641][  0]LogConfig: Applying CVar settings from Section [/Script/Engine.StreamingSettings] File [D:/adale/Desktop/2DSouls/SideScroller/Saved/Config/Windows/Engine.ini]
[2020.05.15-20.46.56:641][  0]LogConfig: Setting CVar [[s.MinBulkDataSizeForAsyncLoading:131072]]
[2020.05.15-20.46.56:641][  0]LogConfig: Setting CVar [[s.AsyncLoadingThreadEnabled:0]]
[2020.05.15-20.46.56:641][  0]LogConfig: Setting CVar [[s.EventDrivenLoaderEnabled:1]]
[2020.05.15-20.46.56:641][  0]LogConfig: Setting CVar [[s.WarnIfTimeLimitExceeded:0]]
[2020.05.15-20.46.56:641][  0]LogConfig: Setting CVar [[s.TimeLimitExceededMultiplier:1.5]]
[2020.05.15-20.46.56:641][  0]LogConfig: Setting CVar [[s.TimeLimitExceededMinTime:0.005]]
[2020.05.15-20.46.56:641][  0]LogConfig: Setting CVar [[s.UseBackgroundLevelStreaming:1]]
[2020.05.15-20.46.56:641][  0]LogConfig: Setting CVar [[s.PriorityAsyncLoadingExtraTime:15.0]]
[2020.05.15-20.46.56:641][  0]LogConfig: Setting CVar [[s.LevelStreamingActorsUpdateTimeLimit:5.0]]
[2020.05.15-20.46.56:641][  0]LogConfig: Setting CVar [[s.PriorityLevelStreamingActorsUpdateExtraTime:5.0]]
[2020.05.15-20.46.56:641][  0]LogConfig: Setting CVar [[s.LevelStreamingComponentsRegistrationGranularity:10]]
[2020.05.15-20.46.56:641][  0]LogConfig: Setting CVar [[s.UnregisterComponentsTimeLimit:1.0]]
[2020.05.15-20.46.56:641][  0]LogConfig: Setting CVar [[s.LevelStreamingComponentsUnregistrationGranularity:5]]
[2020.05.15-20.46.56:641][  0]LogConfig: Setting CVar [[s.FlushStreamingOnExit:1]]
[2020.05.15-20.46.56:641][  0]LogConfig: Applying CVar settings from Section [/Script/Engine.GarbageCollectionSettings] File [D:/adale/Desktop/2DSouls/SideScroller/Saved/Config/Windows/Engine.ini]
[2020.05.15-20.46.56:641][  0]LogConfig: Setting CVar [[gc.MaxObjectsNotConsideredByGC:1]]
[2020.05.15-20.46.56:641][  0]LogConfig: Setting CVar [[gc.SizeOfPermanentObjectPool:0]]
[2020.05.15-20.46.56:641][  0]LogConfig: Setting CVar [[gc.FlushStreamingOnGC:0]]
[2020.05.15-20.46.56:641][  0]LogConfig: Setting CVar [[gc.NumRetriesBeforeForcingGC:10]]
[2020.05.15-20.46.56:641][  0]LogConfig: Setting CVar [[gc.AllowParallelGC:1]]
[2020.05.15-20.46.56:641][  0]LogConfig: Setting CVar [[gc.TimeBetweenPurgingPendingKillObjects:61.1]]
[2020.05.15-20.46.56:641][  0]LogConfig: Setting CVar [[gc.MaxObjectsInEditor:25165824]]
[2020.05.15-20.46.56:641][  0]LogConfig: Setting CVar [[gc.IncrementalBeginDestroyEnabled:1]]
[2020.05.15-20.46.56:641][  0]LogConfig: Setting CVar [[gc.CreateGCClusters:1]]
[2020.05.15-20.46.56:641][  0]LogConfig: Setting CVar [[gc.MinGCClusterSize:5]]
[2020.05.15-20.46.56:641][  0]LogConfig: Setting CVar [[gc.ActorClusteringEnabled:0]]
[2020.05.15-20.46.56:641][  0]LogConfig: Setting CVar [[gc.BlueprintClusteringEnabled:0]]
[2020.05.15-20.46.56:641][  0]LogConfig: Setting CVar [[gc.UseDisregardForGCOnDedicatedServers:0]]
[2020.05.15-20.46.56:641][  0]LogConfig: Applying CVar settings from Section [/Script/Engine.NetworkSettings] File [D:/adale/Desktop/2DSouls/SideScroller/Saved/Config/Windows/Engine.ini]
[2020.05.15-20.46.56:641][  0]LogConfig: Applying CVar settings from Section [/Script/UnrealEd.CookerSettings] File [D:/adale/Desktop/2DSouls/SideScroller/Saved/Config/Windows/Engine.ini]
[2020.05.15-20.46.56:652][  0]LogConfig: Applying CVar settings from Section [ViewDistanceQuality@3] File [D:/adale/Desktop/2DSouls/SideScroller/Saved/Config/Windows/Scalability.ini]
[2020.05.15-20.46.56:652][  0]LogConfig: Setting CVar [[r.SkeletalMeshLODBias:0]]
[2020.05.15-20.46.56:652][  0]LogConfig: Setting CVar [[r.ViewDistanceScale:1.0]]
[2020.05.15-20.46.56:652][  0]LogConfig: Applying CVar settings from Section [AntiAliasingQuality@3] File [D:/adale/Desktop/2DSouls/SideScroller/Saved/Config/Windows/Scalability.ini]
[2020.05.15-20.46.56:652][  0]LogConfig: Setting CVar [[r.PostProcessAAQuality:4]]
[2020.05.15-20.46.56:652][  0]LogConfig: Applying CVar settings from Section [ShadowQuality@3] File [D:/adale/Desktop/2DSouls/SideScroller/Saved/Config/Windows/Scalability.ini]
[2020.05.15-20.46.56:652][  0]LogConfig: Setting CVar [[r.LightFunctionQuality:1]]
[2020.05.15-20.46.56:653][  0]LogConfig: Setting CVar [[r.ShadowQuality:5]]
[2020.05.15-20.46.56:653][  0]LogConfig: Setting CVar [[r.Shadow.CSM.MaxCascades:10]]
[2020.05.15-20.46.56:653][  0]LogConfig: Setting CVar [[r.Shadow.MaxResolution:2048]]
[2020.05.15-20.46.56:653][  0]LogConfig: Setting CVar [[r.Shadow.MaxCSMResolution:2048]]
[2020.05.15-20.46.56:653][  0]LogConfig: Setting CVar [[r.Shadow.RadiusThreshold:0.01]]
[2020.05.15-20.46.56:653][  0]LogConfig: Setting CVar [[r.Shadow.DistanceScale:1.0]]
[2020.05.15-20.46.56:653][  0]LogConfig: Setting CVar [[r.Shadow.CSM.TransitionScale:1.0]]
[2020.05.15-20.46.56:653][  0]LogConfig: Setting CVar [[r.Shadow.PreShadowResolutionFactor:1.0]]
[2020.05.15-20.46.56:653][  0]LogConfig: Setting CVar [[r.DistanceFieldShadowing:1]]
[2020.05.15-20.46.56:653][  0]LogConfig: Setting CVar [[r.DistanceFieldAO:1]]
[2020.05.15-20.46.56:653][  0]LogConfig: Setting CVar [[r.AOQuality:2]]
[2020.05.15-20.46.56:653][  0]LogConfig: Setting CVar [[r.VolumetricFog:1]]
[2020.05.15-20.46.56:653][  0]LogConfig: Setting CVar [[r.VolumetricFog.GridPixelSize:8]]
[2020.05.15-20.46.56:653][  0]LogConfig: Setting CVar [[r.VolumetricFog.GridSizeZ:128]]
[2020.05.15-20.46.56:653][  0]LogConfig: Setting CVar [[r.VolumetricFog.HistoryMissSupersampleCount:4]]
[2020.05.15-20.46.56:653][  0]LogConfig: Setting CVar [[r.LightMaxDrawDistanceScale:1]]
[2020.05.15-20.46.56:653][  0]LogConfig: Setting CVar [[r.CapsuleShadows:1]]
[2020.05.15-20.46.56:654][  0]LogConfig: Applying CVar settings from Section [PostProcessQuality@3] File [D:/adale/Desktop/2DSouls/SideScroller/Saved/Config/Windows/Scalability.ini]
[2020.05.15-20.46.56:654][  0]LogConfig: Setting CVar [[r.MotionBlurQuality:4]]
[2020.05.15-20.46.56:654][  0]LogConfig: Setting CVar [[r.AmbientOcclusionMipLevelFactor:0.4]]
[2020.05.15-20.46.56:654][  0]LogConfig: Setting CVar [[r.AmbientOcclusionMaxQuality:100]]
[2020.05.15-20.46.56:654][  0]LogConfig: Setting CVar [[r.AmbientOcclusionLevels:-1]]
[2020.05.15-20.46.56:654][  0]LogConfig: Setting CVar [[r.AmbientOcclusionRadiusScale:1.0]]
[2020.05.15-20.46.56:654][  0]LogConfig: Setting CVar [[r.DepthOfFieldQuality:2]]
[2020.05.15-20.46.56:654][  0]LogConfig: Setting CVar [[r.RenderTargetPoolMin:400]]
[2020.05.15-20.46.56:654][  0]LogConfig: Setting CVar [[r.LensFlareQuality:2]]
[2020.05.15-20.46.56:654][  0]LogConfig: Setting CVar [[r.SceneColorFringeQuality:1]]
[2020.05.15-20.46.56:654][  0]LogConfig: Setting CVar [[r.EyeAdaptationQuality:2]]
[2020.05.15-20.46.56:654][  0]LogConfig: Setting CVar [[r.BloomQuality:5]]
[2020.05.15-20.46.56:654][  0]LogConfig: Setting CVar [[r.FastBlurThreshold:100]]
[2020.05.15-20.46.56:654][  0]LogConfig: Setting CVar [[r.Upscale.Quality:3]]
[2020.05.15-20.46.56:654][  0]LogConfig: Setting CVar [[r.Tonemapper.GrainQuantization:1]]
[2020.05.15-20.46.56:654][  0]LogConfig: Setting CVar [[r.LightShaftQuality:1]]
[2020.05.15-20.46.56:654][  0]LogConfig: Setting CVar [[r.Filter.SizeScale:1]]
[2020.05.15-20.46.56:654][  0]LogConfig: Setting CVar [[r.Tonemapper.Quality:5]]
[2020.05.15-20.46.56:655][  0]LogConfig: Setting CVar [[r.DOF.Gather.AccumulatorQuality:1        ; higher gathering accumulator quality]]
[2020.05.15-20.46.56:655][  0]LogConfig: Setting CVar [[r.DOF.Gather.PostfilterMethod:1          ; Median3x3 postfilering method]]
[2020.05.15-20.46.56:655][  0]LogConfig: Setting CVar [[r.DOF.Gather.EnableBokehSettings:0       ; no bokeh simulation when gathering]]
[2020.05.15-20.46.56:655][  0]LogConfig: Setting CVar [[r.DOF.Gather.RingCount:4                 ; medium number of samples when gathering]]
[2020.05.15-20.46.56:655][  0]LogConfig: Setting CVar [[r.DOF.Scatter.ForegroundCompositing:1    ; additive foreground scattering]]
[2020.05.15-20.46.56:655][  0]LogConfig: Setting CVar [[r.DOF.Scatter.BackgroundCompositing:2    ; additive background scattering]]
[2020.05.15-20.46.56:655][  0]LogConfig: Setting CVar [[r.DOF.Scatter.EnableBokehSettings:1      ; bokeh simulation when scattering]]
[2020.05.15-20.46.56:655][  0]LogConfig: Setting CVar [[r.DOF.Scatter.MaxSpriteRatio:0.1         ; only a maximum of 10% of scattered bokeh]]
[2020.05.15-20.46.56:655][  0]LogConfig: Setting CVar [[r.DOF.Recombine.Quality:1                ; cheap slight out of focus]]
[2020.05.15-20.46.56:655][  0]LogConfig: Setting CVar [[r.DOF.Recombine.EnableBokehSettings:0    ; no bokeh simulation on slight out of focus]]
[2020.05.15-20.46.56:655][  0]LogConfig: Setting CVar [[r.DOF.TemporalAAQuality:1                ; more stable temporal accumulation]]
[2020.05.15-20.46.56:655][  0]LogConfig: Setting CVar [[r.DOF.Kernel.MaxForegroundRadius:0.025]]
[2020.05.15-20.46.56:655][  0]LogConfig: Setting CVar [[r.DOF.Kernel.MaxBackgroundRadius:0.025]]
[2020.05.15-20.46.56:655][  0]LogConfig: Applying CVar settings from Section [TextureQuality@3] File [D:/adale/Desktop/2DSouls/SideScroller/Saved/Config/Windows/Scalability.ini]
[2020.05.15-20.46.56:655][  0]LogConfig: Setting CVar [[r.Streaming.MipBias:0]]
[2020.05.15-20.46.56:655][  0]LogConfig: Setting CVar [[r.Streaming.AmortizeCPUToGPUCopy:0]]
[2020.05.15-20.46.56:655][  0]LogConfig: Setting CVar [[r.Streaming.MaxNumTexturesToStreamPerFrame:0]]
[2020.05.15-20.46.56:656][  0]LogConfig: Setting CVar [[r.Streaming.Boost:1]]
[2020.05.15-20.46.56:656][  0]LogConfig: Setting CVar [[r.MaxAnisotropy:8]]
[2020.05.15-20.46.56:656][  0]LogConfig: Setting CVar [[r.VT.MaxAnisotropy:8]]
[2020.05.15-20.46.56:656][  0]LogConfig: Setting CVar [[r.Streaming.LimitPoolSizeToVRAM:0]]
[2020.05.15-20.46.56:656][  0]LogConfig: Setting CVar [[r.Streaming.PoolSize:1000]]
[2020.05.15-20.46.56:656][  0]LogConfig: Setting CVar [[r.Streaming.MaxEffectiveScreenSize:0]]
[2020.05.15-20.46.56:656][  0]LogConfig: Applying CVar settings from Section [EffectsQuality@3] File [D:/adale/Desktop/2DSouls/SideScroller/Saved/Config/Windows/Scalability.ini]
[2020.05.15-20.46.56:656][  0]LogConfig: Setting CVar [[r.TranslucencyLightingVolumeDim:64]]
[2020.05.15-20.46.56:656][  0]LogConfig: Setting CVar [[r.RefractionQuality:2]]
[2020.05.15-20.46.56:656][  0]LogConfig: Setting CVar [[r.SSR.Quality:3]]
[2020.05.15-20.46.56:656][  0]LogConfig: Setting CVar [[r.SSR.HalfResSceneColor:0]]
[2020.05.15-20.46.56:656][  0]LogConfig: Setting CVar [[r.SceneColorFormat:4]]
[2020.05.15-20.46.56:656][  0]LogConfig: Setting CVar [[r.DetailMode:2]]
[2020.05.15-20.46.56:656][  0]LogConfig: Setting CVar [[r.TranslucencyVolumeBlur:1]]
[2020.05.15-20.46.56:656][  0]LogConfig: Setting CVar [[r.MaterialQualityLevel:1 ; High quality]]
[2020.05.15-20.46.56:656][  0]LogConfig: Setting CVar [[r.SSS.Scale:1]]
[2020.05.15-20.46.56:656][  0]LogConfig: Setting CVar [[r.SSS.SampleSet:2]]
[2020.05.15-20.46.56:656][  0]LogConfig: Setting CVar [[r.SSS.Quality:1]]
[2020.05.15-20.46.56:657][  0]LogConfig: Setting CVar [[r.SSS.HalfRes:1]]
[2020.05.15-20.46.56:657][  0]LogConfig: Setting CVar [[r.SSGI.Quality:3]]
[2020.05.15-20.46.56:657][  0]LogConfig: Setting CVar [[r.EmitterSpawnRateScale:1.0]]
[2020.05.15-20.46.56:657][  0]LogConfig: Setting CVar [[r.ParticleLightQuality:2]]
[2020.05.15-20.46.56:657][  0]LogConfig: Setting CVar [[r.SkyAtmosphere.AerialPerspectiveLUT.FastApplyOnOpaque:1 ; Always have FastSkyLUT 1 in this case to avoid wrong sky]]
[2020.05.15-20.46.56:657][  0]LogConfig: Setting CVar [[r.SkyAtmosphere.AerialPerspectiveLUT.SampleCountPerSlice:1]]
[2020.05.15-20.46.56:657][  0]LogConfig: Setting CVar [[r.SkyAtmosphere.AerialPerspectiveLUT.DepthResolution:16.0]]
[2020.05.15-20.46.56:657][  0]LogConfig: Setting CVar [[r.SkyAtmosphere.FastSkyLUT:1]]
[2020.05.15-20.46.56:657][  0]LogConfig: Setting CVar [[r.SkyAtmosphere.FastSkyLUT.SampleCountMin:4.0]]
[2020.05.15-20.46.56:657][  0]LogConfig: Setting CVar [[r.SkyAtmosphere.FastSkyLUT.SampleCountMax:32.0]]
[2020.05.15-20.46.56:657][  0]LogConfig: Setting CVar [[r.SkyAtmosphere.SampleCountMin:4.0]]
[2020.05.15-20.46.56:657][  0]LogConfig: Setting CVar [[r.SkyAtmosphere.SampleCountMax:32.0]]
[2020.05.15-20.46.56:657][  0]LogConfig: Setting CVar [[r.SkyAtmosphere.TransmittanceLUT.UseSmallFormat:0]]
[2020.05.15-20.46.56:657][  0]LogConfig: Setting CVar [[r.SkyAtmosphere.TransmittanceLUT.SampleCount:10.0]]
[2020.05.15-20.46.56:657][  0]LogConfig: Setting CVar [[r.SkyAtmosphere.MultiScatteringLUT.SampleCount:15.0]]
[2020.05.15-20.46.56:657][  0]LogConfig: Applying CVar settings from Section [FoliageQuality@3] File [D:/adale/Desktop/2DSouls/SideScroller/Saved/Config/Windows/Scalability.ini]
[2020.05.15-20.46.56:657][  0]LogConfig: Setting CVar [[foliage.DensityScale:1.0]]
[2020.05.15-20.46.56:657][  0]LogConfig: Setting CVar [[grass.DensityScale:1.0]]
[2020.05.15-20.46.56:658][  0]LogConfig: Applying CVar settings from Section [ShadingQuality@3] File [D:/adale/Desktop/2DSouls/SideScroller/Saved/Config/Windows/Scalability.ini]
[2020.05.15-20.46.56:658][  0]LogConfig: Setting CVar [[r.HairStrands.SkyLighting.SampleCount:16]]
[2020.05.15-20.46.56:658][  0]LogConfig: Setting CVar [[r.HairStrands.SkyLighting.JitterIntegration:0]]
[2020.05.15-20.46.56:658][  0]LogConfig: Setting CVar [[r.HairStrands.SkyAO.SampleCount:16]]
[2020.05.15-20.46.56:658][  0]LogInit: Selected Device Profile: [Windows]
[2020.05.15-20.46.56:658][  0]LogInit: Applying CVar settings loaded from the selected device profile: [Windows]
[2020.05.15-20.46.56:661][  0]LogHAL: Display: Platform has ~ 16 GB [17039618048 / 17179869184 / 16], which maps to Larger [LargestMinGB=32, LargerMinGB=12, DefaultMinGB=8, SmallerMinGB=6, SmallestMinGB=0)
[2020.05.15-20.46.56:661][  0]LogInit: Going up to parent DeviceProfile []
[2020.05.15-20.46.56:661][  0]LogConfig: Applying CVar settings from Section [ViewDistanceQuality@3] File [D:/adale/Desktop/2DSouls/SideScroller/Saved/Config/Windows/Scalability.ini]
[2020.05.15-20.46.56:661][  0]LogConfig: Setting CVar [[r.SkeletalMeshLODBias:0]]
[2020.05.15-20.46.56:661][  0]LogConfig: Setting CVar [[r.ViewDistanceScale:1.0]]
[2020.05.15-20.46.56:661][  0]LogConfig: Applying CVar settings from Section [AntiAliasingQuality@3] File [D:/adale/Desktop/2DSouls/SideScroller/Saved/Config/Windows/Scalability.ini]
[2020.05.15-20.46.56:661][  0]LogConfig: Setting CVar [[r.PostProcessAAQuality:4]]
[2020.05.15-20.46.56:661][  0]LogConfig: Applying CVar settings from Section [ShadowQuality@3] File [D:/adale/Desktop/2DSouls/SideScroller/Saved/Config/Windows/Scalability.ini]
[2020.05.15-20.46.56:661][  0]LogConfig: Setting CVar [[r.LightFunctionQuality:1]]
[2020.05.15-20.46.56:661][  0]LogConfig: Setting CVar [[r.ShadowQuality:5]]
[2020.05.15-20.46.56:661][  0]LogConfig: Setting CVar [[r.Shadow.CSM.MaxCascades:10]]
[2020.05.15-20.46.56:661][  0]LogConfig: Setting CVar [[r.Shadow.MaxResolution:2048]]
[2020.05.15-20.46.56:661][  0]LogConfig: Setting CVar [[r.Shadow.MaxCSMResolution:2048]]
[2020.05.15-20.46.56:661][  0]LogConfig: Setting CVar [[r.Shadow.RadiusThreshold:0.01]]
[2020.05.15-20.46.56:662][  0]LogConfig: Setting CVar [[r.Shadow.DistanceScale:1.0]]
[2020.05.15-20.46.56:662][  0]LogConfig: Setting CVar [[r.Shadow.CSM.TransitionScale:1.0]]
[2020.05.15-20.46.56:662][  0]LogConfig: Setting CVar [[r.Shadow.PreShadowResolutionFactor:1.0]]
[2020.05.15-20.46.56:662][  0]LogConfig: Setting CVar [[r.DistanceFieldShadowing:1]]
[2020.05.15-20.46.56:662][  0]LogConfig: Setting CVar [[r.DistanceFieldAO:1]]
[2020.05.15-20.46.56:662][  0]LogConfig: Setting CVar [[r.AOQuality:2]]
[2020.05.15-20.46.56:662][  0]LogConfig: Setting CVar [[r.VolumetricFog:1]]
[2020.05.15-20.46.56:662][  0]LogConfig: Setting CVar [[r.VolumetricFog.GridPixelSize:8]]
[2020.05.15-20.46.56:662][  0]LogConfig: Setting CVar [[r.VolumetricFog.GridSizeZ:128]]
[2020.05.15-20.46.56:662][  0]LogConfig: Setting CVar [[r.VolumetricFog.HistoryMissSupersampleCount:4]]
[2020.05.15-20.46.56:662][  0]LogConfig: Setting CVar [[r.LightMaxDrawDistanceScale:1]]
[2020.05.15-20.46.56:662][  0]LogConfig: Setting CVar [[r.CapsuleShadows:1]]
[2020.05.15-20.46.56:662][  0]LogConfig: Applying CVar settings from Section [PostProcessQuality@3] File [D:/adale/Desktop/2DSouls/SideScroller/Saved/Config/Windows/Scalability.ini]
[2020.05.15-20.46.56:662][  0]LogConfig: Setting CVar [[r.MotionBlurQuality:4]]
[2020.05.15-20.46.56:662][  0]LogConfig: Setting CVar [[r.AmbientOcclusionMipLevelFactor:0.4]]
[2020.05.15-20.46.56:662][  0]LogConfig: Setting CVar [[r.AmbientOcclusionMaxQuality:100]]
[2020.05.15-20.46.56:662][  0]LogConfig: Setting CVar [[r.AmbientOcclusionLevels:-1]]
[2020.05.15-20.46.56:663][  0]LogConfig: Setting CVar [[r.AmbientOcclusionRadiusScale:1.0]]
[2020.05.15-20.46.56:663][  0]LogConfig: Setting CVar [[r.DepthOfFieldQuality:2]]
[2020.05.15-20.46.56:663][  0]LogConfig: Setting CVar [[r.RenderTargetPoolMin:400]]
[2020.05.15-20.46.56:663][  0]LogConfig: Setting CVar [[r.LensFlareQuality:2]]
[2020.05.15-20.46.56:663][  0]LogConfig: Setting CVar [[r.SceneColorFringeQuality:1]]
[2020.05.15-20.46.56:663][  0]LogConfig: Setting CVar [[r.EyeAdaptationQuality:2]]
[2020.05.15-20.46.56:663][  0]LogConfig: Setting CVar [[r.BloomQuality:5]]
[2020.05.15-20.46.56:663][  0]LogConfig: Setting CVar [[r.FastBlurThreshold:100]]
[2020.05.15-20.46.56:663][  0]LogConfig: Setting CVar [[r.Upscale.Quality:3]]
[2020.05.15-20.46.56:663][  0]LogConfig: Setting CVar [[r.Tonemapper.GrainQuantization:1]]
[2020.05.15-20.46.56:663][  0]LogConfig: Setting CVar [[r.LightShaftQuality:1]]
[2020.05.15-20.46.56:663][  0]LogConfig: Setting CVar [[r.Filter.SizeScale:1]]
[2020.05.15-20.46.56:663][  0]LogConfig: Setting CVar [[r.Tonemapper.Quality:5]]
[2020.05.15-20.46.56:663][  0]LogConfig: Setting CVar [[r.DOF.Gather.AccumulatorQuality:1        ; higher gathering accumulator quality]]
[2020.05.15-20.46.56:663][  0]LogConfig: Setting CVar [[r.DOF.Gather.PostfilterMethod:1          ; Median3x3 postfilering method]]
[2020.05.15-20.46.56:663][  0]LogConfig: Setting CVar [[r.DOF.Gather.EnableBokehSettings:0       ; no bokeh simulation when gathering]]
[2020.05.15-20.46.56:663][  0]LogConfig: Setting CVar [[r.DOF.Gather.RingCount:4                 ; medium number of samples when gathering]]
[2020.05.15-20.46.56:664][  0]LogConfig: Setting CVar [[r.DOF.Scatter.ForegroundCompositing:1    ; additive foreground scattering]]
[2020.05.15-20.46.56:664][  0]LogConfig: Setting CVar [[r.DOF.Scatter.BackgroundCompositing:2    ; additive background scattering]]
[2020.05.15-20.46.56:664][  0]LogConfig: Setting CVar [[r.DOF.Scatter.EnableBokehSettings:1      ; bokeh simulation when scattering]]
[2020.05.15-20.46.56:664][  0]LogConfig: Setting CVar [[r.DOF.Scatter.MaxSpriteRatio:0.1         ; only a maximum of 10% of scattered bokeh]]
[2020.05.15-20.46.56:664][  0]LogConfig: Setting CVar [[r.DOF.Recombine.Quality:1                ; cheap slight out of focus]]
[2020.05.15-20.46.56:664][  0]LogConfig: Setting CVar [[r.DOF.Recombine.EnableBokehSettings:0    ; no bokeh simulation on slight out of focus]]
[2020.05.15-20.46.56:664][  0]LogConfig: Setting CVar [[r.DOF.TemporalAAQuality:1                ; more stable temporal accumulation]]
[2020.05.15-20.46.56:664][  0]LogConfig: Setting CVar [[r.DOF.Kernel.MaxForegroundRadius:0.025]]
[2020.05.15-20.46.56:664][  0]LogConfig: Setting CVar [[r.DOF.Kernel.MaxBackgroundRadius:0.025]]
[2020.05.15-20.46.56:664][  0]LogConfig: Applying CVar settings from Section [TextureQuality@3] File [D:/adale/Desktop/2DSouls/SideScroller/Saved/Config/Windows/Scalability.ini]
[2020.05.15-20.46.56:664][  0]LogConfig: Setting CVar [[r.Streaming.MipBias:0]]
[2020.05.15-20.46.56:664][  0]LogConfig: Setting CVar [[r.Streaming.AmortizeCPUToGPUCopy:0]]
[2020.05.15-20.46.56:664][  0]LogConfig: Setting CVar [[r.Streaming.MaxNumTexturesToStreamPerFrame:0]]
[2020.05.15-20.46.56:664][  0]LogConfig: Setting CVar [[r.Streaming.Boost:1]]
[2020.05.15-20.46.56:664][  0]LogConfig: Setting CVar [[r.MaxAnisotropy:8]]
[2020.05.15-20.46.56:664][  0]LogConfig: Setting CVar [[r.VT.MaxAnisotropy:8]]
[2020.05.15-20.46.56:664][  0]LogConfig: Setting CVar [[r.Streaming.LimitPoolSizeToVRAM:0]]
[2020.05.15-20.46.56:664][  0]LogConfig: Setting CVar [[r.Streaming.PoolSize:1000]]
[2020.05.15-20.46.56:665][  0]LogConfig: Setting CVar [[r.Streaming.MaxEffectiveScreenSize:0]]
[2020.05.15-20.46.56:665][  0]LogConfig: Applying CVar settings from Section [EffectsQuality@3] File [D:/adale/Desktop/2DSouls/SideScroller/Saved/Config/Windows/Scalability.ini]
[2020.05.15-20.46.56:665][  0]LogConfig: Setting CVar [[r.TranslucencyLightingVolumeDim:64]]
[2020.05.15-20.46.56:665][  0]LogConfig: Setting CVar [[r.RefractionQuality:2]]
[2020.05.15-20.46.56:665][  0]LogConfig: Setting CVar [[r.SSR.Quality:3]]
[2020.05.15-20.46.56:665][  0]LogConfig: Setting CVar [[r.SSR.HalfResSceneColor:0]]
[2020.05.15-20.46.56:665][  0]LogConfig: Setting CVar [[r.SceneColorFormat:4]]
[2020.05.15-20.46.56:665][  0]LogConfig: Setting CVar [[r.DetailMode:2]]
[2020.05.15-20.46.56:665][  0]LogConfig: Setting CVar [[r.TranslucencyVolumeBlur:1]]
[2020.05.15-20.46.56:665][  0]LogConfig: Setting CVar [[r.MaterialQualityLevel:1 ; High quality]]
[2020.05.15-20.46.56:665][  0]LogConfig: Setting CVar [[r.SSS.Scale:1]]
[2020.05.15-20.46.56:665][  0]LogConfig: Setting CVar [[r.SSS.SampleSet:2]]
[2020.05.15-20.46.56:665][  0]LogConfig: Setting CVar [[r.SSS.Quality:1]]
[2020.05.15-20.46.56:665][  0]LogConfig: Setting CVar [[r.SSS.HalfRes:1]]
[2020.05.15-20.46.56:665][  0]LogConfig: Setting CVar [[r.SSGI.Quality:3]]
[2020.05.15-20.46.56:665][  0]LogConfig: Setting CVar [[r.EmitterSpawnRateScale:1.0]]
[2020.05.15-20.46.56:665][  0]LogConfig: Setting CVar [[r.ParticleLightQuality:2]]
[2020.05.15-20.46.56:665][  0]LogConfig: Setting CVar [[r.SkyAtmosphere.AerialPerspectiveLUT.FastApplyOnOpaque:1 ; Always have FastSkyLUT 1 in this case to avoid wrong sky]]
[2020.05.15-20.46.56:666][  0]LogConfig: Setting CVar [[r.SkyAtmosphere.AerialPerspectiveLUT.SampleCountPerSlice:1]]
[2020.05.15-20.46.56:666][  0]LogConfig: Setting CVar [[r.SkyAtmosphere.AerialPerspectiveLUT.DepthResolution:16.0]]
[2020.05.15-20.46.56:666][  0]LogConfig: Setting CVar [[r.SkyAtmosphere.FastSkyLUT:1]]
[2020.05.15-20.46.56:666][  0]LogConfig: Setting CVar [[r.SkyAtmosphere.FastSkyLUT.SampleCountMin:4.0]]
[2020.05.15-20.46.56:666][  0]LogConfig: Setting CVar [[r.SkyAtmosphere.FastSkyLUT.SampleCountMax:32.0]]
[2020.05.15-20.46.56:666][  0]LogConfig: Setting CVar [[r.SkyAtmosphere.SampleCountMin:4.0]]
[2020.05.15-20.46.56:666][  0]LogConfig: Setting CVar [[r.SkyAtmosphere.SampleCountMax:32.0]]
[2020.05.15-20.46.56:666][  0]LogConfig: Setting CVar [[r.SkyAtmosphere.TransmittanceLUT.UseSmallFormat:0]]
[2020.05.15-20.46.56:666][  0]LogConfig: Setting CVar [[r.SkyAtmosphere.TransmittanceLUT.SampleCount:10.0]]
[2020.05.15-20.46.56:666][  0]LogConfig: Setting CVar [[r.SkyAtmosphere.MultiScatteringLUT.SampleCount:15.0]]
[2020.05.15-20.46.56:666][  0]LogConfig: Applying CVar settings from Section [FoliageQuality@3] File [D:/adale/Desktop/2DSouls/SideScroller/Saved/Config/Windows/Scalability.ini]
[2020.05.15-20.46.56:666][  0]LogConfig: Setting CVar [[foliage.DensityScale:1.0]]
[2020.05.15-20.46.56:666][  0]LogConfig: Setting CVar [[grass.DensityScale:1.0]]
[2020.05.15-20.46.56:666][  0]LogConfig: Applying CVar settings from Section [ShadingQuality@3] File [D:/adale/Desktop/2DSouls/SideScroller/Saved/Config/Windows/Scalability.ini]
[2020.05.15-20.46.56:666][  0]LogConfig: Setting CVar [[r.HairStrands.SkyLighting.SampleCount:16]]
[2020.05.15-20.46.56:666][  0]LogConfig: Setting CVar [[r.HairStrands.SkyLighting.JitterIntegration:0]]
[2020.05.15-20.46.56:666][  0]LogConfig: Setting CVar [[r.HairStrands.SkyAO.SampleCount:16]]
[2020.05.15-20.46.56:666][  0]LogConfig: Applying CVar settings from Section [Startup] File [../../../Engine/Config/ConsoleVariables.ini]
[2020.05.15-20.46.56:667][  0]LogConfig: Setting CVar [[net.UseAdaptiveNetUpdateFrequency:0]]
[2020.05.15-20.46.56:667][  0]LogConfig: Setting CVar [[p.chaos.AllowCreatePhysxBodies:1]]
[2020.05.15-20.46.56:667][  0]LogConfig: Applying CVar settings from Section [ConsoleVariables] File [D:/adale/Desktop/2DSouls/SideScroller/Saved/Config/Windows/Engine.ini]
[2020.05.15-20.46.56:667][  0]LogInit: Computer: DESKTOP-J52MBI8
[2020.05.15-20.46.56:667][  0]LogInit: User: adale
[2020.05.15-20.46.56:667][  0]LogInit: CPU Page size=4096, Cores=4
[2020.05.15-20.46.56:667][  0]LogInit: High frequency timer resolution =10.000000 MHz
[2020.05.15-20.46.56:667][  0]LogMemory: Memory total: Physical=15.9GB (16GB approx)
[2020.05.15-20.46.56:668][  0]LogMemory: Platform Memory Stats for Windows
[2020.05.15-20.46.56:668][  0]LogMemory: Process Physical Memory: 106.24 MB used, 106.25 MB peak
[2020.05.15-20.46.56:668][  0]LogMemory: Process Virtual Memory: 100.85 MB used, 100.85 MB peak
[2020.05.15-20.46.56:668][  0]LogMemory: Physical Memory: 8358.36 MB used,  7891.88 MB free, 16250.25 MB total
[2020.05.15-20.46.56:668][  0]LogMemory: Virtual Memory: 5137.54 MB used,  134212592.00 MB free, 134217728.00 MB total
[2020.05.15-20.46.56:675][  0]LogWindows: WindowsPlatformFeatures enabled
[2020.05.15-20.46.56:886][  0]LogInit: Using OS detected language (en-US).
[2020.05.15-20.46.56:886][  0]LogInit: Using OS detected locale (en-CA).
[2020.05.15-20.46.56:888][  0]LogTextLocalizationManager: No specific localization for 'en-US' exists, so the 'en' localization will be used.
[2020.05.15-20.46.57:060][  0]LogInit: Setting process to per monitor DPI aware
[2020.05.15-20.46.57:134][  0]LogSlate: New Slate User Created.  User Index 0, Is Virtual User: 0
[2020.05.15-20.46.57:134][  0]LogSlate: Slate User Registered.  User Index 0, Is Virtual User: 0
[2020.05.15-20.46.57:405][  0]LogHMD: Failed to initialize OpenVR with code 110
[2020.05.15-20.46.57:405][  0]LogD3D11RHI: D3D11 min allowed feature level: 11_0
[2020.05.15-20.46.57:405][  0]LogD3D11RHI: D3D11 max allowed feature level: 11_0
[2020.05.15-20.46.57:405][  0]LogD3D11RHI: D3D11 adapters:
[2020.05.15-20.46.57:516][  0]LogD3D11RHI:    0. 'NVIDIA GeForce GTX 1050 Ti' (Feature Level 11_0)
[2020.05.15-20.46.57:516][  0]LogD3D11RHI:       4018/0/8125 MB DedicatedVideo/DedicatedSystem/SharedSystem, Outputs:2, VendorId:0x10de
[2020.05.15-20.46.57:556][  0]LogD3D11RHI:    1. 'Intel(R) HD Graphics 630' (Feature Level 11_0)
[2020.05.15-20.46.57:556][  0]LogD3D11RHI:       128/0/8125 MB DedicatedVideo/DedicatedSystem/SharedSystem, Outputs:0, VendorId:0x8086
[2020.05.15-20.46.57:562][  0]LogD3D11RHI:    2. 'Microsoft Basic Render Driver' (Feature Level 11_0)
[2020.05.15-20.46.57:562][  0]LogD3D11RHI:       0/0/8125 MB DedicatedVideo/DedicatedSystem/SharedSystem, Outputs:0, VendorId:0x1414
[2020.05.15-20.46.57:562][  0]LogD3D11RHI: Chosen D3D11 Adapter: 0
[2020.05.15-20.46.57:608][  0]LogD3D11RHI: Creating new Direct3DDevice
[2020.05.15-20.46.57:608][  0]LogD3D11RHI:     GPU DeviceId: 0x1c8c (for the marketing name, search the web for "GPU Device Id")
[2020.05.15-20.46.57:608][  0]LogWindows: EnumDisplayDevices:
[2020.05.15-20.46.57:609][  0]LogWindows:    0. 'Intel(R) HD Graphics 630' (P:1 D:1)
[2020.05.15-20.46.57:609][  0]LogWindows:    1. 'Intel(R) HD Graphics 630' (P:0 D:0)
[2020.05.15-20.46.57:610][  0]LogWindows:    2. 'Intel(R) HD Graphics 630' (P:0 D:0)
[2020.05.15-20.46.57:611][  0]LogWindows:    3. 'NVIDIA GeForce GTX 1050 Ti' (P:0 D:1)
[2020.05.15-20.46.57:611][  0]LogWindows: DebugString: PrimaryIsNotTheChoosenAdapter PrimaryIsNotTheChoosenAdapter PrimaryIsNotTheChoosenAdapter 
[2020.05.15-20.46.57:611][  0]LogD3D11RHI:     Adapter Name: NVIDIA GeForce GTX 1050 Ti
[2020.05.15-20.46.57:611][  0]LogD3D11RHI:   Driver Version: 441.08 (internal:26.21.14.4108, unified:441.08)
[2020.05.15-20.46.57:611][  0]LogD3D11RHI:      Driver Date: 10-22-2019
[2020.05.15-20.46.57:612][  0]LogRHI: Texture pool is 2812 MB (70% of 4018 MB)
[2020.05.15-20.46.57:683][  0]LogD3D11RHI: RHI has support for 64 bit atomics
[2020.05.15-20.46.57:683][  0]LogD3D11RHI: Async texture creation enabled
[2020.05.15-20.46.57:716][  0]LogD3D11RHI: GPU Timing Frequency: 1000.000000 (Debug: 2 1)
[2020.05.15-20.46.58:049][  0]LogTargetPlatformManager: Display: Loaded TargetPlatform 'AllDesktop'
[2020.05.15-20.46.58:084][  0]LogTargetPlatformManager: Display: Loaded TargetPlatform 'Android'
[2020.05.15-20.46.58:084][  0]LogTargetPlatformManager: Display: Loaded TargetPlatform 'Android_ASTC'
[2020.05.15-20.46.58:084][  0]LogTargetPlatformManager: Display: Loaded TargetPlatform 'Android_ATC'
[2020.05.15-20.46.58:085][  0]LogTargetPlatformManager: Display: Loaded TargetPlatform 'Android_DXT'
[2020.05.15-20.46.58:085][  0]LogTargetPlatformManager: Display: Loaded TargetPlatform 'Android_ETC1'
[2020.05.15-20.46.58:085][  0]LogTargetPlatformManager: Display: Loaded TargetPlatform 'Android_ETC1a'
[2020.05.15-20.46.58:085][  0]LogTargetPlatformManager: Display: Loaded TargetPlatform 'Android_ETC2'
[2020.05.15-20.46.58:085][  0]LogTargetPlatformManager: Display: Loaded TargetPlatform 'Android_PVRTC'
[2020.05.15-20.46.58:085][  0]LogTargetPlatformManager: Display: Loaded TargetPlatform 'AndroidClient'
[2020.05.15-20.46.58:085][  0]LogTargetPlatformManager: Display: Loaded TargetPlatform 'Android_ASTCClient'
[2020.05.15-20.46.58:086][  0]LogTargetPlatformManager: Display: Loaded TargetPlatform 'Android_ATCClient'
[2020.05.15-20.46.58:086][  0]LogTargetPlatformManager: Display: Loaded TargetPlatform 'Android_DXTClient'
[2020.05.15-20.46.58:086][  0]LogTargetPlatformManager: Display: Loaded TargetPlatform 'Android_ETC1Client'
[2020.05.15-20.46.58:086][  0]LogTargetPlatformManager: Display: Loaded TargetPlatform 'Android_ETC1aClient'
[2020.05.15-20.46.58:086][  0]LogTargetPlatformManager: Display: Loaded TargetPlatform 'Android_ETC2Client'
[2020.05.15-20.46.58:086][  0]LogTargetPlatformManager: Display: Loaded TargetPlatform 'Android_PVRTCClient'
[2020.05.15-20.46.58:086][  0]LogTargetPlatformManager: Display: Loaded TargetPlatform 'Android_Multi'
[2020.05.15-20.46.58:086][  0]LogTargetPlatformManager: Display: Loaded TargetPlatform 'Android_MultiClient'
[2020.05.15-20.46.58:118][  0]LogTargetPlatformManager: Display: Loaded TargetPlatform 'IOSClient'
[2020.05.15-20.46.58:118][  0]LogTargetPlatformManager: Display: Loaded TargetPlatform 'IOS'
[2020.05.15-20.46.58:128][  0]LogTargetPlatformManager: Display: Loaded TargetPlatform 'LinuxNoEditor'
[2020.05.15-20.46.58:136][  0]LogTargetPlatformManager: Display: Loaded TargetPlatform 'LinuxClient'
[2020.05.15-20.46.58:147][  0]LogTargetPlatformManager: Display: Loaded TargetPlatform 'LinuxServer'
[2020.05.15-20.46.58:156][  0]LogTargetPlatformManager: Display: Loaded TargetPlatform 'LinuxAArch64NoEditor'
[2020.05.15-20.46.58:167][  0]LogTargetPlatformManager: Display: Loaded TargetPlatform 'LinuxAArch64Client'
[2020.05.15-20.46.58:177][  0]LogTargetPlatformManager: Display: Loaded TargetPlatform 'LinuxAArch64Server'
[2020.05.15-20.46.58:205][  0]LogTargetPlatformManager: Display: Loaded TargetPlatform 'Lumin'
[2020.05.15-20.46.58:205][  0]LogTargetPlatformManager: Display: Loaded TargetPlatform 'LuminClient'
[2020.05.15-20.46.58:222][  0]LogTargetPlatformManager: Display: Loaded TargetPlatform 'TVOSClient'
[2020.05.15-20.46.58:222][  0]LogTargetPlatformManager: Display: Loaded TargetPlatform 'TVOS'
[2020.05.15-20.46.58:236][  0]LogTargetPlatformManager: Display: Loaded TargetPlatform 'WindowsNoEditor'
[2020.05.15-20.46.58:247][  0]LogTargetPlatformManager: Display: Loaded TargetPlatform 'Windows'
[2020.05.15-20.46.58:259][  0]LogTargetPlatformManager: Display: Loaded TargetPlatform 'WindowsClient'
[2020.05.15-20.46.58:269][  0]LogTargetPlatformManager: Display: Loaded TargetPlatform 'WindowsServer'
[2020.05.15-20.46.58:269][  0]LogTargetPlatformManager: Display: Building Assets For Windows
[2020.05.15-20.46.58:284][  0]LogAudioDebug: Display: Lib vorbis DLL was dynamically loaded.
[2020.05.15-20.46.58:366][  0]LogShaderCompilers: Guid format shader working directory is -4 characters bigger than the processId version (../../../../../adale/Desktop/2DSouls/SideScroller/Intermediate/Shaders/WorkingDirectory/11676/).
[2020.05.15-20.46.58:367][  0]LogShaderCompilers: Cleaned the shader compiler working directory 'C:/Users/adale/AppData/Local/Temp/UnrealShaderWorkingDir/CE0640A9420D19B50ADBFD8D8A86C444/'.
[2020.05.15-20.46.58:367][  0]LogXGEController: Cleaning working directory: C:/Users/adale/AppData/Local/Temp/UnrealXGEWorkingDir/
[2020.05.15-20.46.58:368][  0]LogXGEController: Cannot use XGE Controller as Incredibuild is not installed on this machine.
[2020.05.15-20.46.58:368][  0]LogShaderCompilers: Cannot use XGE Shader Compiler as Incredibuild is not installed on this machine.
[2020.05.15-20.46.58:368][  0]LogShaderCompilers: Display: Using Local Shader Compiler.
[2020.05.15-20.46.59:149][  0]LogDerivedDataCache: Display: Max Cache Size: 512 MB
[2020.05.15-20.46.59:213][  0]LogDerivedDataCache: Loaded boot cache 0.06s 78MB C:/Users/adale/AppData/Local/UnrealEngine/4.24/DerivedDataCache/Boot.ddc.
[2020.05.15-20.46.59:213][  0]LogDerivedDataCache: Display: Loaded Boot cache: C:/Users/adale/AppData/Local/UnrealEngine/4.24/DerivedDataCache/Boot.ddc
[2020.05.15-20.46.59:213][  0]LogDerivedDataCache: FDerivedDataBackendGraph:  Pak pak cache file ../../../../../adale/Desktop/2DSouls/SideScroller/DerivedDataCache/DDC.ddp not found, will not use a pak cache.
[2020.05.15-20.46.59:213][  0]LogDerivedDataCache: Unable to find inner node Pak for hierarchical cache Hierarchy.
[2020.05.15-20.46.59:214][  0]LogDerivedDataCache: FDerivedDataBackendGraph:  CompressedPak pak cache file ../../../../../adale/Desktop/2DSouls/SideScroller/DerivedDataCache/Compressed.ddp not found, will not use a pak cache.
[2020.05.15-20.46.59:214][  0]LogDerivedDataCache: Unable to find inner node CompressedPak for hierarchical cache Hierarchy.
[2020.05.15-20.46.59:224][  0]LogDerivedDataCache: Display: Pak cache opened for reading ../../../Engine/DerivedDataCache/Compressed.ddp.
[2020.05.15-20.46.59:225][  0]LogDerivedDataCache: FDerivedDataBackendGraph:  EnterprisePak pak cache file ../../../Enterprise/DerivedDataCache/Compressed.ddp not found, will not use a pak cache.
[2020.05.15-20.46.59:225][  0]LogDerivedDataCache: Unable to find inner node EnterprisePak for hierarchical cache Hierarchy.
[2020.05.15-20.46.59:228][  0]LogDerivedDataCache: Using Local data cache path C:/Users/adale/AppData/Local/UnrealEngine/Common/DerivedDataCache: Writable
[2020.05.15-20.46.59:228][  0]LogDerivedDataCache: Shared data cache path not found in *engine.ini, will not use an Shared cache.
[2020.05.15-20.46.59:228][  0]LogDerivedDataCache: Unable to find inner node Shared for hierarchical cache Hierarchy.
[2020.05.15-20.46.59:256][  0]LogMaterial: Verifying Global Shaders for PCD3D_SM5
[2020.05.15-20.46.59:257][  0]LogSlate: Using FreeType 2.10.0
[2020.05.15-20.46.59:258][  0]LogSlate: SlateFontServices - WITH_FREETYPE: 1, WITH_HARFBUZZ: 1
[2020.05.15-20.46.59:334][  0]LogAssetRegistry: FAssetRegistry took 0.0077 seconds to start up
[2020.05.15-20.46.59:659][  0]LogInit: Selected Device Profile: [Windows]
[2020.05.15-20.46.59:857][  0]LogMeshReduction: Using QuadricMeshReduction for automatic static mesh reduction
[2020.05.15-20.46.59:857][  0]LogMeshReduction: Using SimplygonMeshReduction for automatic skeletal mesh reduction
[2020.05.15-20.46.59:857][  0]LogMeshReduction: Using ProxyLODMeshReduction for automatic mesh merging
[2020.05.15-20.46.59:857][  0]LogMeshReduction: No distributed automatic mesh merging module available
[2020.05.15-20.46.59:858][  0]LogMeshMerging: No distributed automatic mesh merging module available
[2020.05.15-20.46.59:870][  0]LogNetVersion: SideScroller 1.0.0, NetCL: 10570792, EngineNetVer: 13, GameNetVer: 0 (Checksum: 2260462969)
[2020.05.15-20.47.01:322][  0]LogPackageLocalizationCache: Processed 10 localized package path(s) for 1 prioritized culture(s) in 0.106128 seconds
[2020.05.15-20.47.01:345][  0]LogUObjectArray: 46750 objects as part of root set at end of initial load.
[2020.05.15-20.47.01:345][  0]LogUObjectAllocator: 8137160 out of 0 bytes used by permanent object pool.
[2020.05.15-20.47.01:345][  0]LogUObjectArray: CloseDisregardForGC: 0/0 objects in disregard for GC pool
[2020.05.15-20.47.02:426][  0]LogTcpMessaging: Initializing TcpMessaging bridge
[2020.05.15-20.47.02:434][  0]LogUdpMessaging: Initializing bridge on interface 0.0.0.0:0 to multicast group 230.0.0.1:6666.
[2020.05.15-20.47.02:629][  0]SourceControl: Source control is disabled
[2020.05.15-20.47.02:630][  0]SourceControl: Source control is disabled
[2020.05.15-20.47.02:635][  0]SourceControl: Source control is disabled
[2020.05.15-20.47.02:638][  0]SourceControl: Source control is disabled
[2020.05.15-20.47.02:642][  0]SourceControl: Source control is disabled
[2020.05.15-20.47.02:926][  0]LogAndroidPermission: UAndroidPermissionCallbackProxy::GetInstance
[2020.05.15-20.47.02:954][  0]LogAudioCaptureCore: Display: No Audio Capture implementations found. Audio input will be silent.
[2020.05.15-20.47.02:955][  0]LogAudioCaptureCore: Display: No Audio Capture implementations found. Audio input will be silent.
[2020.05.15-20.47.03:066][  0]LogOcInput: OculusInput pre-init called
[2020.05.15-20.47.03:082][  0]LogWindows: Failed to load 'OVRPlugin.dll' (GetLastError=126)
[2020.05.15-20.47.03:082][  0]LogWindows: File 'OVRPlugin.dll' does not exist
[2020.05.15-20.47.03:198][  0]LogEngine: Initializing Engine...
[2020.05.15-20.47.03:200][  0]LogHMD: Failed to initialize OpenVR with code 110
[2020.05.15-20.47.03:201][  0]LogStats: UGameplayTagsManager::InitializeManager -  0.000 s
[2020.05.15-20.47.03:602][  0]LogInit: Initializing FReadOnlyCVARCache
[2020.05.15-20.47.03:612][  0]LogAIModule: Creating AISystem for world Untitled
[2020.05.15-20.47.03:636][  0]LogAudioMixer: Display: Audio Mixer Platform Settings:
[2020.05.15-20.47.03:636][  0]LogAudioMixer: Display: 	Sample Rate:						  48000
[2020.05.15-20.47.03:636][  0]LogAudioMixer: Display: 	Callback Buffer Frame Size Requested: 1024
[2020.05.15-20.47.03:636][  0]LogAudioMixer: Display: 	Callback Buffer Frame Size To Use:	  1024
[2020.05.15-20.47.03:636][  0]LogAudioMixer: Display: 	Number of buffers to queue:			  2
[2020.05.15-20.47.03:636][  0]LogAudioMixer: Display: 	Max Channels (voices):				  32
[2020.05.15-20.47.03:637][  0]LogAudioMixer: Display: 	Number of Async Source Workers:		  0
[2020.05.15-20.47.03:637][  0]LogAudio: Display: AudioDevice MaxSources: 32
[2020.05.15-20.47.03:638][  0]LogAudio: Display: Using built-in audio occlusion.
[2020.05.15-20.47.03:638][  0]LogAudioMixer: Display: Initializing audio mixer.
[2020.05.15-20.47.03:668][  0]LogAudioMixer: Display: Audio Device Output Speaker Info:
[2020.05.15-20.47.03:668][  0]LogAudioMixer: Display: Name: Speakers / Headphones (Realtek Audio)
[2020.05.15-20.47.03:668][  0]LogAudioMixer: Display: Is Default: Yes
[2020.05.15-20.47.03:669][  0]LogAudioMixer: Display: Sample Rate: 48000
[2020.05.15-20.47.03:669][  0]LogAudioMixer: Display: Channel Count Used: 2
[2020.05.15-20.47.03:669][  0]LogAudioMixer: Display: Device Channel Count: 2
[2020.05.15-20.47.03:669][  0]LogAudioMixer: Display: Channel Order:
[2020.05.15-20.47.03:669][  0]LogAudioMixer: Display: 0: FrontLeft
[2020.05.15-20.47.03:669][  0]LogAudioMixer: Display: 1: FrontRight
[2020.05.15-20.47.04:816][  0]LogAudioMixer: Display: Using Audio Device Speakers / Headphones (Realtek Audio)
[2020.05.15-20.47.04:824][  0]LogInit: FAudioDevice initialized.
[2020.05.15-20.47.04:824][  0]LogNetVersion: Set ProjectVersion to 1.0.0.0. Version Checksum will be recalculated on next use.
[2020.05.15-20.47.04:941][  0]LogDerivedDataCache: Saved boot cache 0.12s 78MB C:/Users/adale/AppData/Local/UnrealEngine/4.24/DerivedDataCache/Boot.ddc.
[2020.05.15-20.47.04:956][  0]LogInit: Texture streaming: Enabled
[2020.05.15-20.47.05:007][  0]LogEngineSessionManager: EngineSessionManager initialized
[2020.05.15-20.47.05:007][  0]LogEngineSessionManager: EngineSessionManager sent abnormal shutdown report. Type=Debugger, SessionId={407CB681-4AA6-BB58-8169-9BB2D1BF669B}
[2020.05.15-20.47.05:007][  0]LogEditorSessionSummary: Verbose: Initializing EditorSessionSummaryWriter for editor session tracking
[2020.05.15-20.47.05:009][  0]LogEditorSessionSummary: EditorSessionSummaryWriter initialized
[2020.05.15-20.47.05:114][  0]LogInit: Transaction tracking system initialized
[2020.05.15-20.47.05:143][  0]BlueprintLog: New page: Editor Load
[2020.05.15-20.47.05:237][  0]LocalizationService: Localization service is disabled
[2020.05.15-20.47.05:873][  0]LogFileCache: Scanning file cache for directory 'D:/adale/Desktop/2DSouls/SideScroller/Content/' took 0.01s
[2020.05.15-20.47.05:874][  0]LogCook: Display: Max memory allowance for cook 16384mb min free memory 0mb
[2020.05.15-20.47.05:874][  0]LogCook: Display: Mobile HDR setting 1
[2020.05.15-20.47.06:956][  0]SourceControl: Source control is disabled
[2020.05.15-20.47.06:956][  0]Cmd: MAP LOAD FILE="../../../../../adale/Desktop/2DSouls/SideScroller/Content/Levels/MainMenu.umap" TEMPLATE=0 SHOWPROGRESS=1 FEATURELEVEL=3
[2020.05.15-20.47.06:957][  0]LightingResults: New page: Lighting Build
[2020.05.15-20.47.06:958][  0]LogWorld: UWorld::CleanupWorld for Untitled, bSessionEnded=true, bCleanupResources=true
[2020.05.15-20.47.06:958][  0]LogSlate: InvalidateAllWidgets triggered.  All widgets were invalidated
[2020.05.15-20.47.06:959][  0]MapCheck: New page: Map Check
[2020.05.15-20.47.06:959][  0]LightingResults: New page: Lighting Build
[2020.05.15-20.47.06:986][  0]LogUObjectHash: Compacting FUObjectHashTables data took   1.84ms
[2020.05.15-20.47.07:023][  0]LogAIModule: Creating AISystem for world MainMenu
[2020.05.15-20.47.07:025][  0]LogEditorServer: Finished looking for orphan Actors (0.000 secs)
[2020.05.15-20.47.07:061][  0]LogUObjectHash: Compacting FUObjectHashTables data took   3.90ms
[2020.05.15-20.47.07:063][  0]Cmd: MAP CHECKDEP NOCLEARLOG
[2020.05.15-20.47.07:064][  0]MapCheck: Map check complete: 0 Error(s), 0 Warning(s), took 0.336ms to complete.
[2020.05.15-20.47.07:064][  0]LogFileHelpers: Loading map 'MainMenu' took 0.108
[2020.05.15-20.47.07:242][  0]LogSlate: Updating window title bar state: overlay mode, drag disabled, window buttons hidden, title bar hidden
[2020.05.15-20.47.07:251][  0]LogSlate: Updating window title bar state: overlay mode, drag disabled, window buttons hidden, title bar hidden
[2020.05.15-20.47.07:260][  0]LogSlate: Updating window title bar state: overlay mode, drag disabled, window buttons hidden, title bar hidden
[2020.05.15-20.47.07:270][  0]LogSlate: Updating window title bar state: overlay mode, drag disabled, window buttons hidden, title bar hidden
[2020.05.15-20.47.07:277][  0]LogCollectionManager: Loaded 0 collections in 0.001481 seconds
[2020.05.15-20.47.07:304][  0]LogFileCache: Scanning file cache for directory 'D:/adale/Desktop/2DSouls/SideScroller/Saved/Collections/' took 0.00s
[2020.05.15-20.47.07:304][  0]LogFileCache: Scanning file cache for directory 'D:/adale/Desktop/2DSouls/SideScroller/Content/Developers/adale/Collections/' took 0.00s
[2020.05.15-20.47.07:304][  0]LogFileCache: Scanning file cache for directory 'D:/adale/Desktop/2DSouls/SideScroller/Content/Collections/' took 0.00s
[2020.05.15-20.47.07:304][  0]LogContentBrowser: Native class hierarchy populated in 0.0109 seconds. Added 3026 classes and 719 folders.
[2020.05.15-20.47.07:310][  0]LogContentBrowser: Native class hierarchy updated for 'WidgetCarousel' in 0.0008 seconds. Added 0 classes and 0 folders.
[2020.05.15-20.47.07:418][  0]LogContentBrowser: Native class hierarchy updated for 'AddContentDialog' in 0.0005 seconds. Added 0 classes and 0 folders.
[2020.05.15-20.47.07:434][  0]LogContentBrowser: Native class hierarchy updated for 'SceneOutliner' in 0.0009 seconds. Added 2 classes and 3 folders.
[2020.05.15-20.47.07:477][  0]LogSlate: Took 0.000456 seconds to synchronously load lazily loaded font '../../../Engine/Content/Slate/Fonts/Roboto-Regular.ttf' (155K)
[2020.05.15-20.47.07:482][  0]LogSlate: Took 0.000755 seconds to synchronously load lazily loaded font '../../../Engine/Content/Slate/Fonts/Roboto-Bold.ttf' (160K)
[2020.05.15-20.47.07:491][  0]LogSlate: Took 0.000464 seconds to synchronously load lazily loaded font '../../../Engine/Content/Editor/Slate/Fonts/FontAwesome.ttf' (139K)
[2020.05.15-20.47.07:609][  0]LogRenderer: Reallocating scene render targets to support 1028x572 Format 10 NumSamples 1 (Frame:1).
[2020.05.15-20.47.07:738][  0]LogContentBrowser: Native class hierarchy updated for 'HierarchicalLODOutliner' in 0.0007 seconds. Added 0 classes and 0 folders.
[2020.05.15-20.47.07:738][  0]LogLoad: (Engine Initialization) Total time: 13.46 seconds
[2020.05.15-20.47.07:738][  0]LogLoad: (Engine Initialization) Total Blueprint compile time: 0.00 seconds
[2020.05.15-20.47.07:810][  0]LogContentStreaming: Texture pool size now 1000 MB
[2020.05.15-20.47.07:871][  0]LogSlate: Took 0.000340 seconds to synchronously load lazily loaded font '../../../Engine/Content/Slate/Fonts/Roboto-Light.ttf' (167K)
[2020.05.15-20.47.07:917][  1]LogAssetRegistry: Asset discovery search completed in 8.5868 seconds
[2020.05.15-20.47.07:926][  1]LogCollectionManager: Fixed up redirectors for 0 collections in 0.000022 seconds (updated 0 objects)
[2020.05.15-20.47.18:419][188]LogSlate: Took 0.000287 seconds to synchronously load lazily loaded font '../../../Engine/Content/Slate/Fonts/Roboto-Light.ttf' (167K)
[2020.05.15-20.47.18:526][188]LogAIModule: Creating AISystem for world TestDungeon
[2020.05.15-20.47.18:530][188]LogAssetEditorSubsystem: Opening Asset editor for World /Game/Levels/TestDungeon.TestDungeon
[2020.05.15-20.47.18:560][188]LogUObjectHash: Compacting FUObjectHashTables data took   2.48ms
[2020.05.15-20.47.18:566][188]Cmd: MAP LOAD FILE="../../../../../adale/Desktop/2DSouls/SideScroller/Content/Levels/TestDungeon.umap" TEMPLATE=0 SHOWPROGRESS=1 FEATURELEVEL=3
[2020.05.15-20.47.18:566][188]LightingResults: New page: Lighting Build
[2020.05.15-20.47.18:567][188]LoadErrors: New page: Loading map: TestDungeon.umap
[2020.05.15-20.47.18:568][188]LogWorld: UWorld::CleanupWorld for MainMenu, bSessionEnded=true, bCleanupResources=true
[2020.05.15-20.47.18:568][188]LogSlate: InvalidateAllWidgets triggered.  All widgets were invalidated
[2020.05.15-20.47.18:568][188]MapCheck: New page: Map Check
[2020.05.15-20.47.18:568][188]LightingResults: New page: Lighting Build
[2020.05.15-20.47.18:595][188]LogUObjectHash: Compacting FUObjectHashTables data took   2.06ms
[2020.05.15-20.47.18:604][188]LogEditorServer: Finished looking for orphan Actors (0.000 secs)
[2020.05.15-20.47.18:630][188]LogUObjectHash: Compacting FUObjectHashTables data took   2.07ms
[2020.05.15-20.47.18:671][188]Cmd: MAP CHECKDEP NOCLEARLOG
[2020.05.15-20.47.18:674][188]MapCheck: Map check complete: 0 Error(s), 0 Warning(s), took 2.587ms to complete.
[2020.05.15-20.47.18:674][188]LogFileHelpers: Loading map 'TestDungeon' took 0.110
[2020.05.15-20.47.19:714][243]LogTemp: Repeating last play command: New Editor Window (PIE)
[2020.05.15-20.47.19:733][243]LogBlueprintUserMessages: Early PlayInEditor Detection: Level '/Game/Levels/TestDungeon.TestDungeon:PersistentLevel' has LevelScriptBlueprint '/Game/Levels/TestDungeon.TestDungeon:PersistentLevel.TestDungeon' with GeneratedClass '/Game/Levels/TestDungeon.TestDungeon_C' with ClassGeneratedBy '/Game/Levels/TestDungeon.TestDungeon:PersistentLevel.TestDungeon'
[2020.05.15-20.47.19:733][243]LogPlayLevel: PlayLevel: No blueprints needed recompiling
[2020.05.15-20.47.19:733][243]PIE: New page: PIE session: TestDungeon (May 15, 2020, 12:47:19 p.m.)
[2020.05.15-20.47.19:736][243]LogOnline: OSS: Creating online subsystem instance for: NULL
[2020.05.15-20.47.19:739][243]LogOnline: OSS: TryLoadSubsystemAndSetDefault: Loaded subsystem for module [NULL]
[2020.05.15-20.47.19:739][243]LogPlayLevel: Creating play world package: /Game/Levels/UEDPIE_0_TestDungeon
[2020.05.15-20.47.19:745][243]LogPlayLevel: PIE: StaticDuplicateObject took: (0.005611s)
[2020.05.15-20.47.19:746][243]LogAIModule: Creating AISystem for world TestDungeon
[2020.05.15-20.47.19:747][243]LogPlayLevel: PIE: World Init took: (0.001580s)
[2020.05.15-20.47.19:747][243]LogPlayLevel: PIE: Created PIE world by copying editor world from /Game/Levels/TestDungeon.TestDungeon to /Game/Levels/UEDPIE_0_TestDungeon.TestDungeon (0.007930s)
[2020.05.15-20.47.19:776][243]LogUObjectHash: Compacting FUObjectHashTables data took   1.71ms
[2020.05.15-20.47.19:777][243]LogAudioMixer: Display: Audio Mixer Platform Settings:
[2020.05.15-20.47.19:778][243]LogAudioMixer: Display: 	Sample Rate:						  48000
[2020.05.15-20.47.19:778][243]LogAudioMixer: Display: 	Callback Buffer Frame Size Requested: 1024
[2020.05.15-20.47.19:778][243]LogAudioMixer: Display: 	Callback Buffer Frame Size To Use:	  1024
[2020.05.15-20.47.19:778][243]LogAudioMixer: Display: 	Number of buffers to queue:			  2
[2020.05.15-20.47.19:778][243]LogAudioMixer: Display: 	Max Channels (voices):				  32
[2020.05.15-20.47.19:779][243]LogAudioMixer: Display: 	Number of Async Source Workers:		  0
[2020.05.15-20.47.19:779][243]LogAudio: Display: AudioDevice MaxSources: 32
[2020.05.15-20.47.19:780][243]LogAudio: Display: Using built-in audio occlusion.
[2020.05.15-20.47.19:780][243]LogAudioMixer: Display: Initializing audio mixer.
[2020.05.15-20.47.19:795][243]LogAudioMixer: Display: Audio Device Output Speaker Info:
[2020.05.15-20.47.19:795][243]LogAudioMixer: Display: Name: Speakers / Headphones (Realtek Audio)
[2020.05.15-20.47.19:796][243]LogAudioMixer: Display: Is Default: Yes
[2020.05.15-20.47.19:796][243]LogAudioMixer: Display: Sample Rate: 48000
[2020.05.15-20.47.19:796][243]LogAudioMixer: Display: Channel Count Used: 2
[2020.05.15-20.47.19:796][243]LogAudioMixer: Display: Device Channel Count: 2
[2020.05.15-20.47.19:796][243]LogAudioMixer: Display: Channel Order:
[2020.05.15-20.47.19:796][243]LogAudioMixer: Display: 0: FrontLeft
[2020.05.15-20.47.19:797][243]LogAudioMixer: Display: 1: FrontRight
[2020.05.15-20.47.19:894][243]LogAudioMixer: Display: Using Audio Device Speakers / Headphones (Realtek Audio)
[2020.05.15-20.47.19:900][243]LogInit: FAudioDevice initialized.
[2020.05.15-20.47.19:946][243]LogSlate: Updating window title bar state: overlay mode, drag disabled, window buttons hidden, title bar hidden
[2020.05.15-20.47.20:132][243]LogLoad: Game class is 'BP_SideScrollerGameModeBase_C'
[2020.05.15-20.47.20:135][243]LogWorld: Bringing World /Game/Levels/UEDPIE_0_TestDungeon.TestDungeon up for play (max tick rate 60) at 2020.05.15-16.47.20
[2020.05.15-20.47.20:135][243]LogWorld: Bringing up level for play took: 0.001054
[2020.05.15-20.47.20:136][243]LogOnline: OSS: Creating online subsystem instance for: :Context_2
[2020.05.15-20.47.20:141][243]LogContentBrowser: Native class hierarchy updated for 'MovieSceneCapture' in 0.0005 seconds. Added 20 classes and 0 folders.
[2020.05.15-20.47.20:142][243]Set new viewmode: Unlit
[2020.05.15-20.47.20:146][243]PIE: Play in editor start time for /Game/Levels/UEDPIE_0_TestDungeon 0.437
[2020.05.15-20.47.20:152][243]LogBlueprintUserMessages: Late PlayInEditor Detection: Level '/Game/Levels/TestDungeon.TestDungeon:PersistentLevel' has LevelScriptBlueprint '/Game/Levels/TestDungeon.TestDungeon:PersistentLevel.TestDungeon' with GeneratedClass '/Game/Levels/TestDungeon.TestDungeon_C' with ClassGeneratedBy '/Game/Levels/TestDungeon.TestDungeon:PersistentLevel.TestDungeon'
[2020.05.15-20.47.20:204][244]LogRenderer: Reallocating scene render targets to support 1280x720 Format 10 NumSamples 1 (Frame:1).
[2020.05.15-20.47.30:698][871]LogSlate: Window 'SideScroller Game Preview Standalone (64-bit/PCD3D_SM5)' being destroyed
[2020.05.15-20.47.30:703][871]LogBlueprintUserMessages: Early EndPlayMap Detection: Level '/Game/Levels/TestDungeon.TestDungeon:PersistentLevel' has LevelScriptBlueprint '/Game/Levels/TestDungeon.TestDungeon:PersistentLevel.TestDungeon' with GeneratedClass '/Game/Levels/TestDungeon.TestDungeon_C' with ClassGeneratedBy '/Game/Levels/TestDungeon.TestDungeon:PersistentLevel.TestDungeon'
[2020.05.15-20.47.30:703][871]LogWorld: BeginTearingDown for /Game/Levels/UEDPIE_0_TestDungeon
[2020.05.15-20.47.30:704][871]LogAudioMixer: Display: No commands were queued while flushing the source manager.
[2020.05.15-20.47.30:704][871]LogWorld: UWorld::CleanupWorld for TestDungeon, bSessionEnded=true, bCleanupResources=true
[2020.05.15-20.47.30:706][871]LogSlate: InvalidateAllWidgets triggered.  All widgets were invalidated
[2020.05.15-20.47.30:725][871]LogPlayLevel: Display: Shutting down PIE online subsystems
[2020.05.15-20.47.30:726][871]LogBlueprintUserMessages: Late EndPlayMap Detection: Level '/Game/Levels/TestDungeon.TestDungeon:PersistentLevel' has LevelScriptBlueprint '/Game/Levels/TestDungeon.TestDungeon:PersistentLevel.TestDungeon' with GeneratedClass '/Game/Levels/TestDungeon.TestDungeon_C' with ClassGeneratedBy '/Game/Levels/TestDungeon.TestDungeon:PersistentLevel.TestDungeon'
[2020.05.15-20.47.30:730][871]LogSlate: InvalidateAllWidgets triggered.  All widgets were invalidated
[2020.05.15-20.47.30:759][871]LogAudioMixer: Display: No commands were queued while flushing the source manager.
[2020.05.15-20.47.30:773][871]LogUObjectHash: Compacting FUObjectHashTables data took   3.46ms
[2020.05.15-20.47.30:801][872]LogPlayLevel: Display: Destroying online subsystem :Context_2
[2020.05.15-20.47.31:381][907]LogTemp: Repeating last play command: New Editor Window (PIE)
[2020.05.15-20.47.31:400][907]LogBlueprintUserMessages: Early PlayInEditor Detection: Level '/Game/Levels/TestDungeon.TestDungeon:PersistentLevel' has LevelScriptBlueprint '/Game/Levels/TestDungeon.TestDungeon:PersistentLevel.TestDungeon' with GeneratedClass '/Game/Levels/TestDungeon.TestDungeon_C' with ClassGeneratedBy '/Game/Levels/TestDungeon.TestDungeon:PersistentLevel.TestDungeon'
[2020.05.15-20.47.31:401][907]LogPlayLevel: PlayLevel: No blueprints needed recompiling
[2020.05.15-20.47.31:401][907]PIE: New page: PIE session: TestDungeon (May 15, 2020, 12:47:31 p.m.)
[2020.05.15-20.47.31:402][907]LogPlayLevel: Creating play world package: /Game/Levels/UEDPIE_0_TestDungeon
[2020.05.15-20.47.31:407][907]LogPlayLevel: PIE: StaticDuplicateObject took: (0.005157s)
[2020.05.15-20.47.31:408][907]LogAIModule: Creating AISystem for world TestDungeon
[2020.05.15-20.47.31:408][907]LogPlayLevel: PIE: World Init took: (0.001056s)
[2020.05.15-20.47.31:409][907]LogPlayLevel: PIE: Created PIE world by copying editor world from /Game/Levels/TestDungeon.TestDungeon to /Game/Levels/UEDPIE_0_TestDungeon.TestDungeon (0.006817s)
[2020.05.15-20.47.31:436][907]LogUObjectHash: Compacting FUObjectHashTables data took   1.62ms
[2020.05.15-20.47.31:438][907]LogAudioMixer: Display: Audio Mixer Platform Settings:
[2020.05.15-20.47.31:438][907]LogAudioMixer: Display: 	Sample Rate:						  48000
[2020.05.15-20.47.31:438][907]LogAudioMixer: Display: 	Callback Buffer Frame Size Requested: 1024
[2020.05.15-20.47.31:438][907]LogAudioMixer: Display: 	Callback Buffer Frame Size To Use:	  1024
[2020.05.15-20.47.31:439][907]LogAudioMixer: Display: 	Number of buffers to queue:			  2
[2020.05.15-20.47.31:439][907]LogAudioMixer: Display: 	Max Channels (voices):				  32
[2020.05.15-20.47.31:439][907]LogAudioMixer: Display: 	Number of Async Source Workers:		  0
[2020.05.15-20.47.31:439][907]LogAudio: Display: AudioDevice MaxSources: 32
[2020.05.15-20.47.31:440][907]LogAudio: Display: Using built-in audio occlusion.
[2020.05.15-20.47.31:440][907]LogAudioMixer: Display: Initializing audio mixer.
[2020.05.15-20.47.31:455][907]LogAudioMixer: Display: Audio Device Output Speaker Info:
[2020.05.15-20.47.31:455][907]LogAudioMixer: Display: Name: Speakers / Headphones (Realtek Audio)
[2020.05.15-20.47.31:455][907]LogAudioMixer: Display: Is Default: Yes
[2020.05.15-20.47.31:456][907]LogAudioMixer: Display: Sample Rate: 48000
[2020.05.15-20.47.31:456][907]LogAudioMixer: Display: Channel Count Used: 2
[2020.05.15-20.47.31:456][907]LogAudioMixer: Display: Device Channel Count: 2
[2020.05.15-20.47.31:456][907]LogAudioMixer: Display: Channel Order:
[2020.05.15-20.47.31:456][907]LogAudioMixer: Display: 0: FrontLeft
[2020.05.15-20.47.31:456][907]LogAudioMixer: Display: 1: FrontRight
[2020.05.15-20.47.31:545][907]LogAudioMixer: Display: Using Audio Device Speakers / Headphones (Realtek Audio)
[2020.05.15-20.47.31:548][907]LogInit: FAudioDevice initialized.
[2020.05.15-20.47.31:593][907]LogSlate: Updating window title bar state: overlay mode, drag disabled, window buttons hidden, title bar hidden
[2020.05.15-20.47.31:593][907]LogLoad: Game class is 'BP_SideScrollerGameModeBase_C'
[2020.05.15-20.47.31:595][907]LogWorld: Bringing World /Game/Levels/UEDPIE_0_TestDungeon.TestDungeon up for play (max tick rate 60) at 2020.05.15-16.47.31
[2020.05.15-20.47.31:596][907]LogWorld: Bringing up level for play took: 0.001351
[2020.05.15-20.47.31:596][907]LogOnline: OSS: Creating online subsystem instance for: :Context_3
[2020.05.15-20.47.31:603][907]Set new viewmode: Unlit
[2020.05.15-20.47.31:606][907]PIE: Play in editor start time for /Game/Levels/UEDPIE_0_TestDungeon -0.102
[2020.05.15-20.47.31:607][907]LogBlueprintUserMessages: Late PlayInEditor Detection: Level '/Game/Levels/TestDungeon.TestDungeon:PersistentLevel' has LevelScriptBlueprint '/Game/Levels/TestDungeon.TestDungeon:PersistentLevel.TestDungeon' with GeneratedClass '/Game/Levels/TestDungeon.TestDungeon_C' with ClassGeneratedBy '/Game/Levels/TestDungeon.TestDungeon:PersistentLevel.TestDungeon'
[2020.05.15-20.47.33:193][  0]LogAudioMixer: Display: No commands were queued while flushing the source manager.
[2020.05.15-20.47.33:210][  0]LogAudioMixer: Display: Flush succeeded in the source manager command queue (1).
[2020.05.15-20.47.33:231][  0]LogAudioMixer: Display: Flush succeeded the source manager command queue (2).
[2020.05.15-20.47.33:231][  0]LogBlueprintUserMessages: Early EndPlayMap Detection: Level '/Game/Levels/TestDungeon.TestDungeon:PersistentLevel' has LevelScriptBlueprint '/Game/Levels/TestDungeon.TestDungeon:PersistentLevel.TestDungeon' with GeneratedClass '/Game/Levels/TestDungeon.TestDungeon_C' with ClassGeneratedBy '/Game/Levels/TestDungeon.TestDungeon:PersistentLevel.TestDungeon'
[2020.05.15-20.47.33:231][  0]LogSlate: Updating window title bar state: overlay mode, drag disabled, window buttons hidden, title bar hidden
[2020.05.15-20.47.33:231][  0]LogWorld: BeginTearingDown for /Game/Levels/UEDPIE_0_TestDungeon
[2020.05.15-20.47.33:250][  0]LogSlate: Window 'SideScroller Game Preview Standalone (64-bit/PCD3D_SM5)' being destroyed
[2020.05.15-20.47.33:255][  0]LogAudioMixer: Display: No commands were queued while flushing the source manager.
[2020.05.15-20.47.33:256][  0]LogWorld: UWorld::CleanupWorld for TestDungeon, bSessionEnded=true, bCleanupResources=true
[2020.05.15-20.47.33:256][  0]LogSlate: InvalidateAllWidgets triggered.  All widgets were invalidated
[2020.05.15-20.47.33:273][  0]LogPlayLevel: Display: Shutting down PIE online subsystems
[2020.05.15-20.47.33:273][  0]LogBlueprintUserMessages: Late EndPlayMap Detection: Level '/Game/Levels/TestDungeon.TestDungeon:PersistentLevel' has LevelScriptBlueprint '/Game/Levels/TestDungeon.TestDungeon:PersistentLevel.TestDungeon' with GeneratedClass '/Game/Levels/TestDungeon.TestDungeon_C' with ClassGeneratedBy '/Game/Levels/TestDungeon.TestDungeon:PersistentLevel.TestDungeon'
[2020.05.15-20.47.33:278][  0]LogSlate: InvalidateAllWidgets triggered.  All widgets were invalidated
[2020.05.15-20.47.33:304][  0]LogAudioMixer: Display: No commands were queued while flushing the source manager.
[2020.05.15-20.47.33:319][  0]LogUObjectHash: Compacting FUObjectHashTables data took   2.14ms
[2020.05.15-20.47.33:332][  1]LogPlayLevel: Display: Destroying online subsystem :Context_3
[2020.05.15-20.49.00:450][183]Cmd: EDCALLBACK SURFPROPS
[2020.05.15-20.49.19:599][280]LogMaterial: Display: Missing cached shader map for material Material_0, compiling. 
[2020.05.15-20.49.19:601][280]LogMaterial: Warning: /Engine/Transient.Material_0 (no disk path found): Failed to compile Material for platform PCD3D_SM5, Default Material will be used in game.
[2020.05.15-20.49.19:601][280]LogMaterial: Display: 	SceneTexture expressions cannot be used in opaque materials
[2020.05.15-20.49.34:053][131]LogAssetEditorSubsystem: Opening Asset editor for Material /Engine/EngineMaterials/WorldGridMaterial.WorldGridMaterial
[2020.05.15-20.49.34:061][131]LogMaterial: Display: Missing cached shader map for material WorldGridMaterial, compiling. 
[2020.05.15-20.49.34:425][131]LogMaterial: Display: Missing cached shader map for material WorldGridMaterial, compiling. Is special engine material.
[2020.05.15-20.49.34:529][131]LogMaterial: Display: Missing cached shader map for material WorldGridMaterial, compiling. Is special engine material.
[2020.05.15-20.49.34:563][131]LogShaderCompilers: Display: Worker (1/5): shaders left to compile 68
[2020.05.15-20.49.34:563][131]LogShaderCompilers: Display: Worker (2/5): shaders left to compile 67
[2020.05.15-20.49.34:563][131]LogShaderCompilers: Display: Worker (3/5): shaders left to compile 66
[2020.05.15-20.49.34:563][131]LogShaderCompilers: Display: Worker (4/5): shaders left to compile 65
[2020.05.15-20.49.34:580][131]LogMaterial: Display: Missing cached shader map for material FMatExpressionPreview MaterialExpressionTextureSample_26, compiling. 
[2020.05.15-20.49.34:596][131]LogMaterial: Display: Missing cached shader map for material FMatExpressionPreview MaterialExpressionTextureSample_27, compiling. 
[2020.05.15-20.49.34:613][131]LogMaterial: Display: Missing cached shader map for material FMatExpressionPreview MaterialExpressionTextureSample_28, compiling. 
[2020.05.15-20.49.34:644][131]LogMaterial: Display: Missing cached shader map for material FMatExpressionPreview MaterialExpressionConstant3Vector_6, compiling. 
[2020.05.15-20.49.34:665][131]LogMaterial: Display: Missing cached shader map for material FMatExpressionPreview MaterialExpressionTextureSample_29, compiling. 
[2020.05.15-20.49.34:939][131]LogShaderCompilers: Display: Worker (3/5): shaders left to compile 84
[2020.05.15-20.49.34:939][131]LogShaderCompilers: Display: Worker (2/5): shaders left to compile 83
[2020.05.15-20.49.34:957][131]LogShaderCompilers: Display: Worker (1/5): shaders left to compile 82
[2020.05.15-20.49.35:042][131]LogShaderCompilers: Display: Worker (4/5): shaders left to compile 81
[2020.05.15-20.49.35:112][131]LogShaderCompilers: Display: Worker (3/5): shaders left to compile 80
[2020.05.15-20.49.35:147][131]LogShaderCompilers: Display: Worker (1/5): shaders left to compile 79
[2020.05.15-20.49.35:266][131]LogShaderCompilers: Display: Worker (2/5): shaders left to compile 78
[2020.05.15-20.49.35:284][131]LogShaderCompilers: Display: Worker (4/5): shaders left to compile 77
[2020.05.15-20.49.35:319][131]LogShaderCompilers: Display: Worker (3/5): shaders left to compile 76
[2020.05.15-20.49.35:387][131]LogShaderCompilers: Display: Worker (1/5): shaders left to compile 75
[2020.05.15-20.49.35:510][131]LogShaderCompilers: Display: Worker (3/5): shaders left to compile 74
[2020.05.15-20.49.35:529][131]LogShaderCompilers: Display: Worker (2/5): shaders left to compile 73
[2020.05.15-20.49.35:564][131]LogShaderCompilers: Display: Worker (1/5): shaders left to compile 72
[2020.05.15-20.49.35:655][131]LogShaderCompilers: Display: Worker (4/5): shaders left to compile 71
[2020.05.15-20.49.35:724][131]LogShaderCompilers: Display: Worker (3/5): shaders left to compile 70
[2020.05.15-20.49.35:810][131]LogShaderCompilers: Display: Worker (2/5): shaders left to compile 69
[2020.05.15-20.49.35:896][131]LogShaderCompilers: Display: Worker (1/5): shaders left to compile 68
[2020.05.15-20.49.35:948][131]LogShaderCompilers: Display: Worker (4/5): shaders left to compile 67
[2020.05.15-20.49.36:016][131]LogShaderCompilers: Display: Worker (3/5): shaders left to compile 66
[2020.05.15-20.49.36:104][131]LogShaderCompilers: Display: Worker (2/5): shaders left to compile 65
[2020.05.15-20.49.36:211][131]LogShaderCompilers: Display: Worker (1/5): shaders left to compile 64
[2020.05.15-20.49.36:265][131]LogShaderCompilers: Display: Worker (4/5): shaders left to compile 63
[2020.05.15-20.49.36:351][131]LogShaderCompilers: Display: Worker (3/5): shaders left to compile 62
[2020.05.15-20.49.36:403][131]LogShaderCompilers: Display: Worker (1/5): shaders left to compile 61
[2020.05.15-20.49.36:556][131]LogShaderCompilers: Display: Worker (2/5): shaders left to compile 60
[2020.05.15-20.49.36:591][131]LogShaderCompilers: Display: Worker (4/5): shaders left to compile 59
[2020.05.15-20.49.36:626][131]LogShaderCompilers: Display: Worker (1/5): shaders left to compile 58
[2020.05.15-20.49.36:643][131]LogShaderCompilers: Display: Worker (3/5): shaders left to compile 57
[2020.05.15-20.49.37:504][131]LogShaderCompilers: Display: Worker (1/5): shaders left to compile 56
[2020.05.15-20.49.37:522][131]LogShaderCompilers: Display: Worker (2/5): shaders left to compile 55
[2020.05.15-20.49.37:522][131]LogSlate: Window 'Warning: Editing Default Material' being destroyed
[2020.05.15-20.49.37:606][131]LogShaderCompilers: Display: Worker (3/5): shaders left to compile 54
[2020.05.15-20.49.37:606][131]LogShaderCompilers: Display: Worker (4/5): shaders left to compile 53
[2020.05.15-20.49.37:606][131]LogEditorViewport: Clicking Background
[2020.05.15-20.49.37:615][131]LogSlate: Took 0.000316 seconds to synchronously load lazily loaded font '../../../Engine/Content/Slate/Fonts/Roboto-BoldCondensed.ttf' (158K)
[2020.05.15-20.49.38:097][142]LogShaderCompilers: Display: Worker (1/5): shaders left to compile 52
[2020.05.15-20.49.38:214][147]LogShaderCompilers: Display: Worker (4/5): shaders left to compile 51
[2020.05.15-20.49.38:716][166]LogShaderCompilers: Display: Worker (2/5): shaders left to compile 50
[2020.05.15-20.49.38:811][170]LogShaderCompilers: Display: Worker (3/5): shaders left to compile 49
[2020.05.15-20.49.39:199][186]LogShaderCompilers: Display: Worker (1/5): shaders left to compile 48
[2020.05.15-20.49.39:408][196]LogSlate: Window 'WorldGridMaterial' being destroyed
[2020.05.15-20.49.39:417][196]LogSlate: Window 'WorldGridMaterial' being destroyed
[2020.05.15-20.49.39:463][196]LogShaderCompilers: Display: Worker (2/5): shaders left to compile 47
[2020.05.15-20.49.39:481][196]LogShaderCompilers: Display: Worker (4/5): shaders left to compile 26
[2020.05.15-20.49.39:481][196]LogWorld: UWorld::CleanupWorld for World_2, bSessionEnded=true, bCleanupResources=true
[2020.05.15-20.49.39:481][196]LogSlate: InvalidateAllWidgets triggered.  All widgets were invalidated
[2020.05.15-20.49.39:560][199]LogShaderCompilers: Display: Worker (1/5): shaders left to compile 25
[2020.05.15-20.49.39:766][211]LogShaderCompilers: Display: Worker (4/5): shaders left to compile 24
[2020.05.15-20.49.39:893][218]LogShaderCompilers: Display: Worker (2/5): shaders left to compile 23
[2020.05.15-20.49.39:976][223]LogShaderCompilers: Display: Worker (1/5): shaders left to compile 22
[2020.05.15-20.49.40:042][227]LogShaderCompilers: Display: Worker (4/5): shaders left to compile 21
[2020.05.15-20.49.40:060][228]LogShaderCompilers: Display: Worker (3/5): shaders left to compile 20
[2020.05.15-20.49.40:265][240]LogShaderCompilers: Display: Worker (1/5): shaders left to compile 19
[2020.05.15-20.49.40:350][244]LogShaderCompilers: Display: Worker (3/5): shaders left to compile 18
[2020.05.15-20.49.40:480][252]LogShaderCompilers: Display: Worker (2/5): shaders left to compile 17
[2020.05.15-20.49.40:630][260]LogShaderCompilers: Display: Worker (3/5): shaders left to compile 16
[2020.05.15-20.49.40:648][261]LogShaderCompilers: Display: Worker (1/5): shaders left to compile 15
[2020.05.15-20.49.40:705][264]LogShaderCompilers: Display: Worker (4/5): shaders left to compile 14
[2020.05.15-20.49.40:797][270]LogShaderCompilers: Display: Worker (2/5): shaders left to compile 13
[2020.05.15-20.49.40:881][274]LogShaderCompilers: Display: Worker (3/5): shaders left to compile 12
[2020.05.15-20.49.40:966][279]LogShaderCompilers: Display: Worker (4/5): shaders left to compile 11
[2020.05.15-20.49.41:018][282]LogShaderCompilers: Display: Worker (1/5): shaders left to compile 10
[2020.05.15-20.49.41:148][289]LogShaderCompilers: Display: Worker (2/5): shaders left to compile 9
[2020.05.15-20.49.41:166][290]LogShaderCompilers: Display: Worker (3/5): shaders left to compile 8
[2020.05.15-20.49.41:296][298]LogShaderCompilers: Display: Worker (1/5): shaders left to compile 7
[2020.05.15-20.49.41:310][299]LogShaderCompilers: Display: Worker (4/5): shaders left to compile 6
[2020.05.15-20.49.41:415][304]LogShaderCompilers: Display: Worker (2/5): shaders left to compile 5
[2020.05.15-20.49.41:428][305]LogShaderCompilers: Display: Worker (3/5): shaders left to compile 4
[2020.05.15-20.49.41:547][312]LogShaderCompilers: Display: Worker (4/5): shaders left to compile 3
[2020.05.15-20.49.41:668][319]LogShaderCompilers: Display: Worker (1/5): shaders left to compile 2
[2020.05.15-20.49.41:722][322]LogShaderCompilers: Display: Worker (3/5): shaders left to compile 1
[2020.05.15-20.50.09:154][874]LogTemp: Repeating last play command: New Editor Window (PIE)
[2020.05.15-20.50.09:175][874]LogBlueprintUserMessages: Early PlayInEditor Detection: Level '/Game/Levels/TestDungeon.TestDungeon:PersistentLevel' has LevelScriptBlueprint '/Game/Levels/TestDungeon.TestDungeon:PersistentLevel.TestDungeon' with GeneratedClass '/Game/Levels/TestDungeon.TestDungeon_C' with ClassGeneratedBy '/Game/Levels/TestDungeon.TestDungeon:PersistentLevel.TestDungeon'
[2020.05.15-20.50.09:175][874]LogPlayLevel: PlayLevel: No blueprints needed recompiling
[2020.05.15-20.50.09:175][874]PIE: New page: PIE session: TestDungeon (May 15, 2020, 12:50:09 p.m.)
[2020.05.15-20.50.09:176][874]LogPlayLevel: Creating play world package: /Game/Levels/UEDPIE_0_TestDungeon
[2020.05.15-20.50.09:184][874]LogPlayLevel: PIE: StaticDuplicateObject took: (0.008144s)
[2020.05.15-20.50.09:185][874]LogAIModule: Creating AISystem for world TestDungeon
[2020.05.15-20.50.09:186][874]LogPlayLevel: PIE: World Init took: (0.001673s)
[2020.05.15-20.50.09:186][874]LogPlayLevel: PIE: Created PIE world by copying editor world from /Game/Levels/TestDungeon.TestDungeon to /Game/Levels/UEDPIE_0_TestDungeon.TestDungeon (0.010439s)
[2020.05.15-20.50.09:217][874]LogUObjectHash: Compacting FUObjectHashTables data took   1.86ms
[2020.05.15-20.50.09:220][874]LogAudioMixer: Display: Audio Mixer Platform Settings:
[2020.05.15-20.50.09:221][874]LogAudioMixer: Display: 	Sample Rate:						  48000
[2020.05.15-20.50.09:221][874]LogAudioMixer: Display: 	Callback Buffer Frame Size Requested: 1024
[2020.05.15-20.50.09:221][874]LogAudioMixer: Display: 	Callback Buffer Frame Size To Use:	  1024
[2020.05.15-20.50.09:221][874]LogAudioMixer: Display: 	Number of buffers to queue:			  2
[2020.05.15-20.50.09:221][874]LogAudioMixer: Display: 	Max Channels (voices):				  32
[2020.05.15-20.50.09:221][874]LogAudioMixer: Display: 	Number of Async Source Workers:		  0
[2020.05.15-20.50.09:221][874]LogAudio: Display: AudioDevice MaxSources: 32
[2020.05.15-20.50.09:222][874]LogAudio: Display: Using built-in audio occlusion.
[2020.05.15-20.50.09:222][874]LogAudioMixer: Display: Initializing audio mixer.
[2020.05.15-20.50.09:244][874]LogAudioMixer: Display: Audio Device Output Speaker Info:
[2020.05.15-20.50.09:244][874]LogAudioMixer: Display: Name: Speakers / Headphones (Realtek Audio)
[2020.05.15-20.50.09:244][874]LogAudioMixer: Display: Is Default: Yes
[2020.05.15-20.50.09:244][874]LogAudioMixer: Display: Sample Rate: 48000
[2020.05.15-20.50.09:244][874]LogAudioMixer: Display: Channel Count Used: 2
[2020.05.15-20.50.09:245][874]LogAudioMixer: Display: Device Channel Count: 2
[2020.05.15-20.50.09:245][874]LogAudioMixer: Display: Channel Order:
[2020.05.15-20.50.09:245][874]LogAudioMixer: Display: 0: FrontLeft
[2020.05.15-20.50.09:245][874]LogAudioMixer: Display: 1: FrontRight
[2020.05.15-20.50.09:337][874]LogAudioMixer: Display: Using Audio Device Speakers / Headphones (Realtek Audio)
[2020.05.15-20.50.09:342][874]LogInit: FAudioDevice initialized.
[2020.05.15-20.50.09:388][874]LogSlate: Updating window title bar state: overlay mode, drag disabled, window buttons hidden, title bar hidden
[2020.05.15-20.50.09:389][874]LogLoad: Game class is 'BP_SideScrollerGameModeBase_C'
[2020.05.15-20.50.09:391][874]LogWorld: Bringing World /Game/Levels/UEDPIE_0_TestDungeon.TestDungeon up for play (max tick rate 60) at 2020.05.15-16.50.09
[2020.05.15-20.50.09:391][874]LogWorld: Bringing up level for play took: 0.001353
[2020.05.15-20.50.09:392][874]LogOnline: OSS: Creating online subsystem instance for: :Context_6
[2020.05.15-20.50.09:397][874]Set new viewmode: Unlit
[2020.05.15-20.50.09:401][874]PIE: Play in editor start time for /Game/Levels/UEDPIE_0_TestDungeon -0.308
[2020.05.15-20.50.09:401][874]LogBlueprintUserMessages: Late PlayInEditor Detection: Level '/Game/Levels/TestDungeon.TestDungeon:PersistentLevel' has LevelScriptBlueprint '/Game/Levels/TestDungeon.TestDungeon:PersistentLevel.TestDungeon' with GeneratedClass '/Game/Levels/TestDungeon.TestDungeon_C' with ClassGeneratedBy '/Game/Levels/TestDungeon.TestDungeon:PersistentLevel.TestDungeon'
[2020.05.15-20.50.13:241][103]LogAudioMixer: Display: No commands were queued while flushing the source manager.
[2020.05.15-20.50.13:250][103]LogAudioMixer: Display: Flush succeeded in the source manager command queue (1).
[2020.05.15-20.50.13:270][103]LogAudioMixer: Display: Flush succeeded the source manager command queue (2).
[2020.05.15-20.50.13:270][103]LogBlueprintUserMessages: Early EndPlayMap Detection: Level '/Game/Levels/TestDungeon.TestDungeon:PersistentLevel' has LevelScriptBlueprint '/Game/Levels/TestDungeon.TestDungeon:PersistentLevel.TestDungeon' with GeneratedClass '/Game/Levels/TestDungeon.TestDungeon_C' with ClassGeneratedBy '/Game/Levels/TestDungeon.TestDungeon:PersistentLevel.TestDungeon'
[2020.05.15-20.50.13:271][103]LogSlate: Updating window title bar state: overlay mode, drag disabled, window buttons hidden, title bar hidden
[2020.05.15-20.50.13:271][103]LogWorld: BeginTearingDown for /Game/Levels/UEDPIE_0_TestDungeon
[2020.05.15-20.50.13:294][103]LogSlate: Window 'SideScroller Game Preview Standalone (64-bit/PCD3D_SM5)' being destroyed
[2020.05.15-20.50.13:301][103]LogAudioMixer: Display: No commands were queued while flushing the source manager.
[2020.05.15-20.50.13:302][103]LogWorld: UWorld::CleanupWorld for TestDungeon, bSessionEnded=true, bCleanupResources=true
[2020.05.15-20.50.13:302][103]LogSlate: InvalidateAllWidgets triggered.  All widgets were invalidated
[2020.05.15-20.50.13:317][103]LogPlayLevel: Display: Shutting down PIE online subsystems
[2020.05.15-20.50.13:317][103]LogBlueprintUserMessages: Late EndPlayMap Detection: Level '/Game/Levels/TestDungeon.TestDungeon:PersistentLevel' has LevelScriptBlueprint '/Game/Levels/TestDungeon.TestDungeon:PersistentLevel.TestDungeon' with GeneratedClass '/Game/Levels/TestDungeon.TestDungeon_C' with ClassGeneratedBy '/Game/Levels/TestDungeon.TestDungeon:PersistentLevel.TestDungeon'
[2020.05.15-20.50.13:321][103]LogSlate: InvalidateAllWidgets triggered.  All widgets were invalidated
[2020.05.15-20.50.13:351][103]LogAudioMixer: Display: No commands were queued while flushing the source manager.
[2020.05.15-20.50.13:362][103]LogUObjectHash: Compacting FUObjectHashTables data took   2.63ms
[2020.05.15-20.50.13:379][104]LogPlayLevel: Display: Destroying online subsystem :Context_6
[2020.05.15-20.50.27:636][479]LogTemp: Repeating last play command: New Editor Window (PIE)
[2020.05.15-20.50.27:657][479]LogBlueprintUserMessages: Early PlayInEditor Detection: Level '/Game/Levels/TestDungeon.TestDungeon:PersistentLevel' has LevelScriptBlueprint '/Game/Levels/TestDungeon.TestDungeon:PersistentLevel.TestDungeon' with GeneratedClass '/Game/Levels/TestDungeon.TestDungeon_C' with ClassGeneratedBy '/Game/Levels/TestDungeon.TestDungeon:PersistentLevel.TestDungeon'
[2020.05.15-20.50.27:657][479]LogPlayLevel: PlayLevel: No blueprints needed recompiling
[2020.05.15-20.50.27:657][479]PIE: New page: PIE session: TestDungeon (May 15, 2020, 12:50:27 p.m.)
[2020.05.15-20.50.27:657][479]LogPlayLevel: Creating play world package: /Game/Levels/UEDPIE_0_TestDungeon
[2020.05.15-20.50.27:664][479]LogPlayLevel: PIE: StaticDuplicateObject took: (0.006398s)
[2020.05.15-20.50.27:665][479]LogAIModule: Creating AISystem for world TestDungeon
[2020.05.15-20.50.27:666][479]LogPlayLevel: PIE: World Init took: (0.001713s)
[2020.05.15-20.50.27:666][479]LogPlayLevel: PIE: Created PIE world by copying editor world from /Game/Levels/TestDungeon.TestDungeon to /Game/Levels/UEDPIE_0_TestDungeon.TestDungeon (0.008651s)
[2020.05.15-20.50.27:694][479]LogUObjectHash: Compacting FUObjectHashTables data took   2.57ms
[2020.05.15-20.50.27:695][479]LogAudioMixer: Display: Audio Mixer Platform Settings:
[2020.05.15-20.50.27:695][479]LogAudioMixer: Display: 	Sample Rate:						  48000
[2020.05.15-20.50.27:695][479]LogAudioMixer: Display: 	Callback Buffer Frame Size Requested: 1024
[2020.05.15-20.50.27:695][479]LogAudioMixer: Display: 	Callback Buffer Frame Size To Use:	  1024
[2020.05.15-20.50.27:696][479]LogAudioMixer: Display: 	Number of buffers to queue:			  2
[2020.05.15-20.50.27:696][479]LogAudioMixer: Display: 	Max Channels (voices):				  32
[2020.05.15-20.50.27:696][479]LogAudioMixer: Display: 	Number of Async Source Workers:		  0
[2020.05.15-20.50.27:696][479]LogAudio: Display: AudioDevice MaxSources: 32
[2020.05.15-20.50.27:696][479]LogAudio: Display: Using built-in audio occlusion.
[2020.05.15-20.50.27:697][479]LogAudioMixer: Display: Initializing audio mixer.
[2020.05.15-20.50.27:713][479]LogAudioMixer: Display: Audio Device Output Speaker Info:
[2020.05.15-20.50.27:713][479]LogAudioMixer: Display: Name: Speakers / Headphones (Realtek Audio)
[2020.05.15-20.50.27:713][479]LogAudioMixer: Display: Is Default: Yes
[2020.05.15-20.50.27:713][479]LogAudioMixer: Display: Sample Rate: 48000
[2020.05.15-20.50.27:713][479]LogAudioMixer: Display: Channel Count Used: 2
[2020.05.15-20.50.27:713][479]LogAudioMixer: Display: Device Channel Count: 2
[2020.05.15-20.50.27:714][479]LogAudioMixer: Display: Channel Order:
[2020.05.15-20.50.27:714][479]LogAudioMixer: Display: 0: FrontLeft
[2020.05.15-20.50.27:714][479]LogAudioMixer: Display: 1: FrontRight
[2020.05.15-20.50.27:808][479]LogAudioMixer: Display: Using Audio Device Speakers / Headphones (Realtek Audio)
[2020.05.15-20.50.27:812][479]LogInit: FAudioDevice initialized.
[2020.05.15-20.50.27:867][479]LogSlate: Updating window title bar state: overlay mode, drag disabled, window buttons hidden, title bar hidden
[2020.05.15-20.50.27:868][479]LogLoad: Game class is 'BP_SideScrollerGameModeBase_C'
[2020.05.15-20.50.27:869][479]LogWorld: Bringing World /Game/Levels/UEDPIE_0_TestDungeon.TestDungeon up for play (max tick rate 60) at 2020.05.15-16.50.27
[2020.05.15-20.50.27:870][479]LogWorld: Bringing up level for play took: 0.001482
[2020.05.15-20.50.27:871][479]LogOnline: OSS: Creating online subsystem instance for: :Context_7
[2020.05.15-20.50.27:877][479]Set new viewmode: Unlit
[2020.05.15-20.50.27:881][479]PIE: Play in editor start time for /Game/Levels/UEDPIE_0_TestDungeon 0.173
[2020.05.15-20.50.27:882][479]LogBlueprintUserMessages: Late PlayInEditor Detection: Level '/Game/Levels/TestDungeon.TestDungeon:PersistentLevel' has LevelScriptBlueprint '/Game/Levels/TestDungeon.TestDungeon:PersistentLevel.TestDungeon' with GeneratedClass '/Game/Levels/TestDungeon.TestDungeon_C' with ClassGeneratedBy '/Game/Levels/TestDungeon.TestDungeon:PersistentLevel.TestDungeon'
