Log file open, 05/07/20 11:31:42
LogWindows: Failed to load 'aqProf.dll' (GetLastError=126)
LogWindows: File 'aqProf.dll' does not exist
LogWindows: Failed to load 'VtuneApi.dll' (GetLastError=126)
LogWindows: File 'VtuneApi.dll' does not exist
LogWindows: Failed to load 'VtuneApi32e.dll' (GetLastError=126)
LogWindows: File 'VtuneApi32e.dll' does not exist
LogConsoleResponse: Display: Failed to find resolution value strings in scalability ini. Falling back to default.
LogInit: Display: Running engine for game: SideScroller
LogPlatformFile: Not using cached read wrapper
LogTaskGraph: Started task graph with 5 named threads and 23 total threads with 3 sets of task threads.
LogStats: Stats thread started at 0.172414
LogD3D11RHI: Loaded GFSDK_Aftermath_Lib.x64.dll
LogICUInternationalization: ICU TimeZone Detection - Raw Offset: -5:00, Platform Override: ''
LogPluginManager: Mounting plugin Paper2D
LogPluginManager: Mounting plugin AISupport
LogPluginManager: Mounting plugin LightPropagationVolume
LogPluginManager: Mounting plugin ActorLayerUtilities
LogPluginManager: Mounting plugin AnimationSharing
LogPluginManager: Mounting plugin CLionSourceCodeAccess
LogPluginManager: Mounting plugin CodeLiteSourceCodeAccess
LogPluginManager: Mounting plugin GitSourceControl
LogPluginManager: Mounting plugin KDevelopSourceCodeAccess
LogPluginManager: Mounting plugin NullSourceCodeAccess
LogPluginManager: Mounting plugin PerforceSourceControl
LogPluginManager: Mounting plugin PlasticSourceControl
LogPluginManager: Mounting plugin SubversionSourceControl
LogPluginManager: Mounting plugin UObjectPlugin
LogPluginManager: Mounting plugin VisualStudioCodeSourceCodeAccess
LogPluginManager: Mounting plugin VisualStudioSourceCodeAccess
LogPluginManager: Mounting plugin XCodeSourceCodeAccess
LogPluginManager: Mounting plugin AssetManagerEditor
LogPluginManager: Mounting plugin CryptoKeys
LogPluginManager: Mounting plugin CurveEditorTools
LogPluginManager: Mounting plugin DataValidation
LogPluginManager: Mounting plugin FacialAnimation
LogPluginManager: Mounting plugin GameplayTagsEditor
LogPluginManager: Mounting plugin MacGraphicsSwitching
LogPluginManager: Mounting plugin MaterialAnalyzer
LogPluginManager: Mounting plugin MobileLauncherProfileWizard
LogPluginManager: Mounting plugin PluginBrowser
LogPluginManager: Mounting plugin SpeedTreeImporter
LogPluginManager: Mounting plugin DatasmithContent
LogPluginManager: Mounting plugin VariantManagerContent
LogPluginManager: Mounting plugin AlembicImporter
LogPluginManager: Mounting plugin AutomationUtils
LogPluginManager: Mounting plugin BackChannel
LogPluginManager: Mounting plugin CharacterAI
LogPluginManager: Mounting plugin GeometryCache
LogPluginManager: Mounting plugin PlatformCrypto
LogPluginManager: Mounting plugin ProxyLODPlugin
LogPluginManager: Mounting plugin SkeletalReduction
LogPluginManager: Mounting plugin MagicLeap
LogPluginManager: Mounting plugin MagicLeapMedia
LogPluginManager: Mounting plugin MLSDK
LogPluginManager: Mounting plugin AndroidMedia
LogPluginManager: Mounting plugin AvfMedia
LogPluginManager: Mounting plugin ImgMedia
LogPluginManager: Mounting plugin MediaCompositing
LogPluginManager: Mounting plugin MediaPlayerEditor
LogPluginManager: Mounting plugin WebMMedia
LogPluginManager: Mounting plugin WmfMedia
LogPluginManager: Mounting plugin TcpMessaging
LogPluginManager: Mounting plugin UdpMessaging
LogPluginManager: Mounting plugin ActorSequence
LogPluginManager: Mounting plugin LevelSequenceEditor
LogPluginManager: Mounting plugin MatineeToLevelSequence
LogPluginManager: Mounting plugin NetcodeUnitTest
LogPluginManager: Mounting plugin NUTUnrealEngine4
LogPluginManager: Mounting plugin OnlineSubsystemGooglePlay
LogPluginManager: Mounting plugin OnlineSubsystemIOS
LogPluginManager: Mounting plugin OnlineSubsystem
LogPluginManager: Mounting plugin OnlineSubsystemNull
LogPluginManager: Mounting plugin OnlineSubsystemUtils
LogPluginManager: Mounting plugin LauncherChunkInstaller
LogPluginManager: Mounting plugin AndroidDeviceProfileSelector
LogPluginManager: Mounting plugin AndroidMoviePlayer
LogPluginManager: Mounting plugin AndroidPermission
LogPluginManager: Mounting plugin AppleImageUtils
LogPluginManager: Mounting plugin AppleMoviePlayer
LogPluginManager: Mounting plugin ArchVisCharacter
LogPluginManager: Mounting plugin AssetTags
LogPluginManager: Mounting plugin AudioCapture
LogPluginManager: Mounting plugin CableComponent
LogPluginManager: Mounting plugin CustomMeshComponent
LogPluginManager: Mounting plugin EditableMesh
LogPluginManager: Mounting plugin ExampleDeviceProfileSelector
LogPluginManager: Mounting plugin GoogleCloudMessaging
LogPluginManager: Mounting plugin IOSDeviceProfileSelector
LogPluginManager: Mounting plugin LinuxDeviceProfileSelector
LogPluginManager: Mounting plugin LocationServicesBPLibrary
LogPluginManager: Mounting plugin MobilePatchingUtils
LogPluginManager: Mounting plugin OculusVR
LogPluginManager: Mounting plugin PhysXVehicles
LogPluginManager: Mounting plugin PostSplashScreen
LogPluginManager: Mounting plugin ProceduralMeshComponent
LogPluginManager: Mounting plugin RuntimePhysXCooking
LogPluginManager: Mounting plugin SignificanceManager
LogPluginManager: Mounting plugin SteamVR
LogPluginManager: Mounting plugin WebMMoviePlayer
LogPluginManager: Mounting plugin WindowsMoviePlayer
LogPluginManager: Mounting plugin ScreenshotTools
LogInit: Using libcurl 7.55.1-DEV
LogInit:  - built for x86_64-pc-win32
LogInit:  - supports SSL with OpenSSL/1.1.1
LogInit:  - supports HTTP deflate (compression) using libz 1.2.8
LogInit:  - other features:
LogInit:      CURL_VERSION_SSL
LogInit:      CURL_VERSION_LIBZ
LogInit:      CURL_VERSION_IPV6
LogInit:      CURL_VERSION_ASYNCHDNS
LogInit:      CURL_VERSION_LARGEFILE
LogInit:      CURL_VERSION_IDN
LogInit:  CurlRequestOptions (configurable via config and command line):
LogInit:  - bVerifyPeer = true  - Libcurl will verify peer certificate
LogInit:  - bUseHttpProxy = false  - Libcurl will NOT use HTTP proxy
LogInit:  - bDontReuseConnections = false  - Libcurl will reuse connections
LogInit:  - MaxHostConnections = 16  - Libcurl will limit the number of connections to a host
LogInit:  - LocalHostAddr = Default
LogInit:  - BufferSize = 65536
LogOnline: OSS: Creating online subsystem instance for: NULL
LogInit: WinSock: version 1.1 (2.2), MaxSocks=32767, MaxUdp=65467
LogOnline: OSS: TryLoadSubsystemAndSetDefault: Loaded subsystem for module [NULL]
LogInit: Build: ++UE4+Release-4.24-CL-11590370
LogInit: Engine Version: 4.24.3-11590370+++UE4+Release-4.24
LogInit: Compatible Engine Version: 4.24.0-10570792+++UE4+Release-4.24
LogInit: Net CL: 10570792
LogInit: OS: Windows 10 (Release 1903) (), CPU: Intel(R) Core(TM) i7-7700HQ CPU @ 2.80GHz, GPU: Intel(R) HD Graphics 630
LogInit: Compiled (64-bit): Feb 24 2020 15:39:18
LogInit: Compiled with Visual C++: 19.16.27032.01
LogInit: Build Configuration: Development
LogInit: Branch Name: ++UE4+Release-4.24
LogInit: Command Line:  -skipcompile
LogInit: Base Directory: D:/Program Files (x86)/UE_4.24/Engine/Binaries/Win64/
LogInit: Installed Engine Build: 1
LogDevObjectVersion: Number of dev versions registered: 25
LogDevObjectVersion:   Dev-Blueprints (B0D832E4-1F89-4F0D-ACCF-7EB736FD4AA2): 10
LogDevObjectVersion:   Dev-Build (E1C64328-A22C-4D53-A36C-8E866417BD8C): 0
LogDevObjectVersion:   Dev-Core (375EC13C-06E4-48FB-B500-84F0262A717E): 3
LogDevObjectVersion:   Dev-Editor (E4B068ED-F494-42E9-A231-DA0B2E46BB41): 37
LogDevObjectVersion:   Dev-Framework (CFFC743F-43B0-4480-9391-14DF171D2073): 36
LogDevObjectVersion:   Dev-Mobile (B02B49B5-BB20-44E9-A304-32B752E40360): 2
LogDevObjectVersion:   Dev-Networking (A4E4105C-59A1-49B5-A7C5-40C4547EDFEE): 0
LogDevObjectVersion:   Dev-Online (39C831C9-5AE6-47DC-9A44-9C173E1C8E7C): 0
LogDevObjectVersion:   Dev-Physics (78F01B33-EBEA-4F98-B9B4-84EACCB95AA2): 2
LogDevObjectVersion:   Dev-Platform (6631380F-2D4D-43E0-8009-CF276956A95A): 0
LogDevObjectVersion:   Dev-Rendering (12F88B9F-8875-4AFC-A67C-D90C383ABD29): 36
LogDevObjectVersion:   Dev-Sequencer (7B5AE74C-D270-4C10-A958-57980B212A5A): 11
LogDevObjectVersion:   Dev-VR (D7296918-1DD6-4BDD-9DE2-64A83CC13884): 2
LogDevObjectVersion:   Dev-LoadTimes (C2A15278-BFE7-4AFE-6C17-90FF531DF755): 1
LogDevObjectVersion:   Private-Geometry (6EACA3D4-40EC-4CC1-B786-8BED09428FC5): 3
LogDevObjectVersion:   Dev-AnimPhys (29E575DD-E0A3-4627-9D10-D276232CDCEA): 17
LogDevObjectVersion:   Dev-Anim (AF43A65D-7FD3-4947-9873-3E8ED9C1BB05): 2
LogDevObjectVersion:   Dev-ReflectionCapture (6B266CEC-1EC7-4B8F-A30B-E4D90942FC07): 1
LogDevObjectVersion:   Dev-Automation (0DF73D61-A23F-47EA-B727-89E90C41499A): 1
LogDevObjectVersion:   FortniteMain (601D1886-AC64-4F84-AA16-D3DE0DEAC7D6): 31
LogDevObjectVersion:   Dev-Enterprise (9DFFBCD6-494F-0158-E221-12823C92A888): 8
LogDevObjectVersion:   Dev-Niagara (F2AED0AC-9AFE-416F-8664-AA7FFA26D6FC): 1
LogDevObjectVersion:   Dev-Destruction (174F1F0B-B4C6-45A5-B13F-2EE8D0FB917D): 9
LogDevObjectVersion:   Dev-Physics-Ext (35F94A83-E258-406C-A318-09F59610247C): 8
LogDevObjectVersion:   Dev-CineCamera (B2E18506-4273-CFC2-A54E-F4BB758BBA07): 1
LogInit: Presizing for max 25165824 objects, including 0 objects not considered by GC, pre-allocating 0 bytes for permanent pool.
LogInit: Object subsystem initialized
LogConfig: Setting CVar [[con.DebugEarlyDefault:1]]
LogConfig: Setting CVar [[r.setres:1280x720]]
[2020.05.07-15.31.43:275][  0]LogConfig: Setting CVar [[r.VSync:0]]
[2020.05.07-15.31.43:275][  0]LogConfig: Setting CVar [[r.RHICmdBypass:0]]
[2020.05.07-15.31.43:275][  0]LogConfig: Applying CVar settings from Section [/Script/Engine.RendererSettings] File [D:/adale/Desktop/2DSouls/SideScroller/Saved/Config/Windows/Engine.ini]
[2020.05.07-15.31.43:275][  0]LogConfig: Setting CVar [[r.GPUCrashDebugging:0]]
[2020.05.07-15.31.43:276][  0]LogConfig: Applying CVar settings from Section [/Script/Engine.RendererOverrideSettings] File [D:/adale/Desktop/2DSouls/SideScroller/Saved/Config/Windows/Engine.ini]
[2020.05.07-15.31.43:276][  0]LogConfig: Applying CVar settings from Section [/Script/Engine.StreamingSettings] File [D:/adale/Desktop/2DSouls/SideScroller/Saved/Config/Windows/Engine.ini]
[2020.05.07-15.31.43:276][  0]LogConfig: Setting CVar [[s.MinBulkDataSizeForAsyncLoading:131072]]
[2020.05.07-15.31.43:276][  0]LogConfig: Setting CVar [[s.AsyncLoadingThreadEnabled:0]]
[2020.05.07-15.31.43:276][  0]LogConfig: Setting CVar [[s.EventDrivenLoaderEnabled:1]]
[2020.05.07-15.31.43:276][  0]LogConfig: Setting CVar [[s.WarnIfTimeLimitExceeded:0]]
[2020.05.07-15.31.43:276][  0]LogConfig: Setting CVar [[s.TimeLimitExceededMultiplier:1.5]]
[2020.05.07-15.31.43:276][  0]LogConfig: Setting CVar [[s.TimeLimitExceededMinTime:0.005]]
[2020.05.07-15.31.43:276][  0]LogConfig: Setting CVar [[s.UseBackgroundLevelStreaming:1]]
[2020.05.07-15.31.43:276][  0]LogConfig: Setting CVar [[s.PriorityAsyncLoadingExtraTime:15.0]]
[2020.05.07-15.31.43:276][  0]LogConfig: Setting CVar [[s.LevelStreamingActorsUpdateTimeLimit:5.0]]
[2020.05.07-15.31.43:276][  0]LogConfig: Setting CVar [[s.PriorityLevelStreamingActorsUpdateExtraTime:5.0]]
[2020.05.07-15.31.43:277][  0]LogConfig: Setting CVar [[s.LevelStreamingComponentsRegistrationGranularity:10]]
[2020.05.07-15.31.43:277][  0]LogConfig: Setting CVar [[s.UnregisterComponentsTimeLimit:1.0]]
[2020.05.07-15.31.43:277][  0]LogConfig: Setting CVar [[s.LevelStreamingComponentsUnregistrationGranularity:5]]
[2020.05.07-15.31.43:277][  0]LogConfig: Setting CVar [[s.FlushStreamingOnExit:1]]
[2020.05.07-15.31.43:277][  0]LogConfig: Applying CVar settings from Section [/Script/Engine.GarbageCollectionSettings] File [D:/adale/Desktop/2DSouls/SideScroller/Saved/Config/Windows/Engine.ini]
[2020.05.07-15.31.43:277][  0]LogConfig: Setting CVar [[gc.MaxObjectsNotConsideredByGC:1]]
[2020.05.07-15.31.43:277][  0]LogConfig: Setting CVar [[gc.SizeOfPermanentObjectPool:0]]
[2020.05.07-15.31.43:277][  0]LogConfig: Setting CVar [[gc.FlushStreamingOnGC:0]]
[2020.05.07-15.31.43:277][  0]LogConfig: Setting CVar [[gc.NumRetriesBeforeForcingGC:10]]
[2020.05.07-15.31.43:277][  0]LogConfig: Setting CVar [[gc.AllowParallelGC:1]]
[2020.05.07-15.31.43:277][  0]LogConfig: Setting CVar [[gc.TimeBetweenPurgingPendingKillObjects:61.1]]
[2020.05.07-15.31.43:277][  0]LogConfig: Setting CVar [[gc.MaxObjectsInEditor:25165824]]
[2020.05.07-15.31.43:278][  0]LogConfig: Setting CVar [[gc.IncrementalBeginDestroyEnabled:1]]
[2020.05.07-15.31.43:278][  0]LogConfig: Setting CVar [[gc.CreateGCClusters:1]]
[2020.05.07-15.31.43:278][  0]LogConfig: Setting CVar [[gc.MinGCClusterSize:5]]
[2020.05.07-15.31.43:278][  0]LogConfig: Setting CVar [[gc.ActorClusteringEnabled:0]]
[2020.05.07-15.31.43:278][  0]LogConfig: Setting CVar [[gc.BlueprintClusteringEnabled:0]]
[2020.05.07-15.31.43:278][  0]LogConfig: Setting CVar [[gc.UseDisregardForGCOnDedicatedServers:0]]
[2020.05.07-15.31.43:278][  0]LogConfig: Applying CVar settings from Section [/Script/Engine.NetworkSettings] File [D:/adale/Desktop/2DSouls/SideScroller/Saved/Config/Windows/Engine.ini]
[2020.05.07-15.31.43:278][  0]LogConfig: Applying CVar settings from Section [/Script/UnrealEd.CookerSettings] File [D:/adale/Desktop/2DSouls/SideScroller/Saved/Config/Windows/Engine.ini]
[2020.05.07-15.31.43:285][  0]LogConfig: Applying CVar settings from Section [ViewDistanceQuality@3] File [D:/adale/Desktop/2DSouls/SideScroller/Saved/Config/Windows/Scalability.ini]
[2020.05.07-15.31.43:285][  0]LogConfig: Setting CVar [[r.SkeletalMeshLODBias:0]]
[2020.05.07-15.31.43:285][  0]LogConfig: Setting CVar [[r.ViewDistanceScale:1.0]]
[2020.05.07-15.31.43:285][  0]LogConfig: Applying CVar settings from Section [AntiAliasingQuality@3] File [D:/adale/Desktop/2DSouls/SideScroller/Saved/Config/Windows/Scalability.ini]
[2020.05.07-15.31.43:285][  0]LogConfig: Setting CVar [[r.PostProcessAAQuality:4]]
[2020.05.07-15.31.43:285][  0]LogConfig: Applying CVar settings from Section [ShadowQuality@3] File [D:/adale/Desktop/2DSouls/SideScroller/Saved/Config/Windows/Scalability.ini]
[2020.05.07-15.31.43:285][  0]LogConfig: Setting CVar [[r.LightFunctionQuality:1]]
[2020.05.07-15.31.43:286][  0]LogConfig: Setting CVar [[r.ShadowQuality:5]]
[2020.05.07-15.31.43:286][  0]LogConfig: Setting CVar [[r.Shadow.CSM.MaxCascades:10]]
[2020.05.07-15.31.43:286][  0]LogConfig: Setting CVar [[r.Shadow.MaxResolution:2048]]
[2020.05.07-15.31.43:286][  0]LogConfig: Setting CVar [[r.Shadow.MaxCSMResolution:2048]]
[2020.05.07-15.31.43:286][  0]LogConfig: Setting CVar [[r.Shadow.RadiusThreshold:0.01]]
[2020.05.07-15.31.43:286][  0]LogConfig: Setting CVar [[r.Shadow.DistanceScale:1.0]]
[2020.05.07-15.31.43:286][  0]LogConfig: Setting CVar [[r.Shadow.CSM.TransitionScale:1.0]]
[2020.05.07-15.31.43:286][  0]LogConfig: Setting CVar [[r.Shadow.PreShadowResolutionFactor:1.0]]
[2020.05.07-15.31.43:286][  0]LogConfig: Setting CVar [[r.DistanceFieldShadowing:1]]
[2020.05.07-15.31.43:286][  0]LogConfig: Setting CVar [[r.DistanceFieldAO:1]]
[2020.05.07-15.31.43:286][  0]LogConfig: Setting CVar [[r.AOQuality:2]]
[2020.05.07-15.31.43:286][  0]LogConfig: Setting CVar [[r.VolumetricFog:1]]
[2020.05.07-15.31.43:286][  0]LogConfig: Setting CVar [[r.VolumetricFog.GridPixelSize:8]]
[2020.05.07-15.31.43:287][  0]LogConfig: Setting CVar [[r.VolumetricFog.GridSizeZ:128]]
[2020.05.07-15.31.43:287][  0]LogConfig: Setting CVar [[r.VolumetricFog.HistoryMissSupersampleCount:4]]
[2020.05.07-15.31.43:287][  0]LogConfig: Setting CVar [[r.LightMaxDrawDistanceScale:1]]
[2020.05.07-15.31.43:287][  0]LogConfig: Setting CVar [[r.CapsuleShadows:1]]
[2020.05.07-15.31.43:287][  0]LogConfig: Applying CVar settings from Section [PostProcessQuality@3] File [D:/adale/Desktop/2DSouls/SideScroller/Saved/Config/Windows/Scalability.ini]
[2020.05.07-15.31.43:287][  0]LogConfig: Setting CVar [[r.MotionBlurQuality:4]]
[2020.05.07-15.31.43:287][  0]LogConfig: Setting CVar [[r.AmbientOcclusionMipLevelFactor:0.4]]
[2020.05.07-15.31.43:287][  0]LogConfig: Setting CVar [[r.AmbientOcclusionMaxQuality:100]]
[2020.05.07-15.31.43:287][  0]LogConfig: Setting CVar [[r.AmbientOcclusionLevels:-1]]
[2020.05.07-15.31.43:287][  0]LogConfig: Setting CVar [[r.AmbientOcclusionRadiusScale:1.0]]
[2020.05.07-15.31.43:287][  0]LogConfig: Setting CVar [[r.DepthOfFieldQuality:2]]
[2020.05.07-15.31.43:287][  0]LogConfig: Setting CVar [[r.RenderTargetPoolMin:400]]
[2020.05.07-15.31.43:287][  0]LogConfig: Setting CVar [[r.LensFlareQuality:2]]
[2020.05.07-15.31.43:287][  0]LogConfig: Setting CVar [[r.SceneColorFringeQuality:1]]
[2020.05.07-15.31.43:288][  0]LogConfig: Setting CVar [[r.EyeAdaptationQuality:2]]
[2020.05.07-15.31.43:288][  0]LogConfig: Setting CVar [[r.BloomQuality:5]]
[2020.05.07-15.31.43:288][  0]LogConfig: Setting CVar [[r.FastBlurThreshold:100]]
[2020.05.07-15.31.43:288][  0]LogConfig: Setting CVar [[r.Upscale.Quality:3]]
[2020.05.07-15.31.43:288][  0]LogConfig: Setting CVar [[r.Tonemapper.GrainQuantization:1]]
[2020.05.07-15.31.43:288][  0]LogConfig: Setting CVar [[r.LightShaftQuality:1]]
[2020.05.07-15.31.43:288][  0]LogConfig: Setting CVar [[r.Filter.SizeScale:1]]
[2020.05.07-15.31.43:288][  0]LogConfig: Setting CVar [[r.Tonemapper.Quality:5]]
[2020.05.07-15.31.43:288][  0]LogConfig: Setting CVar [[r.DOF.Gather.AccumulatorQuality:1        ; higher gathering accumulator quality]]
[2020.05.07-15.31.43:288][  0]LogConfig: Setting CVar [[r.DOF.Gather.PostfilterMethod:1          ; Median3x3 postfilering method]]
[2020.05.07-15.31.43:288][  0]LogConfig: Setting CVar [[r.DOF.Gather.EnableBokehSettings:0       ; no bokeh simulation when gathering]]
[2020.05.07-15.31.43:288][  0]LogConfig: Setting CVar [[r.DOF.Gather.RingCount:4                 ; medium number of samples when gathering]]
[2020.05.07-15.31.43:288][  0]LogConfig: Setting CVar [[r.DOF.Scatter.ForegroundCompositing:1    ; additive foreground scattering]]
[2020.05.07-15.31.43:288][  0]LogConfig: Setting CVar [[r.DOF.Scatter.BackgroundCompositing:2    ; additive background scattering]]
[2020.05.07-15.31.43:289][  0]LogConfig: Setting CVar [[r.DOF.Scatter.EnableBokehSettings:1      ; bokeh simulation when scattering]]
[2020.05.07-15.31.43:289][  0]LogConfig: Setting CVar [[r.DOF.Scatter.MaxSpriteRatio:0.1         ; only a maximum of 10% of scattered bokeh]]
[2020.05.07-15.31.43:289][  0]LogConfig: Setting CVar [[r.DOF.Recombine.Quality:1                ; cheap slight out of focus]]
[2020.05.07-15.31.43:289][  0]LogConfig: Setting CVar [[r.DOF.Recombine.EnableBokehSettings:0    ; no bokeh simulation on slight out of focus]]
[2020.05.07-15.31.43:289][  0]LogConfig: Setting CVar [[r.DOF.TemporalAAQuality:1                ; more stable temporal accumulation]]
[2020.05.07-15.31.43:289][  0]LogConfig: Setting CVar [[r.DOF.Kernel.MaxForegroundRadius:0.025]]
[2020.05.07-15.31.43:289][  0]LogConfig: Setting CVar [[r.DOF.Kernel.MaxBackgroundRadius:0.025]]
[2020.05.07-15.31.43:289][  0]LogConfig: Applying CVar settings from Section [TextureQuality@3] File [D:/adale/Desktop/2DSouls/SideScroller/Saved/Config/Windows/Scalability.ini]
[2020.05.07-15.31.43:289][  0]LogConfig: Setting CVar [[r.Streaming.MipBias:0]]
[2020.05.07-15.31.43:289][  0]LogConfig: Setting CVar [[r.Streaming.AmortizeCPUToGPUCopy:0]]
[2020.05.07-15.31.43:289][  0]LogConfig: Setting CVar [[r.Streaming.MaxNumTexturesToStreamPerFrame:0]]
[2020.05.07-15.31.43:289][  0]LogConfig: Setting CVar [[r.Streaming.Boost:1]]
[2020.05.07-15.31.43:289][  0]LogConfig: Setting CVar [[r.MaxAnisotropy:8]]
[2020.05.07-15.31.43:290][  0]LogConfig: Setting CVar [[r.VT.MaxAnisotropy:8]]
[2020.05.07-15.31.43:290][  0]LogConfig: Setting CVar [[r.Streaming.LimitPoolSizeToVRAM:0]]
[2020.05.07-15.31.43:290][  0]LogConfig: Setting CVar [[r.Streaming.PoolSize:1000]]
[2020.05.07-15.31.43:290][  0]LogConfig: Setting CVar [[r.Streaming.MaxEffectiveScreenSize:0]]
[2020.05.07-15.31.43:290][  0]LogConfig: Applying CVar settings from Section [EffectsQuality@3] File [D:/adale/Desktop/2DSouls/SideScroller/Saved/Config/Windows/Scalability.ini]
[2020.05.07-15.31.43:290][  0]LogConfig: Setting CVar [[r.TranslucencyLightingVolumeDim:64]]
[2020.05.07-15.31.43:290][  0]LogConfig: Setting CVar [[r.RefractionQuality:2]]
[2020.05.07-15.31.43:290][  0]LogConfig: Setting CVar [[r.SSR.Quality:3]]
[2020.05.07-15.31.43:290][  0]LogConfig: Setting CVar [[r.SSR.HalfResSceneColor:0]]
[2020.05.07-15.31.43:290][  0]LogConfig: Setting CVar [[r.SceneColorFormat:4]]
[2020.05.07-15.31.43:290][  0]LogConfig: Setting CVar [[r.DetailMode:2]]
[2020.05.07-15.31.43:290][  0]LogConfig: Setting CVar [[r.TranslucencyVolumeBlur:1]]
[2020.05.07-15.31.43:290][  0]LogConfig: Setting CVar [[r.MaterialQualityLevel:1 ; High quality]]
[2020.05.07-15.31.43:291][  0]LogConfig: Setting CVar [[r.SSS.Scale:1]]
[2020.05.07-15.31.43:291][  0]LogConfig: Setting CVar [[r.SSS.SampleSet:2]]
[2020.05.07-15.31.43:291][  0]LogConfig: Setting CVar [[r.SSS.Quality:1]]
[2020.05.07-15.31.43:291][  0]LogConfig: Setting CVar [[r.SSS.HalfRes:1]]
[2020.05.07-15.31.43:291][  0]LogConfig: Setting CVar [[r.SSGI.Quality:3]]
[2020.05.07-15.31.43:291][  0]LogConfig: Setting CVar [[r.EmitterSpawnRateScale:1.0]]
[2020.05.07-15.31.43:291][  0]LogConfig: Setting CVar [[r.ParticleLightQuality:2]]
[2020.05.07-15.31.43:291][  0]LogConfig: Setting CVar [[r.SkyAtmosphere.AerialPerspectiveLUT.FastApplyOnOpaque:1 ; Always have FastSkyLUT 1 in this case to avoid wrong sky]]
[2020.05.07-15.31.43:291][  0]LogConfig: Setting CVar [[r.SkyAtmosphere.AerialPerspectiveLUT.SampleCountPerSlice:1]]
[2020.05.07-15.31.43:291][  0]LogConfig: Setting CVar [[r.SkyAtmosphere.AerialPerspectiveLUT.DepthResolution:16.0]]
[2020.05.07-15.31.43:291][  0]LogConfig: Setting CVar [[r.SkyAtmosphere.FastSkyLUT:1]]
[2020.05.07-15.31.43:291][  0]LogConfig: Setting CVar [[r.SkyAtmosphere.FastSkyLUT.SampleCountMin:4.0]]
[2020.05.07-15.31.43:292][  0]LogConfig: Setting CVar [[r.SkyAtmosphere.FastSkyLUT.SampleCountMax:32.0]]
[2020.05.07-15.31.43:292][  0]LogConfig: Setting CVar [[r.SkyAtmosphere.SampleCountMin:4.0]]
[2020.05.07-15.31.43:292][  0]LogConfig: Setting CVar [[r.SkyAtmosphere.SampleCountMax:32.0]]
[2020.05.07-15.31.43:292][  0]LogConfig: Setting CVar [[r.SkyAtmosphere.TransmittanceLUT.UseSmallFormat:0]]
[2020.05.07-15.31.43:292][  0]LogConfig: Setting CVar [[r.SkyAtmosphere.TransmittanceLUT.SampleCount:10.0]]
[2020.05.07-15.31.43:292][  0]LogConfig: Setting CVar [[r.SkyAtmosphere.MultiScatteringLUT.SampleCount:15.0]]
[2020.05.07-15.31.43:292][  0]LogConfig: Applying CVar settings from Section [FoliageQuality@3] File [D:/adale/Desktop/2DSouls/SideScroller/Saved/Config/Windows/Scalability.ini]
[2020.05.07-15.31.43:292][  0]LogConfig: Setting CVar [[foliage.DensityScale:1.0]]
[2020.05.07-15.31.43:292][  0]LogConfig: Setting CVar [[grass.DensityScale:1.0]]
[2020.05.07-15.31.43:292][  0]LogConfig: Applying CVar settings from Section [ShadingQuality@3] File [D:/adale/Desktop/2DSouls/SideScroller/Saved/Config/Windows/Scalability.ini]
[2020.05.07-15.31.43:292][  0]LogConfig: Setting CVar [[r.HairStrands.SkyLighting.SampleCount:16]]
[2020.05.07-15.31.43:292][  0]LogConfig: Setting CVar [[r.HairStrands.SkyLighting.JitterIntegration:0]]
[2020.05.07-15.31.43:292][  0]LogConfig: Setting CVar [[r.HairStrands.SkyAO.SampleCount:16]]
[2020.05.07-15.31.43:293][  0]LogInit: Selected Device Profile: [Windows]
[2020.05.07-15.31.43:293][  0]LogInit: Applying CVar settings loaded from the selected device profile: [Windows]
[2020.05.07-15.31.43:298][  0]LogHAL: Display: Platform has ~ 16 GB [17039618048 / 17179869184 / 16], which maps to Larger [LargestMinGB=32, LargerMinGB=12, DefaultMinGB=8, SmallerMinGB=6, SmallestMinGB=0)
[2020.05.07-15.31.43:299][  0]LogInit: Going up to parent DeviceProfile []
[2020.05.07-15.31.43:299][  0]LogConfig: Applying CVar settings from Section [ViewDistanceQuality@3] File [D:/adale/Desktop/2DSouls/SideScroller/Saved/Config/Windows/Scalability.ini]
[2020.05.07-15.31.43:299][  0]LogConfig: Setting CVar [[r.SkeletalMeshLODBias:0]]
[2020.05.07-15.31.43:299][  0]LogConfig: Setting CVar [[r.ViewDistanceScale:1.0]]
[2020.05.07-15.31.43:299][  0]LogConfig: Applying CVar settings from Section [AntiAliasingQuality@3] File [D:/adale/Desktop/2DSouls/SideScroller/Saved/Config/Windows/Scalability.ini]
[2020.05.07-15.31.43:299][  0]LogConfig: Setting CVar [[r.PostProcessAAQuality:4]]
[2020.05.07-15.31.43:299][  0]LogConfig: Applying CVar settings from Section [ShadowQuality@3] File [D:/adale/Desktop/2DSouls/SideScroller/Saved/Config/Windows/Scalability.ini]
[2020.05.07-15.31.43:299][  0]LogConfig: Setting CVar [[r.LightFunctionQuality:1]]
[2020.05.07-15.31.43:299][  0]LogConfig: Setting CVar [[r.ShadowQuality:5]]
[2020.05.07-15.31.43:300][  0]LogConfig: Setting CVar [[r.Shadow.CSM.MaxCascades:10]]
[2020.05.07-15.31.43:300][  0]LogConfig: Setting CVar [[r.Shadow.MaxResolution:2048]]
[2020.05.07-15.31.43:300][  0]LogConfig: Setting CVar [[r.Shadow.MaxCSMResolution:2048]]
[2020.05.07-15.31.43:300][  0]LogConfig: Setting CVar [[r.Shadow.RadiusThreshold:0.01]]
[2020.05.07-15.31.43:300][  0]LogConfig: Setting CVar [[r.Shadow.DistanceScale:1.0]]
[2020.05.07-15.31.43:300][  0]LogConfig: Setting CVar [[r.Shadow.CSM.TransitionScale:1.0]]
[2020.05.07-15.31.43:300][  0]LogConfig: Setting CVar [[r.Shadow.PreShadowResolutionFactor:1.0]]
[2020.05.07-15.31.43:300][  0]LogConfig: Setting CVar [[r.DistanceFieldShadowing:1]]
[2020.05.07-15.31.43:300][  0]LogConfig: Setting CVar [[r.DistanceFieldAO:1]]
[2020.05.07-15.31.43:300][  0]LogConfig: Setting CVar [[r.AOQuality:2]]
[2020.05.07-15.31.43:301][  0]LogConfig: Setting CVar [[r.VolumetricFog:1]]
[2020.05.07-15.31.43:301][  0]LogConfig: Setting CVar [[r.VolumetricFog.GridPixelSize:8]]
[2020.05.07-15.31.43:301][  0]LogConfig: Setting CVar [[r.VolumetricFog.GridSizeZ:128]]
[2020.05.07-15.31.43:301][  0]LogConfig: Setting CVar [[r.VolumetricFog.HistoryMissSupersampleCount:4]]
[2020.05.07-15.31.43:301][  0]LogConfig: Setting CVar [[r.LightMaxDrawDistanceScale:1]]
[2020.05.07-15.31.43:301][  0]LogConfig: Setting CVar [[r.CapsuleShadows:1]]
[2020.05.07-15.31.43:301][  0]LogConfig: Applying CVar settings from Section [PostProcessQuality@3] File [D:/adale/Desktop/2DSouls/SideScroller/Saved/Config/Windows/Scalability.ini]
[2020.05.07-15.31.43:301][  0]LogConfig: Setting CVar [[r.MotionBlurQuality:4]]
[2020.05.07-15.31.43:301][  0]LogConfig: Setting CVar [[r.AmbientOcclusionMipLevelFactor:0.4]]
[2020.05.07-15.31.43:301][  0]LogConfig: Setting CVar [[r.AmbientOcclusionMaxQuality:100]]
[2020.05.07-15.31.43:301][  0]LogConfig: Setting CVar [[r.AmbientOcclusionLevels:-1]]
[2020.05.07-15.31.43:301][  0]LogConfig: Setting CVar [[r.AmbientOcclusionRadiusScale:1.0]]
[2020.05.07-15.31.43:302][  0]LogConfig: Setting CVar [[r.DepthOfFieldQuality:2]]
[2020.05.07-15.31.43:302][  0]LogConfig: Setting CVar [[r.RenderTargetPoolMin:400]]
[2020.05.07-15.31.43:302][  0]LogConfig: Setting CVar [[r.LensFlareQuality:2]]
[2020.05.07-15.31.43:302][  0]LogConfig: Setting CVar [[r.SceneColorFringeQuality:1]]
[2020.05.07-15.31.43:302][  0]LogConfig: Setting CVar [[r.EyeAdaptationQuality:2]]
[2020.05.07-15.31.43:302][  0]LogConfig: Setting CVar [[r.BloomQuality:5]]
[2020.05.07-15.31.43:302][  0]LogConfig: Setting CVar [[r.FastBlurThreshold:100]]
[2020.05.07-15.31.43:302][  0]LogConfig: Setting CVar [[r.Upscale.Quality:3]]
[2020.05.07-15.31.43:303][  0]LogConfig: Setting CVar [[r.Tonemapper.GrainQuantization:1]]
[2020.05.07-15.31.43:303][  0]LogConfig: Setting CVar [[r.LightShaftQuality:1]]
[2020.05.07-15.31.43:303][  0]LogConfig: Setting CVar [[r.Filter.SizeScale:1]]
[2020.05.07-15.31.43:303][  0]LogConfig: Setting CVar [[r.Tonemapper.Quality:5]]
[2020.05.07-15.31.43:303][  0]LogConfig: Setting CVar [[r.DOF.Gather.AccumulatorQuality:1        ; higher gathering accumulator quality]]
[2020.05.07-15.31.43:303][  0]LogConfig: Setting CVar [[r.DOF.Gather.PostfilterMethod:1          ; Median3x3 postfilering method]]
[2020.05.07-15.31.43:303][  0]LogConfig: Setting CVar [[r.DOF.Gather.EnableBokehSettings:0       ; no bokeh simulation when gathering]]
[2020.05.07-15.31.43:303][  0]LogConfig: Setting CVar [[r.DOF.Gather.RingCount:4                 ; medium number of samples when gathering]]
[2020.05.07-15.31.43:303][  0]LogConfig: Setting CVar [[r.DOF.Scatter.ForegroundCompositing:1    ; additive foreground scattering]]
[2020.05.07-15.31.43:303][  0]LogConfig: Setting CVar [[r.DOF.Scatter.BackgroundCompositing:2    ; additive background scattering]]
[2020.05.07-15.31.43:303][  0]LogConfig: Setting CVar [[r.DOF.Scatter.EnableBokehSettings:1      ; bokeh simulation when scattering]]
[2020.05.07-15.31.43:303][  0]LogConfig: Setting CVar [[r.DOF.Scatter.MaxSpriteRatio:0.1         ; only a maximum of 10% of scattered bokeh]]
[2020.05.07-15.31.43:303][  0]LogConfig: Setting CVar [[r.DOF.Recombine.Quality:1                ; cheap slight out of focus]]
[2020.05.07-15.31.43:304][  0]LogConfig: Setting CVar [[r.DOF.Recombine.EnableBokehSettings:0    ; no bokeh simulation on slight out of focus]]
[2020.05.07-15.31.43:304][  0]LogConfig: Setting CVar [[r.DOF.TemporalAAQuality:1                ; more stable temporal accumulation]]
[2020.05.07-15.31.43:304][  0]LogConfig: Setting CVar [[r.DOF.Kernel.MaxForegroundRadius:0.025]]
[2020.05.07-15.31.43:304][  0]LogConfig: Setting CVar [[r.DOF.Kernel.MaxBackgroundRadius:0.025]]
[2020.05.07-15.31.43:304][  0]LogConfig: Applying CVar settings from Section [TextureQuality@3] File [D:/adale/Desktop/2DSouls/SideScroller/Saved/Config/Windows/Scalability.ini]
[2020.05.07-15.31.43:304][  0]LogConfig: Setting CVar [[r.Streaming.MipBias:0]]
[2020.05.07-15.31.43:304][  0]LogConfig: Setting CVar [[r.Streaming.AmortizeCPUToGPUCopy:0]]
[2020.05.07-15.31.43:304][  0]LogConfig: Setting CVar [[r.Streaming.MaxNumTexturesToStreamPerFrame:0]]
[2020.05.07-15.31.43:304][  0]LogConfig: Setting CVar [[r.Streaming.Boost:1]]
[2020.05.07-15.31.43:304][  0]LogConfig: Setting CVar [[r.MaxAnisotropy:8]]
[2020.05.07-15.31.43:304][  0]LogConfig: Setting CVar [[r.VT.MaxAnisotropy:8]]
[2020.05.07-15.31.43:304][  0]LogConfig: Setting CVar [[r.Streaming.LimitPoolSizeToVRAM:0]]
[2020.05.07-15.31.43:305][  0]LogConfig: Setting CVar [[r.Streaming.PoolSize:1000]]
[2020.05.07-15.31.43:305][  0]LogConfig: Setting CVar [[r.Streaming.MaxEffectiveScreenSize:0]]
[2020.05.07-15.31.43:305][  0]LogConfig: Applying CVar settings from Section [EffectsQuality@3] File [D:/adale/Desktop/2DSouls/SideScroller/Saved/Config/Windows/Scalability.ini]
[2020.05.07-15.31.43:305][  0]LogConfig: Setting CVar [[r.TranslucencyLightingVolumeDim:64]]
[2020.05.07-15.31.43:305][  0]LogConfig: Setting CVar [[r.RefractionQuality:2]]
[2020.05.07-15.31.43:305][  0]LogConfig: Setting CVar [[r.SSR.Quality:3]]
[2020.05.07-15.31.43:305][  0]LogConfig: Setting CVar [[r.SSR.HalfResSceneColor:0]]
[2020.05.07-15.31.43:305][  0]LogConfig: Setting CVar [[r.SceneColorFormat:4]]
[2020.05.07-15.31.43:305][  0]LogConfig: Setting CVar [[r.DetailMode:2]]
[2020.05.07-15.31.43:305][  0]LogConfig: Setting CVar [[r.TranslucencyVolumeBlur:1]]
[2020.05.07-15.31.43:305][  0]LogConfig: Setting CVar [[r.MaterialQualityLevel:1 ; High quality]]
[2020.05.07-15.31.43:305][  0]LogConfig: Setting CVar [[r.SSS.Scale:1]]
[2020.05.07-15.31.43:305][  0]LogConfig: Setting CVar [[r.SSS.SampleSet:2]]
[2020.05.07-15.31.43:306][  0]LogConfig: Setting CVar [[r.SSS.Quality:1]]
[2020.05.07-15.31.43:306][  0]LogConfig: Setting CVar [[r.SSS.HalfRes:1]]
[2020.05.07-15.31.43:306][  0]LogConfig: Setting CVar [[r.SSGI.Quality:3]]
[2020.05.07-15.31.43:306][  0]LogConfig: Setting CVar [[r.EmitterSpawnRateScale:1.0]]
[2020.05.07-15.31.43:306][  0]LogConfig: Setting CVar [[r.ParticleLightQuality:2]]
[2020.05.07-15.31.43:306][  0]LogConfig: Setting CVar [[r.SkyAtmosphere.AerialPerspectiveLUT.FastApplyOnOpaque:1 ; Always have FastSkyLUT 1 in this case to avoid wrong sky]]
[2020.05.07-15.31.43:306][  0]LogConfig: Setting CVar [[r.SkyAtmosphere.AerialPerspectiveLUT.SampleCountPerSlice:1]]
[2020.05.07-15.31.43:306][  0]LogConfig: Setting CVar [[r.SkyAtmosphere.AerialPerspectiveLUT.DepthResolution:16.0]]
[2020.05.07-15.31.43:306][  0]LogConfig: Setting CVar [[r.SkyAtmosphere.FastSkyLUT:1]]
[2020.05.07-15.31.43:307][  0]LogConfig: Setting CVar [[r.SkyAtmosphere.FastSkyLUT.SampleCountMin:4.0]]
[2020.05.07-15.31.43:307][  0]LogConfig: Setting CVar [[r.SkyAtmosphere.FastSkyLUT.SampleCountMax:32.0]]
[2020.05.07-15.31.43:307][  0]LogConfig: Setting CVar [[r.SkyAtmosphere.SampleCountMin:4.0]]
[2020.05.07-15.31.43:307][  0]LogConfig: Setting CVar [[r.SkyAtmosphere.SampleCountMax:32.0]]
[2020.05.07-15.31.43:307][  0]LogConfig: Setting CVar [[r.SkyAtmosphere.TransmittanceLUT.UseSmallFormat:0]]
[2020.05.07-15.31.43:307][  0]LogConfig: Setting CVar [[r.SkyAtmosphere.TransmittanceLUT.SampleCount:10.0]]
[2020.05.07-15.31.43:307][  0]LogConfig: Setting CVar [[r.SkyAtmosphere.MultiScatteringLUT.SampleCount:15.0]]
[2020.05.07-15.31.43:307][  0]LogConfig: Applying CVar settings from Section [FoliageQuality@3] File [D:/adale/Desktop/2DSouls/SideScroller/Saved/Config/Windows/Scalability.ini]
[2020.05.07-15.31.43:307][  0]LogConfig: Setting CVar [[foliage.DensityScale:1.0]]
[2020.05.07-15.31.43:307][  0]LogConfig: Setting CVar [[grass.DensityScale:1.0]]
[2020.05.07-15.31.43:307][  0]LogConfig: Applying CVar settings from Section [ShadingQuality@3] File [D:/adale/Desktop/2DSouls/SideScroller/Saved/Config/Windows/Scalability.ini]
[2020.05.07-15.31.43:307][  0]LogConfig: Setting CVar [[r.HairStrands.SkyLighting.SampleCount:16]]
[2020.05.07-15.31.43:307][  0]LogConfig: Setting CVar [[r.HairStrands.SkyLighting.JitterIntegration:0]]
[2020.05.07-15.31.43:307][  0]LogConfig: Setting CVar [[r.HairStrands.SkyAO.SampleCount:16]]
[2020.05.07-15.31.43:308][  0]LogConfig: Applying CVar settings from Section [Startup] File [../../../Engine/Config/ConsoleVariables.ini]
[2020.05.07-15.31.43:308][  0]LogConfig: Setting CVar [[net.UseAdaptiveNetUpdateFrequency:0]]
[2020.05.07-15.31.43:308][  0]LogConfig: Setting CVar [[p.chaos.AllowCreatePhysxBodies:1]]
[2020.05.07-15.31.43:308][  0]LogConfig: Applying CVar settings from Section [ConsoleVariables] File [D:/adale/Desktop/2DSouls/SideScroller/Saved/Config/Windows/Engine.ini]
[2020.05.07-15.31.43:309][  0]LogInit: Computer: DESKTOP-J52MBI8
[2020.05.07-15.31.43:309][  0]LogInit: User: adale
[2020.05.07-15.31.43:309][  0]LogInit: CPU Page size=4096, Cores=4
[2020.05.07-15.31.43:309][  0]LogInit: High frequency timer resolution =10.000000 MHz
[2020.05.07-15.31.43:310][  0]LogMemory: Memory total: Physical=15.9GB (16GB approx)
[2020.05.07-15.31.43:310][  0]LogMemory: Platform Memory Stats for Windows
[2020.05.07-15.31.43:310][  0]LogMemory: Process Physical Memory: 105.62 MB used, 105.63 MB peak
[2020.05.07-15.31.43:310][  0]LogMemory: Process Virtual Memory: 100.75 MB used, 100.75 MB peak
[2020.05.07-15.31.43:310][  0]LogMemory: Physical Memory: 8618.20 MB used,  7632.05 MB free, 16250.25 MB total
[2020.05.07-15.31.43:310][  0]LogMemory: Virtual Memory: 5137.55 MB used,  134212592.00 MB free, 134217728.00 MB total
[2020.05.07-15.31.43:323][  0]LogWindows: WindowsPlatformFeatures enabled
[2020.05.07-15.31.43:546][  0]LogInit: Using OS detected language (en-US).
[2020.05.07-15.31.43:546][  0]LogInit: Using OS detected locale (en-CA).
[2020.05.07-15.31.43:548][  0]LogTextLocalizationManager: No specific localization for 'en-US' exists, so the 'en' localization will be used.
[2020.05.07-15.31.43:715][  0]LogInit: Setting process to per monitor DPI aware
[2020.05.07-15.31.43:792][  0]LogSlate: New Slate User Created.  User Index 0, Is Virtual User: 0
[2020.05.07-15.31.43:793][  0]LogSlate: Slate User Registered.  User Index 0, Is Virtual User: 0
[2020.05.07-15.31.44:097][  0]LogHMD: Failed to initialize OpenVR with code 110
[2020.05.07-15.31.44:097][  0]LogD3D11RHI: D3D11 min allowed feature level: 11_0
[2020.05.07-15.31.44:098][  0]LogD3D11RHI: D3D11 max allowed feature level: 11_0
[2020.05.07-15.31.44:098][  0]LogD3D11RHI: D3D11 adapters:
[2020.05.07-15.31.44:211][  0]LogD3D11RHI:    0. 'NVIDIA GeForce GTX 1050 Ti' (Feature Level 11_0)
[2020.05.07-15.31.44:211][  0]LogD3D11RHI:       4018/0/8125 MB DedicatedVideo/DedicatedSystem/SharedSystem, Outputs:2, VendorId:0x10de
[2020.05.07-15.31.44:254][  0]LogD3D11RHI:    1. 'Intel(R) HD Graphics 630' (Feature Level 11_0)
[2020.05.07-15.31.44:254][  0]LogD3D11RHI:       128/0/8125 MB DedicatedVideo/DedicatedSystem/SharedSystem, Outputs:0, VendorId:0x8086
[2020.05.07-15.31.44:260][  0]LogD3D11RHI:    2. 'Microsoft Basic Render Driver' (Feature Level 11_0)
[2020.05.07-15.31.44:260][  0]LogD3D11RHI:       0/0/8125 MB DedicatedVideo/DedicatedSystem/SharedSystem, Outputs:0, VendorId:0x1414
[2020.05.07-15.31.44:260][  0]LogD3D11RHI: Chosen D3D11 Adapter: 0
[2020.05.07-15.31.44:305][  0]LogD3D11RHI: Creating new Direct3DDevice
[2020.05.07-15.31.44:305][  0]LogD3D11RHI:     GPU DeviceId: 0x1c8c (for the marketing name, search the web for "GPU Device Id")
[2020.05.07-15.31.44:305][  0]LogWindows: EnumDisplayDevices:
[2020.05.07-15.31.44:306][  0]LogWindows:    0. 'Intel(R) HD Graphics 630' (P:1 D:1)
[2020.05.07-15.31.44:307][  0]LogWindows:    1. 'Intel(R) HD Graphics 630' (P:0 D:0)
[2020.05.07-15.31.44:307][  0]LogWindows:    2. 'Intel(R) HD Graphics 630' (P:0 D:0)
[2020.05.07-15.31.44:308][  0]LogWindows:    3. 'NVIDIA GeForce GTX 1050 Ti' (P:0 D:1)
[2020.05.07-15.31.44:308][  0]LogWindows: DebugString: PrimaryIsNotTheChoosenAdapter PrimaryIsNotTheChoosenAdapter PrimaryIsNotTheChoosenAdapter 
[2020.05.07-15.31.44:308][  0]LogD3D11RHI:     Adapter Name: NVIDIA GeForce GTX 1050 Ti
[2020.05.07-15.31.44:308][  0]LogD3D11RHI:   Driver Version: 441.08 (internal:26.21.14.4108, unified:441.08)
[2020.05.07-15.31.44:309][  0]LogD3D11RHI:      Driver Date: 10-22-2019
[2020.05.07-15.31.44:309][  0]LogRHI: Texture pool is 2812 MB (70% of 4018 MB)
[2020.05.07-15.31.44:377][  0]LogD3D11RHI: RHI has support for 64 bit atomics
[2020.05.07-15.31.44:377][  0]LogD3D11RHI: Async texture creation enabled
[2020.05.07-15.31.44:403][  0]LogD3D11RHI: GPU Timing Frequency: 1000.000000 (Debug: 2 1)
[2020.05.07-15.31.44:716][  0]LogTargetPlatformManager: Display: Loaded TargetPlatform 'AllDesktop'
[2020.05.07-15.31.44:757][  0]LogTargetPlatformManager: Display: Loaded TargetPlatform 'Android'
[2020.05.07-15.31.44:757][  0]LogTargetPlatformManager: Display: Loaded TargetPlatform 'Android_ASTC'
[2020.05.07-15.31.44:757][  0]LogTargetPlatformManager: Display: Loaded TargetPlatform 'Android_ATC'
[2020.05.07-15.31.44:758][  0]LogTargetPlatformManager: Display: Loaded TargetPlatform 'Android_DXT'
[2020.05.07-15.31.44:758][  0]LogTargetPlatformManager: Display: Loaded TargetPlatform 'Android_ETC1'
[2020.05.07-15.31.44:758][  0]LogTargetPlatformManager: Display: Loaded TargetPlatform 'Android_ETC1a'
[2020.05.07-15.31.44:758][  0]LogTargetPlatformManager: Display: Loaded TargetPlatform 'Android_ETC2'
[2020.05.07-15.31.44:758][  0]LogTargetPlatformManager: Display: Loaded TargetPlatform 'Android_PVRTC'
[2020.05.07-15.31.44:758][  0]LogTargetPlatformManager: Display: Loaded TargetPlatform 'AndroidClient'
[2020.05.07-15.31.44:758][  0]LogTargetPlatformManager: Display: Loaded TargetPlatform 'Android_ASTCClient'
[2020.05.07-15.31.44:758][  0]LogTargetPlatformManager: Display: Loaded TargetPlatform 'Android_ATCClient'
[2020.05.07-15.31.44:758][  0]LogTargetPlatformManager: Display: Loaded TargetPlatform 'Android_DXTClient'
[2020.05.07-15.31.44:758][  0]LogTargetPlatformManager: Display: Loaded TargetPlatform 'Android_ETC1Client'
[2020.05.07-15.31.44:759][  0]LogTargetPlatformManager: Display: Loaded TargetPlatform 'Android_ETC1aClient'
[2020.05.07-15.31.44:759][  0]LogTargetPlatformManager: Display: Loaded TargetPlatform 'Android_ETC2Client'
[2020.05.07-15.31.44:759][  0]LogTargetPlatformManager: Display: Loaded TargetPlatform 'Android_PVRTCClient'
[2020.05.07-15.31.44:759][  0]LogTargetPlatformManager: Display: Loaded TargetPlatform 'Android_Multi'
[2020.05.07-15.31.44:759][  0]LogTargetPlatformManager: Display: Loaded TargetPlatform 'Android_MultiClient'
[2020.05.07-15.31.44:794][  0]LogTargetPlatformManager: Display: Loaded TargetPlatform 'IOSClient'
[2020.05.07-15.31.44:794][  0]LogTargetPlatformManager: Display: Loaded TargetPlatform 'IOS'
[2020.05.07-15.31.44:806][  0]LogTargetPlatformManager: Display: Loaded TargetPlatform 'LinuxNoEditor'
[2020.05.07-15.31.44:818][  0]LogTargetPlatformManager: Display: Loaded TargetPlatform 'LinuxClient'
[2020.05.07-15.31.44:829][  0]LogTargetPlatformManager: Display: Loaded TargetPlatform 'LinuxServer'
[2020.05.07-15.31.44:841][  0]LogTargetPlatformManager: Display: Loaded TargetPlatform 'LinuxAArch64NoEditor'
[2020.05.07-15.31.44:853][  0]LogTargetPlatformManager: Display: Loaded TargetPlatform 'LinuxAArch64Client'
[2020.05.07-15.31.44:866][  0]LogTargetPlatformManager: Display: Loaded TargetPlatform 'LinuxAArch64Server'
[2020.05.07-15.31.44:900][  0]LogTargetPlatformManager: Display: Loaded TargetPlatform 'Lumin'
[2020.05.07-15.31.44:900][  0]LogTargetPlatformManager: Display: Loaded TargetPlatform 'LuminClient'
[2020.05.07-15.31.44:922][  0]LogTargetPlatformManager: Display: Loaded TargetPlatform 'TVOSClient'
[2020.05.07-15.31.44:922][  0]LogTargetPlatformManager: Display: Loaded TargetPlatform 'TVOS'
[2020.05.07-15.31.44:933][  0]LogTargetPlatformManager: Display: Loaded TargetPlatform 'WindowsNoEditor'
[2020.05.07-15.31.44:946][  0]LogTargetPlatformManager: Display: Loaded TargetPlatform 'Windows'
[2020.05.07-15.31.44:959][  0]LogTargetPlatformManager: Display: Loaded TargetPlatform 'WindowsClient'
[2020.05.07-15.31.44:973][  0]LogTargetPlatformManager: Display: Loaded TargetPlatform 'WindowsServer'
[2020.05.07-15.31.44:973][  0]LogTargetPlatformManager: Display: Building Assets For Windows
[2020.05.07-15.31.44:993][  0]LogAudioDebug: Display: Lib vorbis DLL was dynamically loaded.
[2020.05.07-15.31.45:093][  0]LogShaderCompilers: Guid format shader working directory is -4 characters bigger than the processId version (../../../../../adale/Desktop/2DSouls/SideScroller/Intermediate/Shaders/WorkingDirectory/13852/).
[2020.05.07-15.31.45:094][  0]LogShaderCompilers: Cleaned the shader compiler working directory 'C:/Users/adale/AppData/Local/Temp/UnrealShaderWorkingDir/C5628A6A4BC0E9935F661FB89BCAD49A/'.
[2020.05.07-15.31.45:095][  0]LogXGEController: Cleaning working directory: C:/Users/adale/AppData/Local/Temp/UnrealXGEWorkingDir/
[2020.05.07-15.31.45:095][  0]LogXGEController: Cannot use XGE Controller as Incredibuild is not installed on this machine.
[2020.05.07-15.31.45:096][  0]LogShaderCompilers: Cannot use XGE Shader Compiler as Incredibuild is not installed on this machine.
[2020.05.07-15.31.45:096][  0]LogShaderCompilers: Display: Using Local Shader Compiler.
[2020.05.07-15.31.45:882][  0]LogDerivedDataCache: Display: Max Cache Size: 512 MB
[2020.05.07-15.31.45:945][  0]LogDerivedDataCache: Loaded boot cache 0.06s 78MB C:/Users/adale/AppData/Local/UnrealEngine/4.24/DerivedDataCache/Boot.ddc.
[2020.05.07-15.31.45:946][  0]LogDerivedDataCache: Display: Loaded Boot cache: C:/Users/adale/AppData/Local/UnrealEngine/4.24/DerivedDataCache/Boot.ddc
[2020.05.07-15.31.45:946][  0]LogDerivedDataCache: FDerivedDataBackendGraph:  Pak pak cache file ../../../../../adale/Desktop/2DSouls/SideScroller/DerivedDataCache/DDC.ddp not found, will not use a pak cache.
[2020.05.07-15.31.45:946][  0]LogDerivedDataCache: Unable to find inner node Pak for hierarchical cache Hierarchy.
[2020.05.07-15.31.45:947][  0]LogDerivedDataCache: FDerivedDataBackendGraph:  CompressedPak pak cache file ../../../../../adale/Desktop/2DSouls/SideScroller/DerivedDataCache/Compressed.ddp not found, will not use a pak cache.
[2020.05.07-15.31.45:947][  0]LogDerivedDataCache: Unable to find inner node CompressedPak for hierarchical cache Hierarchy.
[2020.05.07-15.31.45:958][  0]LogDerivedDataCache: Display: Pak cache opened for reading ../../../Engine/DerivedDataCache/Compressed.ddp.
[2020.05.07-15.31.45:958][  0]LogDerivedDataCache: FDerivedDataBackendGraph:  EnterprisePak pak cache file ../../../Enterprise/DerivedDataCache/Compressed.ddp not found, will not use a pak cache.
[2020.05.07-15.31.45:958][  0]LogDerivedDataCache: Unable to find inner node EnterprisePak for hierarchical cache Hierarchy.
[2020.05.07-15.31.45:962][  0]LogDerivedDataCache: Using Local data cache path C:/Users/adale/AppData/Local/UnrealEngine/Common/DerivedDataCache: Writable
[2020.05.07-15.31.45:962][  0]LogDerivedDataCache: Shared data cache path not found in *engine.ini, will not use an Shared cache.
[2020.05.07-15.31.45:962][  0]LogDerivedDataCache: Unable to find inner node Shared for hierarchical cache Hierarchy.
[2020.05.07-15.31.45:989][  0]LogMaterial: Verifying Global Shaders for PCD3D_SM5
[2020.05.07-15.31.45:992][  0]LogSlate: Using FreeType 2.10.0
[2020.05.07-15.31.45:994][  0]LogSlate: SlateFontServices - WITH_FREETYPE: 1, WITH_HARFBUZZ: 1
[2020.05.07-15.31.46:068][  0]LogAssetRegistry: FAssetRegistry took 0.0060 seconds to start up
[2020.05.07-15.31.46:413][  0]LogInit: Selected Device Profile: [Windows]
[2020.05.07-15.31.46:621][  0]LogMeshReduction: Using QuadricMeshReduction for automatic static mesh reduction
[2020.05.07-15.31.46:621][  0]LogMeshReduction: Using SimplygonMeshReduction for automatic skeletal mesh reduction
[2020.05.07-15.31.46:621][  0]LogMeshReduction: Using ProxyLODMeshReduction for automatic mesh merging
[2020.05.07-15.31.46:621][  0]LogMeshReduction: No distributed automatic mesh merging module available
[2020.05.07-15.31.46:621][  0]LogMeshMerging: No distributed automatic mesh merging module available
[2020.05.07-15.31.46:637][  0]LogNetVersion: SideScroller 1.0.0, NetCL: 10570792, EngineNetVer: 13, GameNetVer: 0 (Checksum: 2260462969)
[2020.05.07-15.31.47:885][  0]LogPackageLocalizationCache: Processed 10 localized package path(s) for 1 prioritized culture(s) in 0.064459 seconds
[2020.05.07-15.31.47:895][  0]LogUObjectArray: 46750 objects as part of root set at end of initial load.
[2020.05.07-15.31.47:895][  0]LogUObjectAllocator: 8137160 out of 0 bytes used by permanent object pool.
[2020.05.07-15.31.47:895][  0]LogUObjectArray: CloseDisregardForGC: 0/0 objects in disregard for GC pool
[2020.05.07-15.31.48:628][  0]LogTcpMessaging: Initializing TcpMessaging bridge
[2020.05.07-15.31.48:636][  0]LogUdpMessaging: Initializing bridge on interface 0.0.0.0:0 to multicast group 230.0.0.1:6666.
[2020.05.07-15.31.48:810][  0]SourceControl: Source control is disabled
[2020.05.07-15.31.48:810][  0]SourceControl: Source control is disabled
[2020.05.07-15.31.48:814][  0]SourceControl: Source control is disabled
[2020.05.07-15.31.48:818][  0]SourceControl: Source control is disabled
[2020.05.07-15.31.48:821][  0]SourceControl: Source control is disabled
[2020.05.07-15.31.49:025][  0]LogAndroidPermission: UAndroidPermissionCallbackProxy::GetInstance
[2020.05.07-15.31.49:056][  0]LogAudioCaptureCore: Display: No Audio Capture implementations found. Audio input will be silent.
[2020.05.07-15.31.49:056][  0]LogAudioCaptureCore: Display: No Audio Capture implementations found. Audio input will be silent.
[2020.05.07-15.31.49:175][  0]LogOcInput: OculusInput pre-init called
[2020.05.07-15.31.49:194][  0]LogWindows: Failed to load 'OVRPlugin.dll' (GetLastError=126)
[2020.05.07-15.31.49:195][  0]LogWindows: File 'OVRPlugin.dll' does not exist
[2020.05.07-15.31.49:286][  0]LogEngine: Initializing Engine...
[2020.05.07-15.31.49:288][  0]LogHMD: Failed to initialize OpenVR with code 110
[2020.05.07-15.31.49:290][  0]LogStats: UGameplayTagsManager::InitializeManager -  0.001 s
[2020.05.07-15.31.49:691][  0]LogInit: Initializing FReadOnlyCVARCache
[2020.05.07-15.31.49:703][  0]LogAIModule: Creating AISystem for world Untitled
[2020.05.07-15.31.49:709][  0]LogAudioMixer: Display: Audio Mixer Platform Settings:
[2020.05.07-15.31.49:709][  0]LogAudioMixer: Display: 	Sample Rate:						  48000
[2020.05.07-15.31.49:709][  0]LogAudioMixer: Display: 	Callback Buffer Frame Size Requested: 1024
[2020.05.07-15.31.49:709][  0]LogAudioMixer: Display: 	Callback Buffer Frame Size To Use:	  1024
[2020.05.07-15.31.49:709][  0]LogAudioMixer: Display: 	Number of buffers to queue:			  2
[2020.05.07-15.31.49:709][  0]LogAudioMixer: Display: 	Max Channels (voices):				  32
[2020.05.07-15.31.49:709][  0]LogAudioMixer: Display: 	Number of Async Source Workers:		  0
[2020.05.07-15.31.49:709][  0]LogAudio: Display: AudioDevice MaxSources: 32
[2020.05.07-15.31.49:710][  0]LogAudio: Display: Using built-in audio occlusion.
[2020.05.07-15.31.49:711][  0]LogAudioMixer: Display: Initializing audio mixer.
[2020.05.07-15.31.49:742][  0]LogAudioMixer: Display: Audio Device Output Speaker Info:
[2020.05.07-15.31.49:742][  0]LogAudioMixer: Display: Name: Speakers / Headphones (Realtek Audio)
[2020.05.07-15.31.49:742][  0]LogAudioMixer: Display: Is Default: Yes
[2020.05.07-15.31.49:742][  0]LogAudioMixer: Display: Sample Rate: 48000
[2020.05.07-15.31.49:743][  0]LogAudioMixer: Display: Channel Count Used: 2
[2020.05.07-15.31.49:743][  0]LogAudioMixer: Display: Device Channel Count: 2
[2020.05.07-15.31.49:743][  0]LogAudioMixer: Display: Channel Order:
[2020.05.07-15.31.49:743][  0]LogAudioMixer: Display: 0: FrontLeft
[2020.05.07-15.31.49:743][  0]LogAudioMixer: Display: 1: FrontRight
[2020.05.07-15.31.50:845][  0]LogAudioMixer: Display: Using Audio Device Speakers / Headphones (Realtek Audio)
[2020.05.07-15.31.50:850][  0]LogInit: FAudioDevice initialized.
[2020.05.07-15.31.50:851][  0]LogNetVersion: Set ProjectVersion to 1.0.0.0. Version Checksum will be recalculated on next use.
[2020.05.07-15.31.50:947][  0]LogDerivedDataCache: Saved boot cache 0.10s 78MB C:/Users/adale/AppData/Local/UnrealEngine/4.24/DerivedDataCache/Boot.ddc.
[2020.05.07-15.31.50:954][  0]LogInit: Texture streaming: Enabled
[2020.05.07-15.31.50:981][  0]LogEngineSessionManager: EngineSessionManager initialized
[2020.05.07-15.31.50:981][  0]LogEditorSessionSummary: Verbose: Initializing EditorSessionSummaryWriter for editor session tracking
[2020.05.07-15.31.50:984][  0]LogEditorSessionSummary: EditorSessionSummaryWriter initialized
[2020.05.07-15.31.51:052][  0]LogInit: Transaction tracking system initialized
[2020.05.07-15.31.51:084][  0]BlueprintLog: New page: Editor Load
[2020.05.07-15.31.51:187][  0]LocalizationService: Localization service is disabled
[2020.05.07-15.31.51:727][  0]LogFileCache: Scanning file cache for directory 'D:/adale/Desktop/2DSouls/SideScroller/Content/' took 0.01s
[2020.05.07-15.31.51:727][  0]LogCook: Display: Max memory allowance for cook 16384mb min free memory 0mb
[2020.05.07-15.31.51:727][  0]LogCook: Display: Mobile HDR setting 1
[2020.05.07-15.31.52:734][  0]SourceControl: Source control is disabled
[2020.05.07-15.31.52:735][  0]Cmd: MAP LOAD FILE="../../../../../adale/Desktop/2DSouls/SideScroller/Content/Levels/World.umap" TEMPLATE=0 SHOWPROGRESS=1 FEATURELEVEL=3
[2020.05.07-15.31.52:736][  0]LightingResults: New page: Lighting Build
[2020.05.07-15.31.52:737][  0]LogWorld: UWorld::CleanupWorld for Untitled, bSessionEnded=true, bCleanupResources=true
[2020.05.07-15.31.52:738][  0]LogSlate: InvalidateAllWidgets triggered.  All widgets were invalidated
[2020.05.07-15.31.52:738][  0]MapCheck: New page: Map Check
[2020.05.07-15.31.52:738][  0]LightingResults: New page: Lighting Build
[2020.05.07-15.31.52:768][  0]LogUObjectHash: Compacting FUObjectHashTables data took   1.80ms
[2020.05.07-15.31.52:989][  0]LogAIModule: Creating AISystem for world World
[2020.05.07-15.31.53:002][  0]LogEditorServer: Finished looking for orphan Actors (0.000 secs)
[2020.05.07-15.31.53:032][  0]LogUObjectHash: Compacting FUObjectHashTables data took   2.65ms
[2020.05.07-15.31.53:032][  0]Cmd: MAP CHECKDEP NOCLEARLOG
[2020.05.07-15.31.53:033][  0]MapCheck: Map check complete: 0 Error(s), 0 Warning(s), took 0.578ms to complete.
[2020.05.07-15.31.53:033][  0]LogFileHelpers: Loading map 'World' took 0.299
[2020.05.07-15.31.53:226][  0]LogSlate: Updating window title bar state: overlay mode, drag disabled, window buttons hidden, title bar hidden
[2020.05.07-15.31.53:233][  0]LogSlate: Updating window title bar state: overlay mode, drag disabled, window buttons hidden, title bar hidden
[2020.05.07-15.31.53:241][  0]LogSlate: Updating window title bar state: overlay mode, drag disabled, window buttons hidden, title bar hidden
[2020.05.07-15.31.53:249][  0]LogSlate: Updating window title bar state: overlay mode, drag disabled, window buttons hidden, title bar hidden
[2020.05.07-15.31.53:258][  0]LogCollectionManager: Loaded 0 collections in 0.002223 seconds
[2020.05.07-15.31.53:286][  0]LogFileCache: Scanning file cache for directory 'D:/adale/Desktop/2DSouls/SideScroller/Saved/Collections/' took 0.00s
[2020.05.07-15.31.53:286][  0]LogFileCache: Scanning file cache for directory 'D:/adale/Desktop/2DSouls/SideScroller/Content/Developers/adale/Collections/' took 0.01s
[2020.05.07-15.31.53:286][  0]LogFileCache: Scanning file cache for directory 'D:/adale/Desktop/2DSouls/SideScroller/Content/Collections/' took 0.00s
[2020.05.07-15.31.53:287][  0]LogContentBrowser: Native class hierarchy populated in 0.0104 seconds. Added 3024 classes and 719 folders.
[2020.05.07-15.31.53:291][  0]LogContentBrowser: Native class hierarchy updated for 'WidgetCarousel' in 0.0010 seconds. Added 0 classes and 0 folders.
[2020.05.07-15.31.53:383][  0]LogContentBrowser: Native class hierarchy updated for 'AddContentDialog' in 0.0004 seconds. Added 0 classes and 0 folders.
[2020.05.07-15.31.53:394][  0]LogContentBrowser: Native class hierarchy updated for 'SceneOutliner' in 0.0005 seconds. Added 2 classes and 3 folders.
[2020.05.07-15.31.53:481][  0]LogSlate: Took 0.000487 seconds to synchronously load lazily loaded font '../../../Engine/Content/Slate/Fonts/Roboto-Regular.ttf' (155K)
[2020.05.07-15.31.53:484][  0]LogSlate: Took 0.000396 seconds to synchronously load lazily loaded font '../../../Engine/Content/Slate/Fonts/Roboto-Bold.ttf' (160K)
[2020.05.07-15.31.53:490][  0]LogSlate: Took 0.000230 seconds to synchronously load lazily loaded font '../../../Engine/Content/Editor/Slate/Fonts/FontAwesome.ttf' (139K)
[2020.05.07-15.31.53:579][  0]LogRenderer: Reallocating scene render targets to support 1108x572 Format 10 NumSamples 1 (Frame:1).
[2020.05.07-15.31.53:716][  0]LogContentBrowser: Native class hierarchy updated for 'HierarchicalLODOutliner' in 0.0005 seconds. Added 0 classes and 0 folders.
[2020.05.07-15.31.53:716][  0]LogLoad: (Engine Initialization) Total time: 13.15 seconds
[2020.05.07-15.31.53:716][  0]LogLoad: (Engine Initialization) Total Blueprint compile time: 0.00 seconds
[2020.05.07-15.31.53:785][  0]LogContentStreaming: Texture pool size now 1000 MB
[2020.05.07-15.31.53:826][  0]LogSlate: Took 0.000248 seconds to synchronously load lazily loaded font '../../../Engine/Content/Slate/Fonts/Roboto-Light.ttf' (167K)
[2020.05.07-15.31.53:847][  1]LogAssetRegistry: Asset discovery search completed in 7.7828 seconds
[2020.05.07-15.31.53:856][  1]LogCollectionManager: Fixed up redirectors for 0 collections in 0.000011 seconds (updated 0 objects)
[2020.05.07-15.32.16:630][354]LogSlate: Took 0.000311 seconds to synchronously load lazily loaded font '../../../Engine/Content/Slate/Fonts/Roboto-Light.ttf' (167K)
[2020.05.07-15.32.16:671][354]LogAssetEditorSubsystem: Opening Asset editor for WidgetBlueprint /Game/Blueprint/GameBlueprints/Menus/BonfireMenuWidget.BonfireMenuWidget
[2020.05.07-15.32.16:893][354]LogContentBrowser: Native class hierarchy updated for 'BlueprintGraph' in 0.0009 seconds. Added 121 classes and 0 folders.
[2020.05.07-15.32.17:788][354]LogSlate: Took 0.000211 seconds to synchronously load lazily loaded font '../../../Engine/Content/Slate/Fonts/Roboto-BoldCondensed.ttf' (158K)
[2020.05.07-15.32.24:021][697]LogSlate: Took 0.000295 seconds to synchronously load lazily loaded font '../../../Engine/Content/Slate/Fonts/Roboto-Italic.ttf' (157K)
[2020.05.07-15.32.55:889][567]BlueprintLog: New page: Compile BonfireMenuWidget
[2020.05.07-15.32.55:962][567]LogUObjectHash: Compacting FUObjectHashTables data took   5.18ms
[2020.05.07-15.32.56:554][593]LogSavePackage: Moving '../../../../../adale/Desktop/2DSouls/SideScroller/Saved/BonfireMenuWidgetD3F320C34F2112743D23ED834495CA9A.tmp' to '../../../../../adale/Desktop/2DSouls/SideScroller/Content/Blueprint/GameBlueprints/Menus/BonfireMenuWidget.uasset'
[2020.05.07-15.32.56:578][593]AssetCheck: New page: Asset Save: BonfireMenuWidget
[2020.05.07-15.32.56:578][593]LogContentValidation: Display: Validating WidgetBlueprint /Game/Blueprint/GameBlueprints/Menus/BonfireMenuWidget.BonfireMenuWidget
[2020.05.07-15.33.38:879][100]BlueprintLog: New page: Compile BonfireMenuWidget
[2020.05.07-15.33.38:929][100]LogUObjectHash: Compacting FUObjectHashTables data took   5.08ms
[2020.05.07-15.33.39:593][130]LogSavePackage: Moving '../../../../../adale/Desktop/2DSouls/SideScroller/Saved/BonfireMenuWidget1D48264C427CC117EE4C78B08B2F55E2.tmp' to '../../../../../adale/Desktop/2DSouls/SideScroller/Content/Blueprint/GameBlueprints/Menus/BonfireMenuWidget.uasset'
[2020.05.07-15.33.39:613][130]AssetCheck: New page: Asset Save: BonfireMenuWidget
[2020.05.07-15.33.39:613][130]LogContentValidation: Display: Validating WidgetBlueprint /Game/Blueprint/GameBlueprints/Menus/BonfireMenuWidget.BonfireMenuWidget
[2020.05.07-15.33.41:330][230]LogSlate: Window 'BonfireMenuWidget' being destroyed
[2020.05.07-15.33.41:336][230]LogSlate: Window 'BonfireMenuWidget' being destroyed
[2020.05.07-15.33.41:342][230]LogWorld: UWorld::CleanupWorld for World_1, bSessionEnded=true, bCleanupResources=true
[2020.05.07-15.33.41:342][230]LogSlate: InvalidateAllWidgets triggered.  All widgets were invalidated
[2020.05.07-15.33.41:366][230]LogWorld: UWorld::CleanupWorld for World_0, bSessionEnded=true, bCleanupResources=true
[2020.05.07-15.33.41:367][230]LogSlate: InvalidateAllWidgets triggered.  All widgets were invalidated
[2020.05.07-15.33.42:377][287]LogTemp: Repeating last play command: Selected Viewport
[2020.05.07-15.33.42:442][287]LogPlayLevel: PlayLevel: No blueprints needed recompiling
[2020.05.07-15.33.42:517][287]PIE: New page: PIE session: World (May 7, 2020, 7:33:42 a.m.)
[2020.05.07-15.33.42:533][287]LogOnline: OSS: Creating online subsystem instance for: NULL
[2020.05.07-15.33.42:548][287]LogOnline: OSS: TryLoadSubsystemAndSetDefault: Loaded subsystem for module [NULL]
[2020.05.07-15.33.42:548][287]LogPlayLevel: Creating play world package: /Game/Levels/UEDPIE_0_World
[2020.05.07-15.33.42:564][287]LogPlayLevel: PIE: StaticDuplicateObject took: (0.015973s)
[2020.05.07-15.33.42:566][287]LogAIModule: Creating AISystem for world World
[2020.05.07-15.33.42:566][287]LogPlayLevel: PIE: World Init took: (0.001764s)
[2020.05.07-15.33.42:566][287]LogPlayLevel: PIE: Created PIE world by copying editor world from /Game/Levels/World.World to /Game/Levels/UEDPIE_0_World.World (0.018857s)
[2020.05.07-15.33.42:628][287]LogUObjectHash: Compacting FUObjectHashTables data took   4.16ms
[2020.05.07-15.33.42:630][287]LogAudioMixer: Display: Audio Mixer Platform Settings:
[2020.05.07-15.33.42:631][287]LogAudioMixer: Display: 	Sample Rate:						  48000
[2020.05.07-15.33.42:631][287]LogAudioMixer: Display: 	Callback Buffer Frame Size Requested: 1024
[2020.05.07-15.33.42:631][287]LogAudioMixer: Display: 	Callback Buffer Frame Size To Use:	  1024
[2020.05.07-15.33.42:631][287]LogAudioMixer: Display: 	Number of buffers to queue:			  2
[2020.05.07-15.33.42:631][287]LogAudioMixer: Display: 	Max Channels (voices):				  32
[2020.05.07-15.33.42:631][287]LogAudioMixer: Display: 	Number of Async Source Workers:		  0
[2020.05.07-15.33.42:631][287]LogAudio: Display: AudioDevice MaxSources: 32
[2020.05.07-15.33.42:632][287]LogAudio: Display: Using built-in audio occlusion.
[2020.05.07-15.33.42:633][287]LogAudioMixer: Display: Initializing audio mixer.
[2020.05.07-15.33.42:648][287]LogAudioMixer: Display: Audio Device Output Speaker Info:
[2020.05.07-15.33.42:648][287]LogAudioMixer: Display: Name: Speakers / Headphones (Realtek Audio)
[2020.05.07-15.33.42:648][287]LogAudioMixer: Display: Is Default: Yes
[2020.05.07-15.33.42:648][287]LogAudioMixer: Display: Sample Rate: 48000
[2020.05.07-15.33.42:649][287]LogAudioMixer: Display: Channel Count Used: 2
[2020.05.07-15.33.42:649][287]LogAudioMixer: Display: Device Channel Count: 2
[2020.05.07-15.33.42:649][287]LogAudioMixer: Display: Channel Order:
[2020.05.07-15.33.42:649][287]LogAudioMixer: Display: 0: FrontLeft
[2020.05.07-15.33.42:649][287]LogAudioMixer: Display: 1: FrontRight
[2020.05.07-15.33.42:738][287]LogAudioMixer: Display: Using Audio Device Speakers / Headphones (Realtek Audio)
[2020.05.07-15.33.42:742][287]LogInit: FAudioDevice initialized.
[2020.05.07-15.33.44:424][287]LogLoad: Game class is 'BP_SideScrollerGameModeBase_C'
[2020.05.07-15.33.44:426][287]LogWorld: Bringing World /Game/Levels/UEDPIE_0_World.World up for play (max tick rate 60) at 2020.05.07-11.33.44
[2020.05.07-15.33.44:437][287]LogWorld: Bringing up level for play took: 0.011671
[2020.05.07-15.33.44:438][287]LogOnline: OSS: Creating online subsystem instance for: :Context_3
[2020.05.07-15.33.44:601][287]LogContentBrowser: Native class hierarchy updated for 'MovieSceneCapture' in 0.0006 seconds. Added 20 classes and 0 folders.
[2020.05.07-15.33.44:646][287]PIE: Play in editor start time for /Game/Levels/UEDPIE_0_World 1.482
[2020.05.07-15.34.27:123][790]LogAudioMixer: Display: No commands were queued while flushing the source manager.
[2020.05.07-15.34.27:143][790]LogAudioMixer: Display: Flush succeeded in the source manager command queue (1).
[2020.05.07-15.34.27:162][790]LogAudioMixer: Display: Flush succeeded the source manager command queue (2).
[2020.05.07-15.34.27:163][790]LogSlate: Updating window title bar state: overlay mode, drag disabled, window buttons hidden, title bar hidden
[2020.05.07-15.34.27:163][790]LogWorld: BeginTearingDown for /Game/Levels/UEDPIE_0_World
[2020.05.07-15.34.27:163][790]LogAudioMixer: Display: No commands were queued while flushing the source manager.
[2020.05.07-15.34.27:163][790]LogWorld: UWorld::CleanupWorld for World, bSessionEnded=true, bCleanupResources=true
[2020.05.07-15.34.27:163][790]LogSlate: InvalidateAllWidgets triggered.  All widgets were invalidated
[2020.05.07-15.34.27:179][790]LogPlayLevel: Display: Shutting down PIE online subsystems
[2020.05.07-15.34.27:186][790]LogSlate: InvalidateAllWidgets triggered.  All widgets were invalidated
[2020.05.07-15.34.27:221][790]LogAudioMixer: Display: No commands were queued while flushing the source manager.
[2020.05.07-15.34.27:230][790]LogSlate: Updating window title bar state: overlay mode, drag disabled, window buttons hidden, title bar hidden
[2020.05.07-15.34.27:285][790]LogUObjectHash: Compacting FUObjectHashTables data took   5.45ms
[2020.05.07-15.34.27:350][791]LogPlayLevel: Display: Destroying online subsystem :Context_3
