Log file open, 05/12/20 14:09:40
LogWindows: Failed to load 'aqProf.dll' (GetLastError=126)
LogWindows: File 'aqProf.dll' does not exist
LogWindows: Failed to load 'VtuneApi.dll' (GetLastError=126)
LogWindows: File 'VtuneApi.dll' does not exist
LogWindows: Failed to load 'VtuneApi32e.dll' (GetLastError=126)
LogWindows: File 'VtuneApi32e.dll' does not exist
LogConsoleResponse: Display: Failed to find resolution value strings in scalability ini. Falling back to default.
LogInit: Display: Running engine for game: SideScroller
LogPlatformFile: Not using cached read wrapper
LogTaskGraph: Started task graph with 5 named threads and 23 total threads with 3 sets of task threads.
LogStats: Stats thread started at 0.166587
LogD3D11RHI: Loaded GFSDK_Aftermath_Lib.x64.dll
LogICUInternationalization: ICU TimeZone Detection - Raw Offset: -5:00, Platform Override: ''
LogPluginManager: Mounting plugin Paper2D
LogPluginManager: Mounting plugin AISupport
LogPluginManager: Mounting plugin LightPropagationVolume
LogPluginManager: Mounting plugin ActorLayerUtilities
LogPluginManager: Mounting plugin AnimationSharing
LogPluginManager: Mounting plugin CLionSourceCodeAccess
LogPluginManager: Mounting plugin CodeLiteSourceCodeAccess
LogPluginManager: Mounting plugin GitSourceControl
LogPluginManager: Mounting plugin KDevelopSourceCodeAccess
LogPluginManager: Mounting plugin NullSourceCodeAccess
LogPluginManager: Mounting plugin PerforceSourceControl
LogPluginManager: Mounting plugin PlasticSourceControl
LogPluginManager: Mounting plugin SubversionSourceControl
LogPluginManager: Mounting plugin UObjectPlugin
LogPluginManager: Mounting plugin VisualStudioCodeSourceCodeAccess
LogPluginManager: Mounting plugin VisualStudioSourceCodeAccess
LogPluginManager: Mounting plugin XCodeSourceCodeAccess
LogPluginManager: Mounting plugin AssetManagerEditor
LogPluginManager: Mounting plugin CryptoKeys
LogPluginManager: Mounting plugin CurveEditorTools
LogPluginManager: Mounting plugin DataValidation
LogPluginManager: Mounting plugin FacialAnimation
LogPluginManager: Mounting plugin GameplayTagsEditor
LogPluginManager: Mounting plugin MacGraphicsSwitching
LogPluginManager: Mounting plugin MaterialAnalyzer
LogPluginManager: Mounting plugin MobileLauncherProfileWizard
LogPluginManager: Mounting plugin PluginBrowser
LogPluginManager: Mounting plugin SpeedTreeImporter
LogPluginManager: Mounting plugin DatasmithContent
LogPluginManager: Mounting plugin VariantManagerContent
LogPluginManager: Mounting plugin AlembicImporter
LogPluginManager: Mounting plugin AutomationUtils
LogPluginManager: Mounting plugin BackChannel
LogPluginManager: Mounting plugin CharacterAI
LogPluginManager: Mounting plugin GeometryCache
LogPluginManager: Mounting plugin PlatformCrypto
LogPluginManager: Mounting plugin ProxyLODPlugin
LogPluginManager: Mounting plugin SkeletalReduction
LogPluginManager: Mounting plugin MagicLeap
LogPluginManager: Mounting plugin MagicLeapMedia
LogPluginManager: Mounting plugin MLSDK
LogPluginManager: Mounting plugin AndroidMedia
LogPluginManager: Mounting plugin AvfMedia
LogPluginManager: Mounting plugin ImgMedia
LogPluginManager: Mounting plugin MediaCompositing
LogPluginManager: Mounting plugin MediaPlayerEditor
LogPluginManager: Mounting plugin WebMMedia
LogPluginManager: Mounting plugin WmfMedia
LogPluginManager: Mounting plugin TcpMessaging
LogPluginManager: Mounting plugin UdpMessaging
LogPluginManager: Mounting plugin ActorSequence
LogPluginManager: Mounting plugin LevelSequenceEditor
LogPluginManager: Mounting plugin MatineeToLevelSequence
LogPluginManager: Mounting plugin NetcodeUnitTest
LogPluginManager: Mounting plugin NUTUnrealEngine4
LogPluginManager: Mounting plugin OnlineSubsystemGooglePlay
LogPluginManager: Mounting plugin OnlineSubsystemIOS
LogPluginManager: Mounting plugin OnlineSubsystem
LogPluginManager: Mounting plugin OnlineSubsystemNull
LogPluginManager: Mounting plugin OnlineSubsystemUtils
LogPluginManager: Mounting plugin LauncherChunkInstaller
LogPluginManager: Mounting plugin AndroidDeviceProfileSelector
LogPluginManager: Mounting plugin AndroidMoviePlayer
LogPluginManager: Mounting plugin AndroidPermission
LogPluginManager: Mounting plugin AppleImageUtils
LogPluginManager: Mounting plugin AppleMoviePlayer
LogPluginManager: Mounting plugin ArchVisCharacter
LogPluginManager: Mounting plugin AssetTags
LogPluginManager: Mounting plugin AudioCapture
LogPluginManager: Mounting plugin CableComponent
LogPluginManager: Mounting plugin CustomMeshComponent
LogPluginManager: Mounting plugin EditableMesh
LogPluginManager: Mounting plugin ExampleDeviceProfileSelector
LogPluginManager: Mounting plugin GoogleCloudMessaging
LogPluginManager: Mounting plugin IOSDeviceProfileSelector
LogPluginManager: Mounting plugin LinuxDeviceProfileSelector
LogPluginManager: Mounting plugin LocationServicesBPLibrary
LogPluginManager: Mounting plugin MobilePatchingUtils
LogPluginManager: Mounting plugin OculusVR
LogPluginManager: Mounting plugin PhysXVehicles
LogPluginManager: Mounting plugin PostSplashScreen
LogPluginManager: Mounting plugin ProceduralMeshComponent
LogPluginManager: Mounting plugin RuntimePhysXCooking
LogPluginManager: Mounting plugin SignificanceManager
LogPluginManager: Mounting plugin SteamVR
LogPluginManager: Mounting plugin WebMMoviePlayer
LogPluginManager: Mounting plugin WindowsMoviePlayer
LogPluginManager: Mounting plugin ScreenshotTools
LogInit: Using libcurl 7.55.1-DEV
LogInit:  - built for x86_64-pc-win32
LogInit:  - supports SSL with OpenSSL/1.1.1
LogInit:  - supports HTTP deflate (compression) using libz 1.2.8
LogInit:  - other features:
LogInit:      CURL_VERSION_SSL
LogInit:      CURL_VERSION_LIBZ
LogInit:      CURL_VERSION_IPV6
LogInit:      CURL_VERSION_ASYNCHDNS
LogInit:      CURL_VERSION_LARGEFILE
LogInit:      CURL_VERSION_IDN
LogInit:  CurlRequestOptions (configurable via config and command line):
LogInit:  - bVerifyPeer = true  - Libcurl will verify peer certificate
LogInit:  - bUseHttpProxy = false  - Libcurl will NOT use HTTP proxy
LogInit:  - bDontReuseConnections = false  - Libcurl will reuse connections
LogInit:  - MaxHostConnections = 16  - Libcurl will limit the number of connections to a host
LogInit:  - LocalHostAddr = Default
LogInit:  - BufferSize = 65536
LogOnline: OSS: Creating online subsystem instance for: NULL
LogInit: WinSock: version 1.1 (2.2), MaxSocks=32767, MaxUdp=65467
LogOnline: OSS: TryLoadSubsystemAndSetDefault: Loaded subsystem for module [NULL]
LogInit: Build: ++UE4+Release-4.24-CL-11590370
LogInit: Engine Version: 4.24.3-11590370+++UE4+Release-4.24
LogInit: Compatible Engine Version: 4.24.0-10570792+++UE4+Release-4.24
LogInit: Net CL: 10570792
LogInit: OS: Windows 10 (Release 1903) (), CPU: Intel(R) Core(TM) i7-7700HQ CPU @ 2.80GHz, GPU: Intel(R) HD Graphics 630
LogInit: Compiled (64-bit): Feb 24 2020 15:39:18
LogInit: Compiled with Visual C++: 19.16.27032.01
LogInit: Build Configuration: Development
LogInit: Branch Name: ++UE4+Release-4.24
LogInit: Command Line:  -skipcompile
LogInit: Base Directory: D:/Program Files (x86)/UE_4.24/Engine/Binaries/Win64/
LogInit: Installed Engine Build: 1
LogDevObjectVersion: Number of dev versions registered: 25
LogDevObjectVersion:   Dev-Blueprints (B0D832E4-1F89-4F0D-ACCF-7EB736FD4AA2): 10
LogDevObjectVersion:   Dev-Build (E1C64328-A22C-4D53-A36C-8E866417BD8C): 0
LogDevObjectVersion:   Dev-Core (375EC13C-06E4-48FB-B500-84F0262A717E): 3
LogDevObjectVersion:   Dev-Editor (E4B068ED-F494-42E9-A231-DA0B2E46BB41): 37
LogDevObjectVersion:   Dev-Framework (CFFC743F-43B0-4480-9391-14DF171D2073): 36
LogDevObjectVersion:   Dev-Mobile (B02B49B5-BB20-44E9-A304-32B752E40360): 2
LogDevObjectVersion:   Dev-Networking (A4E4105C-59A1-49B5-A7C5-40C4547EDFEE): 0
LogDevObjectVersion:   Dev-Online (39C831C9-5AE6-47DC-9A44-9C173E1C8E7C): 0
LogDevObjectVersion:   Dev-Physics (78F01B33-EBEA-4F98-B9B4-84EACCB95AA2): 2
LogDevObjectVersion:   Dev-Platform (6631380F-2D4D-43E0-8009-CF276956A95A): 0
LogDevObjectVersion:   Dev-Rendering (12F88B9F-8875-4AFC-A67C-D90C383ABD29): 36
LogDevObjectVersion:   Dev-Sequencer (7B5AE74C-D270-4C10-A958-57980B212A5A): 11
LogDevObjectVersion:   Dev-VR (D7296918-1DD6-4BDD-9DE2-64A83CC13884): 2
LogDevObjectVersion:   Dev-LoadTimes (C2A15278-BFE7-4AFE-6C17-90FF531DF755): 1
LogDevObjectVersion:   Private-Geometry (6EACA3D4-40EC-4CC1-B786-8BED09428FC5): 3
LogDevObjectVersion:   Dev-AnimPhys (29E575DD-E0A3-4627-9D10-D276232CDCEA): 17
LogDevObjectVersion:   Dev-Anim (AF43A65D-7FD3-4947-9873-3E8ED9C1BB05): 2
LogDevObjectVersion:   Dev-ReflectionCapture (6B266CEC-1EC7-4B8F-A30B-E4D90942FC07): 1
LogDevObjectVersion:   Dev-Automation (0DF73D61-A23F-47EA-B727-89E90C41499A): 1
LogDevObjectVersion:   FortniteMain (601D1886-AC64-4F84-AA16-D3DE0DEAC7D6): 31
LogDevObjectVersion:   Dev-Enterprise (9DFFBCD6-494F-0158-E221-12823C92A888): 8
LogDevObjectVersion:   Dev-Niagara (F2AED0AC-9AFE-416F-8664-AA7FFA26D6FC): 1
LogDevObjectVersion:   Dev-Destruction (174F1F0B-B4C6-45A5-B13F-2EE8D0FB917D): 9
LogDevObjectVersion:   Dev-Physics-Ext (35F94A83-E258-406C-A318-09F59610247C): 8
LogDevObjectVersion:   Dev-CineCamera (B2E18506-4273-CFC2-A54E-F4BB758BBA07): 1
LogInit: Presizing for max 25165824 objects, including 0 objects not considered by GC, pre-allocating 0 bytes for permanent pool.
LogInit: Object subsystem initialized
LogConfig: Setting CVar [[con.DebugEarlyDefault:1]]
LogConfig: Setting CVar [[r.setres:1280x720]]
[2020.05.12-18.09.41:239][  0]LogConfig: Setting CVar [[r.VSync:0]]
[2020.05.12-18.09.41:239][  0]LogConfig: Setting CVar [[r.RHICmdBypass:0]]
[2020.05.12-18.09.41:239][  0]LogConfig: Applying CVar settings from Section [/Script/Engine.RendererSettings] File [D:/adale/Desktop/2DSouls/SideScroller/Saved/Config/Windows/Engine.ini]
[2020.05.12-18.09.41:239][  0]LogConfig: Setting CVar [[r.GPUCrashDebugging:0]]
[2020.05.12-18.09.41:239][  0]LogConfig: Applying CVar settings from Section [/Script/Engine.RendererOverrideSettings] File [D:/adale/Desktop/2DSouls/SideScroller/Saved/Config/Windows/Engine.ini]
[2020.05.12-18.09.41:239][  0]LogConfig: Applying CVar settings from Section [/Script/Engine.StreamingSettings] File [D:/adale/Desktop/2DSouls/SideScroller/Saved/Config/Windows/Engine.ini]
[2020.05.12-18.09.41:240][  0]LogConfig: Setting CVar [[s.MinBulkDataSizeForAsyncLoading:131072]]
[2020.05.12-18.09.41:240][  0]LogConfig: Setting CVar [[s.AsyncLoadingThreadEnabled:0]]
[2020.05.12-18.09.41:240][  0]LogConfig: Setting CVar [[s.EventDrivenLoaderEnabled:1]]
[2020.05.12-18.09.41:240][  0]LogConfig: Setting CVar [[s.WarnIfTimeLimitExceeded:0]]
[2020.05.12-18.09.41:240][  0]LogConfig: Setting CVar [[s.TimeLimitExceededMultiplier:1.5]]
[2020.05.12-18.09.41:240][  0]LogConfig: Setting CVar [[s.TimeLimitExceededMinTime:0.005]]
[2020.05.12-18.09.41:240][  0]LogConfig: Setting CVar [[s.UseBackgroundLevelStreaming:1]]
[2020.05.12-18.09.41:240][  0]LogConfig: Setting CVar [[s.PriorityAsyncLoadingExtraTime:15.0]]
[2020.05.12-18.09.41:240][  0]LogConfig: Setting CVar [[s.LevelStreamingActorsUpdateTimeLimit:5.0]]
[2020.05.12-18.09.41:240][  0]LogConfig: Setting CVar [[s.PriorityLevelStreamingActorsUpdateExtraTime:5.0]]
[2020.05.12-18.09.41:240][  0]LogConfig: Setting CVar [[s.LevelStreamingComponentsRegistrationGranularity:10]]
[2020.05.12-18.09.41:240][  0]LogConfig: Setting CVar [[s.UnregisterComponentsTimeLimit:1.0]]
[2020.05.12-18.09.41:240][  0]LogConfig: Setting CVar [[s.LevelStreamingComponentsUnregistrationGranularity:5]]
[2020.05.12-18.09.41:240][  0]LogConfig: Setting CVar [[s.FlushStreamingOnExit:1]]
[2020.05.12-18.09.41:240][  0]LogConfig: Applying CVar settings from Section [/Script/Engine.GarbageCollectionSettings] File [D:/adale/Desktop/2DSouls/SideScroller/Saved/Config/Windows/Engine.ini]
[2020.05.12-18.09.41:241][  0]LogConfig: Setting CVar [[gc.MaxObjectsNotConsideredByGC:1]]
[2020.05.12-18.09.41:241][  0]LogConfig: Setting CVar [[gc.SizeOfPermanentObjectPool:0]]
[2020.05.12-18.09.41:241][  0]LogConfig: Setting CVar [[gc.FlushStreamingOnGC:0]]
[2020.05.12-18.09.41:241][  0]LogConfig: Setting CVar [[gc.NumRetriesBeforeForcingGC:10]]
[2020.05.12-18.09.41:241][  0]LogConfig: Setting CVar [[gc.AllowParallelGC:1]]
[2020.05.12-18.09.41:241][  0]LogConfig: Setting CVar [[gc.TimeBetweenPurgingPendingKillObjects:61.1]]
[2020.05.12-18.09.41:241][  0]LogConfig: Setting CVar [[gc.MaxObjectsInEditor:25165824]]
[2020.05.12-18.09.41:241][  0]LogConfig: Setting CVar [[gc.IncrementalBeginDestroyEnabled:1]]
[2020.05.12-18.09.41:241][  0]LogConfig: Setting CVar [[gc.CreateGCClusters:1]]
[2020.05.12-18.09.41:241][  0]LogConfig: Setting CVar [[gc.MinGCClusterSize:5]]
[2020.05.12-18.09.41:241][  0]LogConfig: Setting CVar [[gc.ActorClusteringEnabled:0]]
[2020.05.12-18.09.41:241][  0]LogConfig: Setting CVar [[gc.BlueprintClusteringEnabled:0]]
[2020.05.12-18.09.41:241][  0]LogConfig: Setting CVar [[gc.UseDisregardForGCOnDedicatedServers:0]]
[2020.05.12-18.09.41:241][  0]LogConfig: Applying CVar settings from Section [/Script/Engine.NetworkSettings] File [D:/adale/Desktop/2DSouls/SideScroller/Saved/Config/Windows/Engine.ini]
[2020.05.12-18.09.41:242][  0]LogConfig: Applying CVar settings from Section [/Script/UnrealEd.CookerSettings] File [D:/adale/Desktop/2DSouls/SideScroller/Saved/Config/Windows/Engine.ini]
[2020.05.12-18.09.41:249][  0]LogConfig: Applying CVar settings from Section [ViewDistanceQuality@3] File [D:/adale/Desktop/2DSouls/SideScroller/Saved/Config/Windows/Scalability.ini]
[2020.05.12-18.09.41:249][  0]LogConfig: Setting CVar [[r.SkeletalMeshLODBias:0]]
[2020.05.12-18.09.41:249][  0]LogConfig: Setting CVar [[r.ViewDistanceScale:1.0]]
[2020.05.12-18.09.41:249][  0]LogConfig: Applying CVar settings from Section [AntiAliasingQuality@3] File [D:/adale/Desktop/2DSouls/SideScroller/Saved/Config/Windows/Scalability.ini]
[2020.05.12-18.09.41:249][  0]LogConfig: Setting CVar [[r.PostProcessAAQuality:4]]
[2020.05.12-18.09.41:249][  0]LogConfig: Applying CVar settings from Section [ShadowQuality@3] File [D:/adale/Desktop/2DSouls/SideScroller/Saved/Config/Windows/Scalability.ini]
[2020.05.12-18.09.41:249][  0]LogConfig: Setting CVar [[r.LightFunctionQuality:1]]
[2020.05.12-18.09.41:250][  0]LogConfig: Setting CVar [[r.ShadowQuality:5]]
[2020.05.12-18.09.41:250][  0]LogConfig: Setting CVar [[r.Shadow.CSM.MaxCascades:10]]
[2020.05.12-18.09.41:250][  0]LogConfig: Setting CVar [[r.Shadow.MaxResolution:2048]]
[2020.05.12-18.09.41:250][  0]LogConfig: Setting CVar [[r.Shadow.MaxCSMResolution:2048]]
[2020.05.12-18.09.41:250][  0]LogConfig: Setting CVar [[r.Shadow.RadiusThreshold:0.01]]
[2020.05.12-18.09.41:250][  0]LogConfig: Setting CVar [[r.Shadow.DistanceScale:1.0]]
[2020.05.12-18.09.41:250][  0]LogConfig: Setting CVar [[r.Shadow.CSM.TransitionScale:1.0]]
[2020.05.12-18.09.41:250][  0]LogConfig: Setting CVar [[r.Shadow.PreShadowResolutionFactor:1.0]]
[2020.05.12-18.09.41:250][  0]LogConfig: Setting CVar [[r.DistanceFieldShadowing:1]]
[2020.05.12-18.09.41:250][  0]LogConfig: Setting CVar [[r.DistanceFieldAO:1]]
[2020.05.12-18.09.41:250][  0]LogConfig: Setting CVar [[r.AOQuality:2]]
[2020.05.12-18.09.41:250][  0]LogConfig: Setting CVar [[r.VolumetricFog:1]]
[2020.05.12-18.09.41:250][  0]LogConfig: Setting CVar [[r.VolumetricFog.GridPixelSize:8]]
[2020.05.12-18.09.41:250][  0]LogConfig: Setting CVar [[r.VolumetricFog.GridSizeZ:128]]
[2020.05.12-18.09.41:250][  0]LogConfig: Setting CVar [[r.VolumetricFog.HistoryMissSupersampleCount:4]]
[2020.05.12-18.09.41:251][  0]LogConfig: Setting CVar [[r.LightMaxDrawDistanceScale:1]]
[2020.05.12-18.09.41:251][  0]LogConfig: Setting CVar [[r.CapsuleShadows:1]]
[2020.05.12-18.09.41:251][  0]LogConfig: Applying CVar settings from Section [PostProcessQuality@3] File [D:/adale/Desktop/2DSouls/SideScroller/Saved/Config/Windows/Scalability.ini]
[2020.05.12-18.09.41:251][  0]LogConfig: Setting CVar [[r.MotionBlurQuality:4]]
[2020.05.12-18.09.41:251][  0]LogConfig: Setting CVar [[r.AmbientOcclusionMipLevelFactor:0.4]]
[2020.05.12-18.09.41:251][  0]LogConfig: Setting CVar [[r.AmbientOcclusionMaxQuality:100]]
[2020.05.12-18.09.41:251][  0]LogConfig: Setting CVar [[r.AmbientOcclusionLevels:-1]]
[2020.05.12-18.09.41:251][  0]LogConfig: Setting CVar [[r.AmbientOcclusionRadiusScale:1.0]]
[2020.05.12-18.09.41:251][  0]LogConfig: Setting CVar [[r.DepthOfFieldQuality:2]]
[2020.05.12-18.09.41:251][  0]LogConfig: Setting CVar [[r.RenderTargetPoolMin:400]]
[2020.05.12-18.09.41:252][  0]LogConfig: Setting CVar [[r.LensFlareQuality:2]]
[2020.05.12-18.09.41:252][  0]LogConfig: Setting CVar [[r.SceneColorFringeQuality:1]]
[2020.05.12-18.09.41:252][  0]LogConfig: Setting CVar [[r.EyeAdaptationQuality:2]]
[2020.05.12-18.09.41:252][  0]LogConfig: Setting CVar [[r.BloomQuality:5]]
[2020.05.12-18.09.41:252][  0]LogConfig: Setting CVar [[r.FastBlurThreshold:100]]
[2020.05.12-18.09.41:252][  0]LogConfig: Setting CVar [[r.Upscale.Quality:3]]
[2020.05.12-18.09.41:252][  0]LogConfig: Setting CVar [[r.Tonemapper.GrainQuantization:1]]
[2020.05.12-18.09.41:252][  0]LogConfig: Setting CVar [[r.LightShaftQuality:1]]
[2020.05.12-18.09.41:252][  0]LogConfig: Setting CVar [[r.Filter.SizeScale:1]]
[2020.05.12-18.09.41:252][  0]LogConfig: Setting CVar [[r.Tonemapper.Quality:5]]
[2020.05.12-18.09.41:252][  0]LogConfig: Setting CVar [[r.DOF.Gather.AccumulatorQuality:1        ; higher gathering accumulator quality]]
[2020.05.12-18.09.41:252][  0]LogConfig: Setting CVar [[r.DOF.Gather.PostfilterMethod:1          ; Median3x3 postfilering method]]
[2020.05.12-18.09.41:252][  0]LogConfig: Setting CVar [[r.DOF.Gather.EnableBokehSettings:0       ; no bokeh simulation when gathering]]
[2020.05.12-18.09.41:253][  0]LogConfig: Setting CVar [[r.DOF.Gather.RingCount:4                 ; medium number of samples when gathering]]
[2020.05.12-18.09.41:253][  0]LogConfig: Setting CVar [[r.DOF.Scatter.ForegroundCompositing:1    ; additive foreground scattering]]
[2020.05.12-18.09.41:253][  0]LogConfig: Setting CVar [[r.DOF.Scatter.BackgroundCompositing:2    ; additive background scattering]]
[2020.05.12-18.09.41:253][  0]LogConfig: Setting CVar [[r.DOF.Scatter.EnableBokehSettings:1      ; bokeh simulation when scattering]]
[2020.05.12-18.09.41:253][  0]LogConfig: Setting CVar [[r.DOF.Scatter.MaxSpriteRatio:0.1         ; only a maximum of 10% of scattered bokeh]]
[2020.05.12-18.09.41:253][  0]LogConfig: Setting CVar [[r.DOF.Recombine.Quality:1                ; cheap slight out of focus]]
[2020.05.12-18.09.41:253][  0]LogConfig: Setting CVar [[r.DOF.Recombine.EnableBokehSettings:0    ; no bokeh simulation on slight out of focus]]
[2020.05.12-18.09.41:253][  0]LogConfig: Setting CVar [[r.DOF.TemporalAAQuality:1                ; more stable temporal accumulation]]
[2020.05.12-18.09.41:253][  0]LogConfig: Setting CVar [[r.DOF.Kernel.MaxForegroundRadius:0.025]]
[2020.05.12-18.09.41:253][  0]LogConfig: Setting CVar [[r.DOF.Kernel.MaxBackgroundRadius:0.025]]
[2020.05.12-18.09.41:254][  0]LogConfig: Applying CVar settings from Section [TextureQuality@3] File [D:/adale/Desktop/2DSouls/SideScroller/Saved/Config/Windows/Scalability.ini]
[2020.05.12-18.09.41:254][  0]LogConfig: Setting CVar [[r.Streaming.MipBias:0]]
[2020.05.12-18.09.41:254][  0]LogConfig: Setting CVar [[r.Streaming.AmortizeCPUToGPUCopy:0]]
[2020.05.12-18.09.41:254][  0]LogConfig: Setting CVar [[r.Streaming.MaxNumTexturesToStreamPerFrame:0]]
[2020.05.12-18.09.41:254][  0]LogConfig: Setting CVar [[r.Streaming.Boost:1]]
[2020.05.12-18.09.41:254][  0]LogConfig: Setting CVar [[r.MaxAnisotropy:8]]
[2020.05.12-18.09.41:254][  0]LogConfig: Setting CVar [[r.VT.MaxAnisotropy:8]]
[2020.05.12-18.09.41:254][  0]LogConfig: Setting CVar [[r.Streaming.LimitPoolSizeToVRAM:0]]
[2020.05.12-18.09.41:254][  0]LogConfig: Setting CVar [[r.Streaming.PoolSize:1000]]
[2020.05.12-18.09.41:254][  0]LogConfig: Setting CVar [[r.Streaming.MaxEffectiveScreenSize:0]]
[2020.05.12-18.09.41:254][  0]LogConfig: Applying CVar settings from Section [EffectsQuality@3] File [D:/adale/Desktop/2DSouls/SideScroller/Saved/Config/Windows/Scalability.ini]
[2020.05.12-18.09.41:254][  0]LogConfig: Setting CVar [[r.TranslucencyLightingVolumeDim:64]]
[2020.05.12-18.09.41:254][  0]LogConfig: Setting CVar [[r.RefractionQuality:2]]
[2020.05.12-18.09.41:254][  0]LogConfig: Setting CVar [[r.SSR.Quality:3]]
[2020.05.12-18.09.41:255][  0]LogConfig: Setting CVar [[r.SSR.HalfResSceneColor:0]]
[2020.05.12-18.09.41:255][  0]LogConfig: Setting CVar [[r.SceneColorFormat:4]]
[2020.05.12-18.09.41:255][  0]LogConfig: Setting CVar [[r.DetailMode:2]]
[2020.05.12-18.09.41:255][  0]LogConfig: Setting CVar [[r.TranslucencyVolumeBlur:1]]
[2020.05.12-18.09.41:255][  0]LogConfig: Setting CVar [[r.MaterialQualityLevel:1 ; High quality]]
[2020.05.12-18.09.41:255][  0]LogConfig: Setting CVar [[r.SSS.Scale:1]]
[2020.05.12-18.09.41:255][  0]LogConfig: Setting CVar [[r.SSS.SampleSet:2]]
[2020.05.12-18.09.41:255][  0]LogConfig: Setting CVar [[r.SSS.Quality:1]]
[2020.05.12-18.09.41:255][  0]LogConfig: Setting CVar [[r.SSS.HalfRes:1]]
[2020.05.12-18.09.41:255][  0]LogConfig: Setting CVar [[r.SSGI.Quality:3]]
[2020.05.12-18.09.41:255][  0]LogConfig: Setting CVar [[r.EmitterSpawnRateScale:1.0]]
[2020.05.12-18.09.41:255][  0]LogConfig: Setting CVar [[r.ParticleLightQuality:2]]
[2020.05.12-18.09.41:255][  0]LogConfig: Setting CVar [[r.SkyAtmosphere.AerialPerspectiveLUT.FastApplyOnOpaque:1 ; Always have FastSkyLUT 1 in this case to avoid wrong sky]]
[2020.05.12-18.09.41:255][  0]LogConfig: Setting CVar [[r.SkyAtmosphere.AerialPerspectiveLUT.SampleCountPerSlice:1]]
[2020.05.12-18.09.41:255][  0]LogConfig: Setting CVar [[r.SkyAtmosphere.AerialPerspectiveLUT.DepthResolution:16.0]]
[2020.05.12-18.09.41:255][  0]LogConfig: Setting CVar [[r.SkyAtmosphere.FastSkyLUT:1]]
[2020.05.12-18.09.41:256][  0]LogConfig: Setting CVar [[r.SkyAtmosphere.FastSkyLUT.SampleCountMin:4.0]]
[2020.05.12-18.09.41:256][  0]LogConfig: Setting CVar [[r.SkyAtmosphere.FastSkyLUT.SampleCountMax:32.0]]
[2020.05.12-18.09.41:256][  0]LogConfig: Setting CVar [[r.SkyAtmosphere.SampleCountMin:4.0]]
[2020.05.12-18.09.41:256][  0]LogConfig: Setting CVar [[r.SkyAtmosphere.SampleCountMax:32.0]]
[2020.05.12-18.09.41:256][  0]LogConfig: Setting CVar [[r.SkyAtmosphere.TransmittanceLUT.UseSmallFormat:0]]
[2020.05.12-18.09.41:256][  0]LogConfig: Setting CVar [[r.SkyAtmosphere.TransmittanceLUT.SampleCount:10.0]]
[2020.05.12-18.09.41:256][  0]LogConfig: Setting CVar [[r.SkyAtmosphere.MultiScatteringLUT.SampleCount:15.0]]
[2020.05.12-18.09.41:256][  0]LogConfig: Applying CVar settings from Section [FoliageQuality@3] File [D:/adale/Desktop/2DSouls/SideScroller/Saved/Config/Windows/Scalability.ini]
[2020.05.12-18.09.41:256][  0]LogConfig: Setting CVar [[foliage.DensityScale:1.0]]
[2020.05.12-18.09.41:256][  0]LogConfig: Setting CVar [[grass.DensityScale:1.0]]
[2020.05.12-18.09.41:256][  0]LogConfig: Applying CVar settings from Section [ShadingQuality@3] File [D:/adale/Desktop/2DSouls/SideScroller/Saved/Config/Windows/Scalability.ini]
[2020.05.12-18.09.41:256][  0]LogConfig: Setting CVar [[r.HairStrands.SkyLighting.SampleCount:16]]
[2020.05.12-18.09.41:256][  0]LogConfig: Setting CVar [[r.HairStrands.SkyLighting.JitterIntegration:0]]
[2020.05.12-18.09.41:256][  0]LogConfig: Setting CVar [[r.HairStrands.SkyAO.SampleCount:16]]
[2020.05.12-18.09.41:256][  0]LogInit: Selected Device Profile: [Windows]
[2020.05.12-18.09.41:256][  0]LogInit: Applying CVar settings loaded from the selected device profile: [Windows]
[2020.05.12-18.09.41:260][  0]LogHAL: Display: Platform has ~ 16 GB [17039618048 / 17179869184 / 16], which maps to Larger [LargestMinGB=32, LargerMinGB=12, DefaultMinGB=8, SmallerMinGB=6, SmallestMinGB=0)
[2020.05.12-18.09.41:260][  0]LogInit: Going up to parent DeviceProfile []
[2020.05.12-18.09.41:261][  0]LogConfig: Applying CVar settings from Section [ViewDistanceQuality@3] File [D:/adale/Desktop/2DSouls/SideScroller/Saved/Config/Windows/Scalability.ini]
[2020.05.12-18.09.41:261][  0]LogConfig: Setting CVar [[r.SkeletalMeshLODBias:0]]
[2020.05.12-18.09.41:261][  0]LogConfig: Setting CVar [[r.ViewDistanceScale:1.0]]
[2020.05.12-18.09.41:261][  0]LogConfig: Applying CVar settings from Section [AntiAliasingQuality@3] File [D:/adale/Desktop/2DSouls/SideScroller/Saved/Config/Windows/Scalability.ini]
[2020.05.12-18.09.41:261][  0]LogConfig: Setting CVar [[r.PostProcessAAQuality:4]]
[2020.05.12-18.09.41:261][  0]LogConfig: Applying CVar settings from Section [ShadowQuality@3] File [D:/adale/Desktop/2DSouls/SideScroller/Saved/Config/Windows/Scalability.ini]
[2020.05.12-18.09.41:261][  0]LogConfig: Setting CVar [[r.LightFunctionQuality:1]]
[2020.05.12-18.09.41:261][  0]LogConfig: Setting CVar [[r.ShadowQuality:5]]
[2020.05.12-18.09.41:261][  0]LogConfig: Setting CVar [[r.Shadow.CSM.MaxCascades:10]]
[2020.05.12-18.09.41:261][  0]LogConfig: Setting CVar [[r.Shadow.MaxResolution:2048]]
[2020.05.12-18.09.41:261][  0]LogConfig: Setting CVar [[r.Shadow.MaxCSMResolution:2048]]
[2020.05.12-18.09.41:261][  0]LogConfig: Setting CVar [[r.Shadow.RadiusThreshold:0.01]]
[2020.05.12-18.09.41:261][  0]LogConfig: Setting CVar [[r.Shadow.DistanceScale:1.0]]
[2020.05.12-18.09.41:261][  0]LogConfig: Setting CVar [[r.Shadow.CSM.TransitionScale:1.0]]
[2020.05.12-18.09.41:261][  0]LogConfig: Setting CVar [[r.Shadow.PreShadowResolutionFactor:1.0]]
[2020.05.12-18.09.41:261][  0]LogConfig: Setting CVar [[r.DistanceFieldShadowing:1]]
[2020.05.12-18.09.41:261][  0]LogConfig: Setting CVar [[r.DistanceFieldAO:1]]
[2020.05.12-18.09.41:262][  0]LogConfig: Setting CVar [[r.AOQuality:2]]
[2020.05.12-18.09.41:262][  0]LogConfig: Setting CVar [[r.VolumetricFog:1]]
[2020.05.12-18.09.41:262][  0]LogConfig: Setting CVar [[r.VolumetricFog.GridPixelSize:8]]
[2020.05.12-18.09.41:262][  0]LogConfig: Setting CVar [[r.VolumetricFog.GridSizeZ:128]]
[2020.05.12-18.09.41:262][  0]LogConfig: Setting CVar [[r.VolumetricFog.HistoryMissSupersampleCount:4]]
[2020.05.12-18.09.41:262][  0]LogConfig: Setting CVar [[r.LightMaxDrawDistanceScale:1]]
[2020.05.12-18.09.41:262][  0]LogConfig: Setting CVar [[r.CapsuleShadows:1]]
[2020.05.12-18.09.41:262][  0]LogConfig: Applying CVar settings from Section [PostProcessQuality@3] File [D:/adale/Desktop/2DSouls/SideScroller/Saved/Config/Windows/Scalability.ini]
[2020.05.12-18.09.41:262][  0]LogConfig: Setting CVar [[r.MotionBlurQuality:4]]
[2020.05.12-18.09.41:262][  0]LogConfig: Setting CVar [[r.AmbientOcclusionMipLevelFactor:0.4]]
[2020.05.12-18.09.41:262][  0]LogConfig: Setting CVar [[r.AmbientOcclusionMaxQuality:100]]
[2020.05.12-18.09.41:262][  0]LogConfig: Setting CVar [[r.AmbientOcclusionLevels:-1]]
[2020.05.12-18.09.41:262][  0]LogConfig: Setting CVar [[r.AmbientOcclusionRadiusScale:1.0]]
[2020.05.12-18.09.41:262][  0]LogConfig: Setting CVar [[r.DepthOfFieldQuality:2]]
[2020.05.12-18.09.41:262][  0]LogConfig: Setting CVar [[r.RenderTargetPoolMin:400]]
[2020.05.12-18.09.41:263][  0]LogConfig: Setting CVar [[r.LensFlareQuality:2]]
[2020.05.12-18.09.41:263][  0]LogConfig: Setting CVar [[r.SceneColorFringeQuality:1]]
[2020.05.12-18.09.41:263][  0]LogConfig: Setting CVar [[r.EyeAdaptationQuality:2]]
[2020.05.12-18.09.41:263][  0]LogConfig: Setting CVar [[r.BloomQuality:5]]
[2020.05.12-18.09.41:263][  0]LogConfig: Setting CVar [[r.FastBlurThreshold:100]]
[2020.05.12-18.09.41:263][  0]LogConfig: Setting CVar [[r.Upscale.Quality:3]]
[2020.05.12-18.09.41:263][  0]LogConfig: Setting CVar [[r.Tonemapper.GrainQuantization:1]]
[2020.05.12-18.09.41:263][  0]LogConfig: Setting CVar [[r.LightShaftQuality:1]]
[2020.05.12-18.09.41:263][  0]LogConfig: Setting CVar [[r.Filter.SizeScale:1]]
[2020.05.12-18.09.41:263][  0]LogConfig: Setting CVar [[r.Tonemapper.Quality:5]]
[2020.05.12-18.09.41:263][  0]LogConfig: Setting CVar [[r.DOF.Gather.AccumulatorQuality:1        ; higher gathering accumulator quality]]
[2020.05.12-18.09.41:263][  0]LogConfig: Setting CVar [[r.DOF.Gather.PostfilterMethod:1          ; Median3x3 postfilering method]]
[2020.05.12-18.09.41:263][  0]LogConfig: Setting CVar [[r.DOF.Gather.EnableBokehSettings:0       ; no bokeh simulation when gathering]]
[2020.05.12-18.09.41:263][  0]LogConfig: Setting CVar [[r.DOF.Gather.RingCount:4                 ; medium number of samples when gathering]]
[2020.05.12-18.09.41:264][  0]LogConfig: Setting CVar [[r.DOF.Scatter.ForegroundCompositing:1    ; additive foreground scattering]]
[2020.05.12-18.09.41:264][  0]LogConfig: Setting CVar [[r.DOF.Scatter.BackgroundCompositing:2    ; additive background scattering]]
[2020.05.12-18.09.41:264][  0]LogConfig: Setting CVar [[r.DOF.Scatter.EnableBokehSettings:1      ; bokeh simulation when scattering]]
[2020.05.12-18.09.41:264][  0]LogConfig: Setting CVar [[r.DOF.Scatter.MaxSpriteRatio:0.1         ; only a maximum of 10% of scattered bokeh]]
[2020.05.12-18.09.41:264][  0]LogConfig: Setting CVar [[r.DOF.Recombine.Quality:1                ; cheap slight out of focus]]
[2020.05.12-18.09.41:264][  0]LogConfig: Setting CVar [[r.DOF.Recombine.EnableBokehSettings:0    ; no bokeh simulation on slight out of focus]]
[2020.05.12-18.09.41:264][  0]LogConfig: Setting CVar [[r.DOF.TemporalAAQuality:1                ; more stable temporal accumulation]]
[2020.05.12-18.09.41:264][  0]LogConfig: Setting CVar [[r.DOF.Kernel.MaxForegroundRadius:0.025]]
[2020.05.12-18.09.41:264][  0]LogConfig: Setting CVar [[r.DOF.Kernel.MaxBackgroundRadius:0.025]]
[2020.05.12-18.09.41:264][  0]LogConfig: Applying CVar settings from Section [TextureQuality@3] File [D:/adale/Desktop/2DSouls/SideScroller/Saved/Config/Windows/Scalability.ini]
[2020.05.12-18.09.41:264][  0]LogConfig: Setting CVar [[r.Streaming.MipBias:0]]
[2020.05.12-18.09.41:264][  0]LogConfig: Setting CVar [[r.Streaming.AmortizeCPUToGPUCopy:0]]
[2020.05.12-18.09.41:265][  0]LogConfig: Setting CVar [[r.Streaming.MaxNumTexturesToStreamPerFrame:0]]
[2020.05.12-18.09.41:265][  0]LogConfig: Setting CVar [[r.Streaming.Boost:1]]
[2020.05.12-18.09.41:265][  0]LogConfig: Setting CVar [[r.MaxAnisotropy:8]]
[2020.05.12-18.09.41:265][  0]LogConfig: Setting CVar [[r.VT.MaxAnisotropy:8]]
[2020.05.12-18.09.41:265][  0]LogConfig: Setting CVar [[r.Streaming.LimitPoolSizeToVRAM:0]]
[2020.05.12-18.09.41:265][  0]LogConfig: Setting CVar [[r.Streaming.PoolSize:1000]]
[2020.05.12-18.09.41:265][  0]LogConfig: Setting CVar [[r.Streaming.MaxEffectiveScreenSize:0]]
[2020.05.12-18.09.41:265][  0]LogConfig: Applying CVar settings from Section [EffectsQuality@3] File [D:/adale/Desktop/2DSouls/SideScroller/Saved/Config/Windows/Scalability.ini]
[2020.05.12-18.09.41:265][  0]LogConfig: Setting CVar [[r.TranslucencyLightingVolumeDim:64]]
[2020.05.12-18.09.41:265][  0]LogConfig: Setting CVar [[r.RefractionQuality:2]]
[2020.05.12-18.09.41:265][  0]LogConfig: Setting CVar [[r.SSR.Quality:3]]
[2020.05.12-18.09.41:265][  0]LogConfig: Setting CVar [[r.SSR.HalfResSceneColor:0]]
[2020.05.12-18.09.41:265][  0]LogConfig: Setting CVar [[r.SceneColorFormat:4]]
[2020.05.12-18.09.41:266][  0]LogConfig: Setting CVar [[r.DetailMode:2]]
[2020.05.12-18.09.41:266][  0]LogConfig: Setting CVar [[r.TranslucencyVolumeBlur:1]]
[2020.05.12-18.09.41:266][  0]LogConfig: Setting CVar [[r.MaterialQualityLevel:1 ; High quality]]
[2020.05.12-18.09.41:266][  0]LogConfig: Setting CVar [[r.SSS.Scale:1]]
[2020.05.12-18.09.41:266][  0]LogConfig: Setting CVar [[r.SSS.SampleSet:2]]
[2020.05.12-18.09.41:266][  0]LogConfig: Setting CVar [[r.SSS.Quality:1]]
[2020.05.12-18.09.41:266][  0]LogConfig: Setting CVar [[r.SSS.HalfRes:1]]
[2020.05.12-18.09.41:266][  0]LogConfig: Setting CVar [[r.SSGI.Quality:3]]
[2020.05.12-18.09.41:266][  0]LogConfig: Setting CVar [[r.EmitterSpawnRateScale:1.0]]
[2020.05.12-18.09.41:266][  0]LogConfig: Setting CVar [[r.ParticleLightQuality:2]]
[2020.05.12-18.09.41:266][  0]LogConfig: Setting CVar [[r.SkyAtmosphere.AerialPerspectiveLUT.FastApplyOnOpaque:1 ; Always have FastSkyLUT 1 in this case to avoid wrong sky]]
[2020.05.12-18.09.41:267][  0]LogConfig: Setting CVar [[r.SkyAtmosphere.AerialPerspectiveLUT.SampleCountPerSlice:1]]
[2020.05.12-18.09.41:267][  0]LogConfig: Setting CVar [[r.SkyAtmosphere.AerialPerspectiveLUT.DepthResolution:16.0]]
[2020.05.12-18.09.41:267][  0]LogConfig: Setting CVar [[r.SkyAtmosphere.FastSkyLUT:1]]
[2020.05.12-18.09.41:267][  0]LogConfig: Setting CVar [[r.SkyAtmosphere.FastSkyLUT.SampleCountMin:4.0]]
[2020.05.12-18.09.41:267][  0]LogConfig: Setting CVar [[r.SkyAtmosphere.FastSkyLUT.SampleCountMax:32.0]]
[2020.05.12-18.09.41:267][  0]LogConfig: Setting CVar [[r.SkyAtmosphere.SampleCountMin:4.0]]
[2020.05.12-18.09.41:267][  0]LogConfig: Setting CVar [[r.SkyAtmosphere.SampleCountMax:32.0]]
[2020.05.12-18.09.41:267][  0]LogConfig: Setting CVar [[r.SkyAtmosphere.TransmittanceLUT.UseSmallFormat:0]]
[2020.05.12-18.09.41:267][  0]LogConfig: Setting CVar [[r.SkyAtmosphere.TransmittanceLUT.SampleCount:10.0]]
[2020.05.12-18.09.41:267][  0]LogConfig: Setting CVar [[r.SkyAtmosphere.MultiScatteringLUT.SampleCount:15.0]]
[2020.05.12-18.09.41:267][  0]LogConfig: Applying CVar settings from Section [FoliageQuality@3] File [D:/adale/Desktop/2DSouls/SideScroller/Saved/Config/Windows/Scalability.ini]
[2020.05.12-18.09.41:267][  0]LogConfig: Setting CVar [[foliage.DensityScale:1.0]]
[2020.05.12-18.09.41:267][  0]LogConfig: Setting CVar [[grass.DensityScale:1.0]]
[2020.05.12-18.09.41:268][  0]LogConfig: Applying CVar settings from Section [ShadingQuality@3] File [D:/adale/Desktop/2DSouls/SideScroller/Saved/Config/Windows/Scalability.ini]
[2020.05.12-18.09.41:268][  0]LogConfig: Setting CVar [[r.HairStrands.SkyLighting.SampleCount:16]]
[2020.05.12-18.09.41:268][  0]LogConfig: Setting CVar [[r.HairStrands.SkyLighting.JitterIntegration:0]]
[2020.05.12-18.09.41:268][  0]LogConfig: Setting CVar [[r.HairStrands.SkyAO.SampleCount:16]]
[2020.05.12-18.09.41:268][  0]LogConfig: Applying CVar settings from Section [Startup] File [../../../Engine/Config/ConsoleVariables.ini]
[2020.05.12-18.09.41:268][  0]LogConfig: Setting CVar [[net.UseAdaptiveNetUpdateFrequency:0]]
[2020.05.12-18.09.41:268][  0]LogConfig: Setting CVar [[p.chaos.AllowCreatePhysxBodies:1]]
[2020.05.12-18.09.41:268][  0]LogConfig: Applying CVar settings from Section [ConsoleVariables] File [D:/adale/Desktop/2DSouls/SideScroller/Saved/Config/Windows/Engine.ini]
[2020.05.12-18.09.41:269][  0]LogInit: Computer: DESKTOP-J52MBI8
[2020.05.12-18.09.41:269][  0]LogInit: User: adale
[2020.05.12-18.09.41:269][  0]LogInit: CPU Page size=4096, Cores=4
[2020.05.12-18.09.41:269][  0]LogInit: High frequency timer resolution =10.000000 MHz
[2020.05.12-18.09.41:269][  0]LogMemory: Memory total: Physical=15.9GB (16GB approx)
[2020.05.12-18.09.41:269][  0]LogMemory: Platform Memory Stats for Windows
[2020.05.12-18.09.41:269][  0]LogMemory: Process Physical Memory: 105.75 MB used, 105.76 MB peak
[2020.05.12-18.09.41:269][  0]LogMemory: Process Virtual Memory: 100.82 MB used, 100.82 MB peak
[2020.05.12-18.09.41:269][  0]LogMemory: Physical Memory: 8292.25 MB used,  7958.00 MB free, 16250.25 MB total
[2020.05.12-18.09.41:269][  0]LogMemory: Virtual Memory: 5137.55 MB used,  134212592.00 MB free, 134217728.00 MB total
[2020.05.12-18.09.41:279][  0]LogWindows: WindowsPlatformFeatures enabled
[2020.05.12-18.09.41:507][  0]LogInit: Using OS detected language (en-US).
[2020.05.12-18.09.41:508][  0]LogInit: Using OS detected locale (en-CA).
[2020.05.12-18.09.41:510][  0]LogTextLocalizationManager: No specific localization for 'en-US' exists, so the 'en' localization will be used.
[2020.05.12-18.09.41:694][  0]LogInit: Setting process to per monitor DPI aware
[2020.05.12-18.09.41:760][  0]LogSlate: New Slate User Created.  User Index 0, Is Virtual User: 0
[2020.05.12-18.09.41:761][  0]LogSlate: Slate User Registered.  User Index 0, Is Virtual User: 0
[2020.05.12-18.09.42:065][  0]LogHMD: Failed to initialize OpenVR with code 110
[2020.05.12-18.09.42:065][  0]LogD3D11RHI: D3D11 min allowed feature level: 11_0
[2020.05.12-18.09.42:065][  0]LogD3D11RHI: D3D11 max allowed feature level: 11_0
[2020.05.12-18.09.42:065][  0]LogD3D11RHI: D3D11 adapters:
[2020.05.12-18.09.42:164][  0]LogD3D11RHI:    0. 'NVIDIA GeForce GTX 1050 Ti' (Feature Level 11_0)
[2020.05.12-18.09.42:164][  0]LogD3D11RHI:       4018/0/8125 MB DedicatedVideo/DedicatedSystem/SharedSystem, Outputs:2, VendorId:0x10de
[2020.05.12-18.09.42:207][  0]LogD3D11RHI:    1. 'Intel(R) HD Graphics 630' (Feature Level 11_0)
[2020.05.12-18.09.42:207][  0]LogD3D11RHI:       128/0/8125 MB DedicatedVideo/DedicatedSystem/SharedSystem, Outputs:0, VendorId:0x8086
[2020.05.12-18.09.42:214][  0]LogD3D11RHI:    2. 'Microsoft Basic Render Driver' (Feature Level 11_0)
[2020.05.12-18.09.42:214][  0]LogD3D11RHI:       0/0/8125 MB DedicatedVideo/DedicatedSystem/SharedSystem, Outputs:0, VendorId:0x1414
[2020.05.12-18.09.42:214][  0]LogD3D11RHI: Chosen D3D11 Adapter: 0
[2020.05.12-18.09.42:259][  0]LogD3D11RHI: Creating new Direct3DDevice
[2020.05.12-18.09.42:260][  0]LogD3D11RHI:     GPU DeviceId: 0x1c8c (for the marketing name, search the web for "GPU Device Id")
[2020.05.12-18.09.42:260][  0]LogWindows: EnumDisplayDevices:
[2020.05.12-18.09.42:260][  0]LogWindows:    0. 'Intel(R) HD Graphics 630' (P:1 D:1)
[2020.05.12-18.09.42:261][  0]LogWindows:    1. 'Intel(R) HD Graphics 630' (P:0 D:0)
[2020.05.12-18.09.42:262][  0]LogWindows:    2. 'Intel(R) HD Graphics 630' (P:0 D:0)
[2020.05.12-18.09.42:262][  0]LogWindows:    3. 'NVIDIA GeForce GTX 1050 Ti' (P:0 D:1)
[2020.05.12-18.09.42:263][  0]LogWindows: DebugString: PrimaryIsNotTheChoosenAdapter PrimaryIsNotTheChoosenAdapter PrimaryIsNotTheChoosenAdapter 
[2020.05.12-18.09.42:263][  0]LogD3D11RHI:     Adapter Name: NVIDIA GeForce GTX 1050 Ti
[2020.05.12-18.09.42:263][  0]LogD3D11RHI:   Driver Version: 441.08 (internal:26.21.14.4108, unified:441.08)
[2020.05.12-18.09.42:263][  0]LogD3D11RHI:      Driver Date: 10-22-2019
[2020.05.12-18.09.42:264][  0]LogRHI: Texture pool is 2812 MB (70% of 4018 MB)
[2020.05.12-18.09.42:323][  0]LogD3D11RHI: RHI has support for 64 bit atomics
[2020.05.12-18.09.42:323][  0]LogD3D11RHI: Async texture creation enabled
[2020.05.12-18.09.42:348][  0]LogD3D11RHI: GPU Timing Frequency: 1000.000000 (Debug: 2 1)
[2020.05.12-18.09.42:682][  0]LogTargetPlatformManager: Display: Loaded TargetPlatform 'AllDesktop'
[2020.05.12-18.09.42:720][  0]LogTargetPlatformManager: Display: Loaded TargetPlatform 'Android'
[2020.05.12-18.09.42:720][  0]LogTargetPlatformManager: Display: Loaded TargetPlatform 'Android_ASTC'
[2020.05.12-18.09.42:720][  0]LogTargetPlatformManager: Display: Loaded TargetPlatform 'Android_ATC'
[2020.05.12-18.09.42:720][  0]LogTargetPlatformManager: Display: Loaded TargetPlatform 'Android_DXT'
[2020.05.12-18.09.42:721][  0]LogTargetPlatformManager: Display: Loaded TargetPlatform 'Android_ETC1'
[2020.05.12-18.09.42:721][  0]LogTargetPlatformManager: Display: Loaded TargetPlatform 'Android_ETC1a'
[2020.05.12-18.09.42:721][  0]LogTargetPlatformManager: Display: Loaded TargetPlatform 'Android_ETC2'
[2020.05.12-18.09.42:721][  0]LogTargetPlatformManager: Display: Loaded TargetPlatform 'Android_PVRTC'
[2020.05.12-18.09.42:721][  0]LogTargetPlatformManager: Display: Loaded TargetPlatform 'AndroidClient'
[2020.05.12-18.09.42:721][  0]LogTargetPlatformManager: Display: Loaded TargetPlatform 'Android_ASTCClient'
[2020.05.12-18.09.42:721][  0]LogTargetPlatformManager: Display: Loaded TargetPlatform 'Android_ATCClient'
[2020.05.12-18.09.42:721][  0]LogTargetPlatformManager: Display: Loaded TargetPlatform 'Android_DXTClient'
[2020.05.12-18.09.42:721][  0]LogTargetPlatformManager: Display: Loaded TargetPlatform 'Android_ETC1Client'
[2020.05.12-18.09.42:721][  0]LogTargetPlatformManager: Display: Loaded TargetPlatform 'Android_ETC1aClient'
[2020.05.12-18.09.42:722][  0]LogTargetPlatformManager: Display: Loaded TargetPlatform 'Android_ETC2Client'
[2020.05.12-18.09.42:722][  0]LogTargetPlatformManager: Display: Loaded TargetPlatform 'Android_PVRTCClient'
[2020.05.12-18.09.42:722][  0]LogTargetPlatformManager: Display: Loaded TargetPlatform 'Android_Multi'
[2020.05.12-18.09.42:722][  0]LogTargetPlatformManager: Display: Loaded TargetPlatform 'Android_MultiClient'
[2020.05.12-18.09.42:756][  0]LogTargetPlatformManager: Display: Loaded TargetPlatform 'IOSClient'
[2020.05.12-18.09.42:756][  0]LogTargetPlatformManager: Display: Loaded TargetPlatform 'IOS'
[2020.05.12-18.09.42:768][  0]LogTargetPlatformManager: Display: Loaded TargetPlatform 'LinuxNoEditor'
[2020.05.12-18.09.42:783][  0]LogTargetPlatformManager: Display: Loaded TargetPlatform 'LinuxClient'
[2020.05.12-18.09.42:797][  0]LogTargetPlatformManager: Display: Loaded TargetPlatform 'LinuxServer'
[2020.05.12-18.09.42:811][  0]LogTargetPlatformManager: Display: Loaded TargetPlatform 'LinuxAArch64NoEditor'
[2020.05.12-18.09.42:824][  0]LogTargetPlatformManager: Display: Loaded TargetPlatform 'LinuxAArch64Client'
[2020.05.12-18.09.42:836][  0]LogTargetPlatformManager: Display: Loaded TargetPlatform 'LinuxAArch64Server'
[2020.05.12-18.09.42:869][  0]LogTargetPlatformManager: Display: Loaded TargetPlatform 'Lumin'
[2020.05.12-18.09.42:869][  0]LogTargetPlatformManager: Display: Loaded TargetPlatform 'LuminClient'
[2020.05.12-18.09.42:889][  0]LogTargetPlatformManager: Display: Loaded TargetPlatform 'TVOSClient'
[2020.05.12-18.09.42:889][  0]LogTargetPlatformManager: Display: Loaded TargetPlatform 'TVOS'
[2020.05.12-18.09.42:902][  0]LogTargetPlatformManager: Display: Loaded TargetPlatform 'WindowsNoEditor'
[2020.05.12-18.09.42:914][  0]LogTargetPlatformManager: Display: Loaded TargetPlatform 'Windows'
[2020.05.12-18.09.42:926][  0]LogTargetPlatformManager: Display: Loaded TargetPlatform 'WindowsClient'
[2020.05.12-18.09.42:938][  0]LogTargetPlatformManager: Display: Loaded TargetPlatform 'WindowsServer'
[2020.05.12-18.09.42:938][  0]LogTargetPlatformManager: Display: Building Assets For Windows
[2020.05.12-18.09.42:955][  0]LogAudioDebug: Display: Lib vorbis DLL was dynamically loaded.
[2020.05.12-18.09.43:070][  0]LogShaderCompilers: Guid format shader working directory is -4 characters bigger than the processId version (../../../../../adale/Desktop/2DSouls/SideScroller/Intermediate/Shaders/WorkingDirectory/17252/).
[2020.05.12-18.09.43:071][  0]LogShaderCompilers: Cleaned the shader compiler working directory 'C:/Users/adale/AppData/Local/Temp/UnrealShaderWorkingDir/A7EE6DE842C4F5FBC4169FA9ACB42E79/'.
[2020.05.12-18.09.43:072][  0]LogXGEController: Cleaning working directory: C:/Users/adale/AppData/Local/Temp/UnrealXGEWorkingDir/
[2020.05.12-18.09.43:072][  0]LogXGEController: Cannot use XGE Controller as Incredibuild is not installed on this machine.
[2020.05.12-18.09.43:073][  0]LogShaderCompilers: Cannot use XGE Shader Compiler as Incredibuild is not installed on this machine.
[2020.05.12-18.09.43:073][  0]LogShaderCompilers: Display: Using Local Shader Compiler.
[2020.05.12-18.09.43:913][  0]LogDerivedDataCache: Display: Max Cache Size: 512 MB
[2020.05.12-18.09.43:982][  0]LogDerivedDataCache: Loaded boot cache 0.07s 78MB C:/Users/adale/AppData/Local/UnrealEngine/4.24/DerivedDataCache/Boot.ddc.
[2020.05.12-18.09.43:983][  0]LogDerivedDataCache: Display: Loaded Boot cache: C:/Users/adale/AppData/Local/UnrealEngine/4.24/DerivedDataCache/Boot.ddc
[2020.05.12-18.09.43:983][  0]LogDerivedDataCache: FDerivedDataBackendGraph:  Pak pak cache file ../../../../../adale/Desktop/2DSouls/SideScroller/DerivedDataCache/DDC.ddp not found, will not use a pak cache.
[2020.05.12-18.09.43:983][  0]LogDerivedDataCache: Unable to find inner node Pak for hierarchical cache Hierarchy.
[2020.05.12-18.09.43:983][  0]LogDerivedDataCache: FDerivedDataBackendGraph:  CompressedPak pak cache file ../../../../../adale/Desktop/2DSouls/SideScroller/DerivedDataCache/Compressed.ddp not found, will not use a pak cache.
[2020.05.12-18.09.43:983][  0]LogDerivedDataCache: Unable to find inner node CompressedPak for hierarchical cache Hierarchy.
[2020.05.12-18.09.43:996][  0]LogDerivedDataCache: Display: Pak cache opened for reading ../../../Engine/DerivedDataCache/Compressed.ddp.
[2020.05.12-18.09.43:997][  0]LogDerivedDataCache: FDerivedDataBackendGraph:  EnterprisePak pak cache file ../../../Enterprise/DerivedDataCache/Compressed.ddp not found, will not use a pak cache.
[2020.05.12-18.09.43:997][  0]LogDerivedDataCache: Unable to find inner node EnterprisePak for hierarchical cache Hierarchy.
[2020.05.12-18.09.44:000][  0]LogDerivedDataCache: Using Local data cache path C:/Users/adale/AppData/Local/UnrealEngine/Common/DerivedDataCache: Writable
[2020.05.12-18.09.44:001][  0]LogDerivedDataCache: Shared data cache path not found in *engine.ini, will not use an Shared cache.
[2020.05.12-18.09.44:001][  0]LogDerivedDataCache: Unable to find inner node Shared for hierarchical cache Hierarchy.
[2020.05.12-18.09.44:031][  0]LogMaterial: Verifying Global Shaders for PCD3D_SM5
[2020.05.12-18.09.44:035][  0]LogSlate: Using FreeType 2.10.0
[2020.05.12-18.09.44:036][  0]LogSlate: SlateFontServices - WITH_FREETYPE: 1, WITH_HARFBUZZ: 1
[2020.05.12-18.09.44:124][  0]LogAssetRegistry: FAssetRegistry took 0.0076 seconds to start up
[2020.05.12-18.09.44:520][  0]LogInit: Selected Device Profile: [Windows]
[2020.05.12-18.09.44:725][  0]LogMeshReduction: Using QuadricMeshReduction for automatic static mesh reduction
[2020.05.12-18.09.44:725][  0]LogMeshReduction: Using SimplygonMeshReduction for automatic skeletal mesh reduction
[2020.05.12-18.09.44:725][  0]LogMeshReduction: Using ProxyLODMeshReduction for automatic mesh merging
[2020.05.12-18.09.44:725][  0]LogMeshReduction: No distributed automatic mesh merging module available
[2020.05.12-18.09.44:725][  0]LogMeshMerging: No distributed automatic mesh merging module available
[2020.05.12-18.09.44:741][  0]LogNetVersion: SideScroller 1.0.0, NetCL: 10570792, EngineNetVer: 13, GameNetVer: 0 (Checksum: 2260462969)
[2020.05.12-18.09.46:091][  0]LogPackageLocalizationCache: Processed 10 localized package path(s) for 1 prioritized culture(s) in 0.056787 seconds
[2020.05.12-18.09.46:099][  0]LogUObjectArray: 46750 objects as part of root set at end of initial load.
[2020.05.12-18.09.46:099][  0]LogUObjectAllocator: 8137160 out of 0 bytes used by permanent object pool.
[2020.05.12-18.09.46:099][  0]LogUObjectArray: CloseDisregardForGC: 0/0 objects in disregard for GC pool
[2020.05.12-18.09.46:828][  0]LogTcpMessaging: Initializing TcpMessaging bridge
[2020.05.12-18.09.46:836][  0]LogUdpMessaging: Initializing bridge on interface 0.0.0.0:0 to multicast group 230.0.0.1:6666.
[2020.05.12-18.09.47:012][  0]SourceControl: Source control is disabled
[2020.05.12-18.09.47:012][  0]SourceControl: Source control is disabled
[2020.05.12-18.09.47:016][  0]SourceControl: Source control is disabled
[2020.05.12-18.09.47:019][  0]SourceControl: Source control is disabled
[2020.05.12-18.09.47:023][  0]SourceControl: Source control is disabled
[2020.05.12-18.09.47:224][  0]LogAndroidPermission: UAndroidPermissionCallbackProxy::GetInstance
[2020.05.12-18.09.47:257][  0]LogAudioCaptureCore: Display: No Audio Capture implementations found. Audio input will be silent.
[2020.05.12-18.09.47:257][  0]LogAudioCaptureCore: Display: No Audio Capture implementations found. Audio input will be silent.
[2020.05.12-18.09.47:371][  0]LogOcInput: OculusInput pre-init called
[2020.05.12-18.09.47:392][  0]LogWindows: Failed to load 'OVRPlugin.dll' (GetLastError=126)
[2020.05.12-18.09.47:393][  0]LogWindows: File 'OVRPlugin.dll' does not exist
[2020.05.12-18.09.47:486][  0]LogEngine: Initializing Engine...
[2020.05.12-18.09.47:488][  0]LogHMD: Failed to initialize OpenVR with code 110
[2020.05.12-18.09.47:489][  0]LogStats: UGameplayTagsManager::InitializeManager -  0.000 s
[2020.05.12-18.09.47:843][  0]LogInit: Initializing FReadOnlyCVARCache
[2020.05.12-18.09.47:856][  0]LogAIModule: Creating AISystem for world Untitled
[2020.05.12-18.09.47:884][  0]LogAudioMixer: Display: Audio Mixer Platform Settings:
[2020.05.12-18.09.47:884][  0]LogAudioMixer: Display: 	Sample Rate:						  48000
[2020.05.12-18.09.47:884][  0]LogAudioMixer: Display: 	Callback Buffer Frame Size Requested: 1024
[2020.05.12-18.09.47:884][  0]LogAudioMixer: Display: 	Callback Buffer Frame Size To Use:	  1024
[2020.05.12-18.09.47:884][  0]LogAudioMixer: Display: 	Number of buffers to queue:			  2
[2020.05.12-18.09.47:884][  0]LogAudioMixer: Display: 	Max Channels (voices):				  32
[2020.05.12-18.09.47:885][  0]LogAudioMixer: Display: 	Number of Async Source Workers:		  0
[2020.05.12-18.09.47:885][  0]LogAudio: Display: AudioDevice MaxSources: 32
[2020.05.12-18.09.47:885][  0]LogAudio: Display: Using built-in audio occlusion.
[2020.05.12-18.09.47:886][  0]LogAudioMixer: Display: Initializing audio mixer.
[2020.05.12-18.09.47:914][  0]LogAudioMixer: Display: Audio Device Output Speaker Info:
[2020.05.12-18.09.47:914][  0]LogAudioMixer: Display: Name: Speakers / Headphones (Realtek Audio)
[2020.05.12-18.09.47:915][  0]LogAudioMixer: Display: Is Default: Yes
[2020.05.12-18.09.47:915][  0]LogAudioMixer: Display: Sample Rate: 48000
[2020.05.12-18.09.47:915][  0]LogAudioMixer: Display: Channel Count Used: 2
[2020.05.12-18.09.47:915][  0]LogAudioMixer: Display: Device Channel Count: 2
[2020.05.12-18.09.47:915][  0]LogAudioMixer: Display: Channel Order:
[2020.05.12-18.09.47:915][  0]LogAudioMixer: Display: 0: FrontLeft
[2020.05.12-18.09.47:916][  0]LogAudioMixer: Display: 1: FrontRight
[2020.05.12-18.09.49:021][  0]LogAudioMixer: Display: Using Audio Device Speakers / Headphones (Realtek Audio)
[2020.05.12-18.09.49:029][  0]LogInit: FAudioDevice initialized.
[2020.05.12-18.09.49:030][  0]LogNetVersion: Set ProjectVersion to 1.0.0.0. Version Checksum will be recalculated on next use.
[2020.05.12-18.09.49:128][  0]LogDerivedDataCache: Saved boot cache 0.10s 78MB C:/Users/adale/AppData/Local/UnrealEngine/4.24/DerivedDataCache/Boot.ddc.
[2020.05.12-18.09.49:134][  0]LogInit: Texture streaming: Enabled
[2020.05.12-18.09.49:160][  0]LogEngineSessionManager: EngineSessionManager initialized
[2020.05.12-18.09.49:160][  0]LogEngineSessionManager: EngineSessionManager sent abnormal shutdown report. Type=Debugger, SessionId={17918B43-4A8C-C5E8-CBB8-948AD010F9FA}
[2020.05.12-18.09.49:160][  0]LogEngineSessionManager: EngineSessionManager sent abnormal shutdown report. Type=Debugger, SessionId={2772EE0A-4C1B-882F-2E5D-E9800F4CF52E}
[2020.05.12-18.09.49:160][  0]LogEditorSessionSummary: Verbose: Initializing EditorSessionSummaryWriter for editor session tracking
[2020.05.12-18.09.49:162][  0]LogEditorSessionSummary: EditorSessionSummaryWriter initialized
[2020.05.12-18.09.49:251][  0]LogInit: Transaction tracking system initialized
[2020.05.12-18.09.49:287][  0]BlueprintLog: New page: Editor Load
[2020.05.12-18.09.49:527][  0]LocalizationService: Localization service is disabled
[2020.05.12-18.09.49:928][  0]LogFileCache: Scanning file cache for directory 'D:/adale/Desktop/2DSouls/SideScroller/Content/' took 0.01s
[2020.05.12-18.09.49:928][  0]LogCook: Display: Max memory allowance for cook 16384mb min free memory 0mb
[2020.05.12-18.09.49:928][  0]LogCook: Display: Mobile HDR setting 1
[2020.05.12-18.09.50:930][  0]SourceControl: Source control is disabled
[2020.05.12-18.09.50:930][  0]Cmd: MAP LOAD FILE="../../../../../adale/Desktop/2DSouls/SideScroller/Content/Levels/World.umap" TEMPLATE=0 SHOWPROGRESS=1 FEATURELEVEL=3
[2020.05.12-18.09.50:930][  0]LightingResults: New page: Lighting Build
[2020.05.12-18.09.50:933][  0]LogWorld: UWorld::CleanupWorld for Untitled, bSessionEnded=true, bCleanupResources=true
[2020.05.12-18.09.50:933][  0]LogSlate: InvalidateAllWidgets triggered.  All widgets were invalidated
[2020.05.12-18.09.50:933][  0]MapCheck: New page: Map Check
[2020.05.12-18.09.50:933][  0]LightingResults: New page: Lighting Build
[2020.05.12-18.09.50:960][  0]LogUObjectHash: Compacting FUObjectHashTables data took   1.85ms
[2020.05.12-18.09.51:193][  0]LogAIModule: Creating AISystem for world World
[2020.05.12-18.09.51:205][  0]LogEditorServer: Finished looking for orphan Actors (0.000 secs)
[2020.05.12-18.09.51:237][  0]LogUObjectHash: Compacting FUObjectHashTables data took   2.31ms
[2020.05.12-18.09.51:237][  0]Cmd: MAP CHECKDEP NOCLEARLOG
[2020.05.12-18.09.51:238][  0]MapCheck: Map check complete: 0 Error(s), 0 Warning(s), took 0.563ms to complete.
[2020.05.12-18.09.51:238][  0]LogFileHelpers: Loading map 'World' took 0.308
[2020.05.12-18.09.51:418][  0]LogSlate: Updating window title bar state: overlay mode, drag disabled, window buttons hidden, title bar hidden
[2020.05.12-18.09.51:425][  0]LogSlate: Updating window title bar state: overlay mode, drag disabled, window buttons hidden, title bar hidden
[2020.05.12-18.09.51:433][  0]LogSlate: Updating window title bar state: overlay mode, drag disabled, window buttons hidden, title bar hidden
[2020.05.12-18.09.51:440][  0]LogSlate: Updating window title bar state: overlay mode, drag disabled, window buttons hidden, title bar hidden
[2020.05.12-18.09.51:448][  0]LogCollectionManager: Loaded 0 collections in 0.002048 seconds
[2020.05.12-18.09.51:471][  0]LogFileCache: Scanning file cache for directory 'D:/adale/Desktop/2DSouls/SideScroller/Saved/Collections/' took 0.00s
[2020.05.12-18.09.51:471][  0]LogFileCache: Scanning file cache for directory 'D:/adale/Desktop/2DSouls/SideScroller/Content/Developers/adale/Collections/' took 0.00s
[2020.05.12-18.09.51:471][  0]LogFileCache: Scanning file cache for directory 'D:/adale/Desktop/2DSouls/SideScroller/Content/Collections/' took 0.00s
[2020.05.12-18.09.51:472][  0]LogContentBrowser: Native class hierarchy populated in 0.0093 seconds. Added 3026 classes and 719 folders.
[2020.05.12-18.09.51:477][  0]LogContentBrowser: Native class hierarchy updated for 'WidgetCarousel' in 0.0007 seconds. Added 0 classes and 0 folders.
[2020.05.12-18.09.51:582][  0]LogContentBrowser: Native class hierarchy updated for 'AddContentDialog' in 0.0005 seconds. Added 0 classes and 0 folders.
[2020.05.12-18.09.51:592][  0]LogContentBrowser: Native class hierarchy updated for 'SceneOutliner' in 0.0005 seconds. Added 2 classes and 3 folders.
[2020.05.12-18.09.51:694][  0]LogSlate: Took 0.000303 seconds to synchronously load lazily loaded font '../../../Engine/Content/Slate/Fonts/Roboto-Regular.ttf' (155K)
[2020.05.12-18.09.51:697][  0]LogSlate: Took 0.000311 seconds to synchronously load lazily loaded font '../../../Engine/Content/Slate/Fonts/Roboto-Bold.ttf' (160K)
[2020.05.12-18.09.51:703][  0]LogSlate: Took 0.000260 seconds to synchronously load lazily loaded font '../../../Engine/Content/Editor/Slate/Fonts/FontAwesome.ttf' (139K)
[2020.05.12-18.09.51:817][  0]LogRenderer: Reallocating scene render targets to support 1120x572 Format 10 NumSamples 1 (Frame:1).
[2020.05.12-18.09.51:952][  0]LogContentBrowser: Native class hierarchy updated for 'HierarchicalLODOutliner' in 0.0006 seconds. Added 0 classes and 0 folders.
[2020.05.12-18.09.51:953][  0]LogLoad: (Engine Initialization) Total time: 13.30 seconds
[2020.05.12-18.09.51:953][  0]LogLoad: (Engine Initialization) Total Blueprint compile time: 0.00 seconds
[2020.05.12-18.09.52:019][  0]LogContentStreaming: Texture pool size now 1000 MB
[2020.05.12-18.09.52:065][  0]LogSlate: Took 0.000215 seconds to synchronously load lazily loaded font '../../../Engine/Content/Slate/Fonts/Roboto-Light.ttf' (167K)
[2020.05.12-18.09.52:086][  1]LogAssetRegistry: Asset discovery search completed in 7.9668 seconds
[2020.05.12-18.09.52:090][  1]LogCollectionManager: Fixed up redirectors for 0 collections in 0.000009 seconds (updated 0 objects)
[2020.05.12-18.09.54:448][134]LogTemp: Repeating last play command: Selected Viewport
[2020.05.12-18.09.54:472][134]LogPlayLevel: PlayLevel: No blueprints needed recompiling
[2020.05.12-18.09.54:474][134]PIE: New page: PIE session: World (May 12, 2020, 10:09:54 a.m.)
[2020.05.12-18.09.54:476][134]LogOnline: OSS: Creating online subsystem instance for: NULL
[2020.05.12-18.09.54:479][134]LogOnline: OSS: TryLoadSubsystemAndSetDefault: Loaded subsystem for module [NULL]
[2020.05.12-18.09.54:480][134]LogPlayLevel: Creating play world package: /Game/Levels/UEDPIE_0_World
[2020.05.12-18.09.54:484][134]LogPlayLevel: PIE: StaticDuplicateObject took: (0.003870s)
[2020.05.12-18.09.54:486][134]LogAIModule: Creating AISystem for world World
[2020.05.12-18.09.54:486][134]LogPlayLevel: PIE: World Init took: (0.002107s)
[2020.05.12-18.09.54:486][134]LogPlayLevel: PIE: Created PIE world by copying editor world from /Game/Levels/World.World to /Game/Levels/UEDPIE_0_World.World (0.006892s)
[2020.05.12-18.09.54:515][134]LogUObjectHash: Compacting FUObjectHashTables data took   1.52ms
[2020.05.12-18.09.54:520][134]LogAudioMixer: Display: Audio Mixer Platform Settings:
[2020.05.12-18.09.54:520][134]LogAudioMixer: Display: 	Sample Rate:						  48000
[2020.05.12-18.09.54:520][134]LogAudioMixer: Display: 	Callback Buffer Frame Size Requested: 1024
[2020.05.12-18.09.54:520][134]LogAudioMixer: Display: 	Callback Buffer Frame Size To Use:	  1024
[2020.05.12-18.09.54:521][134]LogAudioMixer: Display: 	Number of buffers to queue:			  2
[2020.05.12-18.09.54:521][134]LogAudioMixer: Display: 	Max Channels (voices):				  32
[2020.05.12-18.09.54:521][134]LogAudioMixer: Display: 	Number of Async Source Workers:		  0
[2020.05.12-18.09.54:521][134]LogAudio: Display: AudioDevice MaxSources: 32
[2020.05.12-18.09.54:522][134]LogAudio: Display: Using built-in audio occlusion.
[2020.05.12-18.09.54:522][134]LogAudioMixer: Display: Initializing audio mixer.
[2020.05.12-18.09.54:542][134]LogAudioMixer: Display: Audio Device Output Speaker Info:
[2020.05.12-18.09.54:542][134]LogAudioMixer: Display: Name: Speakers / Headphones (Realtek Audio)
[2020.05.12-18.09.54:542][134]LogAudioMixer: Display: Is Default: Yes
[2020.05.12-18.09.54:542][134]LogAudioMixer: Display: Sample Rate: 48000
[2020.05.12-18.09.54:542][134]LogAudioMixer: Display: Channel Count Used: 2
[2020.05.12-18.09.54:542][134]LogAudioMixer: Display: Device Channel Count: 2
[2020.05.12-18.09.54:542][134]LogAudioMixer: Display: Channel Order:
[2020.05.12-18.09.54:542][134]LogAudioMixer: Display: 0: FrontLeft
[2020.05.12-18.09.54:543][134]LogAudioMixer: Display: 1: FrontRight
[2020.05.12-18.09.54:637][134]LogAudioMixer: Display: Using Audio Device Speakers / Headphones (Realtek Audio)
[2020.05.12-18.09.54:643][134]LogInit: FAudioDevice initialized.
[2020.05.12-18.09.54:862][134]LogLoad: Game class is 'BP_SideScrollerGameModeBase_C'
[2020.05.12-18.09.54:865][134]LogWorld: Bringing World /Game/Levels/UEDPIE_0_World.World up for play (max tick rate 60) at 2020.05.12-14.09.54
[2020.05.12-18.09.54:865][134]LogWorld: Bringing up level for play took: 0.001300
[2020.05.12-18.09.54:866][134]LogOnline: OSS: Creating online subsystem instance for: :Context_1
[2020.05.12-18.09.54:872][134]LogContentBrowser: Native class hierarchy updated for 'MovieSceneCapture' in 0.0005 seconds. Added 20 classes and 0 folders.
[2020.05.12-18.09.54:875][134]PIE: Play in editor start time for /Game/Levels/UEDPIE_0_World 0.853
[2020.05.12-18.10.07:827][910]LogAudioMixer: Display: No commands were queued while flushing the source manager.
[2020.05.12-18.10.07:827][910]LogAudioMixer: Display: Flush succeeded in the source manager command queue (1).
[2020.05.12-18.10.07:847][910]LogAudioMixer: Display: Flush succeeded the source manager command queue (2).
[2020.05.12-18.10.07:848][910]LogSlate: Updating window title bar state: overlay mode, drag disabled, window buttons hidden, title bar hidden
[2020.05.12-18.10.07:848][910]LogWorld: BeginTearingDown for /Game/Levels/UEDPIE_0_World
[2020.05.12-18.10.07:848][910]LogAudioMixer: Display: No commands were queued while flushing the source manager.
[2020.05.12-18.10.07:849][910]LogWorld: UWorld::CleanupWorld for World, bSessionEnded=true, bCleanupResources=true
[2020.05.12-18.10.07:849][910]LogSlate: InvalidateAllWidgets triggered.  All widgets were invalidated
[2020.05.12-18.10.07:863][910]LogPlayLevel: Display: Shutting down PIE online subsystems
[2020.05.12-18.10.07:866][910]LogSlate: InvalidateAllWidgets triggered.  All widgets were invalidated
[2020.05.12-18.10.07:893][910]LogAudioMixer: Display: No commands were queued while flushing the source manager.
[2020.05.12-18.10.07:903][910]LogSlate: Updating window title bar state: overlay mode, drag disabled, window buttons hidden, title bar hidden
[2020.05.12-18.10.07:909][910]LogUObjectHash: Compacting FUObjectHashTables data took   2.93ms
[2020.05.12-18.10.07:927][911]LogPlayLevel: Display: Destroying online subsystem :Context_1
[2020.05.12-18.10.21:514][ 87]Candidate modules for hot reload:
[2020.05.12-18.10.21:514][ 87]  SideScroller
[2020.05.12-18.10.21:515][ 87]Launching UnrealBuildTool... [D:/Program Files (x86)/UE_4.24/Engine/Binaries/DotNET/UnrealBuildTool.exe  -ModuleWithSuffix=SideScroller,4291 Win64 Development -TargetType=Editor -Project="D:/adale/Desktop/2DSouls/SideScroller/SideScroller.uproject" "D:/adale/Desktop/2DSouls/SideScroller/SideScroller.uproject"  -IgnoreJunk]
[2020.05.12-18.10.21:519][ 87]Warning: Starting HotReload took  0.0s.
[2020.05.12-18.10.26:404][357]CompilerResultsLog: New page: Compilation - May 12, 2020, 10:10:26 a.m.
[2020.05.12-18.10.26:405][357]CompilerResultsLog: Using 'git status' to determine working set for adaptive non-unity build (D:\adale\Desktop\2DSouls).
[2020.05.12-18.10.26:405][357]CompilerResultsLog: Building SideScrollerEditor...
[2020.05.12-18.10.26:405][357]CompilerResultsLog: Using Visual Studio 2019 14.24.28316 toolchain (C:\Program Files (x86)\Microsoft Visual Studio\2019\Community\VC\Tools\MSVC\14.24.28314) and Windows 10.0.18362.0 SDK (D:\Windows Kits\10).
[2020.05.12-18.10.26:405][357]CompilerResultsLog: Building 4 actions with 8 processes...
[2020.05.12-18.10.26:405][357]CompilerResultsLog:   [1/4] EXPActor.cpp
[2020.05.12-18.10.26:405][357]CompilerResultsLog:   D:\Program Files (x86)\UE_4.24\Engine\Source\Runtime\Core\Public\Containers/EnumAsByte.h(19): warning C4996: 'TEnumAsByte_EnumClass<true>': TEnumAsByte is not intended for use with enum classes - please derive your enum class from uint8 instead. Please update your code to the new API before upgrading to the next release, otherwise your project will no longer compile.
[2020.05.12-18.10.26:405][357]CompilerResultsLog:   D:\Program Files (x86)\UE_4.24\Engine\Source\Runtime\Core\Public\Containers/EnumAsByte.h(10): note: see declaration of 'TEnumAsByte_EnumClass<true>'
[2020.05.12-18.10.26:406][357]CompilerResultsLog:   D:\adale\Desktop\2DSouls\SideScroller\Source\SideScroller\MyPawn.h(144): note: see reference to class template instantiation 'TEnumAsByte<UPlayerState>' being compiled
[2020.05.12-18.10.26:406][357]CompilerResultsLog:   [2/4] UE4Editor-SideScroller-4291.lib
[2020.05.12-18.10.26:406][357]CompilerResultsLog:      Creating library D:\adale\Desktop\2DSouls\SideScroller\Intermediate\Build\Win64\UE4Editor\Development\SideScroller\UE4Editor-SideScroller-4291.lib and object D:\adale\Desktop\2DSouls\SideScroller\Intermediate\Build\Win64\UE4Editor\Development\SideScroller\UE4Editor-SideScroller-4291.exp
[2020.05.12-18.10.26:406][357]CompilerResultsLog:   [3/4] UE4Editor-SideScroller-4291.dll
[2020.05.12-18.10.26:406][357]CompilerResultsLog:      Creating library D:\adale\Desktop\2DSouls\SideScroller\Intermediate\Build\Win64\UE4Editor\Development\SideScroller\UE4Editor-SideScroller-4291.suppressed.lib and object D:\adale\Desktop\2DSouls\SideScroller\Intermediate\Build\Win64\UE4Editor\Development\SideScroller\UE4Editor-SideScroller-4291.suppressed.exp
[2020.05.12-18.10.26:406][357]CompilerResultsLog:   [4/4] SideScrollerEditor.target
[2020.05.12-18.10.26:406][357]CompilerResultsLog: Total time in Parallel executor: 2.92 seconds
[2020.05.12-18.10.26:406][357]CompilerResultsLog: Total execution time: 4.76 seconds
[2020.05.12-18.10.26:407][357]LogMainFrame: MainFrame: Module compiling took 4.900 seconds
[2020.05.12-18.10.26:437][357]LogUObjectHash: Compacting FUObjectHashTables data took   1.38ms
[2020.05.12-18.10.26:487][357]LogClass: UBeastState HotReload.
[2020.05.12-18.10.26:488][357]LogClass: UEnemyCharacterState HotReload.
[2020.05.12-18.10.26:488][357]LogClass: UEnemyState HotReload.
[2020.05.12-18.10.26:488][357]LogClass: UPlayerState HotReload.
[2020.05.12-18.10.26:500][357]LogContentBrowser: Native class hierarchy updated for 'SideScroller' in 0.0005 seconds. Added 11 classes and 2 folders.
[2020.05.12-18.10.26:504][357]Display: HotReload successful (21 functions remapped  0 scriptstructs remapped)
[2020.05.12-18.10.26:585][357]LogUObjectHash: Compacting FUObjectHashTables data took   1.87ms
[2020.05.12-18.10.26:599][357]LogContentBrowser: Native class hierarchy populated in 0.0083 seconds. Added 3028 classes and 722 folders.
[2020.05.12-18.10.26:599][357]Display: HotReload took  5.1s.
[2020.05.12-18.10.28:141][448]LogTemp: Repeating last play command: Selected Viewport
[2020.05.12-18.10.28:160][448]LogPlayLevel: PlayLevel: No blueprints needed recompiling
[2020.05.12-18.10.28:160][448]PIE: New page: PIE session: World (May 12, 2020, 10:10:28 a.m.)
[2020.05.12-18.10.28:160][448]LogPlayLevel: Creating play world package: /Game/Levels/UEDPIE_0_World
[2020.05.12-18.10.28:163][448]LogPlayLevel: PIE: StaticDuplicateObject took: (0.003002s)
[2020.05.12-18.10.28:165][448]LogAIModule: Creating AISystem for world World
[2020.05.12-18.10.28:165][448]LogPlayLevel: PIE: World Init took: (0.001516s)
[2020.05.12-18.10.28:165][448]LogPlayLevel: PIE: Created PIE world by copying editor world from /Game/Levels/World.World to /Game/Levels/UEDPIE_0_World.World (0.005087s)
[2020.05.12-18.10.28:191][448]LogUObjectHash: Compacting FUObjectHashTables data took   1.57ms
[2020.05.12-18.10.28:193][448]LogAudioMixer: Display: Audio Mixer Platform Settings:
[2020.05.12-18.10.28:193][448]LogAudioMixer: Display: 	Sample Rate:						  48000
[2020.05.12-18.10.28:193][448]LogAudioMixer: Display: 	Callback Buffer Frame Size Requested: 1024
[2020.05.12-18.10.28:193][448]LogAudioMixer: Display: 	Callback Buffer Frame Size To Use:	  1024
[2020.05.12-18.10.28:194][448]LogAudioMixer: Display: 	Number of buffers to queue:			  2
[2020.05.12-18.10.28:194][448]LogAudioMixer: Display: 	Max Channels (voices):				  32
[2020.05.12-18.10.28:194][448]LogAudioMixer: Display: 	Number of Async Source Workers:		  0
[2020.05.12-18.10.28:194][448]LogAudio: Display: AudioDevice MaxSources: 32
[2020.05.12-18.10.28:195][448]LogAudio: Display: Using built-in audio occlusion.
[2020.05.12-18.10.28:195][448]LogAudioMixer: Display: Initializing audio mixer.
[2020.05.12-18.10.28:211][448]LogAudioMixer: Display: Audio Device Output Speaker Info:
[2020.05.12-18.10.28:211][448]LogAudioMixer: Display: Name: Speakers / Headphones (Realtek Audio)
[2020.05.12-18.10.28:212][448]LogAudioMixer: Display: Is Default: Yes
[2020.05.12-18.10.28:212][448]LogAudioMixer: Display: Sample Rate: 48000
[2020.05.12-18.10.28:212][448]LogAudioMixer: Display: Channel Count Used: 2
[2020.05.12-18.10.28:212][448]LogAudioMixer: Display: Device Channel Count: 2
[2020.05.12-18.10.28:212][448]LogAudioMixer: Display: Channel Order:
[2020.05.12-18.10.28:212][448]LogAudioMixer: Display: 0: FrontLeft
[2020.05.12-18.10.28:212][448]LogAudioMixer: Display: 1: FrontRight
[2020.05.12-18.10.28:304][448]LogAudioMixer: Display: Using Audio Device Speakers / Headphones (Realtek Audio)
[2020.05.12-18.10.28:307][448]LogInit: FAudioDevice initialized.
[2020.05.12-18.10.28:318][448]LogLoad: Game class is 'BP_SideScrollerGameModeBase_C'
[2020.05.12-18.10.28:319][448]LogWorld: Bringing World /Game/Levels/UEDPIE_0_World.World up for play (max tick rate 60) at 2020.05.12-14.10.28
[2020.05.12-18.10.28:320][448]LogWorld: Bringing up level for play took: 0.000908
[2020.05.12-18.10.28:320][448]LogOnline: OSS: Creating online subsystem instance for: :Context_2
[2020.05.12-18.10.28:325][448]PIE: Play in editor start time for /Game/Levels/UEDPIE_0_World 0.303
[2020.05.12-18.10.34:823][836]LogAudioMixer: Display: No commands were queued while flushing the source manager.
[2020.05.12-18.10.34:839][836]LogAudioMixer: Display: Flush succeeded in the source manager command queue (1).
[2020.05.12-18.10.34:859][836]LogAudioMixer: Display: Flush succeeded the source manager command queue (2).
[2020.05.12-18.10.34:860][836]LogSlate: Updating window title bar state: overlay mode, drag disabled, window buttons hidden, title bar hidden
[2020.05.12-18.10.34:860][836]LogWorld: BeginTearingDown for /Game/Levels/UEDPIE_0_World
[2020.05.12-18.10.34:860][836]LogAudioMixer: Display: No commands were queued while flushing the source manager.
[2020.05.12-18.10.34:860][836]LogWorld: UWorld::CleanupWorld for World, bSessionEnded=true, bCleanupResources=true
[2020.05.12-18.10.34:861][836]LogSlate: InvalidateAllWidgets triggered.  All widgets were invalidated
[2020.05.12-18.10.34:889][836]LogPlayLevel: Display: Shutting down PIE online subsystems
[2020.05.12-18.10.34:894][836]LogSlate: InvalidateAllWidgets triggered.  All widgets were invalidated
[2020.05.12-18.10.34:924][836]LogAudioMixer: Display: No commands were queued while flushing the source manager.
[2020.05.12-18.10.34:933][836]LogSlate: Updating window title bar state: overlay mode, drag disabled, window buttons hidden, title bar hidden
[2020.05.12-18.10.34:936][836]LogUObjectHash: Compacting FUObjectHashTables data took   1.64ms
[2020.05.12-18.10.34:958][837]LogPlayLevel: Display: Destroying online subsystem :Context_2
[2020.05.12-18.10.48:418][230]Candidate modules for hot reload:
[2020.05.12-18.10.48:418][230]  SideScroller
[2020.05.12-18.10.48:419][230]Launching UnrealBuildTool... [D:/Program Files (x86)/UE_4.24/Engine/Binaries/DotNET/UnrealBuildTool.exe  -ModuleWithSuffix=SideScroller,4643 Win64 Development -TargetType=Editor -Project="D:/adale/Desktop/2DSouls/SideScroller/SideScroller.uproject" "D:/adale/Desktop/2DSouls/SideScroller/SideScroller.uproject"  -IgnoreJunk]
[2020.05.12-18.10.48:422][230]Warning: Starting HotReload took  0.0s.
[2020.05.12-18.10.53:292][501]CompilerResultsLog: New page: Compilation - May 12, 2020, 10:10:53 a.m.
[2020.05.12-18.10.53:292][501]CompilerResultsLog: Using 'git status' to determine working set for adaptive non-unity build (D:\adale\Desktop\2DSouls).
[2020.05.12-18.10.53:292][501]CompilerResultsLog: Building SideScrollerEditor...
[2020.05.12-18.10.53:292][501]CompilerResultsLog: Using Visual Studio 2019 14.24.28316 toolchain (C:\Program Files (x86)\Microsoft Visual Studio\2019\Community\VC\Tools\MSVC\14.24.28314) and Windows 10.0.18362.0 SDK (D:\Windows Kits\10).
[2020.05.12-18.10.53:293][501]CompilerResultsLog: Building 4 actions with 8 processes...
[2020.05.12-18.10.53:293][501]CompilerResultsLog:   [1/4] EXPActor.cpp
[2020.05.12-18.10.53:293][501]CompilerResultsLog:   D:\Program Files (x86)\UE_4.24\Engine\Source\Runtime\Core\Public\Containers/EnumAsByte.h(19): warning C4996: 'TEnumAsByte_EnumClass<true>': TEnumAsByte is not intended for use with enum classes - please derive your enum class from uint8 instead. Please update your code to the new API before upgrading to the next release, otherwise your project will no longer compile.
[2020.05.12-18.10.53:294][501]CompilerResultsLog:   D:\Program Files (x86)\UE_4.24\Engine\Source\Runtime\Core\Public\Containers/EnumAsByte.h(10): note: see declaration of 'TEnumAsByte_EnumClass<true>'
[2020.05.12-18.10.53:294][501]CompilerResultsLog:   D:\adale\Desktop\2DSouls\SideScroller\Source\SideScroller\MyPawn.h(144): note: see reference to class template instantiation 'TEnumAsByte<UPlayerState>' being compiled
[2020.05.12-18.10.53:295][501]CompilerResultsLog:   [2/4] UE4Editor-SideScroller-4643.lib
[2020.05.12-18.10.53:295][501]CompilerResultsLog:      Creating library D:\adale\Desktop\2DSouls\SideScroller\Intermediate\Build\Win64\UE4Editor\Development\SideScroller\UE4Editor-SideScroller-4643.lib and object D:\adale\Desktop\2DSouls\SideScroller\Intermediate\Build\Win64\UE4Editor\Development\SideScroller\UE4Editor-SideScroller-4643.exp
[2020.05.12-18.10.53:295][501]CompilerResultsLog:   [3/4] UE4Editor-SideScroller-4643.dll
[2020.05.12-18.10.53:295][501]CompilerResultsLog:      Creating library D:\adale\Desktop\2DSouls\SideScroller\Intermediate\Build\Win64\UE4Editor\Development\SideScroller\UE4Editor-SideScroller-4643.suppressed.lib and object D:\adale\Desktop\2DSouls\SideScroller\Intermediate\Build\Win64\UE4Editor\Development\SideScroller\UE4Editor-SideScroller-4643.suppressed.exp
[2020.05.12-18.10.53:295][501]CompilerResultsLog:   [4/4] SideScrollerEditor.target
[2020.05.12-18.10.53:295][501]CompilerResultsLog: Total time in Parallel executor: 2.93 seconds
[2020.05.12-18.10.53:296][501]CompilerResultsLog: Total execution time: 4.74 seconds
[2020.05.12-18.10.53:296][501]LogMainFrame: MainFrame: Module compiling took 4.882 seconds
[2020.05.12-18.10.53:322][501]LogUObjectHash: Compacting FUObjectHashTables data took   0.79ms
[2020.05.12-18.10.53:375][501]LogClass: UBeastState HotReload.
[2020.05.12-18.10.53:375][501]LogClass: UEnemyCharacterState HotReload.
[2020.05.12-18.10.53:375][501]LogClass: UEnemyState HotReload.
[2020.05.12-18.10.53:375][501]LogClass: UPlayerState HotReload.
[2020.05.12-18.10.53:389][501]LogContentBrowser: Native class hierarchy updated for 'SideScroller' in 0.0005 seconds. Added 11 classes and 2 folders.
[2020.05.12-18.10.53:393][501]Display: HotReload successful (21 functions remapped  0 scriptstructs remapped)
[2020.05.12-18.10.53:456][501]LogUObjectHash: Compacting FUObjectHashTables data took   1.44ms
[2020.05.12-18.10.53:470][501]LogContentBrowser: Native class hierarchy populated in 0.0084 seconds. Added 3028 classes and 722 folders.
[2020.05.12-18.10.53:471][501]Display: HotReload took  5.1s.
[2020.05.12-18.10.55:147][597]LogTemp: Repeating last play command: Selected Viewport
[2020.05.12-18.10.55:167][597]LogPlayLevel: PlayLevel: No blueprints needed recompiling
[2020.05.12-18.10.55:167][597]PIE: New page: PIE session: World (May 12, 2020, 10:10:55 a.m.)
[2020.05.12-18.10.55:167][597]LogPlayLevel: Creating play world package: /Game/Levels/UEDPIE_0_World
[2020.05.12-18.10.55:170][597]LogPlayLevel: PIE: StaticDuplicateObject took: (0.003200s)
[2020.05.12-18.10.55:172][597]LogAIModule: Creating AISystem for world World
[2020.05.12-18.10.55:173][597]LogPlayLevel: PIE: World Init took: (0.001797s)
[2020.05.12-18.10.55:173][597]LogPlayLevel: PIE: Created PIE world by copying editor world from /Game/Levels/World.World to /Game/Levels/UEDPIE_0_World.World (0.005540s)
[2020.05.12-18.10.55:199][597]LogUObjectHash: Compacting FUObjectHashTables data took   1.58ms
[2020.05.12-18.10.55:200][597]LogAudioMixer: Display: Audio Mixer Platform Settings:
[2020.05.12-18.10.55:200][597]LogAudioMixer: Display: 	Sample Rate:						  48000
[2020.05.12-18.10.55:201][597]LogAudioMixer: Display: 	Callback Buffer Frame Size Requested: 1024
[2020.05.12-18.10.55:201][597]LogAudioMixer: Display: 	Callback Buffer Frame Size To Use:	  1024
[2020.05.12-18.10.55:201][597]LogAudioMixer: Display: 	Number of buffers to queue:			  2
[2020.05.12-18.10.55:201][597]LogAudioMixer: Display: 	Max Channels (voices):				  32
[2020.05.12-18.10.55:201][597]LogAudioMixer: Display: 	Number of Async Source Workers:		  0
[2020.05.12-18.10.55:201][597]LogAudio: Display: AudioDevice MaxSources: 32
[2020.05.12-18.10.55:202][597]LogAudio: Display: Using built-in audio occlusion.
[2020.05.12-18.10.55:202][597]LogAudioMixer: Display: Initializing audio mixer.
[2020.05.12-18.10.55:220][597]LogAudioMixer: Display: Audio Device Output Speaker Info:
[2020.05.12-18.10.55:220][597]LogAudioMixer: Display: Name: Speakers / Headphones (Realtek Audio)
[2020.05.12-18.10.55:220][597]LogAudioMixer: Display: Is Default: Yes
[2020.05.12-18.10.55:220][597]LogAudioMixer: Display: Sample Rate: 48000
[2020.05.12-18.10.55:220][597]LogAudioMixer: Display: Channel Count Used: 2
[2020.05.12-18.10.55:220][597]LogAudioMixer: Display: Device Channel Count: 2
[2020.05.12-18.10.55:221][597]LogAudioMixer: Display: Channel Order:
[2020.05.12-18.10.55:221][597]LogAudioMixer: Display: 0: FrontLeft
[2020.05.12-18.10.55:221][597]LogAudioMixer: Display: 1: FrontRight
[2020.05.12-18.10.55:313][597]LogAudioMixer: Display: Using Audio Device Speakers / Headphones (Realtek Audio)
[2020.05.12-18.10.55:317][597]LogInit: FAudioDevice initialized.
[2020.05.12-18.10.55:328][597]LogLoad: Game class is 'BP_SideScrollerGameModeBase_C'
[2020.05.12-18.10.55:330][597]LogWorld: Bringing World /Game/Levels/UEDPIE_0_World.World up for play (max tick rate 60) at 2020.05.12-14.10.55
[2020.05.12-18.10.55:331][597]LogWorld: Bringing up level for play took: 0.001032
[2020.05.12-18.10.55:331][597]LogOnline: OSS: Creating online subsystem instance for: :Context_3
[2020.05.12-18.10.55:335][597]PIE: Play in editor start time for /Game/Levels/UEDPIE_0_World -0.687
[2020.05.12-18.11.15:133][783]LogAudioMixer: Display: No commands were queued while flushing the source manager.
[2020.05.12-18.11.15:148][783]LogAudioMixer: Display: Flush succeeded in the source manager command queue (1).
[2020.05.12-18.11.15:178][783]LogAudioMixer: Display: Flush succeeded the source manager command queue (2).
[2020.05.12-18.11.15:178][783]LogSlate: Updating window title bar state: overlay mode, drag disabled, window buttons hidden, title bar hidden
[2020.05.12-18.11.15:178][783]LogWorld: BeginTearingDown for /Game/Levels/UEDPIE_0_World
[2020.05.12-18.11.15:179][783]LogAudioMixer: Display: No commands were queued while flushing the source manager.
[2020.05.12-18.11.15:179][783]LogWorld: UWorld::CleanupWorld for World, bSessionEnded=true, bCleanupResources=true
[2020.05.12-18.11.15:179][783]LogSlate: InvalidateAllWidgets triggered.  All widgets were invalidated
[2020.05.12-18.11.15:195][783]LogPlayLevel: Display: Shutting down PIE online subsystems
[2020.05.12-18.11.15:199][783]LogSlate: InvalidateAllWidgets triggered.  All widgets were invalidated
[2020.05.12-18.11.15:223][783]LogAudioMixer: Display: No commands were queued while flushing the source manager.
[2020.05.12-18.11.15:232][783]LogSlate: Updating window title bar state: overlay mode, drag disabled, window buttons hidden, title bar hidden
[2020.05.12-18.11.15:235][783]LogUObjectHash: Compacting FUObjectHashTables data took   1.61ms
[2020.05.12-18.11.15:253][784]LogPlayLevel: Display: Destroying online subsystem :Context_3
[2020.05.12-18.12.03:906][203]Candidate modules for hot reload:
[2020.05.12-18.12.03:906][203]  SideScroller
[2020.05.12-18.12.03:907][203]Launching UnrealBuildTool... [D:/Program Files (x86)/UE_4.24/Engine/Binaries/DotNET/UnrealBuildTool.exe  -ModuleWithSuffix=SideScroller,2863 Win64 Development -TargetType=Editor -Project="D:/adale/Desktop/2DSouls/SideScroller/SideScroller.uproject" "D:/adale/Desktop/2DSouls/SideScroller/SideScroller.uproject"  -IgnoreJunk]
[2020.05.12-18.12.03:911][203]Warning: Starting HotReload took  0.1s.
[2020.05.12-18.12.09:322][430]CompilerResultsLog: New page: Compilation - May 12, 2020, 10:12:09 a.m.
[2020.05.12-18.12.09:322][430]CompilerResultsLog: Using 'git status' to determine working set for adaptive non-unity build (D:\adale\Desktop\2DSouls).
[2020.05.12-18.12.09:322][430]CompilerResultsLog: Building SideScrollerEditor...
[2020.05.12-18.12.09:322][430]CompilerResultsLog: Using Visual Studio 2019 14.24.28316 toolchain (C:\Program Files (x86)\Microsoft Visual Studio\2019\Community\VC\Tools\MSVC\14.24.28314) and Windows 10.0.18362.0 SDK (D:\Windows Kits\10).
[2020.05.12-18.12.09:322][430]CompilerResultsLog: Building 4 actions with 8 processes...
[2020.05.12-18.12.09:323][430]CompilerResultsLog:   [1/4] EXPActor.cpp
[2020.05.12-18.12.09:323][430]CompilerResultsLog:   D:\Program Files (x86)\UE_4.24\Engine\Source\Runtime\Core\Public\Containers/EnumAsByte.h(19): warning C4996: 'TEnumAsByte_EnumClass<true>': TEnumAsByte is not intended for use with enum classes - please derive your enum class from uint8 instead. Please update your code to the new API before upgrading to the next release, otherwise your project will no longer compile.
[2020.05.12-18.12.09:323][430]CompilerResultsLog:   D:\Program Files (x86)\UE_4.24\Engine\Source\Runtime\Core\Public\Containers/EnumAsByte.h(10): note: see declaration of 'TEnumAsByte_EnumClass<true>'
[2020.05.12-18.12.09:323][430]CompilerResultsLog:   D:\adale\Desktop\2DSouls\SideScroller\Source\SideScroller\MyPawn.h(144): note: see reference to class template instantiation 'TEnumAsByte<UPlayerState>' being compiled
[2020.05.12-18.12.09:323][430]CompilerResultsLog:   [2/4] UE4Editor-SideScroller-2863.lib
[2020.05.12-18.12.09:323][430]CompilerResultsLog:      Creating library D:\adale\Desktop\2DSouls\SideScroller\Intermediate\Build\Win64\UE4Editor\Development\SideScroller\UE4Editor-SideScroller-2863.lib and object D:\adale\Desktop\2DSouls\SideScroller\Intermediate\Build\Win64\UE4Editor\Development\SideScroller\UE4Editor-SideScroller-2863.exp
[2020.05.12-18.12.09:323][430]CompilerResultsLog:   [3/4] UE4Editor-SideScroller-2863.dll
[2020.05.12-18.12.09:323][430]CompilerResultsLog:      Creating library D:\adale\Desktop\2DSouls\SideScroller\Intermediate\Build\Win64\UE4Editor\Development\SideScroller\UE4Editor-SideScroller-2863.suppressed.lib and object D:\adale\Desktop\2DSouls\SideScroller\Intermediate\Build\Win64\UE4Editor\Development\SideScroller\UE4Editor-SideScroller-2863.suppressed.exp
[2020.05.12-18.12.09:324][430]CompilerResultsLog:   [4/4] SideScrollerEditor.target
[2020.05.12-18.12.09:324][430]CompilerResultsLog: Total time in Parallel executor: 3.33 seconds
[2020.05.12-18.12.09:324][430]CompilerResultsLog: Total execution time: 5.15 seconds
[2020.05.12-18.12.09:324][430]LogMainFrame: MainFrame: Module compiling took 5.422 seconds
[2020.05.12-18.12.09:354][430]LogUObjectHash: Compacting FUObjectHashTables data took   0.86ms
[2020.05.12-18.12.09:429][430]LogClass: UBeastState HotReload.
[2020.05.12-18.12.09:430][430]LogClass: UEnemyCharacterState HotReload.
[2020.05.12-18.12.09:430][430]LogClass: UEnemyState HotReload.
[2020.05.12-18.12.09:430][430]LogClass: UPlayerState HotReload.
[2020.05.12-18.12.09:443][430]LogContentBrowser: Native class hierarchy updated for 'SideScroller' in 0.0009 seconds. Added 11 classes and 2 folders.
[2020.05.12-18.12.09:448][430]Display: HotReload successful (21 functions remapped  0 scriptstructs remapped)
[2020.05.12-18.12.09:523][430]LogUObjectHash: Compacting FUObjectHashTables data took   1.41ms
[2020.05.12-18.12.09:542][430]LogContentBrowser: Native class hierarchy populated in 0.0122 seconds. Added 3028 classes and 722 folders.
[2020.05.12-18.12.09:542][430]Display: HotReload took  5.7s.
[2020.05.12-18.15.38:250][140]LogTemp: Repeating last play command: Selected Viewport
[2020.05.12-18.15.38:278][140]LogPlayLevel: PlayLevel: No blueprints needed recompiling
[2020.05.12-18.15.38:278][140]PIE: New page: PIE session: World (May 12, 2020, 10:15:38 a.m.)
[2020.05.12-18.15.38:278][140]LogPlayLevel: Creating play world package: /Game/Levels/UEDPIE_0_World
[2020.05.12-18.15.38:283][140]LogPlayLevel: PIE: StaticDuplicateObject took: (0.005073s)
[2020.05.12-18.15.38:286][140]LogAIModule: Creating AISystem for world World
[2020.05.12-18.15.38:287][140]LogPlayLevel: PIE: World Init took: (0.003053s)
[2020.05.12-18.15.38:287][140]LogPlayLevel: PIE: Created PIE world by copying editor world from /Game/Levels/World.World to /Game/Levels/UEDPIE_0_World.World (0.008773s)
[2020.05.12-18.15.38:316][140]LogUObjectHash: Compacting FUObjectHashTables data took   1.90ms
[2020.05.12-18.15.38:317][140]LogAudioMixer: Display: Audio Mixer Platform Settings:
[2020.05.12-18.15.38:317][140]LogAudioMixer: Display: 	Sample Rate:						  48000
[2020.05.12-18.15.38:317][140]LogAudioMixer: Display: 	Callback Buffer Frame Size Requested: 1024
[2020.05.12-18.15.38:317][140]LogAudioMixer: Display: 	Callback Buffer Frame Size To Use:	  1024
[2020.05.12-18.15.38:317][140]LogAudioMixer: Display: 	Number of buffers to queue:			  2
[2020.05.12-18.15.38:317][140]LogAudioMixer: Display: 	Max Channels (voices):				  32
[2020.05.12-18.15.38:318][140]LogAudioMixer: Display: 	Number of Async Source Workers:		  0
[2020.05.12-18.15.38:318][140]LogAudio: Display: AudioDevice MaxSources: 32
[2020.05.12-18.15.38:319][140]LogAudio: Display: Using built-in audio occlusion.
[2020.05.12-18.15.38:319][140]LogAudioMixer: Display: Initializing audio mixer.
[2020.05.12-18.15.38:333][140]LogAudioMixer: Display: Audio Device Output Speaker Info:
[2020.05.12-18.15.38:333][140]LogAudioMixer: Display: Name: Speakers / Headphones (Realtek Audio)
[2020.05.12-18.15.38:333][140]LogAudioMixer: Display: Is Default: Yes
[2020.05.12-18.15.38:333][140]LogAudioMixer: Display: Sample Rate: 48000
[2020.05.12-18.15.38:334][140]LogAudioMixer: Display: Channel Count Used: 2
[2020.05.12-18.15.38:334][140]LogAudioMixer: Display: Device Channel Count: 2
[2020.05.12-18.15.38:334][140]LogAudioMixer: Display: Channel Order:
[2020.05.12-18.15.38:334][140]LogAudioMixer: Display: 0: FrontLeft
[2020.05.12-18.15.38:334][140]LogAudioMixer: Display: 1: FrontRight
[2020.05.12-18.15.38:428][140]LogAudioMixer: Display: Using Audio Device Speakers / Headphones (Realtek Audio)
[2020.05.12-18.15.38:431][140]LogInit: FAudioDevice initialized.
[2020.05.12-18.15.38:445][140]LogLoad: Game class is 'BP_SideScrollerGameModeBase_C'
[2020.05.12-18.15.38:447][140]LogWorld: Bringing World /Game/Levels/UEDPIE_0_World.World up for play (max tick rate 60) at 2020.05.12-14.15.38
[2020.05.12-18.15.38:448][140]LogWorld: Bringing up level for play took: 0.001293
[2020.05.12-18.15.38:448][140]LogOnline: OSS: Creating online subsystem instance for: :Context_4
[2020.05.12-18.15.38:453][140]PIE: Play in editor start time for /Game/Levels/UEDPIE_0_World 0.431
[2020.05.12-18.15.52:235][965]LogAudioMixer: Display: No commands were queued while flushing the source manager.
[2020.05.12-18.15.52:238][965]LogAudioMixer: Display: Flush succeeded in the source manager command queue (1).
[2020.05.12-18.15.52:258][965]LogAudioMixer: Display: Flush succeeded the source manager command queue (2).
[2020.05.12-18.15.52:259][965]LogSlate: Updating window title bar state: overlay mode, drag disabled, window buttons hidden, title bar hidden
[2020.05.12-18.15.52:259][965]LogWorld: BeginTearingDown for /Game/Levels/UEDPIE_0_World
[2020.05.12-18.15.52:259][965]LogAudioMixer: Display: No commands were queued while flushing the source manager.
[2020.05.12-18.15.52:260][965]LogWorld: UWorld::CleanupWorld for World, bSessionEnded=true, bCleanupResources=true
[2020.05.12-18.15.52:260][965]LogSlate: InvalidateAllWidgets triggered.  All widgets were invalidated
[2020.05.12-18.15.52:275][965]LogPlayLevel: Display: Shutting down PIE online subsystems
[2020.05.12-18.15.52:280][965]LogSlate: InvalidateAllWidgets triggered.  All widgets were invalidated
[2020.05.12-18.15.52:308][965]LogAudioMixer: Display: No commands were queued while flushing the source manager.
[2020.05.12-18.15.52:316][965]LogSlate: Updating window title bar state: overlay mode, drag disabled, window buttons hidden, title bar hidden
[2020.05.12-18.15.52:319][965]LogUObjectHash: Compacting FUObjectHashTables data took   1.46ms
[2020.05.12-18.15.52:334][966]LogPlayLevel: Display: Destroying online subsystem :Context_4
[2020.05.12-18.16.01:413][193]LogTemp: Repeating last play command: Selected Viewport
[2020.05.12-18.16.01:434][193]LogPlayLevel: PlayLevel: No blueprints needed recompiling
[2020.05.12-18.16.01:434][193]PIE: New page: PIE session: World (May 12, 2020, 10:16:01 a.m.)
[2020.05.12-18.16.01:434][193]LogPlayLevel: Creating play world package: /Game/Levels/UEDPIE_0_World
[2020.05.12-18.16.01:439][193]LogPlayLevel: PIE: StaticDuplicateObject took: (0.004812s)
[2020.05.12-18.16.01:441][193]LogAIModule: Creating AISystem for world World
[2020.05.12-18.16.01:441][193]LogPlayLevel: PIE: World Init took: (0.001887s)
[2020.05.12-18.16.01:442][193]LogPlayLevel: PIE: Created PIE world by copying editor world from /Game/Levels/World.World to /Game/Levels/UEDPIE_0_World.World (0.007305s)
[2020.05.12-18.16.01:471][193]LogUObjectHash: Compacting FUObjectHashTables data took   2.16ms
[2020.05.12-18.16.01:473][193]LogAudioMixer: Display: Audio Mixer Platform Settings:
[2020.05.12-18.16.01:473][193]LogAudioMixer: Display: 	Sample Rate:						  48000
[2020.05.12-18.16.01:473][193]LogAudioMixer: Display: 	Callback Buffer Frame Size Requested: 1024
[2020.05.12-18.16.01:473][193]LogAudioMixer: Display: 	Callback Buffer Frame Size To Use:	  1024
[2020.05.12-18.16.01:473][193]LogAudioMixer: Display: 	Number of buffers to queue:			  2
[2020.05.12-18.16.01:473][193]LogAudioMixer: Display: 	Max Channels (voices):				  32
[2020.05.12-18.16.01:473][193]LogAudioMixer: Display: 	Number of Async Source Workers:		  0
[2020.05.12-18.16.01:473][193]LogAudio: Display: AudioDevice MaxSources: 32
[2020.05.12-18.16.01:474][193]LogAudio: Display: Using built-in audio occlusion.
[2020.05.12-18.16.01:474][193]LogAudioMixer: Display: Initializing audio mixer.
[2020.05.12-18.16.01:492][193]LogAudioMixer: Display: Audio Device Output Speaker Info:
[2020.05.12-18.16.01:492][193]LogAudioMixer: Display: Name: Speakers / Headphones (Realtek Audio)
[2020.05.12-18.16.01:492][193]LogAudioMixer: Display: Is Default: Yes
[2020.05.12-18.16.01:492][193]LogAudioMixer: Display: Sample Rate: 48000
[2020.05.12-18.16.01:492][193]LogAudioMixer: Display: Channel Count Used: 2
[2020.05.12-18.16.01:492][193]LogAudioMixer: Display: Device Channel Count: 2
[2020.05.12-18.16.01:492][193]LogAudioMixer: Display: Channel Order:
[2020.05.12-18.16.01:492][193]LogAudioMixer: Display: 0: FrontLeft
[2020.05.12-18.16.01:493][193]LogAudioMixer: Display: 1: FrontRight
[2020.05.12-18.16.01:586][193]LogAudioMixer: Display: Using Audio Device Speakers / Headphones (Realtek Audio)
[2020.05.12-18.16.01:590][193]LogInit: FAudioDevice initialized.
[2020.05.12-18.16.01:601][193]LogLoad: Game class is 'BP_SideScrollerGameModeBase_C'
[2020.05.12-18.16.01:603][193]LogWorld: Bringing World /Game/Levels/UEDPIE_0_World.World up for play (max tick rate 60) at 2020.05.12-14.16.01
[2020.05.12-18.16.01:603][193]LogWorld: Bringing up level for play took: 0.001005
[2020.05.12-18.16.01:604][193]LogOnline: OSS: Creating online subsystem instance for: :Context_5
[2020.05.12-18.16.01:608][193]PIE: Play in editor start time for /Game/Levels/UEDPIE_0_World -0.414
[2020.05.12-18.16.12:851][865]LogAudioMixer: Display: No commands were queued while flushing the source manager.
[2020.05.12-18.16.12:858][865]LogAudioMixer: Display: Flush succeeded in the source manager command queue (1).
[2020.05.12-18.16.12:878][865]LogAudioMixer: Display: Flush succeeded the source manager command queue (2).
[2020.05.12-18.16.12:879][865]LogSlate: Updating window title bar state: overlay mode, drag disabled, window buttons hidden, title bar hidden
[2020.05.12-18.16.12:879][865]LogWorld: BeginTearingDown for /Game/Levels/UEDPIE_0_World
[2020.05.12-18.16.12:879][865]LogAudioMixer: Display: No commands were queued while flushing the source manager.
[2020.05.12-18.16.12:879][865]LogWorld: UWorld::CleanupWorld for World, bSessionEnded=true, bCleanupResources=true
[2020.05.12-18.16.12:880][865]LogSlate: InvalidateAllWidgets triggered.  All widgets were invalidated
[2020.05.12-18.16.12:897][865]LogPlayLevel: Display: Shutting down PIE online subsystems
[2020.05.12-18.16.12:901][865]LogSlate: InvalidateAllWidgets triggered.  All widgets were invalidated
[2020.05.12-18.16.12:929][865]LogAudioMixer: Display: No commands were queued while flushing the source manager.
[2020.05.12-18.16.12:937][865]LogSlate: Updating window title bar state: overlay mode, drag disabled, window buttons hidden, title bar hidden
[2020.05.12-18.16.12:940][865]LogUObjectHash: Compacting FUObjectHashTables data took   1.52ms
[2020.05.12-18.16.12:954][866]LogPlayLevel: Display: Destroying online subsystem :Context_5
[2020.05.12-18.18.23:294][739]LogTemp: Repeating last play command: Selected Viewport
[2020.05.12-18.18.23:315][739]LogPlayLevel: PlayLevel: No blueprints needed recompiling
[2020.05.12-18.18.23:316][739]PIE: New page: PIE session: World (May 12, 2020, 10:18:23 a.m.)
[2020.05.12-18.18.23:316][739]LogPlayLevel: Creating play world package: /Game/Levels/UEDPIE_0_World
[2020.05.12-18.18.23:321][739]LogPlayLevel: PIE: StaticDuplicateObject took: (0.004980s)
[2020.05.12-18.18.23:323][739]LogAIModule: Creating AISystem for world World
[2020.05.12-18.18.23:324][739]LogPlayLevel: PIE: World Init took: (0.002465s)
[2020.05.12-18.18.23:324][739]LogPlayLevel: PIE: Created PIE world by copying editor world from /Game/Levels/World.World to /Game/Levels/UEDPIE_0_World.World (0.008063s)
[2020.05.12-18.18.23:353][739]LogUObjectHash: Compacting FUObjectHashTables data took   1.94ms
[2020.05.12-18.18.23:355][739]LogAudioMixer: Display: Audio Mixer Platform Settings:
[2020.05.12-18.18.23:355][739]LogAudioMixer: Display: 	Sample Rate:						  48000
[2020.05.12-18.18.23:355][739]LogAudioMixer: Display: 	Callback Buffer Frame Size Requested: 1024
[2020.05.12-18.18.23:355][739]LogAudioMixer: Display: 	Callback Buffer Frame Size To Use:	  1024
[2020.05.12-18.18.23:356][739]LogAudioMixer: Display: 	Number of buffers to queue:			  2
[2020.05.12-18.18.23:356][739]LogAudioMixer: Display: 	Max Channels (voices):				  32
[2020.05.12-18.18.23:356][739]LogAudioMixer: Display: 	Number of Async Source Workers:		  0
[2020.05.12-18.18.23:356][739]LogAudio: Display: AudioDevice MaxSources: 32
[2020.05.12-18.18.23:357][739]LogAudio: Display: Using built-in audio occlusion.
[2020.05.12-18.18.23:357][739]LogAudioMixer: Display: Initializing audio mixer.
[2020.05.12-18.18.23:374][739]LogAudioMixer: Display: Audio Device Output Speaker Info:
[2020.05.12-18.18.23:374][739]LogAudioMixer: Display: Name: Speakers / Headphones (Realtek Audio)
[2020.05.12-18.18.23:374][739]LogAudioMixer: Display: Is Default: Yes
[2020.05.12-18.18.23:374][739]LogAudioMixer: Display: Sample Rate: 48000
[2020.05.12-18.18.23:374][739]LogAudioMixer: Display: Channel Count Used: 2
[2020.05.12-18.18.23:375][739]LogAudioMixer: Display: Device Channel Count: 2
[2020.05.12-18.18.23:375][739]LogAudioMixer: Display: Channel Order:
[2020.05.12-18.18.23:375][739]LogAudioMixer: Display: 0: FrontLeft
[2020.05.12-18.18.23:375][739]LogAudioMixer: Display: 1: FrontRight
[2020.05.12-18.18.23:471][739]LogAudioMixer: Display: Using Audio Device Speakers / Headphones (Realtek Audio)
[2020.05.12-18.18.23:475][739]LogInit: FAudioDevice initialized.
[2020.05.12-18.18.23:491][739]LogLoad: Game class is 'BP_SideScrollerGameModeBase_C'
[2020.05.12-18.18.23:492][739]LogWorld: Bringing World /Game/Levels/UEDPIE_0_World.World up for play (max tick rate 60) at 2020.05.12-14.18.23
[2020.05.12-18.18.23:493][739]LogWorld: Bringing up level for play took: 0.000917
[2020.05.12-18.18.23:493][739]LogOnline: OSS: Creating online subsystem instance for: :Context_6
[2020.05.12-18.18.23:497][739]PIE: Play in editor start time for /Game/Levels/UEDPIE_0_World -0.525
[2020.05.12-18.18.35:902][482]LogAudioMixer: Display: No commands were queued while flushing the source manager.
[2020.05.12-18.18.35:908][482]LogAudioMixer: Display: Flush succeeded in the source manager command queue (1).
[2020.05.12-18.18.35:929][482]LogAudioMixer: Display: Flush succeeded the source manager command queue (2).
[2020.05.12-18.18.35:929][482]LogSlate: Updating window title bar state: overlay mode, drag disabled, window buttons hidden, title bar hidden
[2020.05.12-18.18.35:930][482]LogWorld: BeginTearingDown for /Game/Levels/UEDPIE_0_World
[2020.05.12-18.18.35:930][482]LogAudioMixer: Display: No commands were queued while flushing the source manager.
[2020.05.12-18.18.35:930][482]LogWorld: UWorld::CleanupWorld for World, bSessionEnded=true, bCleanupResources=true
[2020.05.12-18.18.35:931][482]LogSlate: InvalidateAllWidgets triggered.  All widgets were invalidated
[2020.05.12-18.18.35:947][482]LogPlayLevel: Display: Shutting down PIE online subsystems
[2020.05.12-18.18.35:954][482]LogSlate: InvalidateAllWidgets triggered.  All widgets were invalidated
[2020.05.12-18.18.35:980][482]LogAudioMixer: Display: No commands were queued while flushing the source manager.
[2020.05.12-18.18.35:988][482]LogSlate: Updating window title bar state: overlay mode, drag disabled, window buttons hidden, title bar hidden
[2020.05.12-18.18.35:992][482]LogUObjectHash: Compacting FUObjectHashTables data took   1.62ms
[2020.05.12-18.18.36:010][483]LogPlayLevel: Display: Destroying online subsystem :Context_6
[2020.05.12-18.18.52:219][434]LogSlate: Took 0.000286 seconds to synchronously load lazily loaded font '../../../Engine/Content/Slate/Fonts/Roboto-Light.ttf' (167K)
[2020.05.12-18.18.52:261][434]LogAssetEditorSubsystem: Opening Asset editor for Blueprint /Game/Blueprint/GameBlueprints/PickUps/BP_EXPActor.BP_EXPActor
[2020.05.12-18.18.52:531][434]LogContentBrowser: Native class hierarchy updated for 'BlueprintGraph' in 0.0008 seconds. Added 121 classes and 0 folders.
[2020.05.12-18.18.54:520][497]LogSlate: Window 'BP_EXPActor' being destroyed
[2020.05.12-18.18.54:527][497]LogWorld: UWorld::CleanupWorld for World_1, bSessionEnded=true, bCleanupResources=true
[2020.05.12-18.18.54:528][497]LogSlate: InvalidateAllWidgets triggered.  All widgets were invalidated
[2020.05.12-18.18.54:585][497]LogAssetEditorSubsystem: Opening Asset editor for Blueprint /Game/Blueprint/GameBlueprints/PickUps/BP_EXPActor.BP_EXPActor
[2020.05.12-18.18.55:032][497]LogSlate: Took 0.000389 seconds to synchronously load lazily loaded font '../../../Engine/Content/Slate/Fonts/Roboto-BoldCondensed.ttf' (158K)
