  Using 'git status' to determine working set for adaptive non-unity build (D:\adale\Desktop\2DSouls).
  Parsing headers for SideScrollerEditor
    Running UnrealHeaderTool "D:\adale\Desktop\2DSouls\SideScroller\SideScroller.uproject" "D:\adale\Desktop\2DSouls\SideScroller\Intermediate\Build\Win64\SideScrollerEditor\Development\SideScrollerEditor.uhtmanifest" -LogCmds="loginit warning, logexit warning, logdatabase error" -Unattended -WarningsAsErrors -installed
  Reflection code generated for SideScrollerEditor in 7.3139554 seconds
  Building SideScrollerEditor...
  Using Visual Studio 2019 14.24.28316 toolchain (C:\Program Files (x86)\Microsoft Visual Studio\2019\Community\VC\Tools\MSVC\14.24.28314) and Windows 10.0.18362.0 SDK (D:\Windows Kits\10).
  Building 9 actions with 8 processes...
    [1/9] SideScroller.init.gen.cpp
    [2/9] MyPawn.gen.cpp
D:\Program Files (x86)\UE_4.24\Engine\Source\Runtime\Core\Public\Containers/EnumAsByte.h(19): warning C4996: 'TEnumAsByte_EnumClass<true>': TEnumAsByte is not intended for use with enum classes - please derive your enum class from uint8 instead. Please update your code to the new API before upgrading to the next release, otherwise your project will no longer compile.
    D:\Program Files (x86)\UE_4.24\Engine\Source\Runtime\Core\Public\Containers/EnumAsByte.h(10): note: see declaration of 'TEnumAsByte_EnumClass<true>'
    D:\adale\Desktop\2DSouls\SideScroller\Source\SideScroller/MyPawn.h(135): note: see reference to class template instantiation 'TEnumAsByte<UPlayerState>' being compiled
    [3/9] MainPlayerController.cpp
D:\Program Files (x86)\UE_4.24\Engine\Source\Runtime\Core\Public\Containers/EnumAsByte.h(19): warning C4996: 'TEnumAsByte_EnumClass<true>': TEnumAsByte is not intended for use with enum classes - please derive your enum class from uint8 instead. Please update your code to the new API before upgrading to the next release, otherwise your project will no longer compile.
    D:\Program Files (x86)\UE_4.24\Engine\Source\Runtime\Core\Public\Containers/EnumAsByte.h(10): note: see declaration of 'TEnumAsByte_EnumClass<true>'
    D:\adale\Desktop\2DSouls\SideScroller\Source\SideScroller\MyPawn.h(135): note: see reference to class template instantiation 'TEnumAsByte<UPlayerState>' being compiled
    [4/9] Bonfire.cpp
D:\Program Files (x86)\UE_4.24\Engine\Source\Runtime\Core\Public\Containers/EnumAsByte.h(19): warning C4996: 'TEnumAsByte_EnumClass<true>': TEnumAsByte is not intended for use with enum classes - please derive your enum class from uint8 instead. Please update your code to the new API before upgrading to the next release, otherwise your project will no longer compile.
    D:\Program Files (x86)\UE_4.24\Engine\Source\Runtime\Core\Public\Containers/EnumAsByte.h(10): note: see declaration of 'TEnumAsByte_EnumClass<true>'
    D:\adale\Desktop\2DSouls\SideScroller\Source\SideScroller/MyPawn.h(135): note: see reference to class template instantiation 'TEnumAsByte<UPlayerState>' being compiled
    [5/9] EnemyPawn.cpp
D:\Program Files (x86)\UE_4.24\Engine\Source\Runtime\Core\Public\Containers/EnumAsByte.h(19): warning C4996: 'TEnumAsByte_EnumClass<true>': TEnumAsByte is not intended for use with enum classes - please derive your enum class from uint8 instead. Please update your code to the new API before upgrading to the next release, otherwise your project will no longer compile.
    D:\Program Files (x86)\UE_4.24\Engine\Source\Runtime\Core\Public\Containers/EnumAsByte.h(10): note: see declaration of 'TEnumAsByte_EnumClass<true>'
    D:\adale\Desktop\2DSouls\SideScroller\Source\SideScroller\MyPawn.h(135): note: see reference to class template instantiation 'TEnumAsByte<UPlayerState>' being compiled
    [6/9] MyPawn.cpp
D:\Program Files (x86)\UE_4.24\Engine\Source\Runtime\Core\Public\Containers/EnumAsByte.h(19): warning C4996: 'TEnumAsByte_EnumClass<true>': TEnumAsByte is not intended for use with enum classes - please derive your enum class from uint8 instead. Please update your code to the new API before upgrading to the next release, otherwise your project will no longer compile.
    D:\Program Files (x86)\UE_4.24\Engine\Source\Runtime\Core\Public\Containers/EnumAsByte.h(10): note: see declaration of 'TEnumAsByte_EnumClass<true>'
    D:\adale\Desktop\2DSouls\SideScroller\Source\SideScroller\MyPawn.h(135): note: see reference to class template instantiation 'TEnumAsByte<UPlayerState>' being compiled
    [7/9] UE4Editor-SideScroller.lib
       Creating library D:\adale\Desktop\2DSouls\SideScroller\Intermediate\Build\Win64\UE4Editor\Development\SideScroller\UE4Editor-SideScroller.lib and object D:\adale\Desktop\2DSouls\SideScroller\Intermediate\Build\Win64\UE4Editor\Development\SideScroller\UE4Editor-SideScroller.exp
    [8/9] UE4Editor-SideScroller.dll
       Creating library D:\adale\Desktop\2DSouls\SideScroller\Intermediate\Build\Win64\UE4Editor\Development\SideScroller\UE4Editor-SideScroller.suppressed.lib and object D:\adale\Desktop\2DSouls\SideScroller\Intermediate\Build\Win64\UE4Editor\Development\SideScroller\UE4Editor-SideScroller.suppressed.exp
    [9/9] SideScrollerEditor.target
  Total time in Parallel executor: 3.09 seconds
  Total execution time: 11.44 seconds
